<?xml version="1.0" encoding="UTF-8"?>
<testsuites name="TestSuiteForBookit" time="93" tests="4" failures="0" errors="0">
   <testsuite name="TestSuiteForBookit" tests="4" failures="0" errors="0" time="93" timestamp="2019-04-23 22:26:42" hostname="andres - 10.2.193.253" id="Test Suites/TestSuiteForBookit">
      <properties>
         <property name="deviceName" value=""/>
         <property name="devicePlatform" value=""/>
         <property name="logFolder" value="/Users/andres/Katalon Studio/TestProject/Reports/TestSuiteForBookit/20190423_222640"/>
         <property name="logFiles" value="/Users/andres/Katalon Studio/TestProject/Reports/TestSuiteForBookit/20190423_222640/execution0.log"/>
         <property name="attachments" value=""/>
         <property name="hostName" value="andres - 10.2.193.253"/>
         <property name="os" value="Mac OS X 64bit"/>
         <property name="katalonVersion" value="6.1.1.1"/>
         <property name="browser" value="Firefox 66.0"/>
         <property name="hostAddress" value="10.2.193.253"/>
         <property name="sessionId" value="92b2bf62-e590-7546-bb59-97520bd47500"/>
         <property name="seleniumVersion" value="3.7.1"/>
         <property name="proxyInformation" value="ProxyInformation{proxyOption=NO_PROXY, proxyServerType=HTTP, password=, proxyServerAddress=, proxyServerPort=0}"/>
         <property name="platform" value="Mac OS X"/>
      </properties>
      <testcase name="Test Cases/Booking01" classname="Test Cases/Booking01" status="PASSED">
         <system-out><![CDATA[2019-04-23 22:26:42 - [TEST_CASE][PASSED] - Test Cases/Booking01: Test Cases/Booking01

2019-04-23 22:26:42 - [TEST_STEP][PASSED] - openBrowser("https://bookit-qa6.com"): Browser is opened with url: 'https://bookit-qa6.com'

2019-04-23 22:26:42 - [MESSAGE][INFO] - Starting 'Firefox' driver

2019-04-23 22:26:42 - [MESSAGE][INFO] - Action delay is set to 0 seconds

2019-04-23 22:26:49 - [MESSAGE][PASSED] - Browser is opened with url: 'https://bookit-qa6.com'

2019-04-23 22:26:49 - [TEST_STEP][PASSED] - delay(3): Delayed 3 second(s)

2019-04-23 22:26:52 - [MESSAGE][PASSED] - Delayed 3 second(s)

2019-04-23 22:26:52 - [TEST_STEP][PASSED] - click(findTestObject("homepage/flight_checkbox")): Object: 'Object Repository/homepage/flight_checkbox' is clicked on

2019-04-23 22:26:52 - [MESSAGE][PASSED] - Object: 'Object Repository/homepage/flight_checkbox' is clicked on

2019-04-23 22:26:52 - [TEST_STEP][PASSED] - delay(3): Delayed 3 second(s)

2019-04-23 22:26:55 - [MESSAGE][PASSED] - Delayed 3 second(s)

2019-04-23 22:26:55 - [TEST_STEP][PASSED] - setText(findTestObject("homepage/city_or_airport"), "cheese"): Text 'cheese' is set on object 'Object Repository/homepage/city_or_airport'

2019-04-23 22:26:55 - [MESSAGE][PASSED] - Text 'cheese' is set on object 'Object Repository/homepage/city_or_airport'

2019-04-23 22:26:55 - [TEST_STEP][PASSED] - delay(3): Delayed 3 second(s)

2019-04-23 22:26:58 - [MESSAGE][PASSED] - Delayed 3 second(s)

2019-04-23 22:26:58 - [TEST_STEP][PASSED] - click(findTestObject("homepage/div_Cheese City IL US")): Object: 'Object Repository/homepage/div_Cheese City IL US' is clicked on

2019-04-23 22:26:59 - [MESSAGE][PASSED] - Object: 'Object Repository/homepage/div_Cheese City IL US' is clicked on

2019-04-23 22:26:59 - [TEST_STEP][PASSED] - delay(3): Delayed 3 second(s)

2019-04-23 22:27:02 - [MESSAGE][PASSED] - Delayed 3 second(s)

2019-04-23 22:27:02 - [TEST_STEP][PASSED] - checkinId = getAttribute(findTestObject("homepage/checkin_date"), "id"): Attribute 'id' of object 'Object Repository/homepage/checkin_date' is: 'ember532-fd'

2019-04-23 22:27:02 - [MESSAGE][PASSED] - Attribute 'id' of object 'Object Repository/homepage/checkin_date' is: 'ember532-fd'

2019-04-23 22:27:02 - [TEST_STEP][PASSED] - checkoutId = getAttribute(findTestObject("homepage/checkout_date"), "id"): Attribute 'id' of object 'Object Repository/homepage/checkout_date' is: 'ember532-td'

2019-04-23 22:27:02 - [MESSAGE][PASSED] - Attribute 'id' of object 'Object Repository/homepage/checkout_date' is: 'ember532-td'

2019-04-23 22:27:02 - [TEST_STEP][PASSED] - myIniDate = "$('#" + checkinId + "').val('" + iniDate + "')": null

2019-04-23 22:27:02 - [TEST_STEP][PASSED] - executeJavaScript(myIniDate, null): Execute JavaScript '$('#ember532-fd').val('05/01/2019')' successfully

2019-04-23 22:27:02 - [MESSAGE][PASSED] - Execute JavaScript '$('#ember532-fd').val('05/01/2019')' successfully

2019-04-23 22:27:02 - [TEST_STEP][PASSED] - myEndDate = "$('#" + checkoutId + "').val('" + endDate + "')": null

2019-04-23 22:27:02 - [TEST_STEP][PASSED] - executeJavaScript(myEndDate, null): Execute JavaScript '$('#ember532-td').val('05/05/2019')' successfully

2019-04-23 22:27:02 - [MESSAGE][PASSED] - Execute JavaScript '$('#ember532-td').val('05/05/2019')' successfully

2019-04-23 22:27:02 - [TEST_STEP][PASSED] - delay(3): Delayed 3 second(s)

2019-04-23 22:27:05 - [MESSAGE][PASSED] - Delayed 3 second(s)

2019-04-23 22:27:05 - [TEST_STEP][PASSED] - closeBrowser(): Browser is closed

2019-04-23 22:27:05 - [MESSAGE][PASSED] - Browser is closed]]></system-out>
         <system-err><![CDATA[]]></system-err>
      </testcase>
      <testcase name="Test Cases/Booking01" classname="Test Cases/Booking01" status="PASSED">
         <system-out><![CDATA[2019-04-23 22:27:05 - [TEST_CASE][PASSED] - Test Cases/Booking01: Test Cases/Booking01

2019-04-23 22:27:05 - [TEST_STEP][PASSED] - openBrowser("https://bookit-qa6.com"): Browser is opened with url: 'https://bookit-qa6.com'

2019-04-23 22:27:05 - [MESSAGE][INFO] - Starting 'Firefox' driver

2019-04-23 22:27:13 - [MESSAGE][PASSED] - Browser is opened with url: 'https://bookit-qa6.com'

2019-04-23 22:27:13 - [TEST_STEP][PASSED] - delay(3): Delayed 3 second(s)

2019-04-23 22:27:16 - [MESSAGE][PASSED] - Delayed 3 second(s)

2019-04-23 22:27:16 - [TEST_STEP][PASSED] - click(findTestObject("homepage/flight_checkbox")): Object: 'Object Repository/homepage/flight_checkbox' is clicked on

2019-04-23 22:27:17 - [MESSAGE][PASSED] - Object: 'Object Repository/homepage/flight_checkbox' is clicked on

2019-04-23 22:27:17 - [TEST_STEP][PASSED] - delay(3): Delayed 3 second(s)

2019-04-23 22:27:20 - [MESSAGE][PASSED] - Delayed 3 second(s)

2019-04-23 22:27:20 - [TEST_STEP][PASSED] - setText(findTestObject("homepage/city_or_airport"), "cheese"): Text 'cheese' is set on object 'Object Repository/homepage/city_or_airport'

2019-04-23 22:27:20 - [MESSAGE][PASSED] - Text 'cheese' is set on object 'Object Repository/homepage/city_or_airport'

2019-04-23 22:27:20 - [TEST_STEP][PASSED] - delay(3): Delayed 3 second(s)

2019-04-23 22:27:23 - [MESSAGE][PASSED] - Delayed 3 second(s)

2019-04-23 22:27:23 - [TEST_STEP][PASSED] - click(findTestObject("homepage/div_Cheese City IL US")): Object: 'Object Repository/homepage/div_Cheese City IL US' is clicked on

2019-04-23 22:27:23 - [MESSAGE][PASSED] - Object: 'Object Repository/homepage/div_Cheese City IL US' is clicked on

2019-04-23 22:27:23 - [TEST_STEP][PASSED] - delay(3): Delayed 3 second(s)

2019-04-23 22:27:26 - [MESSAGE][PASSED] - Delayed 3 second(s)

2019-04-23 22:27:26 - [TEST_STEP][PASSED] - checkinId = getAttribute(findTestObject("homepage/checkin_date"), "id"): Attribute 'id' of object 'Object Repository/homepage/checkin_date' is: 'ember532-fd'

2019-04-23 22:27:26 - [MESSAGE][PASSED] - Attribute 'id' of object 'Object Repository/homepage/checkin_date' is: 'ember532-fd'

2019-04-23 22:27:26 - [TEST_STEP][PASSED] - checkoutId = getAttribute(findTestObject("homepage/checkout_date"), "id"): Attribute 'id' of object 'Object Repository/homepage/checkout_date' is: 'ember532-td'

2019-04-23 22:27:26 - [MESSAGE][PASSED] - Attribute 'id' of object 'Object Repository/homepage/checkout_date' is: 'ember532-td'

2019-04-23 22:27:26 - [TEST_STEP][PASSED] - myIniDate = "$('#" + checkinId + "').val('" + iniDate + "')": null

2019-04-23 22:27:26 - [TEST_STEP][PASSED] - executeJavaScript(myIniDate, null): Execute JavaScript '$('#ember532-fd').val('05/10/2019')' successfully

2019-04-23 22:27:26 - [MESSAGE][PASSED] - Execute JavaScript '$('#ember532-fd').val('05/10/2019')' successfully

2019-04-23 22:27:26 - [TEST_STEP][PASSED] - myEndDate = "$('#" + checkoutId + "').val('" + endDate + "')": null

2019-04-23 22:27:26 - [TEST_STEP][PASSED] - executeJavaScript(myEndDate, null): Execute JavaScript '$('#ember532-td').val('05/13/2019')' successfully

2019-04-23 22:27:26 - [MESSAGE][PASSED] - Execute JavaScript '$('#ember532-td').val('05/13/2019')' successfully

2019-04-23 22:27:26 - [TEST_STEP][PASSED] - delay(3): Delayed 3 second(s)

2019-04-23 22:27:29 - [MESSAGE][PASSED] - Delayed 3 second(s)

2019-04-23 22:27:29 - [TEST_STEP][PASSED] - closeBrowser(): Browser is closed

2019-04-23 22:27:30 - [MESSAGE][PASSED] - Browser is closed]]></system-out>
         <system-err><![CDATA[]]></system-err>
      </testcase>
      <testcase name="Test Cases/Booking01" classname="Test Cases/Booking01" status="PASSED">
         <system-out><![CDATA[2019-04-23 22:27:30 - [TEST_CASE][PASSED] - Test Cases/Booking01: Test Cases/Booking01

2019-04-23 22:27:30 - [TEST_STEP][PASSED] - openBrowser("https://bookit-qa6.com"): Browser is opened with url: 'https://bookit-qa6.com'

2019-04-23 22:27:30 - [MESSAGE][INFO] - Starting 'Firefox' driver

2019-04-23 22:27:35 - [MESSAGE][PASSED] - Browser is opened with url: 'https://bookit-qa6.com'

2019-04-23 22:27:35 - [TEST_STEP][PASSED] - delay(3): Delayed 3 second(s)

2019-04-23 22:27:38 - [MESSAGE][PASSED] - Delayed 3 second(s)

2019-04-23 22:27:38 - [TEST_STEP][PASSED] - click(findTestObject("homepage/flight_checkbox")): Object: 'Object Repository/homepage/flight_checkbox' is clicked on

2019-04-23 22:27:40 - [MESSAGE][PASSED] - Object: 'Object Repository/homepage/flight_checkbox' is clicked on

2019-04-23 22:27:40 - [TEST_STEP][PASSED] - delay(3): Delayed 3 second(s)

2019-04-23 22:27:43 - [MESSAGE][PASSED] - Delayed 3 second(s)

2019-04-23 22:27:43 - [TEST_STEP][PASSED] - setText(findTestObject("homepage/city_or_airport"), "cheese"): Text 'cheese' is set on object 'Object Repository/homepage/city_or_airport'

2019-04-23 22:27:43 - [MESSAGE][PASSED] - Text 'cheese' is set on object 'Object Repository/homepage/city_or_airport'

2019-04-23 22:27:43 - [TEST_STEP][PASSED] - delay(3): Delayed 3 second(s)

2019-04-23 22:27:46 - [MESSAGE][PASSED] - Delayed 3 second(s)

2019-04-23 22:27:46 - [TEST_STEP][PASSED] - click(findTestObject("homepage/div_Cheese City IL US")): Object: 'Object Repository/homepage/div_Cheese City IL US' is clicked on

2019-04-23 22:27:46 - [MESSAGE][PASSED] - Object: 'Object Repository/homepage/div_Cheese City IL US' is clicked on

2019-04-23 22:27:46 - [TEST_STEP][PASSED] - delay(3): Delayed 3 second(s)

2019-04-23 22:27:49 - [MESSAGE][PASSED] - Delayed 3 second(s)

2019-04-23 22:27:49 - [TEST_STEP][PASSED] - checkinId = getAttribute(findTestObject("homepage/checkin_date"), "id"): Attribute 'id' of object 'Object Repository/homepage/checkin_date' is: 'ember532-fd'

2019-04-23 22:27:49 - [MESSAGE][PASSED] - Attribute 'id' of object 'Object Repository/homepage/checkin_date' is: 'ember532-fd'

2019-04-23 22:27:49 - [TEST_STEP][PASSED] - checkoutId = getAttribute(findTestObject("homepage/checkout_date"), "id"): Attribute 'id' of object 'Object Repository/homepage/checkout_date' is: 'ember532-td'

2019-04-23 22:27:50 - [MESSAGE][PASSED] - Attribute 'id' of object 'Object Repository/homepage/checkout_date' is: 'ember532-td'

2019-04-23 22:27:50 - [TEST_STEP][PASSED] - myIniDate = "$('#" + checkinId + "').val('" + iniDate + "')": null

2019-04-23 22:27:50 - [TEST_STEP][PASSED] - executeJavaScript(myIniDate, null): Execute JavaScript '$('#ember532-fd').val('06/01/2019')' successfully

2019-04-23 22:27:50 - [MESSAGE][PASSED] - Execute JavaScript '$('#ember532-fd').val('06/01/2019')' successfully

2019-04-23 22:27:50 - [TEST_STEP][PASSED] - myEndDate = "$('#" + checkoutId + "').val('" + endDate + "')": null

2019-04-23 22:27:50 - [TEST_STEP][PASSED] - executeJavaScript(myEndDate, null): Execute JavaScript '$('#ember532-td').val('06/19/2019')' successfully

2019-04-23 22:27:50 - [MESSAGE][PASSED] - Execute JavaScript '$('#ember532-td').val('06/19/2019')' successfully

2019-04-23 22:27:50 - [TEST_STEP][PASSED] - delay(3): Delayed 3 second(s)

2019-04-23 22:27:53 - [MESSAGE][PASSED] - Delayed 3 second(s)

2019-04-23 22:27:53 - [TEST_STEP][PASSED] - closeBrowser(): Browser is closed

2019-04-23 22:27:53 - [MESSAGE][PASSED] - Browser is closed]]></system-out>
         <system-err><![CDATA[]]></system-err>
      </testcase>
      <testcase name="Test Cases/Booking01" classname="Test Cases/Booking01" status="PASSED">
         <system-out><![CDATA[2019-04-23 22:27:53 - [TEST_CASE][PASSED] - Test Cases/Booking01: Test Cases/Booking01

2019-04-23 22:27:53 - [TEST_STEP][PASSED] - openBrowser("https://bookit-qa6.com"): Browser is opened with url: 'https://bookit-qa6.com'

2019-04-23 22:27:53 - [MESSAGE][INFO] - Starting 'Firefox' driver

2019-04-23 22:27:58 - [MESSAGE][PASSED] - Browser is opened with url: 'https://bookit-qa6.com'

2019-04-23 22:27:58 - [TEST_STEP][PASSED] - delay(3): Delayed 3 second(s)

2019-04-23 22:28:01 - [MESSAGE][PASSED] - Delayed 3 second(s)

2019-04-23 22:28:01 - [TEST_STEP][PASSED] - click(findTestObject("homepage/flight_checkbox")): Object: 'Object Repository/homepage/flight_checkbox' is clicked on

2019-04-23 22:28:02 - [MESSAGE][PASSED] - Object: 'Object Repository/homepage/flight_checkbox' is clicked on

2019-04-23 22:28:02 - [TEST_STEP][PASSED] - delay(3): Delayed 3 second(s)

2019-04-23 22:28:05 - [MESSAGE][PASSED] - Delayed 3 second(s)

2019-04-23 22:28:05 - [TEST_STEP][PASSED] - setText(findTestObject("homepage/city_or_airport"), "cheese"): Text 'cheese' is set on object 'Object Repository/homepage/city_or_airport'

2019-04-23 22:28:05 - [MESSAGE][PASSED] - Text 'cheese' is set on object 'Object Repository/homepage/city_or_airport'

2019-04-23 22:28:05 - [TEST_STEP][PASSED] - delay(3): Delayed 3 second(s)

2019-04-23 22:28:08 - [MESSAGE][PASSED] - Delayed 3 second(s)

2019-04-23 22:28:08 - [TEST_STEP][PASSED] - click(findTestObject("homepage/div_Cheese City IL US")): Object: 'Object Repository/homepage/div_Cheese City IL US' is clicked on

2019-04-23 22:28:08 - [MESSAGE][PASSED] - Object: 'Object Repository/homepage/div_Cheese City IL US' is clicked on

2019-04-23 22:28:08 - [TEST_STEP][PASSED] - delay(3): Delayed 3 second(s)

2019-04-23 22:28:11 - [MESSAGE][PASSED] - Delayed 3 second(s)

2019-04-23 22:28:11 - [TEST_STEP][PASSED] - checkinId = getAttribute(findTestObject("homepage/checkin_date"), "id"): Attribute 'id' of object 'Object Repository/homepage/checkin_date' is: 'ember532-fd'

2019-04-23 22:28:11 - [MESSAGE][PASSED] - Attribute 'id' of object 'Object Repository/homepage/checkin_date' is: 'ember532-fd'

2019-04-23 22:28:11 - [TEST_STEP][PASSED] - checkoutId = getAttribute(findTestObject("homepage/checkout_date"), "id"): Attribute 'id' of object 'Object Repository/homepage/checkout_date' is: 'ember532-td'

2019-04-23 22:28:11 - [MESSAGE][PASSED] - Attribute 'id' of object 'Object Repository/homepage/checkout_date' is: 'ember532-td'

2019-04-23 22:28:11 - [TEST_STEP][PASSED] - myIniDate = "$('#" + checkinId + "').val('" + iniDate + "')": null

2019-04-23 22:28:11 - [TEST_STEP][PASSED] - executeJavaScript(myIniDate, null): Execute JavaScript '$('#ember532-fd').val('07/07/2019')' successfully

2019-04-23 22:28:11 - [MESSAGE][PASSED] - Execute JavaScript '$('#ember532-fd').val('07/07/2019')' successfully

2019-04-23 22:28:11 - [TEST_STEP][PASSED] - myEndDate = "$('#" + checkoutId + "').val('" + endDate + "')": null

2019-04-23 22:28:11 - [TEST_STEP][PASSED] - executeJavaScript(myEndDate, null): Execute JavaScript '$('#ember532-td').val('07/10/2019')' successfully

2019-04-23 22:28:11 - [MESSAGE][PASSED] - Execute JavaScript '$('#ember532-td').val('07/10/2019')' successfully

2019-04-23 22:28:11 - [TEST_STEP][PASSED] - delay(3): Delayed 3 second(s)

2019-04-23 22:28:14 - [MESSAGE][PASSED] - Delayed 3 second(s)

2019-04-23 22:28:14 - [TEST_STEP][PASSED] - closeBrowser(): Browser is closed

2019-04-23 22:28:15 - [MESSAGE][PASSED] - Browser is closed]]></system-out>
         <system-err><![CDATA[]]></system-err>
      </testcase>
      <system-out><![CDATA[2019-04-23 22:26:42 - [TEST_SUITE][PASSED] - TestSuiteForBookit: Test Cases/Booking01]]></system-out>
      <system-err><![CDATA[]]></system-err>
   </testsuite>
</testsuites>
