<?xml version="1.0" encoding="UTF-8"?>
<testsuites name="TestSuiteForBookit2" time="105" tests="0" failures="4" errors="0">
   <testsuite name="TestSuiteForBookit2" tests="0" failures="4" errors="0" time="105" timestamp="2019-05-02 13:46:59" hostname="andres.jaramillo - allisoncotignol.bookit.local" id="Test Suites/TestSuiteForBookit2">
      <properties>
         <property name="deviceName" value=""/>
         <property name="devicePlatform" value=""/>
         <property name="logFolder" value="C:\\Users\\Andres.Jaramillo\\git\\bookit-bookingtests-katalon\\Reports\\TestSuiteForBookit2\\20190502_134656"/>
         <property name="logFiles" value="C:\\Users\\Andres.Jaramillo\\git\\bookit-bookingtests-katalon\\Reports\\TestSuiteForBookit2\\20190502_134656\\execution0.log"/>
         <property name="attachments" value="C:\\Users\\Andres.Jaramillo\\git\\bookit-bookingtests-katalon\\Reports\\TestSuiteForBookit2\\20190502_134656\\1556819240722.png, C:\\Users\\Andres.Jaramillo\\git\\bookit-bookingtests-katalon\\Reports\\TestSuiteForBookit2\\20190502_134656\\1556819261668.png, C:\\Users\\Andres.Jaramillo\\git\\bookit-bookingtests-katalon\\Reports\\TestSuiteForBookit2\\20190502_134656\\1556819266765.png, C:\\Users\\Andres.Jaramillo\\git\\bookit-bookingtests-katalon\\Reports\\TestSuiteForBookit2\\20190502_134656\\1556819296621.png, C:\\Users\\Andres.Jaramillo\\git\\bookit-bookingtests-katalon\\Reports\\TestSuiteForBookit2\\20190502_134656\\1556819316900.png, C:\\Users\\Andres.Jaramillo\\git\\bookit-bookingtests-katalon\\Reports\\TestSuiteForBookit2\\20190502_134656\\1556819319770.png"/>
         <property name="hostName" value="andres.jaramillo - allisoncotignol.bookit.local"/>
         <property name="os" value="Windows 7 64bit"/>
         <property name="katalonVersion" value="6.1.0.1"/>
         <property name="browser" value="Firefox 66.0"/>
         <property name="hostAddress" value="172.19.15.34"/>
         <property name="sessionId" value="59cb8743-a318-4f44-ae9d-fb1d44723dc9"/>
         <property name="seleniumVersion" value="3.7.1"/>
         <property name="proxyInformation" value="ProxyInformation{proxyOption=NO_PROXY, proxyServerType=HTTP, password=, proxyServerAddress=, proxyServerPort=0}"/>
         <property name="platform" value="Windows 7"/>
      </properties>
      <testcase name="Test Cases/Booking03" classname="Test Cases/Booking03" status="FAILED">
         <failure type="FAILED" message="Test Cases/Booking03 FAILED.
Reason:
com.kms.katalon.core.exception.StepFailedException: Unable to click on object 'eldia'
	at com.kms.katalon.core.webui.keyword.internal.WebUIKeywordMain.stepFailed(WebUIKeywordMain.groovy:64)
	at com.kms.katalon.core.webui.keyword.internal.WebUIKeywordMain.runKeyword(WebUIKeywordMain.groovy:26)
	at com.kms.katalon.core.webui.keyword.builtin.ClickKeyword.click(ClickKeyword.groovy:86)
	at com.kms.katalon.core.webui.keyword.builtin.ClickKeyword.execute(ClickKeyword.groovy:67)
	at com.kms.katalon.core.keyword.internal.KeywordExecutor.executeKeywordForPlatform(KeywordExecutor.groovy:56)
	at com.kms.katalon.core.webui.keyword.WebUiBuiltInKeywords.click(WebUiBuiltInKeywords.groovy:616)
	at com.kms.katalon.core.webui.keyword.WebUiBuiltInKeywords$click$0.call(Unknown Source)
	at Booking03.run(Booking03:90)
	at com.kms.katalon.core.main.ScriptEngine.run(ScriptEngine.java:194)
	at com.kms.katalon.core.main.ScriptEngine.runScriptAsRawText(ScriptEngine.java:119)
	at com.kms.katalon.core.main.TestCaseExecutor.runScript(TestCaseExecutor.java:331)
	at com.kms.katalon.core.main.TestCaseExecutor.doExecute(TestCaseExecutor.java:322)
	at com.kms.katalon.core.main.TestCaseExecutor.processExecutionPhase(TestCaseExecutor.java:301)
	at com.kms.katalon.core.main.TestCaseExecutor.accessMainPhase(TestCaseExecutor.java:293)
	at com.kms.katalon.core.main.TestCaseExecutor.execute(TestCaseExecutor.java:227)
	at com.kms.katalon.core.main.TestSuiteExecutor.accessTestCaseMainPhase(TestSuiteExecutor.java:129)
	at com.kms.katalon.core.main.TestSuiteExecutor.accessTestSuiteMainPhase(TestSuiteExecutor.java:112)
	at com.kms.katalon.core.main.TestSuiteExecutor.execute(TestSuiteExecutor.java:81)
	at com.kms.katalon.core.main.TestCaseMain.startTestSuite(TestCaseMain.java:157)
	at com.kms.katalon.core.main.TestCaseMain$startTestSuite$0.call(Unknown Source)
	at TempTestSuite1556819216050.run(TempTestSuite1556819216050.groovy:35)
Caused by: org.openqa.selenium.ElementClickInterceptedException: Element &lt;button class=&quot;pika-button pika-day&quot; type=&quot;button&quot;> is not clickable at point (252,459) because another element &lt;td class=&quot;is-disabled&quot;> obscures it
Build info: version: '3.7.1', revision: '8a0099a', time: '2017-11-06T21:07:36.161Z'
System info: host: 'ALLISONCOTIGNOL', ip: '172.19.15.34', os.name: 'Windows 7', os.arch: 'amd64', os.version: '6.1', java.version: '1.8.0_181'
Driver info: com.kms.katalon.core.webui.driver.firefox.CGeckoDriver
Capabilities {acceptInsecureCerts: true, browserName: firefox, browserVersion: 66.0.3, javascriptEnabled: true, moz:accessibilityChecks: false, moz:geckodriverVersion: 0.24.0, moz:headless: false, moz:processID: 6576, moz:profile: C:\Users\Andres.Jaramillo\A..., moz:shutdownTimeout: 60000, moz:useNonSpecCompliantPointerOrigin: false, moz:webdriverClick: true, pageLoadStrategy: normal, platform: WINDOWS, platformName: WINDOWS, platformVersion: 6.1, proxy: Proxy(direct), rotatable: false, setWindowRect: true, strictFileInteractability: false, timeouts: {implicit: 0, pageLoad: 300000, script: 30000}, unhandledPromptBehavior: dismiss and notify}
Session ID: 8765b918-d853-4621-8669-3b2ec300ccf9
	at org.openqa.selenium.remote.http.W3CHttpResponseCodec.createException(W3CHttpResponseCodec.java:187)
	at org.openqa.selenium.remote.http.W3CHttpResponseCodec.decode(W3CHttpResponseCodec.java:122)
	at org.openqa.selenium.remote.http.W3CHttpResponseCodec.decode(W3CHttpResponseCodec.java:49)
	at org.openqa.selenium.remote.HttpCommandExecutor.execute(HttpCommandExecutor.java:164)
	at org.openqa.selenium.remote.service.DriverCommandExecutor.execute(DriverCommandExecutor.java:83)
	at org.openqa.selenium.remote.RemoteWebDriver.execute(RemoteWebDriver.java:600)
	at com.kms.katalon.selenium.driver.CFirefoxDriver.execute(CFirefoxDriver.java:28)
	at org.openqa.selenium.remote.RemoteWebElement.execute(RemoteWebElement.java:279)
	at org.openqa.selenium.remote.RemoteWebElement.click(RemoteWebElement.java:83)
	at com.kms.katalon.core.webui.keyword.builtin.ClickKeyword$_click_closure1.doCall(ClickKeyword.groovy:79)
	at com.kms.katalon.core.webui.keyword.builtin.ClickKeyword$_click_closure1.call(ClickKeyword.groovy)
	at com.kms.katalon.core.webui.keyword.internal.WebUIKeywordMain.runKeyword(WebUIKeywordMain.groovy:20)
	at com.kms.katalon.core.webui.keyword.builtin.ClickKeyword.click(ClickKeyword.groovy:86)
	at com.kms.katalon.core.webui.keyword.builtin.ClickKeyword.execute(ClickKeyword.groovy:67)
	at com.kms.katalon.core.keyword.internal.KeywordExecutor.executeKeywordForPlatform(KeywordExecutor.groovy:56)
	at com.kms.katalon.core.webui.keyword.WebUiBuiltInKeywords.click(WebUiBuiltInKeywords.groovy:616)
	at com.kms.katalon.core.webui.keyword.WebUiBuiltInKeywords$click$0.call(Unknown Source)
	at Script1556809888858.run(Script1556809888858.groovy:90)
	... 13 more
"/>
         <system-out><![CDATA[2019-05-02 13:46:59 - [TEST_CASE][FAILED] - Test Cases/Booking03: Test Cases/Booking03 FAILED.
Reason:
com.kms.katalon.core.exception.StepFailedException: Unable to click on object 'eldia'
	at com.kms.katalon.core.webui.keyword.internal.WebUIKeywordMain.stepFailed(WebUIKeywordMain.groovy:64)
	at com.kms.katalon.core.webui.keyword.internal.WebUIKeywordMain.runKeyword(WebUIKeywordMain.groovy:26)
	at com.kms.katalon.core.webui.keyword.builtin.ClickKeyword.click(ClickKeyword.groovy:86)
	at com.kms.katalon.core.webui.keyword.builtin.ClickKeyword.execute(ClickKeyword.groovy:67)
	at com.kms.katalon.core.keyword.internal.KeywordExecutor.executeKeywordForPlatform(KeywordExecutor.groovy:56)
	at com.kms.katalon.core.webui.keyword.WebUiBuiltInKeywords.click(WebUiBuiltInKeywords.groovy:616)
	at com.kms.katalon.core.webui.keyword.WebUiBuiltInKeywords$click$0.call(Unknown Source)
	at Booking03.run(Booking03:90)
	at com.kms.katalon.core.main.ScriptEngine.run(ScriptEngine.java:194)
	at com.kms.katalon.core.main.ScriptEngine.runScriptAsRawText(ScriptEngine.java:119)
	at com.kms.katalon.core.main.TestCaseExecutor.runScript(TestCaseExecutor.java:331)
	at com.kms.katalon.core.main.TestCaseExecutor.doExecute(TestCaseExecutor.java:322)
	at com.kms.katalon.core.main.TestCaseExecutor.processExecutionPhase(TestCaseExecutor.java:301)
	at com.kms.katalon.core.main.TestCaseExecutor.accessMainPhase(TestCaseExecutor.java:293)
	at com.kms.katalon.core.main.TestCaseExecutor.execute(TestCaseExecutor.java:227)
	at com.kms.katalon.core.main.TestSuiteExecutor.accessTestCaseMainPhase(TestSuiteExecutor.java:129)
	at com.kms.katalon.core.main.TestSuiteExecutor.accessTestSuiteMainPhase(TestSuiteExecutor.java:112)
	at com.kms.katalon.core.main.TestSuiteExecutor.execute(TestSuiteExecutor.java:81)
	at com.kms.katalon.core.main.TestCaseMain.startTestSuite(TestCaseMain.java:157)
	at com.kms.katalon.core.main.TestCaseMain$startTestSuite$0.call(Unknown Source)
	at TempTestSuite1556819216050.run(TempTestSuite1556819216050.groovy:35)
Caused by: org.openqa.selenium.ElementClickInterceptedException: Element <button class="pika-button pika-day" type="button"> is not clickable at point (252,459) because another element <td class="is-disabled"> obscures it
Build info: version: '3.7.1', revision: '8a0099a', time: '2017-11-06T21:07:36.161Z'
System info: host: 'ALLISONCOTIGNOL', ip: '172.19.15.34', os.name: 'Windows 7', os.arch: 'amd64', os.version: '6.1', java.version: '1.8.0_181'
Driver info: com.kms.katalon.core.webui.driver.firefox.CGeckoDriver
Capabilities {acceptInsecureCerts: true, browserName: firefox, browserVersion: 66.0.3, javascriptEnabled: true, moz:accessibilityChecks: false, moz:geckodriverVersion: 0.24.0, moz:headless: false, moz:processID: 6576, moz:profile: C:\Users\Andres.Jaramillo\A..., moz:shutdownTimeout: 60000, moz:useNonSpecCompliantPointerOrigin: false, moz:webdriverClick: true, pageLoadStrategy: normal, platform: WINDOWS, platformName: WINDOWS, platformVersion: 6.1, proxy: Proxy(direct), rotatable: false, setWindowRect: true, strictFileInteractability: false, timeouts: {implicit: 0, pageLoad: 300000, script: 30000}, unhandledPromptBehavior: dismiss and notify}
Session ID: 8765b918-d853-4621-8669-3b2ec300ccf9
	at org.openqa.selenium.remote.http.W3CHttpResponseCodec.createException(W3CHttpResponseCodec.java:187)
	at org.openqa.selenium.remote.http.W3CHttpResponseCodec.decode(W3CHttpResponseCodec.java:122)
	at org.openqa.selenium.remote.http.W3CHttpResponseCodec.decode(W3CHttpResponseCodec.java:49)
	at org.openqa.selenium.remote.HttpCommandExecutor.execute(HttpCommandExecutor.java:164)
	at org.openqa.selenium.remote.service.DriverCommandExecutor.execute(DriverCommandExecutor.java:83)
	at org.openqa.selenium.remote.RemoteWebDriver.execute(RemoteWebDriver.java:600)
	at com.kms.katalon.selenium.driver.CFirefoxDriver.execute(CFirefoxDriver.java:28)
	at org.openqa.selenium.remote.RemoteWebElement.execute(RemoteWebElement.java:279)
	at org.openqa.selenium.remote.RemoteWebElement.click(RemoteWebElement.java:83)
	at com.kms.katalon.core.webui.keyword.builtin.ClickKeyword$_click_closure1.doCall(ClickKeyword.groovy:79)
	at com.kms.katalon.core.webui.keyword.builtin.ClickKeyword$_click_closure1.call(ClickKeyword.groovy)
	at com.kms.katalon.core.webui.keyword.internal.WebUIKeywordMain.runKeyword(WebUIKeywordMain.groovy:20)
	at com.kms.katalon.core.webui.keyword.builtin.ClickKeyword.click(ClickKeyword.groovy:86)
	at com.kms.katalon.core.webui.keyword.builtin.ClickKeyword.execute(ClickKeyword.groovy:67)
	at com.kms.katalon.core.keyword.internal.KeywordExecutor.executeKeywordForPlatform(KeywordExecutor.groovy:56)
	at com.kms.katalon.core.webui.keyword.WebUiBuiltInKeywords.click(WebUiBuiltInKeywords.groovy:616)
	at com.kms.katalon.core.webui.keyword.WebUiBuiltInKeywords$click$0.call(Unknown Source)
	at Script1556809888858.run(Script1556809888858.groovy:90)
	... 13 more


2019-05-02 13:47:01 - [TEST_STEP][PASSED] - openBrowser("https://bookit-qa6.com"): Browser is opened with url: 'https://bookit-qa6.com'

2019-05-02 13:47:01 - [MESSAGE][INFO] - Starting 'Firefox' driver

2019-05-02 13:47:01 - [MESSAGE][INFO] - Action delay is set to 0 seconds

2019-05-02 13:47:11 - [MESSAGE][PASSED] - Browser is opened with url: 'https://bookit-qa6.com'

2019-05-02 13:47:11 - [TEST_STEP][PASSED] - click(findTestObject("homepage/flight_checkbox")): Object: 'Object Repository/homepage/flight_checkbox' is clicked on

2019-05-02 13:47:13 - [MESSAGE][PASSED] - Object: 'Object Repository/homepage/flight_checkbox' is clicked on

2019-05-02 13:47:13 - [TEST_STEP][PASSED] - setText(findTestObject("homepage/city_or_airport"), "cheese"): Text 'cheese' is set on object 'Object Repository/homepage/city_or_airport'

2019-05-02 13:47:14 - [MESSAGE][PASSED] - Text 'cheese' is set on object 'Object Repository/homepage/city_or_airport'

2019-05-02 13:47:14 - [TEST_STEP][PASSED] - delay(1): Delayed 1 second(s)

2019-05-02 13:47:15 - [MESSAGE][PASSED] - Delayed 1 second(s)

2019-05-02 13:47:15 - [TEST_STEP][PASSED] - click(findTestObject("homepage/div_Cheese City IL US")): Object: 'Object Repository/homepage/div_Cheese City IL US' is clicked on

2019-05-02 13:47:16 - [MESSAGE][PASSED] - Object: 'Object Repository/homepage/div_Cheese City IL US' is clicked on

2019-05-02 13:47:16 - [TEST_STEP][PASSED] - checkinId = getAttribute(findTestObject("homepage/checkin_date"), "id"): Attribute 'id' of object 'Object Repository/homepage/checkin_date' is: 'ember532-fd'

2019-05-02 13:47:16 - [MESSAGE][PASSED] - Attribute 'id' of object 'Object Repository/homepage/checkin_date' is: 'ember532-fd'

2019-05-02 13:47:16 - [TEST_STEP][PASSED] - checkoutId = getAttribute(findTestObject("homepage/checkout_date"), "id"): Attribute 'id' of object 'Object Repository/homepage/checkout_date' is: 'ember532-td'

2019-05-02 13:47:16 - [MESSAGE][PASSED] - Attribute 'id' of object 'Object Repository/homepage/checkout_date' is: 'ember532-td'

2019-05-02 13:47:16 - [TEST_STEP][PASSED] - iniDate = moIni + "/" + dayIni + "/" + yrIni: null

2019-05-02 13:47:16 - [TEST_STEP][PASSED] - myIniDate = "$('#" + checkinId + "').val('" + iniDate + "')": null

2019-05-02 13:47:16 - [TEST_STEP][PASSED] - endDate = moEnd + "/" + dayEnd + "/" + yrEnd: null

2019-05-02 13:47:16 - [TEST_STEP][PASSED] - myEndDate = "$('#" + checkoutId + "').val('" + endDate + "')": null

2019-05-02 13:47:16 - [TEST_STEP][PASSED] - strMoIni = bookitKeywords.commonFunctions.getMonthName(moIni): bookitKeywords.commonFunctions.getMonthName is PASSED

2019-05-02 13:47:16 - [MESSAGE][PASSED] - bookitKeywords.commonFunctions.getMonthName is PASSED

2019-05-02 13:47:16 - [TEST_STEP][PASSED] - strMoEnd = bookitKeywords.commonFunctions.getMonthName(moEnd): bookitKeywords.commonFunctions.getMonthName is PASSED

2019-05-02 13:47:16 - [MESSAGE][PASSED] - bookitKeywords.commonFunctions.getMonthName is PASSED

2019-05-02 13:47:16 - [TEST_STEP][PASSED] - dIni = Integer.parseInt(dayIni): null

2019-05-02 13:47:16 - [TEST_STEP][PASSED] - dEnd = Integer.parseInt(dayEnd): null

2019-05-02 13:47:16 - [TEST_STEP][PASSED] - println(dIni): null

2019-05-02 13:47:16 - [TEST_STEP][PASSED] - println(dEnd): null

2019-05-02 13:47:16 - [TEST_STEP][PASSED] - click(findTestObject("homepage/checkin_date")): Object: 'Object Repository/homepage/checkin_date' is clicked on

2019-05-02 13:47:16 - [MESSAGE][PASSED] - Object: 'Object Repository/homepage/checkin_date' is clicked on

2019-05-02 13:47:16 - [TEST_STEP][PASSED] - delay(1): Delayed 1 second(s)

2019-05-02 13:47:17 - [MESSAGE][PASSED] - Delayed 1 second(s)

2019-05-02 13:47:17 - [TEST_STEP][PASSED] - if (verifyElementPresent(findTestObject("homepage/sel_date_month1"), 1, CONTINUE_ON_FAILURE)): null

2019-05-02 13:47:18 - [MESSAGE][PASSED] - Object 'Object Repository/homepage/sel_date_month1' is present

2019-05-02 13:47:18 - [TEST_STEP][PASSED] - if (waitForElementClickable(findTestObject("homepage/sel_date_month1"), 1, CONTINUE_ON_FAILURE)): null

2019-05-02 13:47:18 - [MESSAGE][PASSED] - Object 'Object Repository/homepage/sel_date_month1' is clickable

2019-05-02 13:47:18 - [TEST_STEP][PASSED] - if (verifyOptionPresentByLabel(findTestObject("homepage/sel_date_month1"), strMoIni, false, 1, CONTINUE_ON_FAILURE)): Delayed 1 second(s)

2019-05-02 13:47:18 - [MESSAGE][PASSED] - 1 option(s) with label 'May' is/are present in object 'Object Repository/homepage/sel_date_month1' 

2019-05-02 13:47:18 - [TEST_STEP][PASSED] - selectOptionByLabel(findTestObject("homepage/sel_date_month1"), strMoIni, false, CONTINUE_ON_FAILURE): All options with label 'May' are selected in object 'Object Repository/homepage/sel_date_month1' 

2019-05-02 13:47:18 - [MESSAGE][PASSED] - All options with label 'May' are selected in object 'Object Repository/homepage/sel_date_month1' 

2019-05-02 13:47:18 - [TEST_STEP][PASSED] - delay(1): Delayed 1 second(s)

2019-05-02 13:47:19 - [MESSAGE][PASSED] - Delayed 1 second(s)

2019-05-02 13:47:19 - [TEST_STEP][PASSED] - if (verifyElementPresent(findTestObject("homepage/sel_date_year1"), 1, CONTINUE_ON_FAILURE)): null

2019-05-02 13:47:19 - [MESSAGE][PASSED] - Object 'Object Repository/homepage/sel_date_year1' is present

2019-05-02 13:47:19 - [TEST_STEP][PASSED] - if (waitForElementClickable(findTestObject("homepage/sel_date_year1"), 1, CONTINUE_ON_FAILURE)): null

2019-05-02 13:47:19 - [MESSAGE][PASSED] - Object 'Object Repository/homepage/sel_date_year1' is clickable

2019-05-02 13:47:19 - [TEST_STEP][PASSED] - if (verifyOptionPresentByLabel(findTestObject("homepage/sel_date_year1"), yrIni, false, 1, CONTINUE_ON_FAILURE)): Delayed 1 second(s)

2019-05-02 13:47:19 - [MESSAGE][PASSED] - 1 option(s) with label '2019' is/are present in object 'Object Repository/homepage/sel_date_year1' 

2019-05-02 13:47:19 - [TEST_STEP][PASSED] - selectOptionByLabel(findTestObject("homepage/sel_date_year1"), yrIni, false, CONTINUE_ON_FAILURE): All options with label '2019' are selected in object 'Object Repository/homepage/sel_date_year1' 

2019-05-02 13:47:19 - [MESSAGE][PASSED] - All options with label '2019' are selected in object 'Object Repository/homepage/sel_date_year1' 

2019-05-02 13:47:19 - [TEST_STEP][PASSED] - delay(1): Delayed 1 second(s)

2019-05-02 13:47:20 - [MESSAGE][PASSED] - Delayed 1 second(s)

2019-05-02 13:47:20 - [TEST_STEP][PASSED] - dynxpath = "//div[contains(@class, 'pika-single') and contains(@class, 'is-bound') and not(contains(@class, 'is-hidden'))]/div[@class='pika-lendar'][1]/table[@class='pika-table']/tbody/tr/td/button[count(. | //*[@type = 'button' and @data-pika-day = '" + dIni + "']) = count(//*[@type = 'button' and @data-pika-day = '" + dIni + "'])]": null

2019-05-02 13:47:20 - [TEST_STEP][PASSED] - to = new com.kms.katalon.core.testobject.TestObject(eldia): null

2019-05-02 13:47:20 - [TEST_STEP][PASSED] - to.addProperty("xpath", EQUALS, dynxpath): null

2019-05-02 13:47:20 - [TEST_STEP][FAILED] - click(to): click(to) FAILED.
Reason:
com.kms.katalon.core.exception.StepFailedException: Unable to click on object 'eldia'
	at com.kms.katalon.core.webui.keyword.internal.WebUIKeywordMain.stepFailed(WebUIKeywordMain.groovy:64)
	at com.kms.katalon.core.webui.keyword.internal.WebUIKeywordMain.runKeyword(WebUIKeywordMain.groovy:26)
	at com.kms.katalon.core.webui.keyword.builtin.ClickKeyword.click(ClickKeyword.groovy:86)
	at com.kms.katalon.core.webui.keyword.builtin.ClickKeyword.execute(ClickKeyword.groovy:67)
	at com.kms.katalon.core.keyword.internal.KeywordExecutor.executeKeywordForPlatform(KeywordExecutor.groovy:56)
	at com.kms.katalon.core.webui.keyword.WebUiBuiltInKeywords.click(WebUiBuiltInKeywords.groovy:616)
	at com.kms.katalon.core.webui.keyword.WebUiBuiltInKeywords$click$0.call(Unknown Source)
	at Booking03.run(Booking03:90)
	at com.kms.katalon.core.main.ScriptEngine.run(ScriptEngine.java:194)
	at com.kms.katalon.core.main.ScriptEngine.runScriptAsRawText(ScriptEngine.java:119)
	at com.kms.katalon.core.main.TestCaseExecutor.runScript(TestCaseExecutor.java:331)
	at com.kms.katalon.core.main.TestCaseExecutor.doExecute(TestCaseExecutor.java:322)
	at com.kms.katalon.core.main.TestCaseExecutor.processExecutionPhase(TestCaseExecutor.java:301)
	at com.kms.katalon.core.main.TestCaseExecutor.accessMainPhase(TestCaseExecutor.java:293)
	at com.kms.katalon.core.main.TestCaseExecutor.execute(TestCaseExecutor.java:227)
	at com.kms.katalon.core.main.TestSuiteExecutor.accessTestCaseMainPhase(TestSuiteExecutor.java:129)
	at com.kms.katalon.core.main.TestSuiteExecutor.accessTestSuiteMainPhase(TestSuiteExecutor.java:112)
	at com.kms.katalon.core.main.TestSuiteExecutor.execute(TestSuiteExecutor.java:81)
	at com.kms.katalon.core.main.TestCaseMain.startTestSuite(TestCaseMain.java:157)
	at com.kms.katalon.core.main.TestCaseMain$startTestSuite$0.call(Unknown Source)
	at TempTestSuite1556819216050.run(TempTestSuite1556819216050.groovy:35)
Caused by: org.openqa.selenium.ElementClickInterceptedException: Element <button class="pika-button pika-day" type="button"> is not clickable at point (252,459) because another element <td class="is-disabled"> obscures it
Build info: version: '3.7.1', revision: '8a0099a', time: '2017-11-06T21:07:36.161Z'
System info: host: 'ALLISONCOTIGNOL', ip: '172.19.15.34', os.name: 'Windows 7', os.arch: 'amd64', os.version: '6.1', java.version: '1.8.0_181'
Driver info: com.kms.katalon.core.webui.driver.firefox.CGeckoDriver
Capabilities {acceptInsecureCerts: true, browserName: firefox, browserVersion: 66.0.3, javascriptEnabled: true, moz:accessibilityChecks: false, moz:geckodriverVersion: 0.24.0, moz:headless: false, moz:processID: 6576, moz:profile: C:\Users\Andres.Jaramillo\A..., moz:shutdownTimeout: 60000, moz:useNonSpecCompliantPointerOrigin: false, moz:webdriverClick: true, pageLoadStrategy: normal, platform: WINDOWS, platformName: WINDOWS, platformVersion: 6.1, proxy: Proxy(direct), rotatable: false, setWindowRect: true, strictFileInteractability: false, timeouts: {implicit: 0, pageLoad: 300000, script: 30000}, unhandledPromptBehavior: dismiss and notify}
Session ID: 8765b918-d853-4621-8669-3b2ec300ccf9
	at org.openqa.selenium.remote.http.W3CHttpResponseCodec.createException(W3CHttpResponseCodec.java:187)
	at org.openqa.selenium.remote.http.W3CHttpResponseCodec.decode(W3CHttpResponseCodec.java:122)
	at org.openqa.selenium.remote.http.W3CHttpResponseCodec.decode(W3CHttpResponseCodec.java:49)
	at org.openqa.selenium.remote.HttpCommandExecutor.execute(HttpCommandExecutor.java:164)
	at org.openqa.selenium.remote.service.DriverCommandExecutor.execute(DriverCommandExecutor.java:83)
	at org.openqa.selenium.remote.RemoteWebDriver.execute(RemoteWebDriver.java:600)
	at com.kms.katalon.selenium.driver.CFirefoxDriver.execute(CFirefoxDriver.java:28)
	at org.openqa.selenium.remote.RemoteWebElement.execute(RemoteWebElement.java:279)
	at org.openqa.selenium.remote.RemoteWebElement.click(RemoteWebElement.java:83)
	at com.kms.katalon.core.webui.keyword.builtin.ClickKeyword$_click_closure1.doCall(ClickKeyword.groovy:79)
	at com.kms.katalon.core.webui.keyword.builtin.ClickKeyword$_click_closure1.call(ClickKeyword.groovy)
	at com.kms.katalon.core.webui.keyword.internal.WebUIKeywordMain.runKeyword(WebUIKeywordMain.groovy:20)
	at com.kms.katalon.core.webui.keyword.builtin.ClickKeyword.click(ClickKeyword.groovy:86)
	at com.kms.katalon.core.webui.keyword.builtin.ClickKeyword.execute(ClickKeyword.groovy:67)
	at com.kms.katalon.core.keyword.internal.KeywordExecutor.executeKeywordForPlatform(KeywordExecutor.groovy:56)
	at com.kms.katalon.core.webui.keyword.WebUiBuiltInKeywords.click(WebUiBuiltInKeywords.groovy:616)
	at com.kms.katalon.core.webui.keyword.WebUiBuiltInKeywords$click$0.call(Unknown Source)
	at Script1556809888858.run(Script1556809888858.groovy:90)
	... 13 more


2019-05-02 13:47:21 - [MESSAGE][FAILED] - Unable to click on object 'eldia' (Root cause: com.kms.katalon.core.exception.StepFailedException: Unable to click on object 'eldia'
	at com.kms.katalon.core.webui.keyword.internal.WebUIKeywordMain.stepFailed(WebUIKeywordMain.groovy:64)
	at com.kms.katalon.core.webui.keyword.internal.WebUIKeywordMain.runKeyword(WebUIKeywordMain.groovy:26)
	at com.kms.katalon.core.webui.keyword.builtin.ClickKeyword.click(ClickKeyword.groovy:86)
	at com.kms.katalon.core.webui.keyword.builtin.ClickKeyword.execute(ClickKeyword.groovy:67)
	at com.kms.katalon.core.keyword.internal.KeywordExecutor.executeKeywordForPlatform(KeywordExecutor.groovy:56)
	at com.kms.katalon.core.webui.keyword.WebUiBuiltInKeywords.click(WebUiBuiltInKeywords.groovy:616)
	at com.kms.katalon.core.webui.keyword.WebUiBuiltInKeywords$click$0.call(Unknown Source)
	at Booking03.run(Booking03:90)
	at com.kms.katalon.core.main.ScriptEngine.run(ScriptEngine.java:194)
	at com.kms.katalon.core.main.ScriptEngine.runScriptAsRawText(ScriptEngine.java:119)
	at com.kms.katalon.core.main.TestCaseExecutor.runScript(TestCaseExecutor.java:331)
	at com.kms.katalon.core.main.TestCaseExecutor.doExecute(TestCaseExecutor.java:322)
	at com.kms.katalon.core.main.TestCaseExecutor.processExecutionPhase(TestCaseExecutor.java:301)
	at com.kms.katalon.core.main.TestCaseExecutor.accessMainPhase(TestCaseExecutor.java:293)
	at com.kms.katalon.core.main.TestCaseExecutor.execute(TestCaseExecutor.java:227)
	at com.kms.katalon.core.main.TestSuiteExecutor.accessTestCaseMainPhase(TestSuiteExecutor.java:129)
	at com.kms.katalon.core.main.TestSuiteExecutor.accessTestSuiteMainPhase(TestSuiteExecutor.java:112)
	at com.kms.katalon.core.main.TestSuiteExecutor.execute(TestSuiteExecutor.java:81)
	at com.kms.katalon.core.main.TestCaseMain.startTestSuite(TestCaseMain.java:157)
	at com.kms.katalon.core.main.TestCaseMain$startTestSuite$0.call(Unknown Source)
	at TempTestSuite1556819216050.run(TempTestSuite1556819216050.groovy:35)
Caused by: org.openqa.selenium.ElementClickInterceptedException: Element <button class="pika-button pika-day" type="button"> is not clickable at point (252,459) because another element <td class="is-disabled"> obscures it
Build info: version: '3.7.1', revision: '8a0099a', time: '2017-11-06T21:07:36.161Z'
System info: host: 'ALLISONCOTIGNOL', ip: '172.19.15.34', os.name: 'Windows 7', os.arch: 'amd64', os.version: '6.1', java.version: '1.8.0_181'
Driver info: com.kms.katalon.core.webui.driver.firefox.CGeckoDriver
Capabilities {acceptInsecureCerts: true, browserName: firefox, browserVersion: 66.0.3, javascriptEnabled: true, moz:accessibilityChecks: false, moz:geckodriverVersion: 0.24.0, moz:headless: false, moz:processID: 6576, moz:profile: C:\Users\Andres.Jaramillo\A..., moz:shutdownTimeout: 60000, moz:useNonSpecCompliantPointerOrigin: false, moz:webdriverClick: true, pageLoadStrategy: normal, platform: WINDOWS, platformName: WINDOWS, platformVersion: 6.1, proxy: Proxy(direct), rotatable: false, setWindowRect: true, strictFileInteractability: false, timeouts: {implicit: 0, pageLoad: 300000, script: 30000}, unhandledPromptBehavior: dismiss and notify}
Session ID: 8765b918-d853-4621-8669-3b2ec300ccf9
	at org.openqa.selenium.remote.http.W3CHttpResponseCodec.createException(W3CHttpResponseCodec.java:187)
	at org.openqa.selenium.remote.http.W3CHttpResponseCodec.decode(W3CHttpResponseCodec.java:122)
	at org.openqa.selenium.remote.http.W3CHttpResponseCodec.decode(W3CHttpResponseCodec.java:49)
	at org.openqa.selenium.remote.HttpCommandExecutor.execute(HttpCommandExecutor.java:164)
	at org.openqa.selenium.remote.service.DriverCommandExecutor.execute(DriverCommandExecutor.java:83)
	at org.openqa.selenium.remote.RemoteWebDriver.execute(RemoteWebDriver.java:600)
	at com.kms.katalon.selenium.driver.CFirefoxDriver.execute(CFirefoxDriver.java:28)
	at org.openqa.selenium.remote.RemoteWebElement.execute(RemoteWebElement.java:279)
	at org.openqa.selenium.remote.RemoteWebElement.click(RemoteWebElement.java:83)
	at com.kms.katalon.core.webui.keyword.builtin.ClickKeyword$_click_closure1.doCall(ClickKeyword.groovy:79)
	at com.kms.katalon.core.webui.keyword.builtin.ClickKeyword$_click_closure1.call(ClickKeyword.groovy)
	at com.kms.katalon.core.webui.keyword.internal.WebUIKeywordMain.runKeyword(WebUIKeywordMain.groovy:20)
	at com.kms.katalon.core.webui.keyword.builtin.ClickKeyword.click(ClickKeyword.groovy:86)
	at com.kms.katalon.core.webui.keyword.builtin.ClickKeyword.execute(ClickKeyword.groovy:67)
	at com.kms.katalon.core.keyword.internal.KeywordExecutor.executeKeywordForPlatform(KeywordExecutor.groovy:56)
	at com.kms.katalon.core.webui.keyword.WebUiBuiltInKeywords.click(WebUiBuiltInKeywords.groovy:616)
	at com.kms.katalon.core.webui.keyword.WebUiBuiltInKeywords$click$0.call(Unknown Source)
	at Script1556809888858.run(Script1556809888858.groovy:90)
	... 13 more
)
[[ATTACHMENT|C:\\Users\\Andres.Jaramillo\\git\\bookit-bookingtests-katalon\\Reports\\TestSuiteForBookit2\\20190502_134656\\1556819240722.png]]

2019-05-02 13:47:21 - [MESSAGE][FAILED] - click(to) FAILED.
Reason:
com.kms.katalon.core.exception.StepFailedException: Unable to click on object 'eldia'
	at com.kms.katalon.core.webui.keyword.internal.WebUIKeywordMain.stepFailed(WebUIKeywordMain.groovy:64)
	at com.kms.katalon.core.webui.keyword.internal.WebUIKeywordMain.runKeyword(WebUIKeywordMain.groovy:26)
	at com.kms.katalon.core.webui.keyword.builtin.ClickKeyword.click(ClickKeyword.groovy:86)
	at com.kms.katalon.core.webui.keyword.builtin.ClickKeyword.execute(ClickKeyword.groovy:67)
	at com.kms.katalon.core.keyword.internal.KeywordExecutor.executeKeywordForPlatform(KeywordExecutor.groovy:56)
	at com.kms.katalon.core.webui.keyword.WebUiBuiltInKeywords.click(WebUiBuiltInKeywords.groovy:616)
	at com.kms.katalon.core.webui.keyword.WebUiBuiltInKeywords$click$0.call(Unknown Source)
	at Booking03.run(Booking03:90)
	at com.kms.katalon.core.main.ScriptEngine.run(ScriptEngine.java:194)
	at com.kms.katalon.core.main.ScriptEngine.runScriptAsRawText(ScriptEngine.java:119)
	at com.kms.katalon.core.main.TestCaseExecutor.runScript(TestCaseExecutor.java:331)
	at com.kms.katalon.core.main.TestCaseExecutor.doExecute(TestCaseExecutor.java:322)
	at com.kms.katalon.core.main.TestCaseExecutor.processExecutionPhase(TestCaseExecutor.java:301)
	at com.kms.katalon.core.main.TestCaseExecutor.accessMainPhase(TestCaseExecutor.java:293)
	at com.kms.katalon.core.main.TestCaseExecutor.execute(TestCaseExecutor.java:227)
	at com.kms.katalon.core.main.TestSuiteExecutor.accessTestCaseMainPhase(TestSuiteExecutor.java:129)
	at com.kms.katalon.core.main.TestSuiteExecutor.accessTestSuiteMainPhase(TestSuiteExecutor.java:112)
	at com.kms.katalon.core.main.TestSuiteExecutor.execute(TestSuiteExecutor.java:81)
	at com.kms.katalon.core.main.TestCaseMain.startTestSuite(TestCaseMain.java:157)
	at com.kms.katalon.core.main.TestCaseMain$startTestSuite$0.call(Unknown Source)
	at TempTestSuite1556819216050.run(TempTestSuite1556819216050.groovy:35)
Caused by: org.openqa.selenium.ElementClickInterceptedException: Element <button class="pika-button pika-day" type="button"> is not clickable at point (252,459) because another element <td class="is-disabled"> obscures it
Build info: version: '3.7.1', revision: '8a0099a', time: '2017-11-06T21:07:36.161Z'
System info: host: 'ALLISONCOTIGNOL', ip: '172.19.15.34', os.name: 'Windows 7', os.arch: 'amd64', os.version: '6.1', java.version: '1.8.0_181'
Driver info: com.kms.katalon.core.webui.driver.firefox.CGeckoDriver
Capabilities {acceptInsecureCerts: true, browserName: firefox, browserVersion: 66.0.3, javascriptEnabled: true, moz:accessibilityChecks: false, moz:geckodriverVersion: 0.24.0, moz:headless: false, moz:processID: 6576, moz:profile: C:\Users\Andres.Jaramillo\A..., moz:shutdownTimeout: 60000, moz:useNonSpecCompliantPointerOrigin: false, moz:webdriverClick: true, pageLoadStrategy: normal, platform: WINDOWS, platformName: WINDOWS, platformVersion: 6.1, proxy: Proxy(direct), rotatable: false, setWindowRect: true, strictFileInteractability: false, timeouts: {implicit: 0, pageLoad: 300000, script: 30000}, unhandledPromptBehavior: dismiss and notify}
Session ID: 8765b918-d853-4621-8669-3b2ec300ccf9
	at org.openqa.selenium.remote.http.W3CHttpResponseCodec.createException(W3CHttpResponseCodec.java:187)
	at org.openqa.selenium.remote.http.W3CHttpResponseCodec.decode(W3CHttpResponseCodec.java:122)
	at org.openqa.selenium.remote.http.W3CHttpResponseCodec.decode(W3CHttpResponseCodec.java:49)
	at org.openqa.selenium.remote.HttpCommandExecutor.execute(HttpCommandExecutor.java:164)
	at org.openqa.selenium.remote.service.DriverCommandExecutor.execute(DriverCommandExecutor.java:83)
	at org.openqa.selenium.remote.RemoteWebDriver.execute(RemoteWebDriver.java:600)
	at com.kms.katalon.selenium.driver.CFirefoxDriver.execute(CFirefoxDriver.java:28)
	at org.openqa.selenium.remote.RemoteWebElement.execute(RemoteWebElement.java:279)
	at org.openqa.selenium.remote.RemoteWebElement.click(RemoteWebElement.java:83)
	at com.kms.katalon.core.webui.keyword.builtin.ClickKeyword$_click_closure1.doCall(ClickKeyword.groovy:79)
	at com.kms.katalon.core.webui.keyword.builtin.ClickKeyword$_click_closure1.call(ClickKeyword.groovy)
	at com.kms.katalon.core.webui.keyword.internal.WebUIKeywordMain.runKeyword(WebUIKeywordMain.groovy:20)
	at com.kms.katalon.core.webui.keyword.builtin.ClickKeyword.click(ClickKeyword.groovy:86)
	at com.kms.katalon.core.webui.keyword.builtin.ClickKeyword.execute(ClickKeyword.groovy:67)
	at com.kms.katalon.core.keyword.internal.KeywordExecutor.executeKeywordForPlatform(KeywordExecutor.groovy:56)
	at com.kms.katalon.core.webui.keyword.WebUiBuiltInKeywords.click(WebUiBuiltInKeywords.groovy:616)
	at com.kms.katalon.core.webui.keyword.WebUiBuiltInKeywords$click$0.call(Unknown Source)
	at Script1556809888858.run(Script1556809888858.groovy:90)
	... 13 more]]></system-out>
         <system-err><![CDATA[2019-05-02 13:46:59 - [TEST_CASE][FAILED] - Test Cases/Booking03: Test Cases/Booking03 FAILED.
Reason:
com.kms.katalon.core.exception.StepFailedException: Unable to click on object 'eldia'
	at com.kms.katalon.core.webui.keyword.internal.WebUIKeywordMain.stepFailed(WebUIKeywordMain.groovy:64)
	at com.kms.katalon.core.webui.keyword.internal.WebUIKeywordMain.runKeyword(WebUIKeywordMain.groovy:26)
	at com.kms.katalon.core.webui.keyword.builtin.ClickKeyword.click(ClickKeyword.groovy:86)
	at com.kms.katalon.core.webui.keyword.builtin.ClickKeyword.execute(ClickKeyword.groovy:67)
	at com.kms.katalon.core.keyword.internal.KeywordExecutor.executeKeywordForPlatform(KeywordExecutor.groovy:56)
	at com.kms.katalon.core.webui.keyword.WebUiBuiltInKeywords.click(WebUiBuiltInKeywords.groovy:616)
	at com.kms.katalon.core.webui.keyword.WebUiBuiltInKeywords$click$0.call(Unknown Source)
	at Booking03.run(Booking03:90)
	at com.kms.katalon.core.main.ScriptEngine.run(ScriptEngine.java:194)
	at com.kms.katalon.core.main.ScriptEngine.runScriptAsRawText(ScriptEngine.java:119)
	at com.kms.katalon.core.main.TestCaseExecutor.runScript(TestCaseExecutor.java:331)
	at com.kms.katalon.core.main.TestCaseExecutor.doExecute(TestCaseExecutor.java:322)
	at com.kms.katalon.core.main.TestCaseExecutor.processExecutionPhase(TestCaseExecutor.java:301)
	at com.kms.katalon.core.main.TestCaseExecutor.accessMainPhase(TestCaseExecutor.java:293)
	at com.kms.katalon.core.main.TestCaseExecutor.execute(TestCaseExecutor.java:227)
	at com.kms.katalon.core.main.TestSuiteExecutor.accessTestCaseMainPhase(TestSuiteExecutor.java:129)
	at com.kms.katalon.core.main.TestSuiteExecutor.accessTestSuiteMainPhase(TestSuiteExecutor.java:112)
	at com.kms.katalon.core.main.TestSuiteExecutor.execute(TestSuiteExecutor.java:81)
	at com.kms.katalon.core.main.TestCaseMain.startTestSuite(TestCaseMain.java:157)
	at com.kms.katalon.core.main.TestCaseMain$startTestSuite$0.call(Unknown Source)
	at TempTestSuite1556819216050.run(TempTestSuite1556819216050.groovy:35)
Caused by: org.openqa.selenium.ElementClickInterceptedException: Element <button class="pika-button pika-day" type="button"> is not clickable at point (252,459) because another element <td class="is-disabled"> obscures it
Build info: version: '3.7.1', revision: '8a0099a', time: '2017-11-06T21:07:36.161Z'
System info: host: 'ALLISONCOTIGNOL', ip: '172.19.15.34', os.name: 'Windows 7', os.arch: 'amd64', os.version: '6.1', java.version: '1.8.0_181'
Driver info: com.kms.katalon.core.webui.driver.firefox.CGeckoDriver
Capabilities {acceptInsecureCerts: true, browserName: firefox, browserVersion: 66.0.3, javascriptEnabled: true, moz:accessibilityChecks: false, moz:geckodriverVersion: 0.24.0, moz:headless: false, moz:processID: 6576, moz:profile: C:\Users\Andres.Jaramillo\A..., moz:shutdownTimeout: 60000, moz:useNonSpecCompliantPointerOrigin: false, moz:webdriverClick: true, pageLoadStrategy: normal, platform: WINDOWS, platformName: WINDOWS, platformVersion: 6.1, proxy: Proxy(direct), rotatable: false, setWindowRect: true, strictFileInteractability: false, timeouts: {implicit: 0, pageLoad: 300000, script: 30000}, unhandledPromptBehavior: dismiss and notify}
Session ID: 8765b918-d853-4621-8669-3b2ec300ccf9
	at org.openqa.selenium.remote.http.W3CHttpResponseCodec.createException(W3CHttpResponseCodec.java:187)
	at org.openqa.selenium.remote.http.W3CHttpResponseCodec.decode(W3CHttpResponseCodec.java:122)
	at org.openqa.selenium.remote.http.W3CHttpResponseCodec.decode(W3CHttpResponseCodec.java:49)
	at org.openqa.selenium.remote.HttpCommandExecutor.execute(HttpCommandExecutor.java:164)
	at org.openqa.selenium.remote.service.DriverCommandExecutor.execute(DriverCommandExecutor.java:83)
	at org.openqa.selenium.remote.RemoteWebDriver.execute(RemoteWebDriver.java:600)
	at com.kms.katalon.selenium.driver.CFirefoxDriver.execute(CFirefoxDriver.java:28)
	at org.openqa.selenium.remote.RemoteWebElement.execute(RemoteWebElement.java:279)
	at org.openqa.selenium.remote.RemoteWebElement.click(RemoteWebElement.java:83)
	at com.kms.katalon.core.webui.keyword.builtin.ClickKeyword$_click_closure1.doCall(ClickKeyword.groovy:79)
	at com.kms.katalon.core.webui.keyword.builtin.ClickKeyword$_click_closure1.call(ClickKeyword.groovy)
	at com.kms.katalon.core.webui.keyword.internal.WebUIKeywordMain.runKeyword(WebUIKeywordMain.groovy:20)
	at com.kms.katalon.core.webui.keyword.builtin.ClickKeyword.click(ClickKeyword.groovy:86)
	at com.kms.katalon.core.webui.keyword.builtin.ClickKeyword.execute(ClickKeyword.groovy:67)
	at com.kms.katalon.core.keyword.internal.KeywordExecutor.executeKeywordForPlatform(KeywordExecutor.groovy:56)
	at com.kms.katalon.core.webui.keyword.WebUiBuiltInKeywords.click(WebUiBuiltInKeywords.groovy:616)
	at com.kms.katalon.core.webui.keyword.WebUiBuiltInKeywords$click$0.call(Unknown Source)
	at Script1556809888858.run(Script1556809888858.groovy:90)
	... 13 more]]></system-err>
      </testcase>
      <testcase name="Test Cases/Booking03" classname="Test Cases/Booking03" status="FAILED">
         <failure type="FAILED" message="Test Cases/Booking03 FAILED.
Reason:
com.kms.katalon.core.exception.StepFailedException: Unable to select option by label 'June' of object 'Object Repository/homepage/sel_date_month1'  (Root cause: com.kms.katalon.core.exception.StepFailedException: Unable to select option by label 'June' of object 'Object Repository/homepage/sel_date_month1' 
	at com.kms.katalon.core.webui.keyword.internal.WebUIKeywordMain.stepFailed(WebUIKeywordMain.groovy:64)
	at com.kms.katalon.core.webui.keyword.internal.WebUIKeywordMain.runKeyword(WebUIKeywordMain.groovy:26)
	at com.kms.katalon.core.webui.keyword.builtin.SelectOptionByLabelKeyword.selectOptionByLabel(SelectOptionByLabelKeyword.groovy:98)
	at com.kms.katalon.core.webui.keyword.builtin.SelectOptionByLabelKeyword.execute(SelectOptionByLabelKeyword.groovy:71)
	at com.kms.katalon.core.keyword.internal.KeywordExecutor.executeKeywordForPlatform(KeywordExecutor.groovy:56)
	at com.kms.katalon.core.webui.keyword.WebUiBuiltInKeywords.selectOptionByLabel(WebUiBuiltInKeywords.groovy:1183)
	at com.kms.katalon.core.webui.keyword.WebUiBuiltInKeywords$selectOptionByLabel$6.call(Unknown Source)
	at Booking03.run(Booking03:68)
	at com.kms.katalon.core.main.ScriptEngine.run(ScriptEngine.java:194)
	at com.kms.katalon.core.main.ScriptEngine.runScriptAsRawText(ScriptEngine.java:119)
	at com.kms.katalon.core.main.TestCaseExecutor.runScript(TestCaseExecutor.java:331)
	at com.kms.katalon.core.main.TestCaseExecutor.doExecute(TestCaseExecutor.java:322)
	at com.kms.katalon.core.main.TestCaseExecutor.processExecutionPhase(TestCaseExecutor.java:301)
	at com.kms.katalon.core.main.TestCaseExecutor.accessMainPhase(TestCaseExecutor.java:293)
	at com.kms.katalon.core.main.TestCaseExecutor.execute(TestCaseExecutor.java:227)
	at com.kms.katalon.core.main.TestSuiteExecutor.accessTestCaseMainPhase(TestSuiteExecutor.java:129)
	at com.kms.katalon.core.main.TestSuiteExecutor.accessTestSuiteMainPhase(TestSuiteExecutor.java:112)
	at com.kms.katalon.core.main.TestSuiteExecutor.execute(TestSuiteExecutor.java:81)
	at com.kms.katalon.core.main.TestCaseMain.startTestSuite(TestCaseMain.java:157)
	at com.kms.katalon.core.main.TestCaseMain$startTestSuite$0.call(Unknown Source)
	at TempTestSuite1556819216050.run(TempTestSuite1556819216050.groovy:35)
Caused by: org.openqa.selenium.ElementNotInteractableException: Element &lt;option> could not be scrolled into view
Build info: version: '3.7.1', revision: '8a0099a', time: '2017-11-06T21:07:36.161Z'
System info: host: 'ALLISONCOTIGNOL', ip: '172.19.15.34', os.name: 'Windows 7', os.arch: 'amd64', os.version: '6.1', java.version: '1.8.0_181'
Driver info: com.kms.katalon.core.webui.driver.firefox.CGeckoDriver
Capabilities {acceptInsecureCerts: true, browserName: firefox, browserVersion: 66.0.3, javascriptEnabled: true, moz:accessibilityChecks: false, moz:geckodriverVersion: 0.24.0, moz:headless: false, moz:processID: 9876, moz:profile: C:\Users\Andres.Jaramillo\A..., moz:shutdownTimeout: 60000, moz:useNonSpecCompliantPointerOrigin: false, moz:webdriverClick: true, pageLoadStrategy: normal, platform: WINDOWS, platformName: WINDOWS, platformVersion: 6.1, proxy: Proxy(direct), rotatable: false, setWindowRect: true, strictFileInteractability: false, timeouts: {implicit: 0, pageLoad: 300000, script: 30000}, unhandledPromptBehavior: dismiss and notify}
Session ID: b059b700-8a86-4a47-813a-366e975fe19c
	at org.openqa.selenium.remote.http.W3CHttpResponseCodec.createException(W3CHttpResponseCodec.java:187)
	at org.openqa.selenium.remote.http.W3CHttpResponseCodec.decode(W3CHttpResponseCodec.java:122)
	at org.openqa.selenium.remote.http.W3CHttpResponseCodec.decode(W3CHttpResponseCodec.java:49)
	at org.openqa.selenium.remote.HttpCommandExecutor.execute(HttpCommandExecutor.java:164)
	at org.openqa.selenium.remote.service.DriverCommandExecutor.execute(DriverCommandExecutor.java:83)
	at org.openqa.selenium.remote.RemoteWebDriver.execute(RemoteWebDriver.java:600)
	at com.kms.katalon.selenium.driver.CFirefoxDriver.execute(CFirefoxDriver.java:28)
	at org.openqa.selenium.remote.RemoteWebElement.execute(RemoteWebElement.java:279)
	at org.openqa.selenium.remote.RemoteWebElement.click(RemoteWebElement.java:83)
	at org.openqa.selenium.support.ui.Select.setSelected(Select.java:324)
	at org.openqa.selenium.support.ui.Select.selectByVisibleText(Select.java:120)
	at com.kms.katalon.core.webui.common.WebUiCommonHelper.selectOrDeselectOptionsByLabel(WebUiCommonHelper.java:302)
	at com.kms.katalon.core.webui.keyword.builtin.SelectOptionByLabelKeyword$_selectOptionByLabel_closure1.doCall(SelectOptionByLabelKeyword.groovy:87)
	at com.kms.katalon.core.webui.keyword.builtin.SelectOptionByLabelKeyword$_selectOptionByLabel_closure1.call(SelectOptionByLabelKeyword.groovy)
	at com.kms.katalon.core.webui.keyword.internal.WebUIKeywordMain.runKeyword(WebUIKeywordMain.groovy:20)
	at com.kms.katalon.core.webui.keyword.builtin.SelectOptionByLabelKeyword.selectOptionByLabel(SelectOptionByLabelKeyword.groovy:98)
	at com.kms.katalon.core.webui.keyword.builtin.SelectOptionByLabelKeyword.execute(SelectOptionByLabelKeyword.groovy:71)
	at com.kms.katalon.core.keyword.internal.KeywordExecutor.executeKeywordForPlatform(KeywordExecutor.groovy:56)
	at com.kms.katalon.core.webui.keyword.WebUiBuiltInKeywords.selectOptionByLabel(WebUiBuiltInKeywords.groovy:1183)
	at com.kms.katalon.core.webui.keyword.WebUiBuiltInKeywords$selectOptionByLabel$6.call(Unknown Source)
	at Script1556809888858.run(Script1556809888858.groovy:68)
	... 13 more
)
	at com.kms.katalon.core.keyword.internal.KeywordMain.stepFailed(KeywordMain.groovy:37)
	at com.kms.katalon.core.webui.keyword.internal.WebUIKeywordMain.stepFailed(WebUIKeywordMain.groovy:64)
	at com.kms.katalon.core.webui.keyword.internal.WebUIKeywordMain.runKeyword(WebUIKeywordMain.groovy:26)
	at com.kms.katalon.core.webui.keyword.builtin.SelectOptionByLabelKeyword.selectOptionByLabel(SelectOptionByLabelKeyword.groovy:98)
	at com.kms.katalon.core.webui.keyword.builtin.SelectOptionByLabelKeyword.execute(SelectOptionByLabelKeyword.groovy:71)
	at com.kms.katalon.core.keyword.internal.KeywordExecutor.executeKeywordForPlatform(KeywordExecutor.groovy:56)
	at com.kms.katalon.core.webui.keyword.WebUiBuiltInKeywords.selectOptionByLabel(WebUiBuiltInKeywords.groovy:1183)
	at com.kms.katalon.core.webui.keyword.WebUiBuiltInKeywords$selectOptionByLabel$6.call(Unknown Source)
	at Booking03.run(Booking03:68)
	at com.kms.katalon.core.main.ScriptEngine.run(ScriptEngine.java:194)
	at com.kms.katalon.core.main.ScriptEngine.runScriptAsRawText(ScriptEngine.java:119)
	at com.kms.katalon.core.main.TestCaseExecutor.runScript(TestCaseExecutor.java:331)
	at com.kms.katalon.core.main.TestCaseExecutor.doExecute(TestCaseExecutor.java:322)
	at com.kms.katalon.core.main.TestCaseExecutor.processExecutionPhase(TestCaseExecutor.java:301)
	at com.kms.katalon.core.main.TestCaseExecutor.accessMainPhase(TestCaseExecutor.java:293)
	at com.kms.katalon.core.main.TestCaseExecutor.execute(TestCaseExecutor.java:227)
	at com.kms.katalon.core.main.TestSuiteExecutor.accessTestCaseMainPhase(TestSuiteExecutor.java:129)
	at com.kms.katalon.core.main.TestSuiteExecutor.accessTestSuiteMainPhase(TestSuiteExecutor.java:112)
	at com.kms.katalon.core.main.TestSuiteExecutor.execute(TestSuiteExecutor.java:81)
	at com.kms.katalon.core.main.TestCaseMain.startTestSuite(TestCaseMain.java:157)
	at com.kms.katalon.core.main.TestCaseMain$startTestSuite$0.call(Unknown Source)
	at TempTestSuite1556819216050.run(TempTestSuite1556819216050.groovy:35)
Caused by: com.kms.katalon.core.exception.StepFailedException: Unable to select option by label 'June' of object 'Object Repository/homepage/sel_date_month1' 
	... 21 more
Caused by: org.openqa.selenium.ElementNotInteractableException: Element &lt;option> could not be scrolled into view
Build info: version: '3.7.1', revision: '8a0099a', time: '2017-11-06T21:07:36.161Z'
System info: host: 'ALLISONCOTIGNOL', ip: '172.19.15.34', os.name: 'Windows 7', os.arch: 'amd64', os.version: '6.1', java.version: '1.8.0_181'
Driver info: com.kms.katalon.core.webui.driver.firefox.CGeckoDriver
Capabilities {acceptInsecureCerts: true, browserName: firefox, browserVersion: 66.0.3, javascriptEnabled: true, moz:accessibilityChecks: false, moz:geckodriverVersion: 0.24.0, moz:headless: false, moz:processID: 9876, moz:profile: C:\Users\Andres.Jaramillo\A..., moz:shutdownTimeout: 60000, moz:useNonSpecCompliantPointerOrigin: false, moz:webdriverClick: true, pageLoadStrategy: normal, platform: WINDOWS, platformName: WINDOWS, platformVersion: 6.1, proxy: Proxy(direct), rotatable: false, setWindowRect: true, strictFileInteractability: false, timeouts: {implicit: 0, pageLoad: 300000, script: 30000}, unhandledPromptBehavior: dismiss and notify}
Session ID: b059b700-8a86-4a47-813a-366e975fe19c
	at org.openqa.selenium.remote.http.W3CHttpResponseCodec.createException(W3CHttpResponseCodec.java:187)
	at org.openqa.selenium.remote.http.W3CHttpResponseCodec.decode(W3CHttpResponseCodec.java:122)
	at org.openqa.selenium.remote.http.W3CHttpResponseCodec.decode(W3CHttpResponseCodec.java:49)
	at org.openqa.selenium.remote.HttpCommandExecutor.execute(HttpCommandExecutor.java:164)
	at org.openqa.selenium.remote.service.DriverCommandExecutor.execute(DriverCommandExecutor.java:83)
	at org.openqa.selenium.remote.RemoteWebDriver.execute(RemoteWebDriver.java:600)
	at com.kms.katalon.selenium.driver.CFirefoxDriver.execute(CFirefoxDriver.java:28)
	at org.openqa.selenium.remote.RemoteWebElement.execute(RemoteWebElement.java:279)
	at org.openqa.selenium.remote.RemoteWebElement.click(RemoteWebElement.java:83)
	at org.openqa.selenium.support.ui.Select.setSelected(Select.java:324)
	at org.openqa.selenium.support.ui.Select.selectByVisibleText(Select.java:120)
	at com.kms.katalon.core.webui.common.WebUiCommonHelper.selectOrDeselectOptionsByLabel(WebUiCommonHelper.java:302)
	at com.kms.katalon.core.webui.keyword.builtin.SelectOptionByLabelKeyword$_selectOptionByLabel_closure1.doCall(SelectOptionByLabelKeyword.groovy:87)
	at com.kms.katalon.core.webui.keyword.builtin.SelectOptionByLabelKeyword$_selectOptionByLabel_closure1.call(SelectOptionByLabelKeyword.groovy)
	at com.kms.katalon.core.webui.keyword.internal.WebUIKeywordMain.runKeyword(WebUIKeywordMain.groovy:20)
	at com.kms.katalon.core.webui.keyword.builtin.SelectOptionByLabelKeyword.selectOptionByLabel(SelectOptionByLabelKeyword.groovy:98)
	at com.kms.katalon.core.webui.keyword.builtin.SelectOptionByLabelKeyword.execute(SelectOptionByLabelKeyword.groovy:71)
	at com.kms.katalon.core.keyword.internal.KeywordExecutor.executeKeywordForPlatform(KeywordExecutor.groovy:56)
	at com.kms.katalon.core.webui.keyword.WebUiBuiltInKeywords.selectOptionByLabel(WebUiBuiltInKeywords.groovy:1183)
	at com.kms.katalon.core.webui.keyword.WebUiBuiltInKeywords$selectOptionByLabel$6.call(Unknown Source)
	at Script1556809888858.run(Script1556809888858.groovy:68)
	... 13 more
"/>
         <system-out><![CDATA[2019-05-02 13:47:23 - [TEST_CASE][FAILED] - Test Cases/Booking03: Test Cases/Booking03 FAILED.
Reason:
com.kms.katalon.core.exception.StepFailedException: Unable to select option by label 'June' of object 'Object Repository/homepage/sel_date_month1'  (Root cause: com.kms.katalon.core.exception.StepFailedException: Unable to select option by label 'June' of object 'Object Repository/homepage/sel_date_month1' 
	at com.kms.katalon.core.webui.keyword.internal.WebUIKeywordMain.stepFailed(WebUIKeywordMain.groovy:64)
	at com.kms.katalon.core.webui.keyword.internal.WebUIKeywordMain.runKeyword(WebUIKeywordMain.groovy:26)
	at com.kms.katalon.core.webui.keyword.builtin.SelectOptionByLabelKeyword.selectOptionByLabel(SelectOptionByLabelKeyword.groovy:98)
	at com.kms.katalon.core.webui.keyword.builtin.SelectOptionByLabelKeyword.execute(SelectOptionByLabelKeyword.groovy:71)
	at com.kms.katalon.core.keyword.internal.KeywordExecutor.executeKeywordForPlatform(KeywordExecutor.groovy:56)
	at com.kms.katalon.core.webui.keyword.WebUiBuiltInKeywords.selectOptionByLabel(WebUiBuiltInKeywords.groovy:1183)
	at com.kms.katalon.core.webui.keyword.WebUiBuiltInKeywords$selectOptionByLabel$6.call(Unknown Source)
	at Booking03.run(Booking03:68)
	at com.kms.katalon.core.main.ScriptEngine.run(ScriptEngine.java:194)
	at com.kms.katalon.core.main.ScriptEngine.runScriptAsRawText(ScriptEngine.java:119)
	at com.kms.katalon.core.main.TestCaseExecutor.runScript(TestCaseExecutor.java:331)
	at com.kms.katalon.core.main.TestCaseExecutor.doExecute(TestCaseExecutor.java:322)
	at com.kms.katalon.core.main.TestCaseExecutor.processExecutionPhase(TestCaseExecutor.java:301)
	at com.kms.katalon.core.main.TestCaseExecutor.accessMainPhase(TestCaseExecutor.java:293)
	at com.kms.katalon.core.main.TestCaseExecutor.execute(TestCaseExecutor.java:227)
	at com.kms.katalon.core.main.TestSuiteExecutor.accessTestCaseMainPhase(TestSuiteExecutor.java:129)
	at com.kms.katalon.core.main.TestSuiteExecutor.accessTestSuiteMainPhase(TestSuiteExecutor.java:112)
	at com.kms.katalon.core.main.TestSuiteExecutor.execute(TestSuiteExecutor.java:81)
	at com.kms.katalon.core.main.TestCaseMain.startTestSuite(TestCaseMain.java:157)
	at com.kms.katalon.core.main.TestCaseMain$startTestSuite$0.call(Unknown Source)
	at TempTestSuite1556819216050.run(TempTestSuite1556819216050.groovy:35)
Caused by: org.openqa.selenium.ElementNotInteractableException: Element <option> could not be scrolled into view
Build info: version: '3.7.1', revision: '8a0099a', time: '2017-11-06T21:07:36.161Z'
System info: host: 'ALLISONCOTIGNOL', ip: '172.19.15.34', os.name: 'Windows 7', os.arch: 'amd64', os.version: '6.1', java.version: '1.8.0_181'
Driver info: com.kms.katalon.core.webui.driver.firefox.CGeckoDriver
Capabilities {acceptInsecureCerts: true, browserName: firefox, browserVersion: 66.0.3, javascriptEnabled: true, moz:accessibilityChecks: false, moz:geckodriverVersion: 0.24.0, moz:headless: false, moz:processID: 9876, moz:profile: C:\Users\Andres.Jaramillo\A..., moz:shutdownTimeout: 60000, moz:useNonSpecCompliantPointerOrigin: false, moz:webdriverClick: true, pageLoadStrategy: normal, platform: WINDOWS, platformName: WINDOWS, platformVersion: 6.1, proxy: Proxy(direct), rotatable: false, setWindowRect: true, strictFileInteractability: false, timeouts: {implicit: 0, pageLoad: 300000, script: 30000}, unhandledPromptBehavior: dismiss and notify}
Session ID: b059b700-8a86-4a47-813a-366e975fe19c
	at org.openqa.selenium.remote.http.W3CHttpResponseCodec.createException(W3CHttpResponseCodec.java:187)
	at org.openqa.selenium.remote.http.W3CHttpResponseCodec.decode(W3CHttpResponseCodec.java:122)
	at org.openqa.selenium.remote.http.W3CHttpResponseCodec.decode(W3CHttpResponseCodec.java:49)
	at org.openqa.selenium.remote.HttpCommandExecutor.execute(HttpCommandExecutor.java:164)
	at org.openqa.selenium.remote.service.DriverCommandExecutor.execute(DriverCommandExecutor.java:83)
	at org.openqa.selenium.remote.RemoteWebDriver.execute(RemoteWebDriver.java:600)
	at com.kms.katalon.selenium.driver.CFirefoxDriver.execute(CFirefoxDriver.java:28)
	at org.openqa.selenium.remote.RemoteWebElement.execute(RemoteWebElement.java:279)
	at org.openqa.selenium.remote.RemoteWebElement.click(RemoteWebElement.java:83)
	at org.openqa.selenium.support.ui.Select.setSelected(Select.java:324)
	at org.openqa.selenium.support.ui.Select.selectByVisibleText(Select.java:120)
	at com.kms.katalon.core.webui.common.WebUiCommonHelper.selectOrDeselectOptionsByLabel(WebUiCommonHelper.java:302)
	at com.kms.katalon.core.webui.keyword.builtin.SelectOptionByLabelKeyword$_selectOptionByLabel_closure1.doCall(SelectOptionByLabelKeyword.groovy:87)
	at com.kms.katalon.core.webui.keyword.builtin.SelectOptionByLabelKeyword$_selectOptionByLabel_closure1.call(SelectOptionByLabelKeyword.groovy)
	at com.kms.katalon.core.webui.keyword.internal.WebUIKeywordMain.runKeyword(WebUIKeywordMain.groovy:20)
	at com.kms.katalon.core.webui.keyword.builtin.SelectOptionByLabelKeyword.selectOptionByLabel(SelectOptionByLabelKeyword.groovy:98)
	at com.kms.katalon.core.webui.keyword.builtin.SelectOptionByLabelKeyword.execute(SelectOptionByLabelKeyword.groovy:71)
	at com.kms.katalon.core.keyword.internal.KeywordExecutor.executeKeywordForPlatform(KeywordExecutor.groovy:56)
	at com.kms.katalon.core.webui.keyword.WebUiBuiltInKeywords.selectOptionByLabel(WebUiBuiltInKeywords.groovy:1183)
	at com.kms.katalon.core.webui.keyword.WebUiBuiltInKeywords$selectOptionByLabel$6.call(Unknown Source)
	at Script1556809888858.run(Script1556809888858.groovy:68)
	... 13 more
)
	at com.kms.katalon.core.keyword.internal.KeywordMain.stepFailed(KeywordMain.groovy:37)
	at com.kms.katalon.core.webui.keyword.internal.WebUIKeywordMain.stepFailed(WebUIKeywordMain.groovy:64)
	at com.kms.katalon.core.webui.keyword.internal.WebUIKeywordMain.runKeyword(WebUIKeywordMain.groovy:26)
	at com.kms.katalon.core.webui.keyword.builtin.SelectOptionByLabelKeyword.selectOptionByLabel(SelectOptionByLabelKeyword.groovy:98)
	at com.kms.katalon.core.webui.keyword.builtin.SelectOptionByLabelKeyword.execute(SelectOptionByLabelKeyword.groovy:71)
	at com.kms.katalon.core.keyword.internal.KeywordExecutor.executeKeywordForPlatform(KeywordExecutor.groovy:56)
	at com.kms.katalon.core.webui.keyword.WebUiBuiltInKeywords.selectOptionByLabel(WebUiBuiltInKeywords.groovy:1183)
	at com.kms.katalon.core.webui.keyword.WebUiBuiltInKeywords$selectOptionByLabel$6.call(Unknown Source)
	at Booking03.run(Booking03:68)
	at com.kms.katalon.core.main.ScriptEngine.run(ScriptEngine.java:194)
	at com.kms.katalon.core.main.ScriptEngine.runScriptAsRawText(ScriptEngine.java:119)
	at com.kms.katalon.core.main.TestCaseExecutor.runScript(TestCaseExecutor.java:331)
	at com.kms.katalon.core.main.TestCaseExecutor.doExecute(TestCaseExecutor.java:322)
	at com.kms.katalon.core.main.TestCaseExecutor.processExecutionPhase(TestCaseExecutor.java:301)
	at com.kms.katalon.core.main.TestCaseExecutor.accessMainPhase(TestCaseExecutor.java:293)
	at com.kms.katalon.core.main.TestCaseExecutor.execute(TestCaseExecutor.java:227)
	at com.kms.katalon.core.main.TestSuiteExecutor.accessTestCaseMainPhase(TestSuiteExecutor.java:129)
	at com.kms.katalon.core.main.TestSuiteExecutor.accessTestSuiteMainPhase(TestSuiteExecutor.java:112)
	at com.kms.katalon.core.main.TestSuiteExecutor.execute(TestSuiteExecutor.java:81)
	at com.kms.katalon.core.main.TestCaseMain.startTestSuite(TestCaseMain.java:157)
	at com.kms.katalon.core.main.TestCaseMain$startTestSuite$0.call(Unknown Source)
	at TempTestSuite1556819216050.run(TempTestSuite1556819216050.groovy:35)
Caused by: com.kms.katalon.core.exception.StepFailedException: Unable to select option by label 'June' of object 'Object Repository/homepage/sel_date_month1' 
	... 21 more
Caused by: org.openqa.selenium.ElementNotInteractableException: Element <option> could not be scrolled into view
Build info: version: '3.7.1', revision: '8a0099a', time: '2017-11-06T21:07:36.161Z'
System info: host: 'ALLISONCOTIGNOL', ip: '172.19.15.34', os.name: 'Windows 7', os.arch: 'amd64', os.version: '6.1', java.version: '1.8.0_181'
Driver info: com.kms.katalon.core.webui.driver.firefox.CGeckoDriver
Capabilities {acceptInsecureCerts: true, browserName: firefox, browserVersion: 66.0.3, javascriptEnabled: true, moz:accessibilityChecks: false, moz:geckodriverVersion: 0.24.0, moz:headless: false, moz:processID: 9876, moz:profile: C:\Users\Andres.Jaramillo\A..., moz:shutdownTimeout: 60000, moz:useNonSpecCompliantPointerOrigin: false, moz:webdriverClick: true, pageLoadStrategy: normal, platform: WINDOWS, platformName: WINDOWS, platformVersion: 6.1, proxy: Proxy(direct), rotatable: false, setWindowRect: true, strictFileInteractability: false, timeouts: {implicit: 0, pageLoad: 300000, script: 30000}, unhandledPromptBehavior: dismiss and notify}
Session ID: b059b700-8a86-4a47-813a-366e975fe19c
	at org.openqa.selenium.remote.http.W3CHttpResponseCodec.createException(W3CHttpResponseCodec.java:187)
	at org.openqa.selenium.remote.http.W3CHttpResponseCodec.decode(W3CHttpResponseCodec.java:122)
	at org.openqa.selenium.remote.http.W3CHttpResponseCodec.decode(W3CHttpResponseCodec.java:49)
	at org.openqa.selenium.remote.HttpCommandExecutor.execute(HttpCommandExecutor.java:164)
	at org.openqa.selenium.remote.service.DriverCommandExecutor.execute(DriverCommandExecutor.java:83)
	at org.openqa.selenium.remote.RemoteWebDriver.execute(RemoteWebDriver.java:600)
	at com.kms.katalon.selenium.driver.CFirefoxDriver.execute(CFirefoxDriver.java:28)
	at org.openqa.selenium.remote.RemoteWebElement.execute(RemoteWebElement.java:279)
	at org.openqa.selenium.remote.RemoteWebElement.click(RemoteWebElement.java:83)
	at org.openqa.selenium.support.ui.Select.setSelected(Select.java:324)
	at org.openqa.selenium.support.ui.Select.selectByVisibleText(Select.java:120)
	at com.kms.katalon.core.webui.common.WebUiCommonHelper.selectOrDeselectOptionsByLabel(WebUiCommonHelper.java:302)
	at com.kms.katalon.core.webui.keyword.builtin.SelectOptionByLabelKeyword$_selectOptionByLabel_closure1.doCall(SelectOptionByLabelKeyword.groovy:87)
	at com.kms.katalon.core.webui.keyword.builtin.SelectOptionByLabelKeyword$_selectOptionByLabel_closure1.call(SelectOptionByLabelKeyword.groovy)
	at com.kms.katalon.core.webui.keyword.internal.WebUIKeywordMain.runKeyword(WebUIKeywordMain.groovy:20)
	at com.kms.katalon.core.webui.keyword.builtin.SelectOptionByLabelKeyword.selectOptionByLabel(SelectOptionByLabelKeyword.groovy:98)
	at com.kms.katalon.core.webui.keyword.builtin.SelectOptionByLabelKeyword.execute(SelectOptionByLabelKeyword.groovy:71)
	at com.kms.katalon.core.keyword.internal.KeywordExecutor.executeKeywordForPlatform(KeywordExecutor.groovy:56)
	at com.kms.katalon.core.webui.keyword.WebUiBuiltInKeywords.selectOptionByLabel(WebUiBuiltInKeywords.groovy:1183)
	at com.kms.katalon.core.webui.keyword.WebUiBuiltInKeywords$selectOptionByLabel$6.call(Unknown Source)
	at Script1556809888858.run(Script1556809888858.groovy:68)
	... 13 more


2019-05-02 13:47:23 - [TEST_STEP][PASSED] - openBrowser("https://bookit-qa6.com"): Browser is opened with url: 'https://bookit-qa6.com'

2019-05-02 13:47:23 - [MESSAGE][WARNING] - A browser is already opened. Closing browser and opening a new one

2019-05-02 13:47:26 - [MESSAGE][INFO] - Starting 'Firefox' driver

2019-05-02 13:47:35 - [MESSAGE][PASSED] - Browser is opened with url: 'https://bookit-qa6.com'

2019-05-02 13:47:35 - [TEST_STEP][PASSED] - click(findTestObject("homepage/flight_checkbox")): Object: 'Object Repository/homepage/flight_checkbox' is clicked on

2019-05-02 13:47:36 - [MESSAGE][PASSED] - Object: 'Object Repository/homepage/flight_checkbox' is clicked on

2019-05-02 13:47:36 - [TEST_STEP][PASSED] - setText(findTestObject("homepage/city_or_airport"), "cheese"): Text 'cheese' is set on object 'Object Repository/homepage/city_or_airport'

2019-05-02 13:47:37 - [MESSAGE][PASSED] - Text 'cheese' is set on object 'Object Repository/homepage/city_or_airport'

2019-05-02 13:47:37 - [TEST_STEP][PASSED] - delay(1): Delayed 1 second(s)

2019-05-02 13:47:38 - [MESSAGE][PASSED] - Delayed 1 second(s)

2019-05-02 13:47:38 - [TEST_STEP][PASSED] - click(findTestObject("homepage/div_Cheese City IL US")): Object: 'Object Repository/homepage/div_Cheese City IL US' is clicked on

2019-05-02 13:47:39 - [MESSAGE][PASSED] - Object: 'Object Repository/homepage/div_Cheese City IL US' is clicked on

2019-05-02 13:47:39 - [TEST_STEP][PASSED] - checkinId = getAttribute(findTestObject("homepage/checkin_date"), "id"): Attribute 'id' of object 'Object Repository/homepage/checkin_date' is: 'ember532-fd'

2019-05-02 13:47:39 - [MESSAGE][PASSED] - Attribute 'id' of object 'Object Repository/homepage/checkin_date' is: 'ember532-fd'

2019-05-02 13:47:39 - [TEST_STEP][PASSED] - checkoutId = getAttribute(findTestObject("homepage/checkout_date"), "id"): Attribute 'id' of object 'Object Repository/homepage/checkout_date' is: 'ember532-td'

2019-05-02 13:47:39 - [MESSAGE][PASSED] - Attribute 'id' of object 'Object Repository/homepage/checkout_date' is: 'ember532-td'

2019-05-02 13:47:39 - [TEST_STEP][PASSED] - iniDate = moIni + "/" + dayIni + "/" + yrIni: null

2019-05-02 13:47:39 - [TEST_STEP][PASSED] - myIniDate = "$('#" + checkinId + "').val('" + iniDate + "')": null

2019-05-02 13:47:39 - [TEST_STEP][PASSED] - endDate = moEnd + "/" + dayEnd + "/" + yrEnd: null

2019-05-02 13:47:39 - [TEST_STEP][PASSED] - myEndDate = "$('#" + checkoutId + "').val('" + endDate + "')": null

2019-05-02 13:47:39 - [TEST_STEP][PASSED] - strMoIni = bookitKeywords.commonFunctions.getMonthName(moIni): bookitKeywords.commonFunctions.getMonthName is PASSED

2019-05-02 13:47:39 - [MESSAGE][PASSED] - bookitKeywords.commonFunctions.getMonthName is PASSED

2019-05-02 13:47:39 - [TEST_STEP][PASSED] - strMoEnd = bookitKeywords.commonFunctions.getMonthName(moEnd): bookitKeywords.commonFunctions.getMonthName is PASSED

2019-05-02 13:47:39 - [MESSAGE][PASSED] - bookitKeywords.commonFunctions.getMonthName is PASSED

2019-05-02 13:47:39 - [TEST_STEP][PASSED] - dIni = Integer.parseInt(dayIni): null

2019-05-02 13:47:39 - [TEST_STEP][PASSED] - dEnd = Integer.parseInt(dayEnd): null

2019-05-02 13:47:39 - [TEST_STEP][PASSED] - println(dIni): null

2019-05-02 13:47:39 - [TEST_STEP][PASSED] - println(dEnd): null

2019-05-02 13:47:39 - [TEST_STEP][PASSED] - click(findTestObject("homepage/checkin_date")): Object: 'Object Repository/homepage/checkin_date' is clicked on

2019-05-02 13:47:40 - [MESSAGE][PASSED] - Object: 'Object Repository/homepage/checkin_date' is clicked on

2019-05-02 13:47:40 - [TEST_STEP][PASSED] - delay(1): Delayed 1 second(s)

2019-05-02 13:47:41 - [MESSAGE][PASSED] - Delayed 1 second(s)

2019-05-02 13:47:41 - [TEST_STEP][PASSED] - if (verifyElementPresent(findTestObject("homepage/sel_date_month1"), 1, CONTINUE_ON_FAILURE)): null

2019-05-02 13:47:41 - [MESSAGE][PASSED] - Object 'Object Repository/homepage/sel_date_month1' is present

2019-05-02 13:47:41 - [TEST_STEP][PASSED] - if (waitForElementClickable(findTestObject("homepage/sel_date_month1"), 1, CONTINUE_ON_FAILURE)): null

2019-05-02 13:47:41 - [MESSAGE][PASSED] - Object 'Object Repository/homepage/sel_date_month1' is clickable

2019-05-02 13:47:41 - [TEST_STEP][PASSED] - if (verifyOptionPresentByLabel(findTestObject("homepage/sel_date_month1"), strMoIni, false, 1, CONTINUE_ON_FAILURE)): Delayed 1 second(s)

2019-05-02 13:47:41 - [MESSAGE][PASSED] - 1 option(s) with label 'June' is/are present in object 'Object Repository/homepage/sel_date_month1' 

2019-05-02 13:47:41 - [TEST_STEP][FAILED] - selectOptionByLabel(findTestObject("homepage/sel_date_month1"), strMoIni, false, CONTINUE_ON_FAILURE): Unable to select option by label 'June' of object 'Object Repository/homepage/sel_date_month1'  (Root cause: com.kms.katalon.core.exception.StepFailedException: Unable to select option by label 'June' of object 'Object Repository/homepage/sel_date_month1' 
	at com.kms.katalon.core.webui.keyword.internal.WebUIKeywordMain.stepFailed(WebUIKeywordMain.groovy:64)
	at com.kms.katalon.core.webui.keyword.internal.WebUIKeywordMain.runKeyword(WebUIKeywordMain.groovy:26)
	at com.kms.katalon.core.webui.keyword.builtin.SelectOptionByLabelKeyword.selectOptionByLabel(SelectOptionByLabelKeyword.groovy:98)
	at com.kms.katalon.core.webui.keyword.builtin.SelectOptionByLabelKeyword.execute(SelectOptionByLabelKeyword.groovy:71)
	at com.kms.katalon.core.keyword.internal.KeywordExecutor.executeKeywordForPlatform(KeywordExecutor.groovy:56)
	at com.kms.katalon.core.webui.keyword.WebUiBuiltInKeywords.selectOptionByLabel(WebUiBuiltInKeywords.groovy:1183)
	at com.kms.katalon.core.webui.keyword.WebUiBuiltInKeywords$selectOptionByLabel$6.call(Unknown Source)
	at Booking03.run(Booking03:68)
	at com.kms.katalon.core.main.ScriptEngine.run(ScriptEngine.java:194)
	at com.kms.katalon.core.main.ScriptEngine.runScriptAsRawText(ScriptEngine.java:119)
	at com.kms.katalon.core.main.TestCaseExecutor.runScript(TestCaseExecutor.java:331)
	at com.kms.katalon.core.main.TestCaseExecutor.doExecute(TestCaseExecutor.java:322)
	at com.kms.katalon.core.main.TestCaseExecutor.processExecutionPhase(TestCaseExecutor.java:301)
	at com.kms.katalon.core.main.TestCaseExecutor.accessMainPhase(TestCaseExecutor.java:293)
	at com.kms.katalon.core.main.TestCaseExecutor.execute(TestCaseExecutor.java:227)
	at com.kms.katalon.core.main.TestSuiteExecutor.accessTestCaseMainPhase(TestSuiteExecutor.java:129)
	at com.kms.katalon.core.main.TestSuiteExecutor.accessTestSuiteMainPhase(TestSuiteExecutor.java:112)
	at com.kms.katalon.core.main.TestSuiteExecutor.execute(TestSuiteExecutor.java:81)
	at com.kms.katalon.core.main.TestCaseMain.startTestSuite(TestCaseMain.java:157)
	at com.kms.katalon.core.main.TestCaseMain$startTestSuite$0.call(Unknown Source)
	at TempTestSuite1556819216050.run(TempTestSuite1556819216050.groovy:35)
Caused by: org.openqa.selenium.ElementNotInteractableException: Element <option> could not be scrolled into view
Build info: version: '3.7.1', revision: '8a0099a', time: '2017-11-06T21:07:36.161Z'
System info: host: 'ALLISONCOTIGNOL', ip: '172.19.15.34', os.name: 'Windows 7', os.arch: 'amd64', os.version: '6.1', java.version: '1.8.0_181'
Driver info: com.kms.katalon.core.webui.driver.firefox.CGeckoDriver
Capabilities {acceptInsecureCerts: true, browserName: firefox, browserVersion: 66.0.3, javascriptEnabled: true, moz:accessibilityChecks: false, moz:geckodriverVersion: 0.24.0, moz:headless: false, moz:processID: 9876, moz:profile: C:\Users\Andres.Jaramillo\A..., moz:shutdownTimeout: 60000, moz:useNonSpecCompliantPointerOrigin: false, moz:webdriverClick: true, pageLoadStrategy: normal, platform: WINDOWS, platformName: WINDOWS, platformVersion: 6.1, proxy: Proxy(direct), rotatable: false, setWindowRect: true, strictFileInteractability: false, timeouts: {implicit: 0, pageLoad: 300000, script: 30000}, unhandledPromptBehavior: dismiss and notify}
Session ID: b059b700-8a86-4a47-813a-366e975fe19c
	at org.openqa.selenium.remote.http.W3CHttpResponseCodec.createException(W3CHttpResponseCodec.java:187)
	at org.openqa.selenium.remote.http.W3CHttpResponseCodec.decode(W3CHttpResponseCodec.java:122)
	at org.openqa.selenium.remote.http.W3CHttpResponseCodec.decode(W3CHttpResponseCodec.java:49)
	at org.openqa.selenium.remote.HttpCommandExecutor.execute(HttpCommandExecutor.java:164)
	at org.openqa.selenium.remote.service.DriverCommandExecutor.execute(DriverCommandExecutor.java:83)
	at org.openqa.selenium.remote.RemoteWebDriver.execute(RemoteWebDriver.java:600)
	at com.kms.katalon.selenium.driver.CFirefoxDriver.execute(CFirefoxDriver.java:28)
	at org.openqa.selenium.remote.RemoteWebElement.execute(RemoteWebElement.java:279)
	at org.openqa.selenium.remote.RemoteWebElement.click(RemoteWebElement.java:83)
	at org.openqa.selenium.support.ui.Select.setSelected(Select.java:324)
	at org.openqa.selenium.support.ui.Select.selectByVisibleText(Select.java:120)
	at com.kms.katalon.core.webui.common.WebUiCommonHelper.selectOrDeselectOptionsByLabel(WebUiCommonHelper.java:302)
	at com.kms.katalon.core.webui.keyword.builtin.SelectOptionByLabelKeyword$_selectOptionByLabel_closure1.doCall(SelectOptionByLabelKeyword.groovy:87)
	at com.kms.katalon.core.webui.keyword.builtin.SelectOptionByLabelKeyword$_selectOptionByLabel_closure1.call(SelectOptionByLabelKeyword.groovy)
	at com.kms.katalon.core.webui.keyword.internal.WebUIKeywordMain.runKeyword(WebUIKeywordMain.groovy:20)
	at com.kms.katalon.core.webui.keyword.builtin.SelectOptionByLabelKeyword.selectOptionByLabel(SelectOptionByLabelKeyword.groovy:98)
	at com.kms.katalon.core.webui.keyword.builtin.SelectOptionByLabelKeyword.execute(SelectOptionByLabelKeyword.groovy:71)
	at com.kms.katalon.core.keyword.internal.KeywordExecutor.executeKeywordForPlatform(KeywordExecutor.groovy:56)
	at com.kms.katalon.core.webui.keyword.WebUiBuiltInKeywords.selectOptionByLabel(WebUiBuiltInKeywords.groovy:1183)
	at com.kms.katalon.core.webui.keyword.WebUiBuiltInKeywords$selectOptionByLabel$6.call(Unknown Source)
	at Script1556809888858.run(Script1556809888858.groovy:68)
	... 13 more
)

2019-05-02 13:47:42 - [MESSAGE][FAILED] - Unable to select option by label 'June' of object 'Object Repository/homepage/sel_date_month1'  (Root cause: com.kms.katalon.core.exception.StepFailedException: Unable to select option by label 'June' of object 'Object Repository/homepage/sel_date_month1' 
	at com.kms.katalon.core.webui.keyword.internal.WebUIKeywordMain.stepFailed(WebUIKeywordMain.groovy:64)
	at com.kms.katalon.core.webui.keyword.internal.WebUIKeywordMain.runKeyword(WebUIKeywordMain.groovy:26)
	at com.kms.katalon.core.webui.keyword.builtin.SelectOptionByLabelKeyword.selectOptionByLabel(SelectOptionByLabelKeyword.groovy:98)
	at com.kms.katalon.core.webui.keyword.builtin.SelectOptionByLabelKeyword.execute(SelectOptionByLabelKeyword.groovy:71)
	at com.kms.katalon.core.keyword.internal.KeywordExecutor.executeKeywordForPlatform(KeywordExecutor.groovy:56)
	at com.kms.katalon.core.webui.keyword.WebUiBuiltInKeywords.selectOptionByLabel(WebUiBuiltInKeywords.groovy:1183)
	at com.kms.katalon.core.webui.keyword.WebUiBuiltInKeywords$selectOptionByLabel$6.call(Unknown Source)
	at Booking03.run(Booking03:68)
	at com.kms.katalon.core.main.ScriptEngine.run(ScriptEngine.java:194)
	at com.kms.katalon.core.main.ScriptEngine.runScriptAsRawText(ScriptEngine.java:119)
	at com.kms.katalon.core.main.TestCaseExecutor.runScript(TestCaseExecutor.java:331)
	at com.kms.katalon.core.main.TestCaseExecutor.doExecute(TestCaseExecutor.java:322)
	at com.kms.katalon.core.main.TestCaseExecutor.processExecutionPhase(TestCaseExecutor.java:301)
	at com.kms.katalon.core.main.TestCaseExecutor.accessMainPhase(TestCaseExecutor.java:293)
	at com.kms.katalon.core.main.TestCaseExecutor.execute(TestCaseExecutor.java:227)
	at com.kms.katalon.core.main.TestSuiteExecutor.accessTestCaseMainPhase(TestSuiteExecutor.java:129)
	at com.kms.katalon.core.main.TestSuiteExecutor.accessTestSuiteMainPhase(TestSuiteExecutor.java:112)
	at com.kms.katalon.core.main.TestSuiteExecutor.execute(TestSuiteExecutor.java:81)
	at com.kms.katalon.core.main.TestCaseMain.startTestSuite(TestCaseMain.java:157)
	at com.kms.katalon.core.main.TestCaseMain$startTestSuite$0.call(Unknown Source)
	at TempTestSuite1556819216050.run(TempTestSuite1556819216050.groovy:35)
Caused by: org.openqa.selenium.ElementNotInteractableException: Element <option> could not be scrolled into view
Build info: version: '3.7.1', revision: '8a0099a', time: '2017-11-06T21:07:36.161Z'
System info: host: 'ALLISONCOTIGNOL', ip: '172.19.15.34', os.name: 'Windows 7', os.arch: 'amd64', os.version: '6.1', java.version: '1.8.0_181'
Driver info: com.kms.katalon.core.webui.driver.firefox.CGeckoDriver
Capabilities {acceptInsecureCerts: true, browserName: firefox, browserVersion: 66.0.3, javascriptEnabled: true, moz:accessibilityChecks: false, moz:geckodriverVersion: 0.24.0, moz:headless: false, moz:processID: 9876, moz:profile: C:\Users\Andres.Jaramillo\A..., moz:shutdownTimeout: 60000, moz:useNonSpecCompliantPointerOrigin: false, moz:webdriverClick: true, pageLoadStrategy: normal, platform: WINDOWS, platformName: WINDOWS, platformVersion: 6.1, proxy: Proxy(direct), rotatable: false, setWindowRect: true, strictFileInteractability: false, timeouts: {implicit: 0, pageLoad: 300000, script: 30000}, unhandledPromptBehavior: dismiss and notify}
Session ID: b059b700-8a86-4a47-813a-366e975fe19c
	at org.openqa.selenium.remote.http.W3CHttpResponseCodec.createException(W3CHttpResponseCodec.java:187)
	at org.openqa.selenium.remote.http.W3CHttpResponseCodec.decode(W3CHttpResponseCodec.java:122)
	at org.openqa.selenium.remote.http.W3CHttpResponseCodec.decode(W3CHttpResponseCodec.java:49)
	at org.openqa.selenium.remote.HttpCommandExecutor.execute(HttpCommandExecutor.java:164)
	at org.openqa.selenium.remote.service.DriverCommandExecutor.execute(DriverCommandExecutor.java:83)
	at org.openqa.selenium.remote.RemoteWebDriver.execute(RemoteWebDriver.java:600)
	at com.kms.katalon.selenium.driver.CFirefoxDriver.execute(CFirefoxDriver.java:28)
	at org.openqa.selenium.remote.RemoteWebElement.execute(RemoteWebElement.java:279)
	at org.openqa.selenium.remote.RemoteWebElement.click(RemoteWebElement.java:83)
	at org.openqa.selenium.support.ui.Select.setSelected(Select.java:324)
	at org.openqa.selenium.support.ui.Select.selectByVisibleText(Select.java:120)
	at com.kms.katalon.core.webui.common.WebUiCommonHelper.selectOrDeselectOptionsByLabel(WebUiCommonHelper.java:302)
	at com.kms.katalon.core.webui.keyword.builtin.SelectOptionByLabelKeyword$_selectOptionByLabel_closure1.doCall(SelectOptionByLabelKeyword.groovy:87)
	at com.kms.katalon.core.webui.keyword.builtin.SelectOptionByLabelKeyword$_selectOptionByLabel_closure1.call(SelectOptionByLabelKeyword.groovy)
	at com.kms.katalon.core.webui.keyword.internal.WebUIKeywordMain.runKeyword(WebUIKeywordMain.groovy:20)
	at com.kms.katalon.core.webui.keyword.builtin.SelectOptionByLabelKeyword.selectOptionByLabel(SelectOptionByLabelKeyword.groovy:98)
	at com.kms.katalon.core.webui.keyword.builtin.SelectOptionByLabelKeyword.execute(SelectOptionByLabelKeyword.groovy:71)
	at com.kms.katalon.core.keyword.internal.KeywordExecutor.executeKeywordForPlatform(KeywordExecutor.groovy:56)
	at com.kms.katalon.core.webui.keyword.WebUiBuiltInKeywords.selectOptionByLabel(WebUiBuiltInKeywords.groovy:1183)
	at com.kms.katalon.core.webui.keyword.WebUiBuiltInKeywords$selectOptionByLabel$6.call(Unknown Source)
	at Script1556809888858.run(Script1556809888858.groovy:68)
	... 13 more
)
[[ATTACHMENT|C:\\Users\\Andres.Jaramillo\\git\\bookit-bookingtests-katalon\\Reports\\TestSuiteForBookit2\\20190502_134656\\1556819261668.png]]

2019-05-02 13:47:42 - [TEST_STEP][PASSED] - delay(1): Delayed 1 second(s)

2019-05-02 13:47:43 - [MESSAGE][PASSED] - Delayed 1 second(s)

2019-05-02 13:47:43 - [TEST_STEP][PASSED] - if (verifyElementPresent(findTestObject("homepage/sel_date_year1"), 1, CONTINUE_ON_FAILURE)): null

2019-05-02 13:47:43 - [MESSAGE][PASSED] - Object 'Object Repository/homepage/sel_date_year1' is present

2019-05-02 13:47:43 - [TEST_STEP][PASSED] - if (waitForElementClickable(findTestObject("homepage/sel_date_year1"), 1, CONTINUE_ON_FAILURE)): null

2019-05-02 13:47:43 - [MESSAGE][PASSED] - Object 'Object Repository/homepage/sel_date_year1' is clickable

2019-05-02 13:47:43 - [TEST_STEP][PASSED] - if (verifyOptionPresentByLabel(findTestObject("homepage/sel_date_year1"), yrIni, false, 1, CONTINUE_ON_FAILURE)): Delayed 1 second(s)

2019-05-02 13:47:43 - [MESSAGE][PASSED] - 1 option(s) with label '2019' is/are present in object 'Object Repository/homepage/sel_date_year1' 

2019-05-02 13:47:43 - [TEST_STEP][PASSED] - selectOptionByLabel(findTestObject("homepage/sel_date_year1"), yrIni, false, CONTINUE_ON_FAILURE): All options with label '2019' are selected in object 'Object Repository/homepage/sel_date_year1' 

2019-05-02 13:47:43 - [MESSAGE][PASSED] - All options with label '2019' are selected in object 'Object Repository/homepage/sel_date_year1' 

2019-05-02 13:47:43 - [TEST_STEP][PASSED] - delay(1): Delayed 1 second(s)

2019-05-02 13:47:44 - [MESSAGE][PASSED] - Delayed 1 second(s)

2019-05-02 13:47:44 - [TEST_STEP][PASSED] - dynxpath = "//div[contains(@class, 'pika-single') and contains(@class, 'is-bound') and not(contains(@class, 'is-hidden'))]/div[@class='pika-lendar'][1]/table[@class='pika-table']/tbody/tr/td/button[count(. | //*[@type = 'button' and @data-pika-day = '" + dIni + "']) = count(//*[@type = 'button' and @data-pika-day = '" + dIni + "'])]": null

2019-05-02 13:47:44 - [TEST_STEP][PASSED] - to = new com.kms.katalon.core.testobject.TestObject(eldia): null

2019-05-02 13:47:44 - [TEST_STEP][PASSED] - to.addProperty("xpath", EQUALS, dynxpath): null

2019-05-02 13:47:44 - [TEST_STEP][PASSED] - click(to): Object: 'eldia' is clicked on

2019-05-02 13:47:45 - [MESSAGE][PASSED] - Object: 'eldia' is clicked on

2019-05-02 13:47:45 - [TEST_STEP][PASSED] - click(findTestObject("homepage/checkout_date")): Object: 'Object Repository/homepage/checkout_date' is clicked on

2019-05-02 13:47:45 - [MESSAGE][PASSED] - Object: 'Object Repository/homepage/checkout_date' is clicked on

2019-05-02 13:47:45 - [TEST_STEP][PASSED] - delay(1): Delayed 1 second(s)

2019-05-02 13:47:46 - [MESSAGE][PASSED] - Delayed 1 second(s)

2019-05-02 13:47:46 - [TEST_STEP][PASSED] - if (verifyElementPresent(findTestObject("homepage/sel_date_month2"), 1, CONTINUE_ON_FAILURE)): null

2019-05-02 13:47:46 - [MESSAGE][PASSED] - Object 'Object Repository/homepage/sel_date_month2' is present

2019-05-02 13:47:46 - [TEST_STEP][PASSED] - if (waitForElementClickable(findTestObject("homepage/sel_date_month2"), 1, CONTINUE_ON_FAILURE)): null

2019-05-02 13:47:46 - [MESSAGE][PASSED] - Object 'Object Repository/homepage/sel_date_month2' is clickable

2019-05-02 13:47:46 - [TEST_STEP][PASSED] - if (verifyOptionPresentByLabel(findTestObject("homepage/sel_date_month2"), strMoEnd, false, 1, CONTINUE_ON_FAILURE)): Delayed 1 second(s)

2019-05-02 13:47:46 - [MESSAGE][PASSED] - 1 option(s) with label 'June' is/are present in object 'Object Repository/homepage/sel_date_month2' 

2019-05-02 13:47:46 - [TEST_STEP][FAILED] - selectOptionByLabel(findTestObject("homepage/sel_date_month2"), strMoEnd, false, CONTINUE_ON_FAILURE): Unable to select option by label 'June' of object 'Object Repository/homepage/sel_date_month2'  (Root cause: com.kms.katalon.core.exception.StepFailedException: Unable to select option by label 'June' of object 'Object Repository/homepage/sel_date_month2' 
	at com.kms.katalon.core.webui.keyword.internal.WebUIKeywordMain.stepFailed(WebUIKeywordMain.groovy:64)
	at com.kms.katalon.core.webui.keyword.internal.WebUIKeywordMain.runKeyword(WebUIKeywordMain.groovy:26)
	at com.kms.katalon.core.webui.keyword.builtin.SelectOptionByLabelKeyword.selectOptionByLabel(SelectOptionByLabelKeyword.groovy:98)
	at com.kms.katalon.core.webui.keyword.builtin.SelectOptionByLabelKeyword.execute(SelectOptionByLabelKeyword.groovy:71)
	at com.kms.katalon.core.keyword.internal.KeywordExecutor.executeKeywordForPlatform(KeywordExecutor.groovy:56)
	at com.kms.katalon.core.webui.keyword.WebUiBuiltInKeywords.selectOptionByLabel(WebUiBuiltInKeywords.groovy:1183)
	at com.kms.katalon.core.webui.keyword.WebUiBuiltInKeywords$selectOptionByLabel$6.call(Unknown Source)
	at Booking03.run(Booking03:105)
	at com.kms.katalon.core.main.ScriptEngine.run(ScriptEngine.java:194)
	at com.kms.katalon.core.main.ScriptEngine.runScriptAsRawText(ScriptEngine.java:119)
	at com.kms.katalon.core.main.TestCaseExecutor.runScript(TestCaseExecutor.java:331)
	at com.kms.katalon.core.main.TestCaseExecutor.doExecute(TestCaseExecutor.java:322)
	at com.kms.katalon.core.main.TestCaseExecutor.processExecutionPhase(TestCaseExecutor.java:301)
	at com.kms.katalon.core.main.TestCaseExecutor.accessMainPhase(TestCaseExecutor.java:293)
	at com.kms.katalon.core.main.TestCaseExecutor.execute(TestCaseExecutor.java:227)
	at com.kms.katalon.core.main.TestSuiteExecutor.accessTestCaseMainPhase(TestSuiteExecutor.java:129)
	at com.kms.katalon.core.main.TestSuiteExecutor.accessTestSuiteMainPhase(TestSuiteExecutor.java:112)
	at com.kms.katalon.core.main.TestSuiteExecutor.execute(TestSuiteExecutor.java:81)
	at com.kms.katalon.core.main.TestCaseMain.startTestSuite(TestCaseMain.java:157)
	at com.kms.katalon.core.main.TestCaseMain$startTestSuite$0.call(Unknown Source)
	at TempTestSuite1556819216050.run(TempTestSuite1556819216050.groovy:35)
Caused by: org.openqa.selenium.ElementNotInteractableException: Element <option> could not be scrolled into view
Build info: version: '3.7.1', revision: '8a0099a', time: '2017-11-06T21:07:36.161Z'
System info: host: 'ALLISONCOTIGNOL', ip: '172.19.15.34', os.name: 'Windows 7', os.arch: 'amd64', os.version: '6.1', java.version: '1.8.0_181'
Driver info: com.kms.katalon.core.webui.driver.firefox.CGeckoDriver
Capabilities {acceptInsecureCerts: true, browserName: firefox, browserVersion: 66.0.3, javascriptEnabled: true, moz:accessibilityChecks: false, moz:geckodriverVersion: 0.24.0, moz:headless: false, moz:processID: 9876, moz:profile: C:\Users\Andres.Jaramillo\A..., moz:shutdownTimeout: 60000, moz:useNonSpecCompliantPointerOrigin: false, moz:webdriverClick: true, pageLoadStrategy: normal, platform: WINDOWS, platformName: WINDOWS, platformVersion: 6.1, proxy: Proxy(direct), rotatable: false, setWindowRect: true, strictFileInteractability: false, timeouts: {implicit: 0, pageLoad: 300000, script: 30000}, unhandledPromptBehavior: dismiss and notify}
Session ID: b059b700-8a86-4a47-813a-366e975fe19c
	at org.openqa.selenium.remote.http.W3CHttpResponseCodec.createException(W3CHttpResponseCodec.java:187)
	at org.openqa.selenium.remote.http.W3CHttpResponseCodec.decode(W3CHttpResponseCodec.java:122)
	at org.openqa.selenium.remote.http.W3CHttpResponseCodec.decode(W3CHttpResponseCodec.java:49)
	at org.openqa.selenium.remote.HttpCommandExecutor.execute(HttpCommandExecutor.java:164)
	at org.openqa.selenium.remote.service.DriverCommandExecutor.execute(DriverCommandExecutor.java:83)
	at org.openqa.selenium.remote.RemoteWebDriver.execute(RemoteWebDriver.java:600)
	at com.kms.katalon.selenium.driver.CFirefoxDriver.execute(CFirefoxDriver.java:28)
	at org.openqa.selenium.remote.RemoteWebElement.execute(RemoteWebElement.java:279)
	at org.openqa.selenium.remote.RemoteWebElement.click(RemoteWebElement.java:83)
	at org.openqa.selenium.support.ui.Select.setSelected(Select.java:324)
	at org.openqa.selenium.support.ui.Select.selectByVisibleText(Select.java:120)
	at com.kms.katalon.core.webui.common.WebUiCommonHelper.selectOrDeselectOptionsByLabel(WebUiCommonHelper.java:302)
	at com.kms.katalon.core.webui.keyword.builtin.SelectOptionByLabelKeyword$_selectOptionByLabel_closure1.doCall(SelectOptionByLabelKeyword.groovy:87)
	at com.kms.katalon.core.webui.keyword.builtin.SelectOptionByLabelKeyword$_selectOptionByLabel_closure1.call(SelectOptionByLabelKeyword.groovy)
	at com.kms.katalon.core.webui.keyword.internal.WebUIKeywordMain.runKeyword(WebUIKeywordMain.groovy:20)
	at com.kms.katalon.core.webui.keyword.builtin.SelectOptionByLabelKeyword.selectOptionByLabel(SelectOptionByLabelKeyword.groovy:98)
	at com.kms.katalon.core.webui.keyword.builtin.SelectOptionByLabelKeyword.execute(SelectOptionByLabelKeyword.groovy:71)
	at com.kms.katalon.core.keyword.internal.KeywordExecutor.executeKeywordForPlatform(KeywordExecutor.groovy:56)
	at com.kms.katalon.core.webui.keyword.WebUiBuiltInKeywords.selectOptionByLabel(WebUiBuiltInKeywords.groovy:1183)
	at com.kms.katalon.core.webui.keyword.WebUiBuiltInKeywords$selectOptionByLabel$6.call(Unknown Source)
	at Script1556809888858.run(Script1556809888858.groovy:105)
	... 13 more
)

2019-05-02 13:47:47 - [MESSAGE][FAILED] - Unable to select option by label 'June' of object 'Object Repository/homepage/sel_date_month2'  (Root cause: com.kms.katalon.core.exception.StepFailedException: Unable to select option by label 'June' of object 'Object Repository/homepage/sel_date_month2' 
	at com.kms.katalon.core.webui.keyword.internal.WebUIKeywordMain.stepFailed(WebUIKeywordMain.groovy:64)
	at com.kms.katalon.core.webui.keyword.internal.WebUIKeywordMain.runKeyword(WebUIKeywordMain.groovy:26)
	at com.kms.katalon.core.webui.keyword.builtin.SelectOptionByLabelKeyword.selectOptionByLabel(SelectOptionByLabelKeyword.groovy:98)
	at com.kms.katalon.core.webui.keyword.builtin.SelectOptionByLabelKeyword.execute(SelectOptionByLabelKeyword.groovy:71)
	at com.kms.katalon.core.keyword.internal.KeywordExecutor.executeKeywordForPlatform(KeywordExecutor.groovy:56)
	at com.kms.katalon.core.webui.keyword.WebUiBuiltInKeywords.selectOptionByLabel(WebUiBuiltInKeywords.groovy:1183)
	at com.kms.katalon.core.webui.keyword.WebUiBuiltInKeywords$selectOptionByLabel$6.call(Unknown Source)
	at Booking03.run(Booking03:105)
	at com.kms.katalon.core.main.ScriptEngine.run(ScriptEngine.java:194)
	at com.kms.katalon.core.main.ScriptEngine.runScriptAsRawText(ScriptEngine.java:119)
	at com.kms.katalon.core.main.TestCaseExecutor.runScript(TestCaseExecutor.java:331)
	at com.kms.katalon.core.main.TestCaseExecutor.doExecute(TestCaseExecutor.java:322)
	at com.kms.katalon.core.main.TestCaseExecutor.processExecutionPhase(TestCaseExecutor.java:301)
	at com.kms.katalon.core.main.TestCaseExecutor.accessMainPhase(TestCaseExecutor.java:293)
	at com.kms.katalon.core.main.TestCaseExecutor.execute(TestCaseExecutor.java:227)
	at com.kms.katalon.core.main.TestSuiteExecutor.accessTestCaseMainPhase(TestSuiteExecutor.java:129)
	at com.kms.katalon.core.main.TestSuiteExecutor.accessTestSuiteMainPhase(TestSuiteExecutor.java:112)
	at com.kms.katalon.core.main.TestSuiteExecutor.execute(TestSuiteExecutor.java:81)
	at com.kms.katalon.core.main.TestCaseMain.startTestSuite(TestCaseMain.java:157)
	at com.kms.katalon.core.main.TestCaseMain$startTestSuite$0.call(Unknown Source)
	at TempTestSuite1556819216050.run(TempTestSuite1556819216050.groovy:35)
Caused by: org.openqa.selenium.ElementNotInteractableException: Element <option> could not be scrolled into view
Build info: version: '3.7.1', revision: '8a0099a', time: '2017-11-06T21:07:36.161Z'
System info: host: 'ALLISONCOTIGNOL', ip: '172.19.15.34', os.name: 'Windows 7', os.arch: 'amd64', os.version: '6.1', java.version: '1.8.0_181'
Driver info: com.kms.katalon.core.webui.driver.firefox.CGeckoDriver
Capabilities {acceptInsecureCerts: true, browserName: firefox, browserVersion: 66.0.3, javascriptEnabled: true, moz:accessibilityChecks: false, moz:geckodriverVersion: 0.24.0, moz:headless: false, moz:processID: 9876, moz:profile: C:\Users\Andres.Jaramillo\A..., moz:shutdownTimeout: 60000, moz:useNonSpecCompliantPointerOrigin: false, moz:webdriverClick: true, pageLoadStrategy: normal, platform: WINDOWS, platformName: WINDOWS, platformVersion: 6.1, proxy: Proxy(direct), rotatable: false, setWindowRect: true, strictFileInteractability: false, timeouts: {implicit: 0, pageLoad: 300000, script: 30000}, unhandledPromptBehavior: dismiss and notify}
Session ID: b059b700-8a86-4a47-813a-366e975fe19c
	at org.openqa.selenium.remote.http.W3CHttpResponseCodec.createException(W3CHttpResponseCodec.java:187)
	at org.openqa.selenium.remote.http.W3CHttpResponseCodec.decode(W3CHttpResponseCodec.java:122)
	at org.openqa.selenium.remote.http.W3CHttpResponseCodec.decode(W3CHttpResponseCodec.java:49)
	at org.openqa.selenium.remote.HttpCommandExecutor.execute(HttpCommandExecutor.java:164)
	at org.openqa.selenium.remote.service.DriverCommandExecutor.execute(DriverCommandExecutor.java:83)
	at org.openqa.selenium.remote.RemoteWebDriver.execute(RemoteWebDriver.java:600)
	at com.kms.katalon.selenium.driver.CFirefoxDriver.execute(CFirefoxDriver.java:28)
	at org.openqa.selenium.remote.RemoteWebElement.execute(RemoteWebElement.java:279)
	at org.openqa.selenium.remote.RemoteWebElement.click(RemoteWebElement.java:83)
	at org.openqa.selenium.support.ui.Select.setSelected(Select.java:324)
	at org.openqa.selenium.support.ui.Select.selectByVisibleText(Select.java:120)
	at com.kms.katalon.core.webui.common.WebUiCommonHelper.selectOrDeselectOptionsByLabel(WebUiCommonHelper.java:302)
	at com.kms.katalon.core.webui.keyword.builtin.SelectOptionByLabelKeyword$_selectOptionByLabel_closure1.doCall(SelectOptionByLabelKeyword.groovy:87)
	at com.kms.katalon.core.webui.keyword.builtin.SelectOptionByLabelKeyword$_selectOptionByLabel_closure1.call(SelectOptionByLabelKeyword.groovy)
	at com.kms.katalon.core.webui.keyword.internal.WebUIKeywordMain.runKeyword(WebUIKeywordMain.groovy:20)
	at com.kms.katalon.core.webui.keyword.builtin.SelectOptionByLabelKeyword.selectOptionByLabel(SelectOptionByLabelKeyword.groovy:98)
	at com.kms.katalon.core.webui.keyword.builtin.SelectOptionByLabelKeyword.execute(SelectOptionByLabelKeyword.groovy:71)
	at com.kms.katalon.core.keyword.internal.KeywordExecutor.executeKeywordForPlatform(KeywordExecutor.groovy:56)
	at com.kms.katalon.core.webui.keyword.WebUiBuiltInKeywords.selectOptionByLabel(WebUiBuiltInKeywords.groovy:1183)
	at com.kms.katalon.core.webui.keyword.WebUiBuiltInKeywords$selectOptionByLabel$6.call(Unknown Source)
	at Script1556809888858.run(Script1556809888858.groovy:105)
	... 13 more
)
[[ATTACHMENT|C:\\Users\\Andres.Jaramillo\\git\\bookit-bookingtests-katalon\\Reports\\TestSuiteForBookit2\\20190502_134656\\1556819266765.png]]

2019-05-02 13:47:47 - [TEST_STEP][PASSED] - delay(1): Delayed 1 second(s)

2019-05-02 13:47:48 - [MESSAGE][PASSED] - Delayed 1 second(s)

2019-05-02 13:47:48 - [TEST_STEP][PASSED] - if (verifyElementPresent(findTestObject("homepage/sel_date_year2"), 1, CONTINUE_ON_FAILURE)): null

2019-05-02 13:47:48 - [MESSAGE][PASSED] - Object 'Object Repository/homepage/sel_date_year2' is present

2019-05-02 13:47:48 - [TEST_STEP][PASSED] - if (waitForElementClickable(findTestObject("homepage/sel_date_year2"), 1, CONTINUE_ON_FAILURE)): null

2019-05-02 13:47:48 - [MESSAGE][PASSED] - Object 'Object Repository/homepage/sel_date_year2' is clickable

2019-05-02 13:47:48 - [TEST_STEP][PASSED] - if (verifyOptionPresentByLabel(findTestObject("homepage/sel_date_year2"), yrEnd, false, 1, CONTINUE_ON_FAILURE)): Delayed 1 second(s)

2019-05-02 13:47:48 - [MESSAGE][PASSED] - 1 option(s) with label '2019' is/are present in object 'Object Repository/homepage/sel_date_year2' 

2019-05-02 13:47:48 - [TEST_STEP][PASSED] - selectOptionByLabel(findTestObject("homepage/sel_date_year2"), yrEnd, false, CONTINUE_ON_FAILURE): All options with label '2019' are selected in object 'Object Repository/homepage/sel_date_year2' 

2019-05-02 13:47:48 - [MESSAGE][PASSED] - All options with label '2019' are selected in object 'Object Repository/homepage/sel_date_year2' 

2019-05-02 13:47:48 - [TEST_STEP][PASSED] - delay(1): Delayed 1 second(s)

2019-05-02 13:47:49 - [MESSAGE][PASSED] - Delayed 1 second(s)

2019-05-02 13:47:49 - [TEST_STEP][PASSED] - dynxpath2 = "//div[contains(@class, 'pika-single') and contains(@class, 'is-bound') and not(contains(@class, 'is-hidden'))]/div[@class='pika-lendar'][1]/table[@class='pika-table']/tbody/tr/td/button[count(. | //*[@type = 'button' and @data-pika-day = '" + dEnd + "']) = count(//*[@type = 'button' and @data-pika-day = '" + dEnd + "'])]": null

2019-05-02 13:47:49 - [TEST_STEP][PASSED] - to2 = new com.kms.katalon.core.testobject.TestObject(eldia2): null

2019-05-02 13:47:49 - [TEST_STEP][PASSED] - to2.addProperty("xpath", EQUALS, dynxpath2): null

2019-05-02 13:47:49 - [TEST_STEP][PASSED] - click(to2): Object: 'eldia2' is clicked on

2019-05-02 13:47:50 - [MESSAGE][PASSED] - Object: 'eldia2' is clicked on

2019-05-02 13:47:50 - [TEST_STEP][PASSED] - selectOptionByValue(findTestObject("homepage/select_rooms"), numRooms, false, CONTINUE_ON_FAILURE): All options with value '1' are selected in object 'Object Repository/homepage/select_rooms' 

2019-05-02 13:47:50 - [MESSAGE][PASSED] - All options with value '1' are selected in object 'Object Repository/homepage/select_rooms' 

2019-05-02 13:47:50 - [TEST_STEP][PASSED] - delay(5): Delayed 5 second(s)

2019-05-02 13:47:55 - [MESSAGE][PASSED] - Delayed 5 second(s)

2019-05-02 13:47:55 - [TEST_STEP][FAILED] - closeBrowser(): closeBrowser() FAILED.
Reason:
com.kms.katalon.core.exception.StepFailedException: Unable to select option by label 'June' of object 'Object Repository/homepage/sel_date_month1'  (Root cause: com.kms.katalon.core.exception.StepFailedException: Unable to select option by label 'June' of object 'Object Repository/homepage/sel_date_month1' 
	at com.kms.katalon.core.webui.keyword.internal.WebUIKeywordMain.stepFailed(WebUIKeywordMain.groovy:64)
	at com.kms.katalon.core.webui.keyword.internal.WebUIKeywordMain.runKeyword(WebUIKeywordMain.groovy:26)
	at com.kms.katalon.core.webui.keyword.builtin.SelectOptionByLabelKeyword.selectOptionByLabel(SelectOptionByLabelKeyword.groovy:98)
	at com.kms.katalon.core.webui.keyword.builtin.SelectOptionByLabelKeyword.execute(SelectOptionByLabelKeyword.groovy:71)
	at com.kms.katalon.core.keyword.internal.KeywordExecutor.executeKeywordForPlatform(KeywordExecutor.groovy:56)
	at com.kms.katalon.core.webui.keyword.WebUiBuiltInKeywords.selectOptionByLabel(WebUiBuiltInKeywords.groovy:1183)
	at com.kms.katalon.core.webui.keyword.WebUiBuiltInKeywords$selectOptionByLabel$6.call(Unknown Source)
	at Booking03.run(Booking03:68)
	at com.kms.katalon.core.main.ScriptEngine.run(ScriptEngine.java:194)
	at com.kms.katalon.core.main.ScriptEngine.runScriptAsRawText(ScriptEngine.java:119)
	at com.kms.katalon.core.main.TestCaseExecutor.runScript(TestCaseExecutor.java:331)
	at com.kms.katalon.core.main.TestCaseExecutor.doExecute(TestCaseExecutor.java:322)
	at com.kms.katalon.core.main.TestCaseExecutor.processExecutionPhase(TestCaseExecutor.java:301)
	at com.kms.katalon.core.main.TestCaseExecutor.accessMainPhase(TestCaseExecutor.java:293)
	at com.kms.katalon.core.main.TestCaseExecutor.execute(TestCaseExecutor.java:227)
	at com.kms.katalon.core.main.TestSuiteExecutor.accessTestCaseMainPhase(TestSuiteExecutor.java:129)
	at com.kms.katalon.core.main.TestSuiteExecutor.accessTestSuiteMainPhase(TestSuiteExecutor.java:112)
	at com.kms.katalon.core.main.TestSuiteExecutor.execute(TestSuiteExecutor.java:81)
	at com.kms.katalon.core.main.TestCaseMain.startTestSuite(TestCaseMain.java:157)
	at com.kms.katalon.core.main.TestCaseMain$startTestSuite$0.call(Unknown Source)
	at TempTestSuite1556819216050.run(TempTestSuite1556819216050.groovy:35)
Caused by: org.openqa.selenium.ElementNotInteractableException: Element <option> could not be scrolled into view
Build info: version: '3.7.1', revision: '8a0099a', time: '2017-11-06T21:07:36.161Z'
System info: host: 'ALLISONCOTIGNOL', ip: '172.19.15.34', os.name: 'Windows 7', os.arch: 'amd64', os.version: '6.1', java.version: '1.8.0_181'
Driver info: com.kms.katalon.core.webui.driver.firefox.CGeckoDriver
Capabilities {acceptInsecureCerts: true, browserName: firefox, browserVersion: 66.0.3, javascriptEnabled: true, moz:accessibilityChecks: false, moz:geckodriverVersion: 0.24.0, moz:headless: false, moz:processID: 9876, moz:profile: C:\Users\Andres.Jaramillo\A..., moz:shutdownTimeout: 60000, moz:useNonSpecCompliantPointerOrigin: false, moz:webdriverClick: true, pageLoadStrategy: normal, platform: WINDOWS, platformName: WINDOWS, platformVersion: 6.1, proxy: Proxy(direct), rotatable: false, setWindowRect: true, strictFileInteractability: false, timeouts: {implicit: 0, pageLoad: 300000, script: 30000}, unhandledPromptBehavior: dismiss and notify}
Session ID: b059b700-8a86-4a47-813a-366e975fe19c
	at org.openqa.selenium.remote.http.W3CHttpResponseCodec.createException(W3CHttpResponseCodec.java:187)
	at org.openqa.selenium.remote.http.W3CHttpResponseCodec.decode(W3CHttpResponseCodec.java:122)
	at org.openqa.selenium.remote.http.W3CHttpResponseCodec.decode(W3CHttpResponseCodec.java:49)
	at org.openqa.selenium.remote.HttpCommandExecutor.execute(HttpCommandExecutor.java:164)
	at org.openqa.selenium.remote.service.DriverCommandExecutor.execute(DriverCommandExecutor.java:83)
	at org.openqa.selenium.remote.RemoteWebDriver.execute(RemoteWebDriver.java:600)
	at com.kms.katalon.selenium.driver.CFirefoxDriver.execute(CFirefoxDriver.java:28)
	at org.openqa.selenium.remote.RemoteWebElement.execute(RemoteWebElement.java:279)
	at org.openqa.selenium.remote.RemoteWebElement.click(RemoteWebElement.java:83)
	at org.openqa.selenium.support.ui.Select.setSelected(Select.java:324)
	at org.openqa.selenium.support.ui.Select.selectByVisibleText(Select.java:120)
	at com.kms.katalon.core.webui.common.WebUiCommonHelper.selectOrDeselectOptionsByLabel(WebUiCommonHelper.java:302)
	at com.kms.katalon.core.webui.keyword.builtin.SelectOptionByLabelKeyword$_selectOptionByLabel_closure1.doCall(SelectOptionByLabelKeyword.groovy:87)
	at com.kms.katalon.core.webui.keyword.builtin.SelectOptionByLabelKeyword$_selectOptionByLabel_closure1.call(SelectOptionByLabelKeyword.groovy)
	at com.kms.katalon.core.webui.keyword.internal.WebUIKeywordMain.runKeyword(WebUIKeywordMain.groovy:20)
	at com.kms.katalon.core.webui.keyword.builtin.SelectOptionByLabelKeyword.selectOptionByLabel(SelectOptionByLabelKeyword.groovy:98)
	at com.kms.katalon.core.webui.keyword.builtin.SelectOptionByLabelKeyword.execute(SelectOptionByLabelKeyword.groovy:71)
	at com.kms.katalon.core.keyword.internal.KeywordExecutor.executeKeywordForPlatform(KeywordExecutor.groovy:56)
	at com.kms.katalon.core.webui.keyword.WebUiBuiltInKeywords.selectOptionByLabel(WebUiBuiltInKeywords.groovy:1183)
	at com.kms.katalon.core.webui.keyword.WebUiBuiltInKeywords$selectOptionByLabel$6.call(Unknown Source)
	at Script1556809888858.run(Script1556809888858.groovy:68)
	... 13 more
)
	at com.kms.katalon.core.keyword.internal.KeywordMain.stepFailed(KeywordMain.groovy:37)
	at com.kms.katalon.core.webui.keyword.internal.WebUIKeywordMain.stepFailed(WebUIKeywordMain.groovy:64)
	at com.kms.katalon.core.webui.keyword.internal.WebUIKeywordMain.runKeyword(WebUIKeywordMain.groovy:26)
	at com.kms.katalon.core.webui.keyword.builtin.SelectOptionByLabelKeyword.selectOptionByLabel(SelectOptionByLabelKeyword.groovy:98)
	at com.kms.katalon.core.webui.keyword.builtin.SelectOptionByLabelKeyword.execute(SelectOptionByLabelKeyword.groovy:71)
	at com.kms.katalon.core.keyword.internal.KeywordExecutor.executeKeywordForPlatform(KeywordExecutor.groovy:56)
	at com.kms.katalon.core.webui.keyword.WebUiBuiltInKeywords.selectOptionByLabel(WebUiBuiltInKeywords.groovy:1183)
	at com.kms.katalon.core.webui.keyword.WebUiBuiltInKeywords$selectOptionByLabel$6.call(Unknown Source)
	at Booking03.run(Booking03:68)
	at com.kms.katalon.core.main.ScriptEngine.run(ScriptEngine.java:194)
	at com.kms.katalon.core.main.ScriptEngine.runScriptAsRawText(ScriptEngine.java:119)
	at com.kms.katalon.core.main.TestCaseExecutor.runScript(TestCaseExecutor.java:331)
	at com.kms.katalon.core.main.TestCaseExecutor.doExecute(TestCaseExecutor.java:322)
	at com.kms.katalon.core.main.TestCaseExecutor.processExecutionPhase(TestCaseExecutor.java:301)
	at com.kms.katalon.core.main.TestCaseExecutor.accessMainPhase(TestCaseExecutor.java:293)
	at com.kms.katalon.core.main.TestCaseExecutor.execute(TestCaseExecutor.java:227)
	at com.kms.katalon.core.main.TestSuiteExecutor.accessTestCaseMainPhase(TestSuiteExecutor.java:129)
	at com.kms.katalon.core.main.TestSuiteExecutor.accessTestSuiteMainPhase(TestSuiteExecutor.java:112)
	at com.kms.katalon.core.main.TestSuiteExecutor.execute(TestSuiteExecutor.java:81)
	at com.kms.katalon.core.main.TestCaseMain.startTestSuite(TestCaseMain.java:157)
	at com.kms.katalon.core.main.TestCaseMain$startTestSuite$0.call(Unknown Source)
	at TempTestSuite1556819216050.run(TempTestSuite1556819216050.groovy:35)
Caused by: com.kms.katalon.core.exception.StepFailedException: Unable to select option by label 'June' of object 'Object Repository/homepage/sel_date_month1' 
	... 21 more
Caused by: org.openqa.selenium.ElementNotInteractableException: Element <option> could not be scrolled into view
Build info: version: '3.7.1', revision: '8a0099a', time: '2017-11-06T21:07:36.161Z'
System info: host: 'ALLISONCOTIGNOL', ip: '172.19.15.34', os.name: 'Windows 7', os.arch: 'amd64', os.version: '6.1', java.version: '1.8.0_181'
Driver info: com.kms.katalon.core.webui.driver.firefox.CGeckoDriver
Capabilities {acceptInsecureCerts: true, browserName: firefox, browserVersion: 66.0.3, javascriptEnabled: true, moz:accessibilityChecks: false, moz:geckodriverVersion: 0.24.0, moz:headless: false, moz:processID: 9876, moz:profile: C:\Users\Andres.Jaramillo\A..., moz:shutdownTimeout: 60000, moz:useNonSpecCompliantPointerOrigin: false, moz:webdriverClick: true, pageLoadStrategy: normal, platform: WINDOWS, platformName: WINDOWS, platformVersion: 6.1, proxy: Proxy(direct), rotatable: false, setWindowRect: true, strictFileInteractability: false, timeouts: {implicit: 0, pageLoad: 300000, script: 30000}, unhandledPromptBehavior: dismiss and notify}
Session ID: b059b700-8a86-4a47-813a-366e975fe19c
	at org.openqa.selenium.remote.http.W3CHttpResponseCodec.createException(W3CHttpResponseCodec.java:187)
	at org.openqa.selenium.remote.http.W3CHttpResponseCodec.decode(W3CHttpResponseCodec.java:122)
	at org.openqa.selenium.remote.http.W3CHttpResponseCodec.decode(W3CHttpResponseCodec.java:49)
	at org.openqa.selenium.remote.HttpCommandExecutor.execute(HttpCommandExecutor.java:164)
	at org.openqa.selenium.remote.service.DriverCommandExecutor.execute(DriverCommandExecutor.java:83)
	at org.openqa.selenium.remote.RemoteWebDriver.execute(RemoteWebDriver.java:600)
	at com.kms.katalon.selenium.driver.CFirefoxDriver.execute(CFirefoxDriver.java:28)
	at org.openqa.selenium.remote.RemoteWebElement.execute(RemoteWebElement.java:279)
	at org.openqa.selenium.remote.RemoteWebElement.click(RemoteWebElement.java:83)
	at org.openqa.selenium.support.ui.Select.setSelected(Select.java:324)
	at org.openqa.selenium.support.ui.Select.selectByVisibleText(Select.java:120)
	at com.kms.katalon.core.webui.common.WebUiCommonHelper.selectOrDeselectOptionsByLabel(WebUiCommonHelper.java:302)
	at com.kms.katalon.core.webui.keyword.builtin.SelectOptionByLabelKeyword$_selectOptionByLabel_closure1.doCall(SelectOptionByLabelKeyword.groovy:87)
	at com.kms.katalon.core.webui.keyword.builtin.SelectOptionByLabelKeyword$_selectOptionByLabel_closure1.call(SelectOptionByLabelKeyword.groovy)
	at com.kms.katalon.core.webui.keyword.internal.WebUIKeywordMain.runKeyword(WebUIKeywordMain.groovy:20)
	at com.kms.katalon.core.webui.keyword.builtin.SelectOptionByLabelKeyword.selectOptionByLabel(SelectOptionByLabelKeyword.groovy:98)
	at com.kms.katalon.core.webui.keyword.builtin.SelectOptionByLabelKeyword.execute(SelectOptionByLabelKeyword.groovy:71)
	at com.kms.katalon.core.keyword.internal.KeywordExecutor.executeKeywordForPlatform(KeywordExecutor.groovy:56)
	at com.kms.katalon.core.webui.keyword.WebUiBuiltInKeywords.selectOptionByLabel(WebUiBuiltInKeywords.groovy:1183)
	at com.kms.katalon.core.webui.keyword.WebUiBuiltInKeywords$selectOptionByLabel$6.call(Unknown Source)
	at Script1556809888858.run(Script1556809888858.groovy:68)
	... 13 more


2019-05-02 13:47:57 - [MESSAGE][PASSED] - Browser is closed

2019-05-02 13:47:57 - [MESSAGE][FAILED] - closeBrowser() FAILED.
Reason:
com.kms.katalon.core.exception.StepFailedException: Unable to select option by label 'June' of object 'Object Repository/homepage/sel_date_month1'  (Root cause: com.kms.katalon.core.exception.StepFailedException: Unable to select option by label 'June' of object 'Object Repository/homepage/sel_date_month1' 
	at com.kms.katalon.core.webui.keyword.internal.WebUIKeywordMain.stepFailed(WebUIKeywordMain.groovy:64)
	at com.kms.katalon.core.webui.keyword.internal.WebUIKeywordMain.runKeyword(WebUIKeywordMain.groovy:26)
	at com.kms.katalon.core.webui.keyword.builtin.SelectOptionByLabelKeyword.selectOptionByLabel(SelectOptionByLabelKeyword.groovy:98)
	at com.kms.katalon.core.webui.keyword.builtin.SelectOptionByLabelKeyword.execute(SelectOptionByLabelKeyword.groovy:71)
	at com.kms.katalon.core.keyword.internal.KeywordExecutor.executeKeywordForPlatform(KeywordExecutor.groovy:56)
	at com.kms.katalon.core.webui.keyword.WebUiBuiltInKeywords.selectOptionByLabel(WebUiBuiltInKeywords.groovy:1183)
	at com.kms.katalon.core.webui.keyword.WebUiBuiltInKeywords$selectOptionByLabel$6.call(Unknown Source)
	at Booking03.run(Booking03:68)
	at com.kms.katalon.core.main.ScriptEngine.run(ScriptEngine.java:194)
	at com.kms.katalon.core.main.ScriptEngine.runScriptAsRawText(ScriptEngine.java:119)
	at com.kms.katalon.core.main.TestCaseExecutor.runScript(TestCaseExecutor.java:331)
	at com.kms.katalon.core.main.TestCaseExecutor.doExecute(TestCaseExecutor.java:322)
	at com.kms.katalon.core.main.TestCaseExecutor.processExecutionPhase(TestCaseExecutor.java:301)
	at com.kms.katalon.core.main.TestCaseExecutor.accessMainPhase(TestCaseExecutor.java:293)
	at com.kms.katalon.core.main.TestCaseExecutor.execute(TestCaseExecutor.java:227)
	at com.kms.katalon.core.main.TestSuiteExecutor.accessTestCaseMainPhase(TestSuiteExecutor.java:129)
	at com.kms.katalon.core.main.TestSuiteExecutor.accessTestSuiteMainPhase(TestSuiteExecutor.java:112)
	at com.kms.katalon.core.main.TestSuiteExecutor.execute(TestSuiteExecutor.java:81)
	at com.kms.katalon.core.main.TestCaseMain.startTestSuite(TestCaseMain.java:157)
	at com.kms.katalon.core.main.TestCaseMain$startTestSuite$0.call(Unknown Source)
	at TempTestSuite1556819216050.run(TempTestSuite1556819216050.groovy:35)
Caused by: org.openqa.selenium.ElementNotInteractableException: Element <option> could not be scrolled into view
Build info: version: '3.7.1', revision: '8a0099a', time: '2017-11-06T21:07:36.161Z'
System info: host: 'ALLISONCOTIGNOL', ip: '172.19.15.34', os.name: 'Windows 7', os.arch: 'amd64', os.version: '6.1', java.version: '1.8.0_181'
Driver info: com.kms.katalon.core.webui.driver.firefox.CGeckoDriver
Capabilities {acceptInsecureCerts: true, browserName: firefox, browserVersion: 66.0.3, javascriptEnabled: true, moz:accessibilityChecks: false, moz:geckodriverVersion: 0.24.0, moz:headless: false, moz:processID: 9876, moz:profile: C:\Users\Andres.Jaramillo\A..., moz:shutdownTimeout: 60000, moz:useNonSpecCompliantPointerOrigin: false, moz:webdriverClick: true, pageLoadStrategy: normal, platform: WINDOWS, platformName: WINDOWS, platformVersion: 6.1, proxy: Proxy(direct), rotatable: false, setWindowRect: true, strictFileInteractability: false, timeouts: {implicit: 0, pageLoad: 300000, script: 30000}, unhandledPromptBehavior: dismiss and notify}
Session ID: b059b700-8a86-4a47-813a-366e975fe19c
	at org.openqa.selenium.remote.http.W3CHttpResponseCodec.createException(W3CHttpResponseCodec.java:187)
	at org.openqa.selenium.remote.http.W3CHttpResponseCodec.decode(W3CHttpResponseCodec.java:122)
	at org.openqa.selenium.remote.http.W3CHttpResponseCodec.decode(W3CHttpResponseCodec.java:49)
	at org.openqa.selenium.remote.HttpCommandExecutor.execute(HttpCommandExecutor.java:164)
	at org.openqa.selenium.remote.service.DriverCommandExecutor.execute(DriverCommandExecutor.java:83)
	at org.openqa.selenium.remote.RemoteWebDriver.execute(RemoteWebDriver.java:600)
	at com.kms.katalon.selenium.driver.CFirefoxDriver.execute(CFirefoxDriver.java:28)
	at org.openqa.selenium.remote.RemoteWebElement.execute(RemoteWebElement.java:279)
	at org.openqa.selenium.remote.RemoteWebElement.click(RemoteWebElement.java:83)
	at org.openqa.selenium.support.ui.Select.setSelected(Select.java:324)
	at org.openqa.selenium.support.ui.Select.selectByVisibleText(Select.java:120)
	at com.kms.katalon.core.webui.common.WebUiCommonHelper.selectOrDeselectOptionsByLabel(WebUiCommonHelper.java:302)
	at com.kms.katalon.core.webui.keyword.builtin.SelectOptionByLabelKeyword$_selectOptionByLabel_closure1.doCall(SelectOptionByLabelKeyword.groovy:87)
	at com.kms.katalon.core.webui.keyword.builtin.SelectOptionByLabelKeyword$_selectOptionByLabel_closure1.call(SelectOptionByLabelKeyword.groovy)
	at com.kms.katalon.core.webui.keyword.internal.WebUIKeywordMain.runKeyword(WebUIKeywordMain.groovy:20)
	at com.kms.katalon.core.webui.keyword.builtin.SelectOptionByLabelKeyword.selectOptionByLabel(SelectOptionByLabelKeyword.groovy:98)
	at com.kms.katalon.core.webui.keyword.builtin.SelectOptionByLabelKeyword.execute(SelectOptionByLabelKeyword.groovy:71)
	at com.kms.katalon.core.keyword.internal.KeywordExecutor.executeKeywordForPlatform(KeywordExecutor.groovy:56)
	at com.kms.katalon.core.webui.keyword.WebUiBuiltInKeywords.selectOptionByLabel(WebUiBuiltInKeywords.groovy:1183)
	at com.kms.katalon.core.webui.keyword.WebUiBuiltInKeywords$selectOptionByLabel$6.call(Unknown Source)
	at Script1556809888858.run(Script1556809888858.groovy:68)
	... 13 more
)
	at com.kms.katalon.core.keyword.internal.KeywordMain.stepFailed(KeywordMain.groovy:37)
	at com.kms.katalon.core.webui.keyword.internal.WebUIKeywordMain.stepFailed(WebUIKeywordMain.groovy:64)
	at com.kms.katalon.core.webui.keyword.internal.WebUIKeywordMain.runKeyword(WebUIKeywordMain.groovy:26)
	at com.kms.katalon.core.webui.keyword.builtin.SelectOptionByLabelKeyword.selectOptionByLabel(SelectOptionByLabelKeyword.groovy:98)
	at com.kms.katalon.core.webui.keyword.builtin.SelectOptionByLabelKeyword.execute(SelectOptionByLabelKeyword.groovy:71)
	at com.kms.katalon.core.keyword.internal.KeywordExecutor.executeKeywordForPlatform(KeywordExecutor.groovy:56)
	at com.kms.katalon.core.webui.keyword.WebUiBuiltInKeywords.selectOptionByLabel(WebUiBuiltInKeywords.groovy:1183)
	at com.kms.katalon.core.webui.keyword.WebUiBuiltInKeywords$selectOptionByLabel$6.call(Unknown Source)
	at Booking03.run(Booking03:68)
	at com.kms.katalon.core.main.ScriptEngine.run(ScriptEngine.java:194)
	at com.kms.katalon.core.main.ScriptEngine.runScriptAsRawText(ScriptEngine.java:119)
	at com.kms.katalon.core.main.TestCaseExecutor.runScript(TestCaseExecutor.java:331)
	at com.kms.katalon.core.main.TestCaseExecutor.doExecute(TestCaseExecutor.java:322)
	at com.kms.katalon.core.main.TestCaseExecutor.processExecutionPhase(TestCaseExecutor.java:301)
	at com.kms.katalon.core.main.TestCaseExecutor.accessMainPhase(TestCaseExecutor.java:293)
	at com.kms.katalon.core.main.TestCaseExecutor.execute(TestCaseExecutor.java:227)
	at com.kms.katalon.core.main.TestSuiteExecutor.accessTestCaseMainPhase(TestSuiteExecutor.java:129)
	at com.kms.katalon.core.main.TestSuiteExecutor.accessTestSuiteMainPhase(TestSuiteExecutor.java:112)
	at com.kms.katalon.core.main.TestSuiteExecutor.execute(TestSuiteExecutor.java:81)
	at com.kms.katalon.core.main.TestCaseMain.startTestSuite(TestCaseMain.java:157)
	at com.kms.katalon.core.main.TestCaseMain$startTestSuite$0.call(Unknown Source)
	at TempTestSuite1556819216050.run(TempTestSuite1556819216050.groovy:35)
Caused by: com.kms.katalon.core.exception.StepFailedException: Unable to select option by label 'June' of object 'Object Repository/homepage/sel_date_month1' 
	... 21 more
Caused by: org.openqa.selenium.ElementNotInteractableException: Element <option> could not be scrolled into view
Build info: version: '3.7.1', revision: '8a0099a', time: '2017-11-06T21:07:36.161Z'
System info: host: 'ALLISONCOTIGNOL', ip: '172.19.15.34', os.name: 'Windows 7', os.arch: 'amd64', os.version: '6.1', java.version: '1.8.0_181'
Driver info: com.kms.katalon.core.webui.driver.firefox.CGeckoDriver
Capabilities {acceptInsecureCerts: true, browserName: firefox, browserVersion: 66.0.3, javascriptEnabled: true, moz:accessibilityChecks: false, moz:geckodriverVersion: 0.24.0, moz:headless: false, moz:processID: 9876, moz:profile: C:\Users\Andres.Jaramillo\A..., moz:shutdownTimeout: 60000, moz:useNonSpecCompliantPointerOrigin: false, moz:webdriverClick: true, pageLoadStrategy: normal, platform: WINDOWS, platformName: WINDOWS, platformVersion: 6.1, proxy: Proxy(direct), rotatable: false, setWindowRect: true, strictFileInteractability: false, timeouts: {implicit: 0, pageLoad: 300000, script: 30000}, unhandledPromptBehavior: dismiss and notify}
Session ID: b059b700-8a86-4a47-813a-366e975fe19c
	at org.openqa.selenium.remote.http.W3CHttpResponseCodec.createException(W3CHttpResponseCodec.java:187)
	at org.openqa.selenium.remote.http.W3CHttpResponseCodec.decode(W3CHttpResponseCodec.java:122)
	at org.openqa.selenium.remote.http.W3CHttpResponseCodec.decode(W3CHttpResponseCodec.java:49)
	at org.openqa.selenium.remote.HttpCommandExecutor.execute(HttpCommandExecutor.java:164)
	at org.openqa.selenium.remote.service.DriverCommandExecutor.execute(DriverCommandExecutor.java:83)
	at org.openqa.selenium.remote.RemoteWebDriver.execute(RemoteWebDriver.java:600)
	at com.kms.katalon.selenium.driver.CFirefoxDriver.execute(CFirefoxDriver.java:28)
	at org.openqa.selenium.remote.RemoteWebElement.execute(RemoteWebElement.java:279)
	at org.openqa.selenium.remote.RemoteWebElement.click(RemoteWebElement.java:83)
	at org.openqa.selenium.support.ui.Select.setSelected(Select.java:324)
	at org.openqa.selenium.support.ui.Select.selectByVisibleText(Select.java:120)
	at com.kms.katalon.core.webui.common.WebUiCommonHelper.selectOrDeselectOptionsByLabel(WebUiCommonHelper.java:302)
	at com.kms.katalon.core.webui.keyword.builtin.SelectOptionByLabelKeyword$_selectOptionByLabel_closure1.doCall(SelectOptionByLabelKeyword.groovy:87)
	at com.kms.katalon.core.webui.keyword.builtin.SelectOptionByLabelKeyword$_selectOptionByLabel_closure1.call(SelectOptionByLabelKeyword.groovy)
	at com.kms.katalon.core.webui.keyword.internal.WebUIKeywordMain.runKeyword(WebUIKeywordMain.groovy:20)
	at com.kms.katalon.core.webui.keyword.builtin.SelectOptionByLabelKeyword.selectOptionByLabel(SelectOptionByLabelKeyword.groovy:98)
	at com.kms.katalon.core.webui.keyword.builtin.SelectOptionByLabelKeyword.execute(SelectOptionByLabelKeyword.groovy:71)
	at com.kms.katalon.core.keyword.internal.KeywordExecutor.executeKeywordForPlatform(KeywordExecutor.groovy:56)
	at com.kms.katalon.core.webui.keyword.WebUiBuiltInKeywords.selectOptionByLabel(WebUiBuiltInKeywords.groovy:1183)
	at com.kms.katalon.core.webui.keyword.WebUiBuiltInKeywords$selectOptionByLabel$6.call(Unknown Source)
	at Script1556809888858.run(Script1556809888858.groovy:68)
	... 13 more]]></system-out>
         <system-err><![CDATA[2019-05-02 13:47:23 - [TEST_CASE][FAILED] - Test Cases/Booking03: Test Cases/Booking03 FAILED.
Reason:
com.kms.katalon.core.exception.StepFailedException: Unable to select option by label 'June' of object 'Object Repository/homepage/sel_date_month1'  (Root cause: com.kms.katalon.core.exception.StepFailedException: Unable to select option by label 'June' of object 'Object Repository/homepage/sel_date_month1' 
	at com.kms.katalon.core.webui.keyword.internal.WebUIKeywordMain.stepFailed(WebUIKeywordMain.groovy:64)
	at com.kms.katalon.core.webui.keyword.internal.WebUIKeywordMain.runKeyword(WebUIKeywordMain.groovy:26)
	at com.kms.katalon.core.webui.keyword.builtin.SelectOptionByLabelKeyword.selectOptionByLabel(SelectOptionByLabelKeyword.groovy:98)
	at com.kms.katalon.core.webui.keyword.builtin.SelectOptionByLabelKeyword.execute(SelectOptionByLabelKeyword.groovy:71)
	at com.kms.katalon.core.keyword.internal.KeywordExecutor.executeKeywordForPlatform(KeywordExecutor.groovy:56)
	at com.kms.katalon.core.webui.keyword.WebUiBuiltInKeywords.selectOptionByLabel(WebUiBuiltInKeywords.groovy:1183)
	at com.kms.katalon.core.webui.keyword.WebUiBuiltInKeywords$selectOptionByLabel$6.call(Unknown Source)
	at Booking03.run(Booking03:68)
	at com.kms.katalon.core.main.ScriptEngine.run(ScriptEngine.java:194)
	at com.kms.katalon.core.main.ScriptEngine.runScriptAsRawText(ScriptEngine.java:119)
	at com.kms.katalon.core.main.TestCaseExecutor.runScript(TestCaseExecutor.java:331)
	at com.kms.katalon.core.main.TestCaseExecutor.doExecute(TestCaseExecutor.java:322)
	at com.kms.katalon.core.main.TestCaseExecutor.processExecutionPhase(TestCaseExecutor.java:301)
	at com.kms.katalon.core.main.TestCaseExecutor.accessMainPhase(TestCaseExecutor.java:293)
	at com.kms.katalon.core.main.TestCaseExecutor.execute(TestCaseExecutor.java:227)
	at com.kms.katalon.core.main.TestSuiteExecutor.accessTestCaseMainPhase(TestSuiteExecutor.java:129)
	at com.kms.katalon.core.main.TestSuiteExecutor.accessTestSuiteMainPhase(TestSuiteExecutor.java:112)
	at com.kms.katalon.core.main.TestSuiteExecutor.execute(TestSuiteExecutor.java:81)
	at com.kms.katalon.core.main.TestCaseMain.startTestSuite(TestCaseMain.java:157)
	at com.kms.katalon.core.main.TestCaseMain$startTestSuite$0.call(Unknown Source)
	at TempTestSuite1556819216050.run(TempTestSuite1556819216050.groovy:35)
Caused by: org.openqa.selenium.ElementNotInteractableException: Element <option> could not be scrolled into view
Build info: version: '3.7.1', revision: '8a0099a', time: '2017-11-06T21:07:36.161Z'
System info: host: 'ALLISONCOTIGNOL', ip: '172.19.15.34', os.name: 'Windows 7', os.arch: 'amd64', os.version: '6.1', java.version: '1.8.0_181'
Driver info: com.kms.katalon.core.webui.driver.firefox.CGeckoDriver
Capabilities {acceptInsecureCerts: true, browserName: firefox, browserVersion: 66.0.3, javascriptEnabled: true, moz:accessibilityChecks: false, moz:geckodriverVersion: 0.24.0, moz:headless: false, moz:processID: 9876, moz:profile: C:\Users\Andres.Jaramillo\A..., moz:shutdownTimeout: 60000, moz:useNonSpecCompliantPointerOrigin: false, moz:webdriverClick: true, pageLoadStrategy: normal, platform: WINDOWS, platformName: WINDOWS, platformVersion: 6.1, proxy: Proxy(direct), rotatable: false, setWindowRect: true, strictFileInteractability: false, timeouts: {implicit: 0, pageLoad: 300000, script: 30000}, unhandledPromptBehavior: dismiss and notify}
Session ID: b059b700-8a86-4a47-813a-366e975fe19c
	at org.openqa.selenium.remote.http.W3CHttpResponseCodec.createException(W3CHttpResponseCodec.java:187)
	at org.openqa.selenium.remote.http.W3CHttpResponseCodec.decode(W3CHttpResponseCodec.java:122)
	at org.openqa.selenium.remote.http.W3CHttpResponseCodec.decode(W3CHttpResponseCodec.java:49)
	at org.openqa.selenium.remote.HttpCommandExecutor.execute(HttpCommandExecutor.java:164)
	at org.openqa.selenium.remote.service.DriverCommandExecutor.execute(DriverCommandExecutor.java:83)
	at org.openqa.selenium.remote.RemoteWebDriver.execute(RemoteWebDriver.java:600)
	at com.kms.katalon.selenium.driver.CFirefoxDriver.execute(CFirefoxDriver.java:28)
	at org.openqa.selenium.remote.RemoteWebElement.execute(RemoteWebElement.java:279)
	at org.openqa.selenium.remote.RemoteWebElement.click(RemoteWebElement.java:83)
	at org.openqa.selenium.support.ui.Select.setSelected(Select.java:324)
	at org.openqa.selenium.support.ui.Select.selectByVisibleText(Select.java:120)
	at com.kms.katalon.core.webui.common.WebUiCommonHelper.selectOrDeselectOptionsByLabel(WebUiCommonHelper.java:302)
	at com.kms.katalon.core.webui.keyword.builtin.SelectOptionByLabelKeyword$_selectOptionByLabel_closure1.doCall(SelectOptionByLabelKeyword.groovy:87)
	at com.kms.katalon.core.webui.keyword.builtin.SelectOptionByLabelKeyword$_selectOptionByLabel_closure1.call(SelectOptionByLabelKeyword.groovy)
	at com.kms.katalon.core.webui.keyword.internal.WebUIKeywordMain.runKeyword(WebUIKeywordMain.groovy:20)
	at com.kms.katalon.core.webui.keyword.builtin.SelectOptionByLabelKeyword.selectOptionByLabel(SelectOptionByLabelKeyword.groovy:98)
	at com.kms.katalon.core.webui.keyword.builtin.SelectOptionByLabelKeyword.execute(SelectOptionByLabelKeyword.groovy:71)
	at com.kms.katalon.core.keyword.internal.KeywordExecutor.executeKeywordForPlatform(KeywordExecutor.groovy:56)
	at com.kms.katalon.core.webui.keyword.WebUiBuiltInKeywords.selectOptionByLabel(WebUiBuiltInKeywords.groovy:1183)
	at com.kms.katalon.core.webui.keyword.WebUiBuiltInKeywords$selectOptionByLabel$6.call(Unknown Source)
	at Script1556809888858.run(Script1556809888858.groovy:68)
	... 13 more
)
	at com.kms.katalon.core.keyword.internal.KeywordMain.stepFailed(KeywordMain.groovy:37)
	at com.kms.katalon.core.webui.keyword.internal.WebUIKeywordMain.stepFailed(WebUIKeywordMain.groovy:64)
	at com.kms.katalon.core.webui.keyword.internal.WebUIKeywordMain.runKeyword(WebUIKeywordMain.groovy:26)
	at com.kms.katalon.core.webui.keyword.builtin.SelectOptionByLabelKeyword.selectOptionByLabel(SelectOptionByLabelKeyword.groovy:98)
	at com.kms.katalon.core.webui.keyword.builtin.SelectOptionByLabelKeyword.execute(SelectOptionByLabelKeyword.groovy:71)
	at com.kms.katalon.core.keyword.internal.KeywordExecutor.executeKeywordForPlatform(KeywordExecutor.groovy:56)
	at com.kms.katalon.core.webui.keyword.WebUiBuiltInKeywords.selectOptionByLabel(WebUiBuiltInKeywords.groovy:1183)
	at com.kms.katalon.core.webui.keyword.WebUiBuiltInKeywords$selectOptionByLabel$6.call(Unknown Source)
	at Booking03.run(Booking03:68)
	at com.kms.katalon.core.main.ScriptEngine.run(ScriptEngine.java:194)
	at com.kms.katalon.core.main.ScriptEngine.runScriptAsRawText(ScriptEngine.java:119)
	at com.kms.katalon.core.main.TestCaseExecutor.runScript(TestCaseExecutor.java:331)
	at com.kms.katalon.core.main.TestCaseExecutor.doExecute(TestCaseExecutor.java:322)
	at com.kms.katalon.core.main.TestCaseExecutor.processExecutionPhase(TestCaseExecutor.java:301)
	at com.kms.katalon.core.main.TestCaseExecutor.accessMainPhase(TestCaseExecutor.java:293)
	at com.kms.katalon.core.main.TestCaseExecutor.execute(TestCaseExecutor.java:227)
	at com.kms.katalon.core.main.TestSuiteExecutor.accessTestCaseMainPhase(TestSuiteExecutor.java:129)
	at com.kms.katalon.core.main.TestSuiteExecutor.accessTestSuiteMainPhase(TestSuiteExecutor.java:112)
	at com.kms.katalon.core.main.TestSuiteExecutor.execute(TestSuiteExecutor.java:81)
	at com.kms.katalon.core.main.TestCaseMain.startTestSuite(TestCaseMain.java:157)
	at com.kms.katalon.core.main.TestCaseMain$startTestSuite$0.call(Unknown Source)
	at TempTestSuite1556819216050.run(TempTestSuite1556819216050.groovy:35)
Caused by: com.kms.katalon.core.exception.StepFailedException: Unable to select option by label 'June' of object 'Object Repository/homepage/sel_date_month1' 
	... 21 more
Caused by: org.openqa.selenium.ElementNotInteractableException: Element <option> could not be scrolled into view
Build info: version: '3.7.1', revision: '8a0099a', time: '2017-11-06T21:07:36.161Z'
System info: host: 'ALLISONCOTIGNOL', ip: '172.19.15.34', os.name: 'Windows 7', os.arch: 'amd64', os.version: '6.1', java.version: '1.8.0_181'
Driver info: com.kms.katalon.core.webui.driver.firefox.CGeckoDriver
Capabilities {acceptInsecureCerts: true, browserName: firefox, browserVersion: 66.0.3, javascriptEnabled: true, moz:accessibilityChecks: false, moz:geckodriverVersion: 0.24.0, moz:headless: false, moz:processID: 9876, moz:profile: C:\Users\Andres.Jaramillo\A..., moz:shutdownTimeout: 60000, moz:useNonSpecCompliantPointerOrigin: false, moz:webdriverClick: true, pageLoadStrategy: normal, platform: WINDOWS, platformName: WINDOWS, platformVersion: 6.1, proxy: Proxy(direct), rotatable: false, setWindowRect: true, strictFileInteractability: false, timeouts: {implicit: 0, pageLoad: 300000, script: 30000}, unhandledPromptBehavior: dismiss and notify}
Session ID: b059b700-8a86-4a47-813a-366e975fe19c
	at org.openqa.selenium.remote.http.W3CHttpResponseCodec.createException(W3CHttpResponseCodec.java:187)
	at org.openqa.selenium.remote.http.W3CHttpResponseCodec.decode(W3CHttpResponseCodec.java:122)
	at org.openqa.selenium.remote.http.W3CHttpResponseCodec.decode(W3CHttpResponseCodec.java:49)
	at org.openqa.selenium.remote.HttpCommandExecutor.execute(HttpCommandExecutor.java:164)
	at org.openqa.selenium.remote.service.DriverCommandExecutor.execute(DriverCommandExecutor.java:83)
	at org.openqa.selenium.remote.RemoteWebDriver.execute(RemoteWebDriver.java:600)
	at com.kms.katalon.selenium.driver.CFirefoxDriver.execute(CFirefoxDriver.java:28)
	at org.openqa.selenium.remote.RemoteWebElement.execute(RemoteWebElement.java:279)
	at org.openqa.selenium.remote.RemoteWebElement.click(RemoteWebElement.java:83)
	at org.openqa.selenium.support.ui.Select.setSelected(Select.java:324)
	at org.openqa.selenium.support.ui.Select.selectByVisibleText(Select.java:120)
	at com.kms.katalon.core.webui.common.WebUiCommonHelper.selectOrDeselectOptionsByLabel(WebUiCommonHelper.java:302)
	at com.kms.katalon.core.webui.keyword.builtin.SelectOptionByLabelKeyword$_selectOptionByLabel_closure1.doCall(SelectOptionByLabelKeyword.groovy:87)
	at com.kms.katalon.core.webui.keyword.builtin.SelectOptionByLabelKeyword$_selectOptionByLabel_closure1.call(SelectOptionByLabelKeyword.groovy)
	at com.kms.katalon.core.webui.keyword.internal.WebUIKeywordMain.runKeyword(WebUIKeywordMain.groovy:20)
	at com.kms.katalon.core.webui.keyword.builtin.SelectOptionByLabelKeyword.selectOptionByLabel(SelectOptionByLabelKeyword.groovy:98)
	at com.kms.katalon.core.webui.keyword.builtin.SelectOptionByLabelKeyword.execute(SelectOptionByLabelKeyword.groovy:71)
	at com.kms.katalon.core.keyword.internal.KeywordExecutor.executeKeywordForPlatform(KeywordExecutor.groovy:56)
	at com.kms.katalon.core.webui.keyword.WebUiBuiltInKeywords.selectOptionByLabel(WebUiBuiltInKeywords.groovy:1183)
	at com.kms.katalon.core.webui.keyword.WebUiBuiltInKeywords$selectOptionByLabel$6.call(Unknown Source)
	at Script1556809888858.run(Script1556809888858.groovy:68)
	... 13 more]]></system-err>
      </testcase>
      <testcase name="Test Cases/Booking03" classname="Test Cases/Booking03" status="FAILED">
         <failure type="FAILED" message="Test Cases/Booking03 FAILED.
Reason:
com.kms.katalon.core.exception.StepFailedException: Unable to click on object 'eldia'
	at com.kms.katalon.core.webui.keyword.internal.WebUIKeywordMain.stepFailed(WebUIKeywordMain.groovy:64)
	at com.kms.katalon.core.webui.keyword.internal.WebUIKeywordMain.runKeyword(WebUIKeywordMain.groovy:26)
	at com.kms.katalon.core.webui.keyword.builtin.ClickKeyword.click(ClickKeyword.groovy:86)
	at com.kms.katalon.core.webui.keyword.builtin.ClickKeyword.execute(ClickKeyword.groovy:67)
	at com.kms.katalon.core.keyword.internal.KeywordExecutor.executeKeywordForPlatform(KeywordExecutor.groovy:56)
	at com.kms.katalon.core.webui.keyword.WebUiBuiltInKeywords.click(WebUiBuiltInKeywords.groovy:616)
	at com.kms.katalon.core.webui.keyword.WebUiBuiltInKeywords$click$0.call(Unknown Source)
	at Booking03.run(Booking03:90)
	at com.kms.katalon.core.main.ScriptEngine.run(ScriptEngine.java:194)
	at com.kms.katalon.core.main.ScriptEngine.runScriptAsRawText(ScriptEngine.java:119)
	at com.kms.katalon.core.main.TestCaseExecutor.runScript(TestCaseExecutor.java:331)
	at com.kms.katalon.core.main.TestCaseExecutor.doExecute(TestCaseExecutor.java:322)
	at com.kms.katalon.core.main.TestCaseExecutor.processExecutionPhase(TestCaseExecutor.java:301)
	at com.kms.katalon.core.main.TestCaseExecutor.accessMainPhase(TestCaseExecutor.java:293)
	at com.kms.katalon.core.main.TestCaseExecutor.execute(TestCaseExecutor.java:227)
	at com.kms.katalon.core.main.TestSuiteExecutor.accessTestCaseMainPhase(TestSuiteExecutor.java:129)
	at com.kms.katalon.core.main.TestSuiteExecutor.accessTestSuiteMainPhase(TestSuiteExecutor.java:112)
	at com.kms.katalon.core.main.TestSuiteExecutor.execute(TestSuiteExecutor.java:81)
	at com.kms.katalon.core.main.TestCaseMain.startTestSuite(TestCaseMain.java:157)
	at com.kms.katalon.core.main.TestCaseMain$startTestSuite$0.call(Unknown Source)
	at TempTestSuite1556819216050.run(TempTestSuite1556819216050.groovy:35)
Caused by: org.openqa.selenium.ElementClickInterceptedException: Element &lt;button class=&quot;pika-button pika-day&quot; type=&quot;button&quot;> is not clickable at point (252,459) because another element &lt;td class=&quot;is-disabled&quot;> obscures it
Build info: version: '3.7.1', revision: '8a0099a', time: '2017-11-06T21:07:36.161Z'
System info: host: 'ALLISONCOTIGNOL', ip: '172.19.15.34', os.name: 'Windows 7', os.arch: 'amd64', os.version: '6.1', java.version: '1.8.0_181'
Driver info: com.kms.katalon.core.webui.driver.firefox.CGeckoDriver
Capabilities {acceptInsecureCerts: true, browserName: firefox, browserVersion: 66.0.3, javascriptEnabled: true, moz:accessibilityChecks: false, moz:geckodriverVersion: 0.24.0, moz:headless: false, moz:processID: 5888, moz:profile: C:\Users\Andres.Jaramillo\A..., moz:shutdownTimeout: 60000, moz:useNonSpecCompliantPointerOrigin: false, moz:webdriverClick: true, pageLoadStrategy: normal, platform: WINDOWS, platformName: WINDOWS, platformVersion: 6.1, proxy: Proxy(direct), rotatable: false, setWindowRect: true, strictFileInteractability: false, timeouts: {implicit: 0, pageLoad: 300000, script: 30000}, unhandledPromptBehavior: dismiss and notify}
Session ID: 8dd2b53b-9b68-4088-8f9b-398d9b5c0b79
	at org.openqa.selenium.remote.http.W3CHttpResponseCodec.createException(W3CHttpResponseCodec.java:187)
	at org.openqa.selenium.remote.http.W3CHttpResponseCodec.decode(W3CHttpResponseCodec.java:122)
	at org.openqa.selenium.remote.http.W3CHttpResponseCodec.decode(W3CHttpResponseCodec.java:49)
	at org.openqa.selenium.remote.HttpCommandExecutor.execute(HttpCommandExecutor.java:164)
	at org.openqa.selenium.remote.service.DriverCommandExecutor.execute(DriverCommandExecutor.java:83)
	at org.openqa.selenium.remote.RemoteWebDriver.execute(RemoteWebDriver.java:600)
	at com.kms.katalon.selenium.driver.CFirefoxDriver.execute(CFirefoxDriver.java:28)
	at org.openqa.selenium.remote.RemoteWebElement.execute(RemoteWebElement.java:279)
	at org.openqa.selenium.remote.RemoteWebElement.click(RemoteWebElement.java:83)
	at com.kms.katalon.core.webui.keyword.builtin.ClickKeyword$_click_closure1.doCall(ClickKeyword.groovy:79)
	at com.kms.katalon.core.webui.keyword.builtin.ClickKeyword$_click_closure1.call(ClickKeyword.groovy)
	at com.kms.katalon.core.webui.keyword.internal.WebUIKeywordMain.runKeyword(WebUIKeywordMain.groovy:20)
	at com.kms.katalon.core.webui.keyword.builtin.ClickKeyword.click(ClickKeyword.groovy:86)
	at com.kms.katalon.core.webui.keyword.builtin.ClickKeyword.execute(ClickKeyword.groovy:67)
	at com.kms.katalon.core.keyword.internal.KeywordExecutor.executeKeywordForPlatform(KeywordExecutor.groovy:56)
	at com.kms.katalon.core.webui.keyword.WebUiBuiltInKeywords.click(WebUiBuiltInKeywords.groovy:616)
	at com.kms.katalon.core.webui.keyword.WebUiBuiltInKeywords$click$0.call(Unknown Source)
	at Script1556809888858.run(Script1556809888858.groovy:90)
	... 13 more
"/>
         <system-out><![CDATA[2019-05-02 13:47:59 - [TEST_CASE][FAILED] - Test Cases/Booking03: Test Cases/Booking03 FAILED.
Reason:
com.kms.katalon.core.exception.StepFailedException: Unable to click on object 'eldia'
	at com.kms.katalon.core.webui.keyword.internal.WebUIKeywordMain.stepFailed(WebUIKeywordMain.groovy:64)
	at com.kms.katalon.core.webui.keyword.internal.WebUIKeywordMain.runKeyword(WebUIKeywordMain.groovy:26)
	at com.kms.katalon.core.webui.keyword.builtin.ClickKeyword.click(ClickKeyword.groovy:86)
	at com.kms.katalon.core.webui.keyword.builtin.ClickKeyword.execute(ClickKeyword.groovy:67)
	at com.kms.katalon.core.keyword.internal.KeywordExecutor.executeKeywordForPlatform(KeywordExecutor.groovy:56)
	at com.kms.katalon.core.webui.keyword.WebUiBuiltInKeywords.click(WebUiBuiltInKeywords.groovy:616)
	at com.kms.katalon.core.webui.keyword.WebUiBuiltInKeywords$click$0.call(Unknown Source)
	at Booking03.run(Booking03:90)
	at com.kms.katalon.core.main.ScriptEngine.run(ScriptEngine.java:194)
	at com.kms.katalon.core.main.ScriptEngine.runScriptAsRawText(ScriptEngine.java:119)
	at com.kms.katalon.core.main.TestCaseExecutor.runScript(TestCaseExecutor.java:331)
	at com.kms.katalon.core.main.TestCaseExecutor.doExecute(TestCaseExecutor.java:322)
	at com.kms.katalon.core.main.TestCaseExecutor.processExecutionPhase(TestCaseExecutor.java:301)
	at com.kms.katalon.core.main.TestCaseExecutor.accessMainPhase(TestCaseExecutor.java:293)
	at com.kms.katalon.core.main.TestCaseExecutor.execute(TestCaseExecutor.java:227)
	at com.kms.katalon.core.main.TestSuiteExecutor.accessTestCaseMainPhase(TestSuiteExecutor.java:129)
	at com.kms.katalon.core.main.TestSuiteExecutor.accessTestSuiteMainPhase(TestSuiteExecutor.java:112)
	at com.kms.katalon.core.main.TestSuiteExecutor.execute(TestSuiteExecutor.java:81)
	at com.kms.katalon.core.main.TestCaseMain.startTestSuite(TestCaseMain.java:157)
	at com.kms.katalon.core.main.TestCaseMain$startTestSuite$0.call(Unknown Source)
	at TempTestSuite1556819216050.run(TempTestSuite1556819216050.groovy:35)
Caused by: org.openqa.selenium.ElementClickInterceptedException: Element <button class="pika-button pika-day" type="button"> is not clickable at point (252,459) because another element <td class="is-disabled"> obscures it
Build info: version: '3.7.1', revision: '8a0099a', time: '2017-11-06T21:07:36.161Z'
System info: host: 'ALLISONCOTIGNOL', ip: '172.19.15.34', os.name: 'Windows 7', os.arch: 'amd64', os.version: '6.1', java.version: '1.8.0_181'
Driver info: com.kms.katalon.core.webui.driver.firefox.CGeckoDriver
Capabilities {acceptInsecureCerts: true, browserName: firefox, browserVersion: 66.0.3, javascriptEnabled: true, moz:accessibilityChecks: false, moz:geckodriverVersion: 0.24.0, moz:headless: false, moz:processID: 5888, moz:profile: C:\Users\Andres.Jaramillo\A..., moz:shutdownTimeout: 60000, moz:useNonSpecCompliantPointerOrigin: false, moz:webdriverClick: true, pageLoadStrategy: normal, platform: WINDOWS, platformName: WINDOWS, platformVersion: 6.1, proxy: Proxy(direct), rotatable: false, setWindowRect: true, strictFileInteractability: false, timeouts: {implicit: 0, pageLoad: 300000, script: 30000}, unhandledPromptBehavior: dismiss and notify}
Session ID: 8dd2b53b-9b68-4088-8f9b-398d9b5c0b79
	at org.openqa.selenium.remote.http.W3CHttpResponseCodec.createException(W3CHttpResponseCodec.java:187)
	at org.openqa.selenium.remote.http.W3CHttpResponseCodec.decode(W3CHttpResponseCodec.java:122)
	at org.openqa.selenium.remote.http.W3CHttpResponseCodec.decode(W3CHttpResponseCodec.java:49)
	at org.openqa.selenium.remote.HttpCommandExecutor.execute(HttpCommandExecutor.java:164)
	at org.openqa.selenium.remote.service.DriverCommandExecutor.execute(DriverCommandExecutor.java:83)
	at org.openqa.selenium.remote.RemoteWebDriver.execute(RemoteWebDriver.java:600)
	at com.kms.katalon.selenium.driver.CFirefoxDriver.execute(CFirefoxDriver.java:28)
	at org.openqa.selenium.remote.RemoteWebElement.execute(RemoteWebElement.java:279)
	at org.openqa.selenium.remote.RemoteWebElement.click(RemoteWebElement.java:83)
	at com.kms.katalon.core.webui.keyword.builtin.ClickKeyword$_click_closure1.doCall(ClickKeyword.groovy:79)
	at com.kms.katalon.core.webui.keyword.builtin.ClickKeyword$_click_closure1.call(ClickKeyword.groovy)
	at com.kms.katalon.core.webui.keyword.internal.WebUIKeywordMain.runKeyword(WebUIKeywordMain.groovy:20)
	at com.kms.katalon.core.webui.keyword.builtin.ClickKeyword.click(ClickKeyword.groovy:86)
	at com.kms.katalon.core.webui.keyword.builtin.ClickKeyword.execute(ClickKeyword.groovy:67)
	at com.kms.katalon.core.keyword.internal.KeywordExecutor.executeKeywordForPlatform(KeywordExecutor.groovy:56)
	at com.kms.katalon.core.webui.keyword.WebUiBuiltInKeywords.click(WebUiBuiltInKeywords.groovy:616)
	at com.kms.katalon.core.webui.keyword.WebUiBuiltInKeywords$click$0.call(Unknown Source)
	at Script1556809888858.run(Script1556809888858.groovy:90)
	... 13 more


2019-05-02 13:47:59 - [TEST_STEP][PASSED] - openBrowser("https://bookit-qa6.com"): Browser is opened with url: 'https://bookit-qa6.com'

2019-05-02 13:47:59 - [MESSAGE][INFO] - Starting 'Firefox' driver

2019-05-02 13:48:08 - [MESSAGE][PASSED] - Browser is opened with url: 'https://bookit-qa6.com'

2019-05-02 13:48:08 - [TEST_STEP][PASSED] - click(findTestObject("homepage/flight_checkbox")): Object: 'Object Repository/homepage/flight_checkbox' is clicked on

2019-05-02 13:48:10 - [MESSAGE][PASSED] - Object: 'Object Repository/homepage/flight_checkbox' is clicked on

2019-05-02 13:48:10 - [TEST_STEP][PASSED] - setText(findTestObject("homepage/city_or_airport"), "cheese"): Text 'cheese' is set on object 'Object Repository/homepage/city_or_airport'

2019-05-02 13:48:10 - [MESSAGE][PASSED] - Text 'cheese' is set on object 'Object Repository/homepage/city_or_airport'

2019-05-02 13:48:10 - [TEST_STEP][PASSED] - delay(1): Delayed 1 second(s)

2019-05-02 13:48:11 - [MESSAGE][PASSED] - Delayed 1 second(s)

2019-05-02 13:48:11 - [TEST_STEP][PASSED] - click(findTestObject("homepage/div_Cheese City IL US")): Object: 'Object Repository/homepage/div_Cheese City IL US' is clicked on

2019-05-02 13:48:12 - [MESSAGE][PASSED] - Object: 'Object Repository/homepage/div_Cheese City IL US' is clicked on

2019-05-02 13:48:12 - [TEST_STEP][PASSED] - checkinId = getAttribute(findTestObject("homepage/checkin_date"), "id"): Attribute 'id' of object 'Object Repository/homepage/checkin_date' is: 'ember532-fd'

2019-05-02 13:48:12 - [MESSAGE][PASSED] - Attribute 'id' of object 'Object Repository/homepage/checkin_date' is: 'ember532-fd'

2019-05-02 13:48:12 - [TEST_STEP][PASSED] - checkoutId = getAttribute(findTestObject("homepage/checkout_date"), "id"): Attribute 'id' of object 'Object Repository/homepage/checkout_date' is: 'ember532-td'

2019-05-02 13:48:12 - [MESSAGE][PASSED] - Attribute 'id' of object 'Object Repository/homepage/checkout_date' is: 'ember532-td'

2019-05-02 13:48:12 - [TEST_STEP][PASSED] - iniDate = moIni + "/" + dayIni + "/" + yrIni: null

2019-05-02 13:48:12 - [TEST_STEP][PASSED] - myIniDate = "$('#" + checkinId + "').val('" + iniDate + "')": null

2019-05-02 13:48:12 - [TEST_STEP][PASSED] - endDate = moEnd + "/" + dayEnd + "/" + yrEnd: null

2019-05-02 13:48:12 - [TEST_STEP][PASSED] - myEndDate = "$('#" + checkoutId + "').val('" + endDate + "')": null

2019-05-02 13:48:12 - [TEST_STEP][PASSED] - strMoIni = bookitKeywords.commonFunctions.getMonthName(moIni): bookitKeywords.commonFunctions.getMonthName is PASSED

2019-05-02 13:48:12 - [MESSAGE][PASSED] - bookitKeywords.commonFunctions.getMonthName is PASSED

2019-05-02 13:48:12 - [TEST_STEP][PASSED] - strMoEnd = bookitKeywords.commonFunctions.getMonthName(moEnd): bookitKeywords.commonFunctions.getMonthName is PASSED

2019-05-02 13:48:12 - [MESSAGE][PASSED] - bookitKeywords.commonFunctions.getMonthName is PASSED

2019-05-02 13:48:12 - [TEST_STEP][PASSED] - dIni = Integer.parseInt(dayIni): null

2019-05-02 13:48:12 - [TEST_STEP][PASSED] - dEnd = Integer.parseInt(dayEnd): null

2019-05-02 13:48:12 - [TEST_STEP][PASSED] - println(dIni): null

2019-05-02 13:48:12 - [TEST_STEP][PASSED] - println(dEnd): null

2019-05-02 13:48:12 - [TEST_STEP][PASSED] - click(findTestObject("homepage/checkin_date")): Object: 'Object Repository/homepage/checkin_date' is clicked on

2019-05-02 13:48:13 - [MESSAGE][PASSED] - Object: 'Object Repository/homepage/checkin_date' is clicked on

2019-05-02 13:48:13 - [TEST_STEP][PASSED] - delay(1): Delayed 1 second(s)

2019-05-02 13:48:14 - [MESSAGE][PASSED] - Delayed 1 second(s)

2019-05-02 13:48:14 - [TEST_STEP][PASSED] - if (verifyElementPresent(findTestObject("homepage/sel_date_month1"), 1, CONTINUE_ON_FAILURE)): null

2019-05-02 13:48:14 - [MESSAGE][PASSED] - Object 'Object Repository/homepage/sel_date_month1' is present

2019-05-02 13:48:14 - [TEST_STEP][PASSED] - if (waitForElementClickable(findTestObject("homepage/sel_date_month1"), 1, CONTINUE_ON_FAILURE)): null

2019-05-02 13:48:14 - [MESSAGE][PASSED] - Object 'Object Repository/homepage/sel_date_month1' is clickable

2019-05-02 13:48:14 - [TEST_STEP][PASSED] - if (verifyOptionPresentByLabel(findTestObject("homepage/sel_date_month1"), strMoIni, false, 1, CONTINUE_ON_FAILURE)): Delayed 1 second(s)

2019-05-02 13:48:14 - [MESSAGE][PASSED] - 1 option(s) with label 'May' is/are present in object 'Object Repository/homepage/sel_date_month1' 

2019-05-02 13:48:14 - [TEST_STEP][PASSED] - selectOptionByLabel(findTestObject("homepage/sel_date_month1"), strMoIni, false, CONTINUE_ON_FAILURE): All options with label 'May' are selected in object 'Object Repository/homepage/sel_date_month1' 

2019-05-02 13:48:14 - [MESSAGE][PASSED] - All options with label 'May' are selected in object 'Object Repository/homepage/sel_date_month1' 

2019-05-02 13:48:14 - [TEST_STEP][PASSED] - delay(1): Delayed 1 second(s)

2019-05-02 13:48:15 - [MESSAGE][PASSED] - Delayed 1 second(s)

2019-05-02 13:48:15 - [TEST_STEP][PASSED] - if (verifyElementPresent(findTestObject("homepage/sel_date_year1"), 1, CONTINUE_ON_FAILURE)): null

2019-05-02 13:48:15 - [MESSAGE][PASSED] - Object 'Object Repository/homepage/sel_date_year1' is present

2019-05-02 13:48:15 - [TEST_STEP][PASSED] - if (waitForElementClickable(findTestObject("homepage/sel_date_year1"), 1, CONTINUE_ON_FAILURE)): null

2019-05-02 13:48:15 - [MESSAGE][PASSED] - Object 'Object Repository/homepage/sel_date_year1' is clickable

2019-05-02 13:48:15 - [TEST_STEP][PASSED] - if (verifyOptionPresentByLabel(findTestObject("homepage/sel_date_year1"), yrIni, false, 1, CONTINUE_ON_FAILURE)): Delayed 1 second(s)

2019-05-02 13:48:15 - [MESSAGE][PASSED] - 1 option(s) with label '2019' is/are present in object 'Object Repository/homepage/sel_date_year1' 

2019-05-02 13:48:15 - [TEST_STEP][PASSED] - selectOptionByLabel(findTestObject("homepage/sel_date_year1"), yrIni, false, CONTINUE_ON_FAILURE): All options with label '2019' are selected in object 'Object Repository/homepage/sel_date_year1' 

2019-05-02 13:48:15 - [MESSAGE][PASSED] - All options with label '2019' are selected in object 'Object Repository/homepage/sel_date_year1' 

2019-05-02 13:48:15 - [TEST_STEP][PASSED] - delay(1): Delayed 1 second(s)

2019-05-02 13:48:16 - [MESSAGE][PASSED] - Delayed 1 second(s)

2019-05-02 13:48:16 - [TEST_STEP][PASSED] - dynxpath = "//div[contains(@class, 'pika-single') and contains(@class, 'is-bound') and not(contains(@class, 'is-hidden'))]/div[@class='pika-lendar'][1]/table[@class='pika-table']/tbody/tr/td/button[count(. | //*[@type = 'button' and @data-pika-day = '" + dIni + "']) = count(//*[@type = 'button' and @data-pika-day = '" + dIni + "'])]": null

2019-05-02 13:48:16 - [TEST_STEP][PASSED] - to = new com.kms.katalon.core.testobject.TestObject(eldia): null

2019-05-02 13:48:16 - [TEST_STEP][PASSED] - to.addProperty("xpath", EQUALS, dynxpath): null

2019-05-02 13:48:16 - [TEST_STEP][FAILED] - click(to): click(to) FAILED.
Reason:
com.kms.katalon.core.exception.StepFailedException: Unable to click on object 'eldia'
	at com.kms.katalon.core.webui.keyword.internal.WebUIKeywordMain.stepFailed(WebUIKeywordMain.groovy:64)
	at com.kms.katalon.core.webui.keyword.internal.WebUIKeywordMain.runKeyword(WebUIKeywordMain.groovy:26)
	at com.kms.katalon.core.webui.keyword.builtin.ClickKeyword.click(ClickKeyword.groovy:86)
	at com.kms.katalon.core.webui.keyword.builtin.ClickKeyword.execute(ClickKeyword.groovy:67)
	at com.kms.katalon.core.keyword.internal.KeywordExecutor.executeKeywordForPlatform(KeywordExecutor.groovy:56)
	at com.kms.katalon.core.webui.keyword.WebUiBuiltInKeywords.click(WebUiBuiltInKeywords.groovy:616)
	at com.kms.katalon.core.webui.keyword.WebUiBuiltInKeywords$click$0.call(Unknown Source)
	at Booking03.run(Booking03:90)
	at com.kms.katalon.core.main.ScriptEngine.run(ScriptEngine.java:194)
	at com.kms.katalon.core.main.ScriptEngine.runScriptAsRawText(ScriptEngine.java:119)
	at com.kms.katalon.core.main.TestCaseExecutor.runScript(TestCaseExecutor.java:331)
	at com.kms.katalon.core.main.TestCaseExecutor.doExecute(TestCaseExecutor.java:322)
	at com.kms.katalon.core.main.TestCaseExecutor.processExecutionPhase(TestCaseExecutor.java:301)
	at com.kms.katalon.core.main.TestCaseExecutor.accessMainPhase(TestCaseExecutor.java:293)
	at com.kms.katalon.core.main.TestCaseExecutor.execute(TestCaseExecutor.java:227)
	at com.kms.katalon.core.main.TestSuiteExecutor.accessTestCaseMainPhase(TestSuiteExecutor.java:129)
	at com.kms.katalon.core.main.TestSuiteExecutor.accessTestSuiteMainPhase(TestSuiteExecutor.java:112)
	at com.kms.katalon.core.main.TestSuiteExecutor.execute(TestSuiteExecutor.java:81)
	at com.kms.katalon.core.main.TestCaseMain.startTestSuite(TestCaseMain.java:157)
	at com.kms.katalon.core.main.TestCaseMain$startTestSuite$0.call(Unknown Source)
	at TempTestSuite1556819216050.run(TempTestSuite1556819216050.groovy:35)
Caused by: org.openqa.selenium.ElementClickInterceptedException: Element <button class="pika-button pika-day" type="button"> is not clickable at point (252,459) because another element <td class="is-disabled"> obscures it
Build info: version: '3.7.1', revision: '8a0099a', time: '2017-11-06T21:07:36.161Z'
System info: host: 'ALLISONCOTIGNOL', ip: '172.19.15.34', os.name: 'Windows 7', os.arch: 'amd64', os.version: '6.1', java.version: '1.8.0_181'
Driver info: com.kms.katalon.core.webui.driver.firefox.CGeckoDriver
Capabilities {acceptInsecureCerts: true, browserName: firefox, browserVersion: 66.0.3, javascriptEnabled: true, moz:accessibilityChecks: false, moz:geckodriverVersion: 0.24.0, moz:headless: false, moz:processID: 5888, moz:profile: C:\Users\Andres.Jaramillo\A..., moz:shutdownTimeout: 60000, moz:useNonSpecCompliantPointerOrigin: false, moz:webdriverClick: true, pageLoadStrategy: normal, platform: WINDOWS, platformName: WINDOWS, platformVersion: 6.1, proxy: Proxy(direct), rotatable: false, setWindowRect: true, strictFileInteractability: false, timeouts: {implicit: 0, pageLoad: 300000, script: 30000}, unhandledPromptBehavior: dismiss and notify}
Session ID: 8dd2b53b-9b68-4088-8f9b-398d9b5c0b79
	at org.openqa.selenium.remote.http.W3CHttpResponseCodec.createException(W3CHttpResponseCodec.java:187)
	at org.openqa.selenium.remote.http.W3CHttpResponseCodec.decode(W3CHttpResponseCodec.java:122)
	at org.openqa.selenium.remote.http.W3CHttpResponseCodec.decode(W3CHttpResponseCodec.java:49)
	at org.openqa.selenium.remote.HttpCommandExecutor.execute(HttpCommandExecutor.java:164)
	at org.openqa.selenium.remote.service.DriverCommandExecutor.execute(DriverCommandExecutor.java:83)
	at org.openqa.selenium.remote.RemoteWebDriver.execute(RemoteWebDriver.java:600)
	at com.kms.katalon.selenium.driver.CFirefoxDriver.execute(CFirefoxDriver.java:28)
	at org.openqa.selenium.remote.RemoteWebElement.execute(RemoteWebElement.java:279)
	at org.openqa.selenium.remote.RemoteWebElement.click(RemoteWebElement.java:83)
	at com.kms.katalon.core.webui.keyword.builtin.ClickKeyword$_click_closure1.doCall(ClickKeyword.groovy:79)
	at com.kms.katalon.core.webui.keyword.builtin.ClickKeyword$_click_closure1.call(ClickKeyword.groovy)
	at com.kms.katalon.core.webui.keyword.internal.WebUIKeywordMain.runKeyword(WebUIKeywordMain.groovy:20)
	at com.kms.katalon.core.webui.keyword.builtin.ClickKeyword.click(ClickKeyword.groovy:86)
	at com.kms.katalon.core.webui.keyword.builtin.ClickKeyword.execute(ClickKeyword.groovy:67)
	at com.kms.katalon.core.keyword.internal.KeywordExecutor.executeKeywordForPlatform(KeywordExecutor.groovy:56)
	at com.kms.katalon.core.webui.keyword.WebUiBuiltInKeywords.click(WebUiBuiltInKeywords.groovy:616)
	at com.kms.katalon.core.webui.keyword.WebUiBuiltInKeywords$click$0.call(Unknown Source)
	at Script1556809888858.run(Script1556809888858.groovy:90)
	... 13 more


2019-05-02 13:48:17 - [MESSAGE][FAILED] - Unable to click on object 'eldia' (Root cause: com.kms.katalon.core.exception.StepFailedException: Unable to click on object 'eldia'
	at com.kms.katalon.core.webui.keyword.internal.WebUIKeywordMain.stepFailed(WebUIKeywordMain.groovy:64)
	at com.kms.katalon.core.webui.keyword.internal.WebUIKeywordMain.runKeyword(WebUIKeywordMain.groovy:26)
	at com.kms.katalon.core.webui.keyword.builtin.ClickKeyword.click(ClickKeyword.groovy:86)
	at com.kms.katalon.core.webui.keyword.builtin.ClickKeyword.execute(ClickKeyword.groovy:67)
	at com.kms.katalon.core.keyword.internal.KeywordExecutor.executeKeywordForPlatform(KeywordExecutor.groovy:56)
	at com.kms.katalon.core.webui.keyword.WebUiBuiltInKeywords.click(WebUiBuiltInKeywords.groovy:616)
	at com.kms.katalon.core.webui.keyword.WebUiBuiltInKeywords$click$0.call(Unknown Source)
	at Booking03.run(Booking03:90)
	at com.kms.katalon.core.main.ScriptEngine.run(ScriptEngine.java:194)
	at com.kms.katalon.core.main.ScriptEngine.runScriptAsRawText(ScriptEngine.java:119)
	at com.kms.katalon.core.main.TestCaseExecutor.runScript(TestCaseExecutor.java:331)
	at com.kms.katalon.core.main.TestCaseExecutor.doExecute(TestCaseExecutor.java:322)
	at com.kms.katalon.core.main.TestCaseExecutor.processExecutionPhase(TestCaseExecutor.java:301)
	at com.kms.katalon.core.main.TestCaseExecutor.accessMainPhase(TestCaseExecutor.java:293)
	at com.kms.katalon.core.main.TestCaseExecutor.execute(TestCaseExecutor.java:227)
	at com.kms.katalon.core.main.TestSuiteExecutor.accessTestCaseMainPhase(TestSuiteExecutor.java:129)
	at com.kms.katalon.core.main.TestSuiteExecutor.accessTestSuiteMainPhase(TestSuiteExecutor.java:112)
	at com.kms.katalon.core.main.TestSuiteExecutor.execute(TestSuiteExecutor.java:81)
	at com.kms.katalon.core.main.TestCaseMain.startTestSuite(TestCaseMain.java:157)
	at com.kms.katalon.core.main.TestCaseMain$startTestSuite$0.call(Unknown Source)
	at TempTestSuite1556819216050.run(TempTestSuite1556819216050.groovy:35)
Caused by: org.openqa.selenium.ElementClickInterceptedException: Element <button class="pika-button pika-day" type="button"> is not clickable at point (252,459) because another element <td class="is-disabled"> obscures it
Build info: version: '3.7.1', revision: '8a0099a', time: '2017-11-06T21:07:36.161Z'
System info: host: 'ALLISONCOTIGNOL', ip: '172.19.15.34', os.name: 'Windows 7', os.arch: 'amd64', os.version: '6.1', java.version: '1.8.0_181'
Driver info: com.kms.katalon.core.webui.driver.firefox.CGeckoDriver
Capabilities {acceptInsecureCerts: true, browserName: firefox, browserVersion: 66.0.3, javascriptEnabled: true, moz:accessibilityChecks: false, moz:geckodriverVersion: 0.24.0, moz:headless: false, moz:processID: 5888, moz:profile: C:\Users\Andres.Jaramillo\A..., moz:shutdownTimeout: 60000, moz:useNonSpecCompliantPointerOrigin: false, moz:webdriverClick: true, pageLoadStrategy: normal, platform: WINDOWS, platformName: WINDOWS, platformVersion: 6.1, proxy: Proxy(direct), rotatable: false, setWindowRect: true, strictFileInteractability: false, timeouts: {implicit: 0, pageLoad: 300000, script: 30000}, unhandledPromptBehavior: dismiss and notify}
Session ID: 8dd2b53b-9b68-4088-8f9b-398d9b5c0b79
	at org.openqa.selenium.remote.http.W3CHttpResponseCodec.createException(W3CHttpResponseCodec.java:187)
	at org.openqa.selenium.remote.http.W3CHttpResponseCodec.decode(W3CHttpResponseCodec.java:122)
	at org.openqa.selenium.remote.http.W3CHttpResponseCodec.decode(W3CHttpResponseCodec.java:49)
	at org.openqa.selenium.remote.HttpCommandExecutor.execute(HttpCommandExecutor.java:164)
	at org.openqa.selenium.remote.service.DriverCommandExecutor.execute(DriverCommandExecutor.java:83)
	at org.openqa.selenium.remote.RemoteWebDriver.execute(RemoteWebDriver.java:600)
	at com.kms.katalon.selenium.driver.CFirefoxDriver.execute(CFirefoxDriver.java:28)
	at org.openqa.selenium.remote.RemoteWebElement.execute(RemoteWebElement.java:279)
	at org.openqa.selenium.remote.RemoteWebElement.click(RemoteWebElement.java:83)
	at com.kms.katalon.core.webui.keyword.builtin.ClickKeyword$_click_closure1.doCall(ClickKeyword.groovy:79)
	at com.kms.katalon.core.webui.keyword.builtin.ClickKeyword$_click_closure1.call(ClickKeyword.groovy)
	at com.kms.katalon.core.webui.keyword.internal.WebUIKeywordMain.runKeyword(WebUIKeywordMain.groovy:20)
	at com.kms.katalon.core.webui.keyword.builtin.ClickKeyword.click(ClickKeyword.groovy:86)
	at com.kms.katalon.core.webui.keyword.builtin.ClickKeyword.execute(ClickKeyword.groovy:67)
	at com.kms.katalon.core.keyword.internal.KeywordExecutor.executeKeywordForPlatform(KeywordExecutor.groovy:56)
	at com.kms.katalon.core.webui.keyword.WebUiBuiltInKeywords.click(WebUiBuiltInKeywords.groovy:616)
	at com.kms.katalon.core.webui.keyword.WebUiBuiltInKeywords$click$0.call(Unknown Source)
	at Script1556809888858.run(Script1556809888858.groovy:90)
	... 13 more
)
[[ATTACHMENT|C:\\Users\\Andres.Jaramillo\\git\\bookit-bookingtests-katalon\\Reports\\TestSuiteForBookit2\\20190502_134656\\1556819296621.png]]

2019-05-02 13:48:17 - [MESSAGE][FAILED] - click(to) FAILED.
Reason:
com.kms.katalon.core.exception.StepFailedException: Unable to click on object 'eldia'
	at com.kms.katalon.core.webui.keyword.internal.WebUIKeywordMain.stepFailed(WebUIKeywordMain.groovy:64)
	at com.kms.katalon.core.webui.keyword.internal.WebUIKeywordMain.runKeyword(WebUIKeywordMain.groovy:26)
	at com.kms.katalon.core.webui.keyword.builtin.ClickKeyword.click(ClickKeyword.groovy:86)
	at com.kms.katalon.core.webui.keyword.builtin.ClickKeyword.execute(ClickKeyword.groovy:67)
	at com.kms.katalon.core.keyword.internal.KeywordExecutor.executeKeywordForPlatform(KeywordExecutor.groovy:56)
	at com.kms.katalon.core.webui.keyword.WebUiBuiltInKeywords.click(WebUiBuiltInKeywords.groovy:616)
	at com.kms.katalon.core.webui.keyword.WebUiBuiltInKeywords$click$0.call(Unknown Source)
	at Booking03.run(Booking03:90)
	at com.kms.katalon.core.main.ScriptEngine.run(ScriptEngine.java:194)
	at com.kms.katalon.core.main.ScriptEngine.runScriptAsRawText(ScriptEngine.java:119)
	at com.kms.katalon.core.main.TestCaseExecutor.runScript(TestCaseExecutor.java:331)
	at com.kms.katalon.core.main.TestCaseExecutor.doExecute(TestCaseExecutor.java:322)
	at com.kms.katalon.core.main.TestCaseExecutor.processExecutionPhase(TestCaseExecutor.java:301)
	at com.kms.katalon.core.main.TestCaseExecutor.accessMainPhase(TestCaseExecutor.java:293)
	at com.kms.katalon.core.main.TestCaseExecutor.execute(TestCaseExecutor.java:227)
	at com.kms.katalon.core.main.TestSuiteExecutor.accessTestCaseMainPhase(TestSuiteExecutor.java:129)
	at com.kms.katalon.core.main.TestSuiteExecutor.accessTestSuiteMainPhase(TestSuiteExecutor.java:112)
	at com.kms.katalon.core.main.TestSuiteExecutor.execute(TestSuiteExecutor.java:81)
	at com.kms.katalon.core.main.TestCaseMain.startTestSuite(TestCaseMain.java:157)
	at com.kms.katalon.core.main.TestCaseMain$startTestSuite$0.call(Unknown Source)
	at TempTestSuite1556819216050.run(TempTestSuite1556819216050.groovy:35)
Caused by: org.openqa.selenium.ElementClickInterceptedException: Element <button class="pika-button pika-day" type="button"> is not clickable at point (252,459) because another element <td class="is-disabled"> obscures it
Build info: version: '3.7.1', revision: '8a0099a', time: '2017-11-06T21:07:36.161Z'
System info: host: 'ALLISONCOTIGNOL', ip: '172.19.15.34', os.name: 'Windows 7', os.arch: 'amd64', os.version: '6.1', java.version: '1.8.0_181'
Driver info: com.kms.katalon.core.webui.driver.firefox.CGeckoDriver
Capabilities {acceptInsecureCerts: true, browserName: firefox, browserVersion: 66.0.3, javascriptEnabled: true, moz:accessibilityChecks: false, moz:geckodriverVersion: 0.24.0, moz:headless: false, moz:processID: 5888, moz:profile: C:\Users\Andres.Jaramillo\A..., moz:shutdownTimeout: 60000, moz:useNonSpecCompliantPointerOrigin: false, moz:webdriverClick: true, pageLoadStrategy: normal, platform: WINDOWS, platformName: WINDOWS, platformVersion: 6.1, proxy: Proxy(direct), rotatable: false, setWindowRect: true, strictFileInteractability: false, timeouts: {implicit: 0, pageLoad: 300000, script: 30000}, unhandledPromptBehavior: dismiss and notify}
Session ID: 8dd2b53b-9b68-4088-8f9b-398d9b5c0b79
	at org.openqa.selenium.remote.http.W3CHttpResponseCodec.createException(W3CHttpResponseCodec.java:187)
	at org.openqa.selenium.remote.http.W3CHttpResponseCodec.decode(W3CHttpResponseCodec.java:122)
	at org.openqa.selenium.remote.http.W3CHttpResponseCodec.decode(W3CHttpResponseCodec.java:49)
	at org.openqa.selenium.remote.HttpCommandExecutor.execute(HttpCommandExecutor.java:164)
	at org.openqa.selenium.remote.service.DriverCommandExecutor.execute(DriverCommandExecutor.java:83)
	at org.openqa.selenium.remote.RemoteWebDriver.execute(RemoteWebDriver.java:600)
	at com.kms.katalon.selenium.driver.CFirefoxDriver.execute(CFirefoxDriver.java:28)
	at org.openqa.selenium.remote.RemoteWebElement.execute(RemoteWebElement.java:279)
	at org.openqa.selenium.remote.RemoteWebElement.click(RemoteWebElement.java:83)
	at com.kms.katalon.core.webui.keyword.builtin.ClickKeyword$_click_closure1.doCall(ClickKeyword.groovy:79)
	at com.kms.katalon.core.webui.keyword.builtin.ClickKeyword$_click_closure1.call(ClickKeyword.groovy)
	at com.kms.katalon.core.webui.keyword.internal.WebUIKeywordMain.runKeyword(WebUIKeywordMain.groovy:20)
	at com.kms.katalon.core.webui.keyword.builtin.ClickKeyword.click(ClickKeyword.groovy:86)
	at com.kms.katalon.core.webui.keyword.builtin.ClickKeyword.execute(ClickKeyword.groovy:67)
	at com.kms.katalon.core.keyword.internal.KeywordExecutor.executeKeywordForPlatform(KeywordExecutor.groovy:56)
	at com.kms.katalon.core.webui.keyword.WebUiBuiltInKeywords.click(WebUiBuiltInKeywords.groovy:616)
	at com.kms.katalon.core.webui.keyword.WebUiBuiltInKeywords$click$0.call(Unknown Source)
	at Script1556809888858.run(Script1556809888858.groovy:90)
	... 13 more]]></system-out>
         <system-err><![CDATA[2019-05-02 13:47:59 - [TEST_CASE][FAILED] - Test Cases/Booking03: Test Cases/Booking03 FAILED.
Reason:
com.kms.katalon.core.exception.StepFailedException: Unable to click on object 'eldia'
	at com.kms.katalon.core.webui.keyword.internal.WebUIKeywordMain.stepFailed(WebUIKeywordMain.groovy:64)
	at com.kms.katalon.core.webui.keyword.internal.WebUIKeywordMain.runKeyword(WebUIKeywordMain.groovy:26)
	at com.kms.katalon.core.webui.keyword.builtin.ClickKeyword.click(ClickKeyword.groovy:86)
	at com.kms.katalon.core.webui.keyword.builtin.ClickKeyword.execute(ClickKeyword.groovy:67)
	at com.kms.katalon.core.keyword.internal.KeywordExecutor.executeKeywordForPlatform(KeywordExecutor.groovy:56)
	at com.kms.katalon.core.webui.keyword.WebUiBuiltInKeywords.click(WebUiBuiltInKeywords.groovy:616)
	at com.kms.katalon.core.webui.keyword.WebUiBuiltInKeywords$click$0.call(Unknown Source)
	at Booking03.run(Booking03:90)
	at com.kms.katalon.core.main.ScriptEngine.run(ScriptEngine.java:194)
	at com.kms.katalon.core.main.ScriptEngine.runScriptAsRawText(ScriptEngine.java:119)
	at com.kms.katalon.core.main.TestCaseExecutor.runScript(TestCaseExecutor.java:331)
	at com.kms.katalon.core.main.TestCaseExecutor.doExecute(TestCaseExecutor.java:322)
	at com.kms.katalon.core.main.TestCaseExecutor.processExecutionPhase(TestCaseExecutor.java:301)
	at com.kms.katalon.core.main.TestCaseExecutor.accessMainPhase(TestCaseExecutor.java:293)
	at com.kms.katalon.core.main.TestCaseExecutor.execute(TestCaseExecutor.java:227)
	at com.kms.katalon.core.main.TestSuiteExecutor.accessTestCaseMainPhase(TestSuiteExecutor.java:129)
	at com.kms.katalon.core.main.TestSuiteExecutor.accessTestSuiteMainPhase(TestSuiteExecutor.java:112)
	at com.kms.katalon.core.main.TestSuiteExecutor.execute(TestSuiteExecutor.java:81)
	at com.kms.katalon.core.main.TestCaseMain.startTestSuite(TestCaseMain.java:157)
	at com.kms.katalon.core.main.TestCaseMain$startTestSuite$0.call(Unknown Source)
	at TempTestSuite1556819216050.run(TempTestSuite1556819216050.groovy:35)
Caused by: org.openqa.selenium.ElementClickInterceptedException: Element <button class="pika-button pika-day" type="button"> is not clickable at point (252,459) because another element <td class="is-disabled"> obscures it
Build info: version: '3.7.1', revision: '8a0099a', time: '2017-11-06T21:07:36.161Z'
System info: host: 'ALLISONCOTIGNOL', ip: '172.19.15.34', os.name: 'Windows 7', os.arch: 'amd64', os.version: '6.1', java.version: '1.8.0_181'
Driver info: com.kms.katalon.core.webui.driver.firefox.CGeckoDriver
Capabilities {acceptInsecureCerts: true, browserName: firefox, browserVersion: 66.0.3, javascriptEnabled: true, moz:accessibilityChecks: false, moz:geckodriverVersion: 0.24.0, moz:headless: false, moz:processID: 5888, moz:profile: C:\Users\Andres.Jaramillo\A..., moz:shutdownTimeout: 60000, moz:useNonSpecCompliantPointerOrigin: false, moz:webdriverClick: true, pageLoadStrategy: normal, platform: WINDOWS, platformName: WINDOWS, platformVersion: 6.1, proxy: Proxy(direct), rotatable: false, setWindowRect: true, strictFileInteractability: false, timeouts: {implicit: 0, pageLoad: 300000, script: 30000}, unhandledPromptBehavior: dismiss and notify}
Session ID: 8dd2b53b-9b68-4088-8f9b-398d9b5c0b79
	at org.openqa.selenium.remote.http.W3CHttpResponseCodec.createException(W3CHttpResponseCodec.java:187)
	at org.openqa.selenium.remote.http.W3CHttpResponseCodec.decode(W3CHttpResponseCodec.java:122)
	at org.openqa.selenium.remote.http.W3CHttpResponseCodec.decode(W3CHttpResponseCodec.java:49)
	at org.openqa.selenium.remote.HttpCommandExecutor.execute(HttpCommandExecutor.java:164)
	at org.openqa.selenium.remote.service.DriverCommandExecutor.execute(DriverCommandExecutor.java:83)
	at org.openqa.selenium.remote.RemoteWebDriver.execute(RemoteWebDriver.java:600)
	at com.kms.katalon.selenium.driver.CFirefoxDriver.execute(CFirefoxDriver.java:28)
	at org.openqa.selenium.remote.RemoteWebElement.execute(RemoteWebElement.java:279)
	at org.openqa.selenium.remote.RemoteWebElement.click(RemoteWebElement.java:83)
	at com.kms.katalon.core.webui.keyword.builtin.ClickKeyword$_click_closure1.doCall(ClickKeyword.groovy:79)
	at com.kms.katalon.core.webui.keyword.builtin.ClickKeyword$_click_closure1.call(ClickKeyword.groovy)
	at com.kms.katalon.core.webui.keyword.internal.WebUIKeywordMain.runKeyword(WebUIKeywordMain.groovy:20)
	at com.kms.katalon.core.webui.keyword.builtin.ClickKeyword.click(ClickKeyword.groovy:86)
	at com.kms.katalon.core.webui.keyword.builtin.ClickKeyword.execute(ClickKeyword.groovy:67)
	at com.kms.katalon.core.keyword.internal.KeywordExecutor.executeKeywordForPlatform(KeywordExecutor.groovy:56)
	at com.kms.katalon.core.webui.keyword.WebUiBuiltInKeywords.click(WebUiBuiltInKeywords.groovy:616)
	at com.kms.katalon.core.webui.keyword.WebUiBuiltInKeywords$click$0.call(Unknown Source)
	at Script1556809888858.run(Script1556809888858.groovy:90)
	... 13 more]]></system-err>
      </testcase>
      <testcase name="Test Cases/Booking03" classname="Test Cases/Booking03" status="FAILED">
         <failure type="FAILED" message="Test Cases/Booking03 FAILED.
Reason:
com.kms.katalon.core.exception.StepFailedException: Unable to select option by label 'August' of object 'Object Repository/homepage/sel_date_month1'  (Root cause: com.kms.katalon.core.exception.StepFailedException: Unable to select option by label 'August' of object 'Object Repository/homepage/sel_date_month1' 
	at com.kms.katalon.core.webui.keyword.internal.WebUIKeywordMain.stepFailed(WebUIKeywordMain.groovy:64)
	at com.kms.katalon.core.webui.keyword.internal.WebUIKeywordMain.runKeyword(WebUIKeywordMain.groovy:26)
	at com.kms.katalon.core.webui.keyword.builtin.SelectOptionByLabelKeyword.selectOptionByLabel(SelectOptionByLabelKeyword.groovy:98)
	at com.kms.katalon.core.webui.keyword.builtin.SelectOptionByLabelKeyword.execute(SelectOptionByLabelKeyword.groovy:71)
	at com.kms.katalon.core.keyword.internal.KeywordExecutor.executeKeywordForPlatform(KeywordExecutor.groovy:56)
	at com.kms.katalon.core.webui.keyword.WebUiBuiltInKeywords.selectOptionByLabel(WebUiBuiltInKeywords.groovy:1183)
	at com.kms.katalon.core.webui.keyword.WebUiBuiltInKeywords$selectOptionByLabel$6.call(Unknown Source)
	at Booking03.run(Booking03:68)
	at com.kms.katalon.core.main.ScriptEngine.run(ScriptEngine.java:194)
	at com.kms.katalon.core.main.ScriptEngine.runScriptAsRawText(ScriptEngine.java:119)
	at com.kms.katalon.core.main.TestCaseExecutor.runScript(TestCaseExecutor.java:331)
	at com.kms.katalon.core.main.TestCaseExecutor.doExecute(TestCaseExecutor.java:322)
	at com.kms.katalon.core.main.TestCaseExecutor.processExecutionPhase(TestCaseExecutor.java:301)
	at com.kms.katalon.core.main.TestCaseExecutor.accessMainPhase(TestCaseExecutor.java:293)
	at com.kms.katalon.core.main.TestCaseExecutor.execute(TestCaseExecutor.java:227)
	at com.kms.katalon.core.main.TestSuiteExecutor.accessTestCaseMainPhase(TestSuiteExecutor.java:129)
	at com.kms.katalon.core.main.TestSuiteExecutor.accessTestSuiteMainPhase(TestSuiteExecutor.java:112)
	at com.kms.katalon.core.main.TestSuiteExecutor.execute(TestSuiteExecutor.java:81)
	at com.kms.katalon.core.main.TestCaseMain.startTestSuite(TestCaseMain.java:157)
	at com.kms.katalon.core.main.TestCaseMain$startTestSuite$0.call(Unknown Source)
	at TempTestSuite1556819216050.run(TempTestSuite1556819216050.groovy:35)
Caused by: org.openqa.selenium.ElementNotInteractableException: Element &lt;option> could not be scrolled into view
Build info: version: '3.7.1', revision: '8a0099a', time: '2017-11-06T21:07:36.161Z'
System info: host: 'ALLISONCOTIGNOL', ip: '172.19.15.34', os.name: 'Windows 7', os.arch: 'amd64', os.version: '6.1', java.version: '1.8.0_181'
Driver info: com.kms.katalon.core.webui.driver.firefox.CGeckoDriver
Capabilities {acceptInsecureCerts: true, browserName: firefox, browserVersion: 66.0.3, javascriptEnabled: true, moz:accessibilityChecks: false, moz:geckodriverVersion: 0.24.0, moz:headless: false, moz:processID: 9744, moz:profile: C:\Users\Andres.Jaramillo\A..., moz:shutdownTimeout: 60000, moz:useNonSpecCompliantPointerOrigin: false, moz:webdriverClick: true, pageLoadStrategy: normal, platform: WINDOWS, platformName: WINDOWS, platformVersion: 6.1, proxy: Proxy(direct), rotatable: false, setWindowRect: true, strictFileInteractability: false, timeouts: {implicit: 0, pageLoad: 300000, script: 30000}, unhandledPromptBehavior: dismiss and notify}
Session ID: 59cb8743-a318-4f44-ae9d-fb1d44723dc9
	at org.openqa.selenium.remote.http.W3CHttpResponseCodec.createException(W3CHttpResponseCodec.java:187)
	at org.openqa.selenium.remote.http.W3CHttpResponseCodec.decode(W3CHttpResponseCodec.java:122)
	at org.openqa.selenium.remote.http.W3CHttpResponseCodec.decode(W3CHttpResponseCodec.java:49)
	at org.openqa.selenium.remote.HttpCommandExecutor.execute(HttpCommandExecutor.java:164)
	at org.openqa.selenium.remote.service.DriverCommandExecutor.execute(DriverCommandExecutor.java:83)
	at org.openqa.selenium.remote.RemoteWebDriver.execute(RemoteWebDriver.java:600)
	at com.kms.katalon.selenium.driver.CFirefoxDriver.execute(CFirefoxDriver.java:28)
	at org.openqa.selenium.remote.RemoteWebElement.execute(RemoteWebElement.java:279)
	at org.openqa.selenium.remote.RemoteWebElement.click(RemoteWebElement.java:83)
	at org.openqa.selenium.support.ui.Select.setSelected(Select.java:324)
	at org.openqa.selenium.support.ui.Select.selectByVisibleText(Select.java:120)
	at com.kms.katalon.core.webui.common.WebUiCommonHelper.selectOrDeselectOptionsByLabel(WebUiCommonHelper.java:302)
	at com.kms.katalon.core.webui.keyword.builtin.SelectOptionByLabelKeyword$_selectOptionByLabel_closure1.doCall(SelectOptionByLabelKeyword.groovy:87)
	at com.kms.katalon.core.webui.keyword.builtin.SelectOptionByLabelKeyword$_selectOptionByLabel_closure1.call(SelectOptionByLabelKeyword.groovy)
	at com.kms.katalon.core.webui.keyword.internal.WebUIKeywordMain.runKeyword(WebUIKeywordMain.groovy:20)
	at com.kms.katalon.core.webui.keyword.builtin.SelectOptionByLabelKeyword.selectOptionByLabel(SelectOptionByLabelKeyword.groovy:98)
	at com.kms.katalon.core.webui.keyword.builtin.SelectOptionByLabelKeyword.execute(SelectOptionByLabelKeyword.groovy:71)
	at com.kms.katalon.core.keyword.internal.KeywordExecutor.executeKeywordForPlatform(KeywordExecutor.groovy:56)
	at com.kms.katalon.core.webui.keyword.WebUiBuiltInKeywords.selectOptionByLabel(WebUiBuiltInKeywords.groovy:1183)
	at com.kms.katalon.core.webui.keyword.WebUiBuiltInKeywords$selectOptionByLabel$6.call(Unknown Source)
	at Script1556809888858.run(Script1556809888858.groovy:68)
	... 13 more
)
	at com.kms.katalon.core.keyword.internal.KeywordMain.stepFailed(KeywordMain.groovy:37)
	at com.kms.katalon.core.webui.keyword.internal.WebUIKeywordMain.stepFailed(WebUIKeywordMain.groovy:64)
	at com.kms.katalon.core.webui.keyword.internal.WebUIKeywordMain.runKeyword(WebUIKeywordMain.groovy:26)
	at com.kms.katalon.core.webui.keyword.builtin.SelectOptionByLabelKeyword.selectOptionByLabel(SelectOptionByLabelKeyword.groovy:98)
	at com.kms.katalon.core.webui.keyword.builtin.SelectOptionByLabelKeyword.execute(SelectOptionByLabelKeyword.groovy:71)
	at com.kms.katalon.core.keyword.internal.KeywordExecutor.executeKeywordForPlatform(KeywordExecutor.groovy:56)
	at com.kms.katalon.core.webui.keyword.WebUiBuiltInKeywords.selectOptionByLabel(WebUiBuiltInKeywords.groovy:1183)
	at com.kms.katalon.core.webui.keyword.WebUiBuiltInKeywords$selectOptionByLabel$6.call(Unknown Source)
	at Booking03.run(Booking03:68)
	at com.kms.katalon.core.main.ScriptEngine.run(ScriptEngine.java:194)
	at com.kms.katalon.core.main.ScriptEngine.runScriptAsRawText(ScriptEngine.java:119)
	at com.kms.katalon.core.main.TestCaseExecutor.runScript(TestCaseExecutor.java:331)
	at com.kms.katalon.core.main.TestCaseExecutor.doExecute(TestCaseExecutor.java:322)
	at com.kms.katalon.core.main.TestCaseExecutor.processExecutionPhase(TestCaseExecutor.java:301)
	at com.kms.katalon.core.main.TestCaseExecutor.accessMainPhase(TestCaseExecutor.java:293)
	at com.kms.katalon.core.main.TestCaseExecutor.execute(TestCaseExecutor.java:227)
	at com.kms.katalon.core.main.TestSuiteExecutor.accessTestCaseMainPhase(TestSuiteExecutor.java:129)
	at com.kms.katalon.core.main.TestSuiteExecutor.accessTestSuiteMainPhase(TestSuiteExecutor.java:112)
	at com.kms.katalon.core.main.TestSuiteExecutor.execute(TestSuiteExecutor.java:81)
	at com.kms.katalon.core.main.TestCaseMain.startTestSuite(TestCaseMain.java:157)
	at com.kms.katalon.core.main.TestCaseMain$startTestSuite$0.call(Unknown Source)
	at TempTestSuite1556819216050.run(TempTestSuite1556819216050.groovy:35)
Caused by: com.kms.katalon.core.exception.StepFailedException: Unable to select option by label 'August' of object 'Object Repository/homepage/sel_date_month1' 
	... 21 more
Caused by: org.openqa.selenium.ElementNotInteractableException: Element &lt;option> could not be scrolled into view
Build info: version: '3.7.1', revision: '8a0099a', time: '2017-11-06T21:07:36.161Z'
System info: host: 'ALLISONCOTIGNOL', ip: '172.19.15.34', os.name: 'Windows 7', os.arch: 'amd64', os.version: '6.1', java.version: '1.8.0_181'
Driver info: com.kms.katalon.core.webui.driver.firefox.CGeckoDriver
Capabilities {acceptInsecureCerts: true, browserName: firefox, browserVersion: 66.0.3, javascriptEnabled: true, moz:accessibilityChecks: false, moz:geckodriverVersion: 0.24.0, moz:headless: false, moz:processID: 9744, moz:profile: C:\Users\Andres.Jaramillo\A..., moz:shutdownTimeout: 60000, moz:useNonSpecCompliantPointerOrigin: false, moz:webdriverClick: true, pageLoadStrategy: normal, platform: WINDOWS, platformName: WINDOWS, platformVersion: 6.1, proxy: Proxy(direct), rotatable: false, setWindowRect: true, strictFileInteractability: false, timeouts: {implicit: 0, pageLoad: 300000, script: 30000}, unhandledPromptBehavior: dismiss and notify}
Session ID: 59cb8743-a318-4f44-ae9d-fb1d44723dc9
	at org.openqa.selenium.remote.http.W3CHttpResponseCodec.createException(W3CHttpResponseCodec.java:187)
	at org.openqa.selenium.remote.http.W3CHttpResponseCodec.decode(W3CHttpResponseCodec.java:122)
	at org.openqa.selenium.remote.http.W3CHttpResponseCodec.decode(W3CHttpResponseCodec.java:49)
	at org.openqa.selenium.remote.HttpCommandExecutor.execute(HttpCommandExecutor.java:164)
	at org.openqa.selenium.remote.service.DriverCommandExecutor.execute(DriverCommandExecutor.java:83)
	at org.openqa.selenium.remote.RemoteWebDriver.execute(RemoteWebDriver.java:600)
	at com.kms.katalon.selenium.driver.CFirefoxDriver.execute(CFirefoxDriver.java:28)
	at org.openqa.selenium.remote.RemoteWebElement.execute(RemoteWebElement.java:279)
	at org.openqa.selenium.remote.RemoteWebElement.click(RemoteWebElement.java:83)
	at org.openqa.selenium.support.ui.Select.setSelected(Select.java:324)
	at org.openqa.selenium.support.ui.Select.selectByVisibleText(Select.java:120)
	at com.kms.katalon.core.webui.common.WebUiCommonHelper.selectOrDeselectOptionsByLabel(WebUiCommonHelper.java:302)
	at com.kms.katalon.core.webui.keyword.builtin.SelectOptionByLabelKeyword$_selectOptionByLabel_closure1.doCall(SelectOptionByLabelKeyword.groovy:87)
	at com.kms.katalon.core.webui.keyword.builtin.SelectOptionByLabelKeyword$_selectOptionByLabel_closure1.call(SelectOptionByLabelKeyword.groovy)
	at com.kms.katalon.core.webui.keyword.internal.WebUIKeywordMain.runKeyword(WebUIKeywordMain.groovy:20)
	at com.kms.katalon.core.webui.keyword.builtin.SelectOptionByLabelKeyword.selectOptionByLabel(SelectOptionByLabelKeyword.groovy:98)
	at com.kms.katalon.core.webui.keyword.builtin.SelectOptionByLabelKeyword.execute(SelectOptionByLabelKeyword.groovy:71)
	at com.kms.katalon.core.keyword.internal.KeywordExecutor.executeKeywordForPlatform(KeywordExecutor.groovy:56)
	at com.kms.katalon.core.webui.keyword.WebUiBuiltInKeywords.selectOptionByLabel(WebUiBuiltInKeywords.groovy:1183)
	at com.kms.katalon.core.webui.keyword.WebUiBuiltInKeywords$selectOptionByLabel$6.call(Unknown Source)
	at Script1556809888858.run(Script1556809888858.groovy:68)
	... 13 more
"/>
         <system-out><![CDATA[2019-05-02 13:48:19 - [TEST_CASE][FAILED] - Test Cases/Booking03: Test Cases/Booking03 FAILED.
Reason:
com.kms.katalon.core.exception.StepFailedException: Unable to select option by label 'August' of object 'Object Repository/homepage/sel_date_month1'  (Root cause: com.kms.katalon.core.exception.StepFailedException: Unable to select option by label 'August' of object 'Object Repository/homepage/sel_date_month1' 
	at com.kms.katalon.core.webui.keyword.internal.WebUIKeywordMain.stepFailed(WebUIKeywordMain.groovy:64)
	at com.kms.katalon.core.webui.keyword.internal.WebUIKeywordMain.runKeyword(WebUIKeywordMain.groovy:26)
	at com.kms.katalon.core.webui.keyword.builtin.SelectOptionByLabelKeyword.selectOptionByLabel(SelectOptionByLabelKeyword.groovy:98)
	at com.kms.katalon.core.webui.keyword.builtin.SelectOptionByLabelKeyword.execute(SelectOptionByLabelKeyword.groovy:71)
	at com.kms.katalon.core.keyword.internal.KeywordExecutor.executeKeywordForPlatform(KeywordExecutor.groovy:56)
	at com.kms.katalon.core.webui.keyword.WebUiBuiltInKeywords.selectOptionByLabel(WebUiBuiltInKeywords.groovy:1183)
	at com.kms.katalon.core.webui.keyword.WebUiBuiltInKeywords$selectOptionByLabel$6.call(Unknown Source)
	at Booking03.run(Booking03:68)
	at com.kms.katalon.core.main.ScriptEngine.run(ScriptEngine.java:194)
	at com.kms.katalon.core.main.ScriptEngine.runScriptAsRawText(ScriptEngine.java:119)
	at com.kms.katalon.core.main.TestCaseExecutor.runScript(TestCaseExecutor.java:331)
	at com.kms.katalon.core.main.TestCaseExecutor.doExecute(TestCaseExecutor.java:322)
	at com.kms.katalon.core.main.TestCaseExecutor.processExecutionPhase(TestCaseExecutor.java:301)
	at com.kms.katalon.core.main.TestCaseExecutor.accessMainPhase(TestCaseExecutor.java:293)
	at com.kms.katalon.core.main.TestCaseExecutor.execute(TestCaseExecutor.java:227)
	at com.kms.katalon.core.main.TestSuiteExecutor.accessTestCaseMainPhase(TestSuiteExecutor.java:129)
	at com.kms.katalon.core.main.TestSuiteExecutor.accessTestSuiteMainPhase(TestSuiteExecutor.java:112)
	at com.kms.katalon.core.main.TestSuiteExecutor.execute(TestSuiteExecutor.java:81)
	at com.kms.katalon.core.main.TestCaseMain.startTestSuite(TestCaseMain.java:157)
	at com.kms.katalon.core.main.TestCaseMain$startTestSuite$0.call(Unknown Source)
	at TempTestSuite1556819216050.run(TempTestSuite1556819216050.groovy:35)
Caused by: org.openqa.selenium.ElementNotInteractableException: Element <option> could not be scrolled into view
Build info: version: '3.7.1', revision: '8a0099a', time: '2017-11-06T21:07:36.161Z'
System info: host: 'ALLISONCOTIGNOL', ip: '172.19.15.34', os.name: 'Windows 7', os.arch: 'amd64', os.version: '6.1', java.version: '1.8.0_181'
Driver info: com.kms.katalon.core.webui.driver.firefox.CGeckoDriver
Capabilities {acceptInsecureCerts: true, browserName: firefox, browserVersion: 66.0.3, javascriptEnabled: true, moz:accessibilityChecks: false, moz:geckodriverVersion: 0.24.0, moz:headless: false, moz:processID: 9744, moz:profile: C:\Users\Andres.Jaramillo\A..., moz:shutdownTimeout: 60000, moz:useNonSpecCompliantPointerOrigin: false, moz:webdriverClick: true, pageLoadStrategy: normal, platform: WINDOWS, platformName: WINDOWS, platformVersion: 6.1, proxy: Proxy(direct), rotatable: false, setWindowRect: true, strictFileInteractability: false, timeouts: {implicit: 0, pageLoad: 300000, script: 30000}, unhandledPromptBehavior: dismiss and notify}
Session ID: 59cb8743-a318-4f44-ae9d-fb1d44723dc9
	at org.openqa.selenium.remote.http.W3CHttpResponseCodec.createException(W3CHttpResponseCodec.java:187)
	at org.openqa.selenium.remote.http.W3CHttpResponseCodec.decode(W3CHttpResponseCodec.java:122)
	at org.openqa.selenium.remote.http.W3CHttpResponseCodec.decode(W3CHttpResponseCodec.java:49)
	at org.openqa.selenium.remote.HttpCommandExecutor.execute(HttpCommandExecutor.java:164)
	at org.openqa.selenium.remote.service.DriverCommandExecutor.execute(DriverCommandExecutor.java:83)
	at org.openqa.selenium.remote.RemoteWebDriver.execute(RemoteWebDriver.java:600)
	at com.kms.katalon.selenium.driver.CFirefoxDriver.execute(CFirefoxDriver.java:28)
	at org.openqa.selenium.remote.RemoteWebElement.execute(RemoteWebElement.java:279)
	at org.openqa.selenium.remote.RemoteWebElement.click(RemoteWebElement.java:83)
	at org.openqa.selenium.support.ui.Select.setSelected(Select.java:324)
	at org.openqa.selenium.support.ui.Select.selectByVisibleText(Select.java:120)
	at com.kms.katalon.core.webui.common.WebUiCommonHelper.selectOrDeselectOptionsByLabel(WebUiCommonHelper.java:302)
	at com.kms.katalon.core.webui.keyword.builtin.SelectOptionByLabelKeyword$_selectOptionByLabel_closure1.doCall(SelectOptionByLabelKeyword.groovy:87)
	at com.kms.katalon.core.webui.keyword.builtin.SelectOptionByLabelKeyword$_selectOptionByLabel_closure1.call(SelectOptionByLabelKeyword.groovy)
	at com.kms.katalon.core.webui.keyword.internal.WebUIKeywordMain.runKeyword(WebUIKeywordMain.groovy:20)
	at com.kms.katalon.core.webui.keyword.builtin.SelectOptionByLabelKeyword.selectOptionByLabel(SelectOptionByLabelKeyword.groovy:98)
	at com.kms.katalon.core.webui.keyword.builtin.SelectOptionByLabelKeyword.execute(SelectOptionByLabelKeyword.groovy:71)
	at com.kms.katalon.core.keyword.internal.KeywordExecutor.executeKeywordForPlatform(KeywordExecutor.groovy:56)
	at com.kms.katalon.core.webui.keyword.WebUiBuiltInKeywords.selectOptionByLabel(WebUiBuiltInKeywords.groovy:1183)
	at com.kms.katalon.core.webui.keyword.WebUiBuiltInKeywords$selectOptionByLabel$6.call(Unknown Source)
	at Script1556809888858.run(Script1556809888858.groovy:68)
	... 13 more
)
	at com.kms.katalon.core.keyword.internal.KeywordMain.stepFailed(KeywordMain.groovy:37)
	at com.kms.katalon.core.webui.keyword.internal.WebUIKeywordMain.stepFailed(WebUIKeywordMain.groovy:64)
	at com.kms.katalon.core.webui.keyword.internal.WebUIKeywordMain.runKeyword(WebUIKeywordMain.groovy:26)
	at com.kms.katalon.core.webui.keyword.builtin.SelectOptionByLabelKeyword.selectOptionByLabel(SelectOptionByLabelKeyword.groovy:98)
	at com.kms.katalon.core.webui.keyword.builtin.SelectOptionByLabelKeyword.execute(SelectOptionByLabelKeyword.groovy:71)
	at com.kms.katalon.core.keyword.internal.KeywordExecutor.executeKeywordForPlatform(KeywordExecutor.groovy:56)
	at com.kms.katalon.core.webui.keyword.WebUiBuiltInKeywords.selectOptionByLabel(WebUiBuiltInKeywords.groovy:1183)
	at com.kms.katalon.core.webui.keyword.WebUiBuiltInKeywords$selectOptionByLabel$6.call(Unknown Source)
	at Booking03.run(Booking03:68)
	at com.kms.katalon.core.main.ScriptEngine.run(ScriptEngine.java:194)
	at com.kms.katalon.core.main.ScriptEngine.runScriptAsRawText(ScriptEngine.java:119)
	at com.kms.katalon.core.main.TestCaseExecutor.runScript(TestCaseExecutor.java:331)
	at com.kms.katalon.core.main.TestCaseExecutor.doExecute(TestCaseExecutor.java:322)
	at com.kms.katalon.core.main.TestCaseExecutor.processExecutionPhase(TestCaseExecutor.java:301)
	at com.kms.katalon.core.main.TestCaseExecutor.accessMainPhase(TestCaseExecutor.java:293)
	at com.kms.katalon.core.main.TestCaseExecutor.execute(TestCaseExecutor.java:227)
	at com.kms.katalon.core.main.TestSuiteExecutor.accessTestCaseMainPhase(TestSuiteExecutor.java:129)
	at com.kms.katalon.core.main.TestSuiteExecutor.accessTestSuiteMainPhase(TestSuiteExecutor.java:112)
	at com.kms.katalon.core.main.TestSuiteExecutor.execute(TestSuiteExecutor.java:81)
	at com.kms.katalon.core.main.TestCaseMain.startTestSuite(TestCaseMain.java:157)
	at com.kms.katalon.core.main.TestCaseMain$startTestSuite$0.call(Unknown Source)
	at TempTestSuite1556819216050.run(TempTestSuite1556819216050.groovy:35)
Caused by: com.kms.katalon.core.exception.StepFailedException: Unable to select option by label 'August' of object 'Object Repository/homepage/sel_date_month1' 
	... 21 more
Caused by: org.openqa.selenium.ElementNotInteractableException: Element <option> could not be scrolled into view
Build info: version: '3.7.1', revision: '8a0099a', time: '2017-11-06T21:07:36.161Z'
System info: host: 'ALLISONCOTIGNOL', ip: '172.19.15.34', os.name: 'Windows 7', os.arch: 'amd64', os.version: '6.1', java.version: '1.8.0_181'
Driver info: com.kms.katalon.core.webui.driver.firefox.CGeckoDriver
Capabilities {acceptInsecureCerts: true, browserName: firefox, browserVersion: 66.0.3, javascriptEnabled: true, moz:accessibilityChecks: false, moz:geckodriverVersion: 0.24.0, moz:headless: false, moz:processID: 9744, moz:profile: C:\Users\Andres.Jaramillo\A..., moz:shutdownTimeout: 60000, moz:useNonSpecCompliantPointerOrigin: false, moz:webdriverClick: true, pageLoadStrategy: normal, platform: WINDOWS, platformName: WINDOWS, platformVersion: 6.1, proxy: Proxy(direct), rotatable: false, setWindowRect: true, strictFileInteractability: false, timeouts: {implicit: 0, pageLoad: 300000, script: 30000}, unhandledPromptBehavior: dismiss and notify}
Session ID: 59cb8743-a318-4f44-ae9d-fb1d44723dc9
	at org.openqa.selenium.remote.http.W3CHttpResponseCodec.createException(W3CHttpResponseCodec.java:187)
	at org.openqa.selenium.remote.http.W3CHttpResponseCodec.decode(W3CHttpResponseCodec.java:122)
	at org.openqa.selenium.remote.http.W3CHttpResponseCodec.decode(W3CHttpResponseCodec.java:49)
	at org.openqa.selenium.remote.HttpCommandExecutor.execute(HttpCommandExecutor.java:164)
	at org.openqa.selenium.remote.service.DriverCommandExecutor.execute(DriverCommandExecutor.java:83)
	at org.openqa.selenium.remote.RemoteWebDriver.execute(RemoteWebDriver.java:600)
	at com.kms.katalon.selenium.driver.CFirefoxDriver.execute(CFirefoxDriver.java:28)
	at org.openqa.selenium.remote.RemoteWebElement.execute(RemoteWebElement.java:279)
	at org.openqa.selenium.remote.RemoteWebElement.click(RemoteWebElement.java:83)
	at org.openqa.selenium.support.ui.Select.setSelected(Select.java:324)
	at org.openqa.selenium.support.ui.Select.selectByVisibleText(Select.java:120)
	at com.kms.katalon.core.webui.common.WebUiCommonHelper.selectOrDeselectOptionsByLabel(WebUiCommonHelper.java:302)
	at com.kms.katalon.core.webui.keyword.builtin.SelectOptionByLabelKeyword$_selectOptionByLabel_closure1.doCall(SelectOptionByLabelKeyword.groovy:87)
	at com.kms.katalon.core.webui.keyword.builtin.SelectOptionByLabelKeyword$_selectOptionByLabel_closure1.call(SelectOptionByLabelKeyword.groovy)
	at com.kms.katalon.core.webui.keyword.internal.WebUIKeywordMain.runKeyword(WebUIKeywordMain.groovy:20)
	at com.kms.katalon.core.webui.keyword.builtin.SelectOptionByLabelKeyword.selectOptionByLabel(SelectOptionByLabelKeyword.groovy:98)
	at com.kms.katalon.core.webui.keyword.builtin.SelectOptionByLabelKeyword.execute(SelectOptionByLabelKeyword.groovy:71)
	at com.kms.katalon.core.keyword.internal.KeywordExecutor.executeKeywordForPlatform(KeywordExecutor.groovy:56)
	at com.kms.katalon.core.webui.keyword.WebUiBuiltInKeywords.selectOptionByLabel(WebUiBuiltInKeywords.groovy:1183)
	at com.kms.katalon.core.webui.keyword.WebUiBuiltInKeywords$selectOptionByLabel$6.call(Unknown Source)
	at Script1556809888858.run(Script1556809888858.groovy:68)
	... 13 more


2019-05-02 13:48:19 - [TEST_STEP][PASSED] - openBrowser("https://bookit-qa6.com"): Browser is opened with url: 'https://bookit-qa6.com'

2019-05-02 13:48:19 - [MESSAGE][WARNING] - A browser is already opened. Closing browser and opening a new one

2019-05-02 13:48:21 - [MESSAGE][INFO] - Starting 'Firefox' driver

2019-05-02 13:48:30 - [MESSAGE][PASSED] - Browser is opened with url: 'https://bookit-qa6.com'

2019-05-02 13:48:30 - [TEST_STEP][PASSED] - click(findTestObject("homepage/flight_checkbox")): Object: 'Object Repository/homepage/flight_checkbox' is clicked on

2019-05-02 13:48:32 - [MESSAGE][PASSED] - Object: 'Object Repository/homepage/flight_checkbox' is clicked on

2019-05-02 13:48:32 - [TEST_STEP][PASSED] - setText(findTestObject("homepage/city_or_airport"), "cheese"): Text 'cheese' is set on object 'Object Repository/homepage/city_or_airport'

2019-05-02 13:48:33 - [MESSAGE][PASSED] - Text 'cheese' is set on object 'Object Repository/homepage/city_or_airport'

2019-05-02 13:48:33 - [TEST_STEP][PASSED] - delay(1): Delayed 1 second(s)

2019-05-02 13:48:34 - [MESSAGE][PASSED] - Delayed 1 second(s)

2019-05-02 13:48:34 - [TEST_STEP][PASSED] - click(findTestObject("homepage/div_Cheese City IL US")): Object: 'Object Repository/homepage/div_Cheese City IL US' is clicked on

2019-05-02 13:48:35 - [MESSAGE][PASSED] - Object: 'Object Repository/homepage/div_Cheese City IL US' is clicked on

2019-05-02 13:48:35 - [TEST_STEP][PASSED] - checkinId = getAttribute(findTestObject("homepage/checkin_date"), "id"): Attribute 'id' of object 'Object Repository/homepage/checkin_date' is: 'ember532-fd'

2019-05-02 13:48:35 - [MESSAGE][PASSED] - Attribute 'id' of object 'Object Repository/homepage/checkin_date' is: 'ember532-fd'

2019-05-02 13:48:35 - [TEST_STEP][PASSED] - checkoutId = getAttribute(findTestObject("homepage/checkout_date"), "id"): Attribute 'id' of object 'Object Repository/homepage/checkout_date' is: 'ember532-td'

2019-05-02 13:48:35 - [MESSAGE][PASSED] - Attribute 'id' of object 'Object Repository/homepage/checkout_date' is: 'ember532-td'

2019-05-02 13:48:35 - [TEST_STEP][PASSED] - iniDate = moIni + "/" + dayIni + "/" + yrIni: null

2019-05-02 13:48:35 - [TEST_STEP][PASSED] - myIniDate = "$('#" + checkinId + "').val('" + iniDate + "')": null

2019-05-02 13:48:35 - [TEST_STEP][PASSED] - endDate = moEnd + "/" + dayEnd + "/" + yrEnd: null

2019-05-02 13:48:35 - [TEST_STEP][PASSED] - myEndDate = "$('#" + checkoutId + "').val('" + endDate + "')": null

2019-05-02 13:48:35 - [TEST_STEP][PASSED] - strMoIni = bookitKeywords.commonFunctions.getMonthName(moIni): bookitKeywords.commonFunctions.getMonthName is PASSED

2019-05-02 13:48:35 - [MESSAGE][PASSED] - bookitKeywords.commonFunctions.getMonthName is PASSED

2019-05-02 13:48:35 - [TEST_STEP][PASSED] - strMoEnd = bookitKeywords.commonFunctions.getMonthName(moEnd): bookitKeywords.commonFunctions.getMonthName is PASSED

2019-05-02 13:48:35 - [MESSAGE][PASSED] - bookitKeywords.commonFunctions.getMonthName is PASSED

2019-05-02 13:48:35 - [TEST_STEP][PASSED] - dIni = Integer.parseInt(dayIni): null

2019-05-02 13:48:35 - [TEST_STEP][PASSED] - dEnd = Integer.parseInt(dayEnd): null

2019-05-02 13:48:35 - [TEST_STEP][PASSED] - println(dIni): null

2019-05-02 13:48:35 - [TEST_STEP][PASSED] - println(dEnd): null

2019-05-02 13:48:35 - [TEST_STEP][PASSED] - click(findTestObject("homepage/checkin_date")): Object: 'Object Repository/homepage/checkin_date' is clicked on

2019-05-02 13:48:35 - [MESSAGE][PASSED] - Object: 'Object Repository/homepage/checkin_date' is clicked on

2019-05-02 13:48:35 - [TEST_STEP][PASSED] - delay(1): Delayed 1 second(s)

2019-05-02 13:48:36 - [MESSAGE][PASSED] - Delayed 1 second(s)

2019-05-02 13:48:36 - [TEST_STEP][PASSED] - if (verifyElementPresent(findTestObject("homepage/sel_date_month1"), 1, CONTINUE_ON_FAILURE)): null

2019-05-02 13:48:36 - [MESSAGE][PASSED] - Object 'Object Repository/homepage/sel_date_month1' is present

2019-05-02 13:48:36 - [TEST_STEP][PASSED] - if (waitForElementClickable(findTestObject("homepage/sel_date_month1"), 1, CONTINUE_ON_FAILURE)): null

2019-05-02 13:48:36 - [MESSAGE][PASSED] - Object 'Object Repository/homepage/sel_date_month1' is clickable

2019-05-02 13:48:36 - [TEST_STEP][PASSED] - if (verifyOptionPresentByLabel(findTestObject("homepage/sel_date_month1"), strMoIni, false, 1, CONTINUE_ON_FAILURE)): Delayed 1 second(s)

2019-05-02 13:48:36 - [MESSAGE][PASSED] - 1 option(s) with label 'August' is/are present in object 'Object Repository/homepage/sel_date_month1' 

2019-05-02 13:48:36 - [TEST_STEP][FAILED] - selectOptionByLabel(findTestObject("homepage/sel_date_month1"), strMoIni, false, CONTINUE_ON_FAILURE): Unable to select option by label 'August' of object 'Object Repository/homepage/sel_date_month1'  (Root cause: com.kms.katalon.core.exception.StepFailedException: Unable to select option by label 'August' of object 'Object Repository/homepage/sel_date_month1' 
	at com.kms.katalon.core.webui.keyword.internal.WebUIKeywordMain.stepFailed(WebUIKeywordMain.groovy:64)
	at com.kms.katalon.core.webui.keyword.internal.WebUIKeywordMain.runKeyword(WebUIKeywordMain.groovy:26)
	at com.kms.katalon.core.webui.keyword.builtin.SelectOptionByLabelKeyword.selectOptionByLabel(SelectOptionByLabelKeyword.groovy:98)
	at com.kms.katalon.core.webui.keyword.builtin.SelectOptionByLabelKeyword.execute(SelectOptionByLabelKeyword.groovy:71)
	at com.kms.katalon.core.keyword.internal.KeywordExecutor.executeKeywordForPlatform(KeywordExecutor.groovy:56)
	at com.kms.katalon.core.webui.keyword.WebUiBuiltInKeywords.selectOptionByLabel(WebUiBuiltInKeywords.groovy:1183)
	at com.kms.katalon.core.webui.keyword.WebUiBuiltInKeywords$selectOptionByLabel$6.call(Unknown Source)
	at Booking03.run(Booking03:68)
	at com.kms.katalon.core.main.ScriptEngine.run(ScriptEngine.java:194)
	at com.kms.katalon.core.main.ScriptEngine.runScriptAsRawText(ScriptEngine.java:119)
	at com.kms.katalon.core.main.TestCaseExecutor.runScript(TestCaseExecutor.java:331)
	at com.kms.katalon.core.main.TestCaseExecutor.doExecute(TestCaseExecutor.java:322)
	at com.kms.katalon.core.main.TestCaseExecutor.processExecutionPhase(TestCaseExecutor.java:301)
	at com.kms.katalon.core.main.TestCaseExecutor.accessMainPhase(TestCaseExecutor.java:293)
	at com.kms.katalon.core.main.TestCaseExecutor.execute(TestCaseExecutor.java:227)
	at com.kms.katalon.core.main.TestSuiteExecutor.accessTestCaseMainPhase(TestSuiteExecutor.java:129)
	at com.kms.katalon.core.main.TestSuiteExecutor.accessTestSuiteMainPhase(TestSuiteExecutor.java:112)
	at com.kms.katalon.core.main.TestSuiteExecutor.execute(TestSuiteExecutor.java:81)
	at com.kms.katalon.core.main.TestCaseMain.startTestSuite(TestCaseMain.java:157)
	at com.kms.katalon.core.main.TestCaseMain$startTestSuite$0.call(Unknown Source)
	at TempTestSuite1556819216050.run(TempTestSuite1556819216050.groovy:35)
Caused by: org.openqa.selenium.ElementNotInteractableException: Element <option> could not be scrolled into view
Build info: version: '3.7.1', revision: '8a0099a', time: '2017-11-06T21:07:36.161Z'
System info: host: 'ALLISONCOTIGNOL', ip: '172.19.15.34', os.name: 'Windows 7', os.arch: 'amd64', os.version: '6.1', java.version: '1.8.0_181'
Driver info: com.kms.katalon.core.webui.driver.firefox.CGeckoDriver
Capabilities {acceptInsecureCerts: true, browserName: firefox, browserVersion: 66.0.3, javascriptEnabled: true, moz:accessibilityChecks: false, moz:geckodriverVersion: 0.24.0, moz:headless: false, moz:processID: 9744, moz:profile: C:\Users\Andres.Jaramillo\A..., moz:shutdownTimeout: 60000, moz:useNonSpecCompliantPointerOrigin: false, moz:webdriverClick: true, pageLoadStrategy: normal, platform: WINDOWS, platformName: WINDOWS, platformVersion: 6.1, proxy: Proxy(direct), rotatable: false, setWindowRect: true, strictFileInteractability: false, timeouts: {implicit: 0, pageLoad: 300000, script: 30000}, unhandledPromptBehavior: dismiss and notify}
Session ID: 59cb8743-a318-4f44-ae9d-fb1d44723dc9
	at org.openqa.selenium.remote.http.W3CHttpResponseCodec.createException(W3CHttpResponseCodec.java:187)
	at org.openqa.selenium.remote.http.W3CHttpResponseCodec.decode(W3CHttpResponseCodec.java:122)
	at org.openqa.selenium.remote.http.W3CHttpResponseCodec.decode(W3CHttpResponseCodec.java:49)
	at org.openqa.selenium.remote.HttpCommandExecutor.execute(HttpCommandExecutor.java:164)
	at org.openqa.selenium.remote.service.DriverCommandExecutor.execute(DriverCommandExecutor.java:83)
	at org.openqa.selenium.remote.RemoteWebDriver.execute(RemoteWebDriver.java:600)
	at com.kms.katalon.selenium.driver.CFirefoxDriver.execute(CFirefoxDriver.java:28)
	at org.openqa.selenium.remote.RemoteWebElement.execute(RemoteWebElement.java:279)
	at org.openqa.selenium.remote.RemoteWebElement.click(RemoteWebElement.java:83)
	at org.openqa.selenium.support.ui.Select.setSelected(Select.java:324)
	at org.openqa.selenium.support.ui.Select.selectByVisibleText(Select.java:120)
	at com.kms.katalon.core.webui.common.WebUiCommonHelper.selectOrDeselectOptionsByLabel(WebUiCommonHelper.java:302)
	at com.kms.katalon.core.webui.keyword.builtin.SelectOptionByLabelKeyword$_selectOptionByLabel_closure1.doCall(SelectOptionByLabelKeyword.groovy:87)
	at com.kms.katalon.core.webui.keyword.builtin.SelectOptionByLabelKeyword$_selectOptionByLabel_closure1.call(SelectOptionByLabelKeyword.groovy)
	at com.kms.katalon.core.webui.keyword.internal.WebUIKeywordMain.runKeyword(WebUIKeywordMain.groovy:20)
	at com.kms.katalon.core.webui.keyword.builtin.SelectOptionByLabelKeyword.selectOptionByLabel(SelectOptionByLabelKeyword.groovy:98)
	at com.kms.katalon.core.webui.keyword.builtin.SelectOptionByLabelKeyword.execute(SelectOptionByLabelKeyword.groovy:71)
	at com.kms.katalon.core.keyword.internal.KeywordExecutor.executeKeywordForPlatform(KeywordExecutor.groovy:56)
	at com.kms.katalon.core.webui.keyword.WebUiBuiltInKeywords.selectOptionByLabel(WebUiBuiltInKeywords.groovy:1183)
	at com.kms.katalon.core.webui.keyword.WebUiBuiltInKeywords$selectOptionByLabel$6.call(Unknown Source)
	at Script1556809888858.run(Script1556809888858.groovy:68)
	... 13 more
)

2019-05-02 13:48:37 - [MESSAGE][FAILED] - Unable to select option by label 'August' of object 'Object Repository/homepage/sel_date_month1'  (Root cause: com.kms.katalon.core.exception.StepFailedException: Unable to select option by label 'August' of object 'Object Repository/homepage/sel_date_month1' 
	at com.kms.katalon.core.webui.keyword.internal.WebUIKeywordMain.stepFailed(WebUIKeywordMain.groovy:64)
	at com.kms.katalon.core.webui.keyword.internal.WebUIKeywordMain.runKeyword(WebUIKeywordMain.groovy:26)
	at com.kms.katalon.core.webui.keyword.builtin.SelectOptionByLabelKeyword.selectOptionByLabel(SelectOptionByLabelKeyword.groovy:98)
	at com.kms.katalon.core.webui.keyword.builtin.SelectOptionByLabelKeyword.execute(SelectOptionByLabelKeyword.groovy:71)
	at com.kms.katalon.core.keyword.internal.KeywordExecutor.executeKeywordForPlatform(KeywordExecutor.groovy:56)
	at com.kms.katalon.core.webui.keyword.WebUiBuiltInKeywords.selectOptionByLabel(WebUiBuiltInKeywords.groovy:1183)
	at com.kms.katalon.core.webui.keyword.WebUiBuiltInKeywords$selectOptionByLabel$6.call(Unknown Source)
	at Booking03.run(Booking03:68)
	at com.kms.katalon.core.main.ScriptEngine.run(ScriptEngine.java:194)
	at com.kms.katalon.core.main.ScriptEngine.runScriptAsRawText(ScriptEngine.java:119)
	at com.kms.katalon.core.main.TestCaseExecutor.runScript(TestCaseExecutor.java:331)
	at com.kms.katalon.core.main.TestCaseExecutor.doExecute(TestCaseExecutor.java:322)
	at com.kms.katalon.core.main.TestCaseExecutor.processExecutionPhase(TestCaseExecutor.java:301)
	at com.kms.katalon.core.main.TestCaseExecutor.accessMainPhase(TestCaseExecutor.java:293)
	at com.kms.katalon.core.main.TestCaseExecutor.execute(TestCaseExecutor.java:227)
	at com.kms.katalon.core.main.TestSuiteExecutor.accessTestCaseMainPhase(TestSuiteExecutor.java:129)
	at com.kms.katalon.core.main.TestSuiteExecutor.accessTestSuiteMainPhase(TestSuiteExecutor.java:112)
	at com.kms.katalon.core.main.TestSuiteExecutor.execute(TestSuiteExecutor.java:81)
	at com.kms.katalon.core.main.TestCaseMain.startTestSuite(TestCaseMain.java:157)
	at com.kms.katalon.core.main.TestCaseMain$startTestSuite$0.call(Unknown Source)
	at TempTestSuite1556819216050.run(TempTestSuite1556819216050.groovy:35)
Caused by: org.openqa.selenium.ElementNotInteractableException: Element <option> could not be scrolled into view
Build info: version: '3.7.1', revision: '8a0099a', time: '2017-11-06T21:07:36.161Z'
System info: host: 'ALLISONCOTIGNOL', ip: '172.19.15.34', os.name: 'Windows 7', os.arch: 'amd64', os.version: '6.1', java.version: '1.8.0_181'
Driver info: com.kms.katalon.core.webui.driver.firefox.CGeckoDriver
Capabilities {acceptInsecureCerts: true, browserName: firefox, browserVersion: 66.0.3, javascriptEnabled: true, moz:accessibilityChecks: false, moz:geckodriverVersion: 0.24.0, moz:headless: false, moz:processID: 9744, moz:profile: C:\Users\Andres.Jaramillo\A..., moz:shutdownTimeout: 60000, moz:useNonSpecCompliantPointerOrigin: false, moz:webdriverClick: true, pageLoadStrategy: normal, platform: WINDOWS, platformName: WINDOWS, platformVersion: 6.1, proxy: Proxy(direct), rotatable: false, setWindowRect: true, strictFileInteractability: false, timeouts: {implicit: 0, pageLoad: 300000, script: 30000}, unhandledPromptBehavior: dismiss and notify}
Session ID: 59cb8743-a318-4f44-ae9d-fb1d44723dc9
	at org.openqa.selenium.remote.http.W3CHttpResponseCodec.createException(W3CHttpResponseCodec.java:187)
	at org.openqa.selenium.remote.http.W3CHttpResponseCodec.decode(W3CHttpResponseCodec.java:122)
	at org.openqa.selenium.remote.http.W3CHttpResponseCodec.decode(W3CHttpResponseCodec.java:49)
	at org.openqa.selenium.remote.HttpCommandExecutor.execute(HttpCommandExecutor.java:164)
	at org.openqa.selenium.remote.service.DriverCommandExecutor.execute(DriverCommandExecutor.java:83)
	at org.openqa.selenium.remote.RemoteWebDriver.execute(RemoteWebDriver.java:600)
	at com.kms.katalon.selenium.driver.CFirefoxDriver.execute(CFirefoxDriver.java:28)
	at org.openqa.selenium.remote.RemoteWebElement.execute(RemoteWebElement.java:279)
	at org.openqa.selenium.remote.RemoteWebElement.click(RemoteWebElement.java:83)
	at org.openqa.selenium.support.ui.Select.setSelected(Select.java:324)
	at org.openqa.selenium.support.ui.Select.selectByVisibleText(Select.java:120)
	at com.kms.katalon.core.webui.common.WebUiCommonHelper.selectOrDeselectOptionsByLabel(WebUiCommonHelper.java:302)
	at com.kms.katalon.core.webui.keyword.builtin.SelectOptionByLabelKeyword$_selectOptionByLabel_closure1.doCall(SelectOptionByLabelKeyword.groovy:87)
	at com.kms.katalon.core.webui.keyword.builtin.SelectOptionByLabelKeyword$_selectOptionByLabel_closure1.call(SelectOptionByLabelKeyword.groovy)
	at com.kms.katalon.core.webui.keyword.internal.WebUIKeywordMain.runKeyword(WebUIKeywordMain.groovy:20)
	at com.kms.katalon.core.webui.keyword.builtin.SelectOptionByLabelKeyword.selectOptionByLabel(SelectOptionByLabelKeyword.groovy:98)
	at com.kms.katalon.core.webui.keyword.builtin.SelectOptionByLabelKeyword.execute(SelectOptionByLabelKeyword.groovy:71)
	at com.kms.katalon.core.keyword.internal.KeywordExecutor.executeKeywordForPlatform(KeywordExecutor.groovy:56)
	at com.kms.katalon.core.webui.keyword.WebUiBuiltInKeywords.selectOptionByLabel(WebUiBuiltInKeywords.groovy:1183)
	at com.kms.katalon.core.webui.keyword.WebUiBuiltInKeywords$selectOptionByLabel$6.call(Unknown Source)
	at Script1556809888858.run(Script1556809888858.groovy:68)
	... 13 more
)
[[ATTACHMENT|C:\\Users\\Andres.Jaramillo\\git\\bookit-bookingtests-katalon\\Reports\\TestSuiteForBookit2\\20190502_134656\\1556819316900.png]]

2019-05-02 13:48:37 - [TEST_STEP][PASSED] - delay(1): Delayed 1 second(s)

2019-05-02 13:48:38 - [MESSAGE][PASSED] - Delayed 1 second(s)

2019-05-02 13:48:38 - [TEST_STEP][PASSED] - if (verifyElementPresent(findTestObject("homepage/sel_date_year1"), 1, CONTINUE_ON_FAILURE)): null

2019-05-02 13:48:38 - [MESSAGE][PASSED] - Object 'Object Repository/homepage/sel_date_year1' is present

2019-05-02 13:48:38 - [TEST_STEP][PASSED] - if (waitForElementClickable(findTestObject("homepage/sel_date_year1"), 1, CONTINUE_ON_FAILURE)): null

2019-05-02 13:48:38 - [MESSAGE][PASSED] - Object 'Object Repository/homepage/sel_date_year1' is clickable

2019-05-02 13:48:38 - [TEST_STEP][PASSED] - if (verifyOptionPresentByLabel(findTestObject("homepage/sel_date_year1"), yrIni, false, 1, CONTINUE_ON_FAILURE)): Delayed 1 second(s)

2019-05-02 13:48:38 - [MESSAGE][PASSED] - 1 option(s) with label '2019' is/are present in object 'Object Repository/homepage/sel_date_year1' 

2019-05-02 13:48:38 - [TEST_STEP][PASSED] - selectOptionByLabel(findTestObject("homepage/sel_date_year1"), yrIni, false, CONTINUE_ON_FAILURE): All options with label '2019' are selected in object 'Object Repository/homepage/sel_date_year1' 

2019-05-02 13:48:38 - [MESSAGE][PASSED] - All options with label '2019' are selected in object 'Object Repository/homepage/sel_date_year1' 

2019-05-02 13:48:38 - [TEST_STEP][PASSED] - delay(1): Delayed 1 second(s)

2019-05-02 13:48:39 - [MESSAGE][PASSED] - Delayed 1 second(s)

2019-05-02 13:48:39 - [TEST_STEP][PASSED] - dynxpath = "//div[contains(@class, 'pika-single') and contains(@class, 'is-bound') and not(contains(@class, 'is-hidden'))]/div[@class='pika-lendar'][1]/table[@class='pika-table']/tbody/tr/td/button[count(. | //*[@type = 'button' and @data-pika-day = '" + dIni + "']) = count(//*[@type = 'button' and @data-pika-day = '" + dIni + "'])]": null

2019-05-02 13:48:39 - [TEST_STEP][PASSED] - to = new com.kms.katalon.core.testobject.TestObject(eldia): null

2019-05-02 13:48:39 - [TEST_STEP][PASSED] - to.addProperty("xpath", EQUALS, dynxpath): null

2019-05-02 13:48:39 - [TEST_STEP][FAILED] - click(to): click(to) FAILED.
Reason:
com.kms.katalon.core.exception.StepFailedException: Unable to select option by label 'August' of object 'Object Repository/homepage/sel_date_month1'  (Root cause: com.kms.katalon.core.exception.StepFailedException: Unable to select option by label 'August' of object 'Object Repository/homepage/sel_date_month1' 
	at com.kms.katalon.core.webui.keyword.internal.WebUIKeywordMain.stepFailed(WebUIKeywordMain.groovy:64)
	at com.kms.katalon.core.webui.keyword.internal.WebUIKeywordMain.runKeyword(WebUIKeywordMain.groovy:26)
	at com.kms.katalon.core.webui.keyword.builtin.SelectOptionByLabelKeyword.selectOptionByLabel(SelectOptionByLabelKeyword.groovy:98)
	at com.kms.katalon.core.webui.keyword.builtin.SelectOptionByLabelKeyword.execute(SelectOptionByLabelKeyword.groovy:71)
	at com.kms.katalon.core.keyword.internal.KeywordExecutor.executeKeywordForPlatform(KeywordExecutor.groovy:56)
	at com.kms.katalon.core.webui.keyword.WebUiBuiltInKeywords.selectOptionByLabel(WebUiBuiltInKeywords.groovy:1183)
	at com.kms.katalon.core.webui.keyword.WebUiBuiltInKeywords$selectOptionByLabel$6.call(Unknown Source)
	at Booking03.run(Booking03:68)
	at com.kms.katalon.core.main.ScriptEngine.run(ScriptEngine.java:194)
	at com.kms.katalon.core.main.ScriptEngine.runScriptAsRawText(ScriptEngine.java:119)
	at com.kms.katalon.core.main.TestCaseExecutor.runScript(TestCaseExecutor.java:331)
	at com.kms.katalon.core.main.TestCaseExecutor.doExecute(TestCaseExecutor.java:322)
	at com.kms.katalon.core.main.TestCaseExecutor.processExecutionPhase(TestCaseExecutor.java:301)
	at com.kms.katalon.core.main.TestCaseExecutor.accessMainPhase(TestCaseExecutor.java:293)
	at com.kms.katalon.core.main.TestCaseExecutor.execute(TestCaseExecutor.java:227)
	at com.kms.katalon.core.main.TestSuiteExecutor.accessTestCaseMainPhase(TestSuiteExecutor.java:129)
	at com.kms.katalon.core.main.TestSuiteExecutor.accessTestSuiteMainPhase(TestSuiteExecutor.java:112)
	at com.kms.katalon.core.main.TestSuiteExecutor.execute(TestSuiteExecutor.java:81)
	at com.kms.katalon.core.main.TestCaseMain.startTestSuite(TestCaseMain.java:157)
	at com.kms.katalon.core.main.TestCaseMain$startTestSuite$0.call(Unknown Source)
	at TempTestSuite1556819216050.run(TempTestSuite1556819216050.groovy:35)
Caused by: org.openqa.selenium.ElementNotInteractableException: Element <option> could not be scrolled into view
Build info: version: '3.7.1', revision: '8a0099a', time: '2017-11-06T21:07:36.161Z'
System info: host: 'ALLISONCOTIGNOL', ip: '172.19.15.34', os.name: 'Windows 7', os.arch: 'amd64', os.version: '6.1', java.version: '1.8.0_181'
Driver info: com.kms.katalon.core.webui.driver.firefox.CGeckoDriver
Capabilities {acceptInsecureCerts: true, browserName: firefox, browserVersion: 66.0.3, javascriptEnabled: true, moz:accessibilityChecks: false, moz:geckodriverVersion: 0.24.0, moz:headless: false, moz:processID: 9744, moz:profile: C:\Users\Andres.Jaramillo\A..., moz:shutdownTimeout: 60000, moz:useNonSpecCompliantPointerOrigin: false, moz:webdriverClick: true, pageLoadStrategy: normal, platform: WINDOWS, platformName: WINDOWS, platformVersion: 6.1, proxy: Proxy(direct), rotatable: false, setWindowRect: true, strictFileInteractability: false, timeouts: {implicit: 0, pageLoad: 300000, script: 30000}, unhandledPromptBehavior: dismiss and notify}
Session ID: 59cb8743-a318-4f44-ae9d-fb1d44723dc9
	at org.openqa.selenium.remote.http.W3CHttpResponseCodec.createException(W3CHttpResponseCodec.java:187)
	at org.openqa.selenium.remote.http.W3CHttpResponseCodec.decode(W3CHttpResponseCodec.java:122)
	at org.openqa.selenium.remote.http.W3CHttpResponseCodec.decode(W3CHttpResponseCodec.java:49)
	at org.openqa.selenium.remote.HttpCommandExecutor.execute(HttpCommandExecutor.java:164)
	at org.openqa.selenium.remote.service.DriverCommandExecutor.execute(DriverCommandExecutor.java:83)
	at org.openqa.selenium.remote.RemoteWebDriver.execute(RemoteWebDriver.java:600)
	at com.kms.katalon.selenium.driver.CFirefoxDriver.execute(CFirefoxDriver.java:28)
	at org.openqa.selenium.remote.RemoteWebElement.execute(RemoteWebElement.java:279)
	at org.openqa.selenium.remote.RemoteWebElement.click(RemoteWebElement.java:83)
	at org.openqa.selenium.support.ui.Select.setSelected(Select.java:324)
	at org.openqa.selenium.support.ui.Select.selectByVisibleText(Select.java:120)
	at com.kms.katalon.core.webui.common.WebUiCommonHelper.selectOrDeselectOptionsByLabel(WebUiCommonHelper.java:302)
	at com.kms.katalon.core.webui.keyword.builtin.SelectOptionByLabelKeyword$_selectOptionByLabel_closure1.doCall(SelectOptionByLabelKeyword.groovy:87)
	at com.kms.katalon.core.webui.keyword.builtin.SelectOptionByLabelKeyword$_selectOptionByLabel_closure1.call(SelectOptionByLabelKeyword.groovy)
	at com.kms.katalon.core.webui.keyword.internal.WebUIKeywordMain.runKeyword(WebUIKeywordMain.groovy:20)
	at com.kms.katalon.core.webui.keyword.builtin.SelectOptionByLabelKeyword.selectOptionByLabel(SelectOptionByLabelKeyword.groovy:98)
	at com.kms.katalon.core.webui.keyword.builtin.SelectOptionByLabelKeyword.execute(SelectOptionByLabelKeyword.groovy:71)
	at com.kms.katalon.core.keyword.internal.KeywordExecutor.executeKeywordForPlatform(KeywordExecutor.groovy:56)
	at com.kms.katalon.core.webui.keyword.WebUiBuiltInKeywords.selectOptionByLabel(WebUiBuiltInKeywords.groovy:1183)
	at com.kms.katalon.core.webui.keyword.WebUiBuiltInKeywords$selectOptionByLabel$6.call(Unknown Source)
	at Script1556809888858.run(Script1556809888858.groovy:68)
	... 13 more
)
	at com.kms.katalon.core.keyword.internal.KeywordMain.stepFailed(KeywordMain.groovy:37)
	at com.kms.katalon.core.webui.keyword.internal.WebUIKeywordMain.stepFailed(WebUIKeywordMain.groovy:64)
	at com.kms.katalon.core.webui.keyword.internal.WebUIKeywordMain.runKeyword(WebUIKeywordMain.groovy:26)
	at com.kms.katalon.core.webui.keyword.builtin.SelectOptionByLabelKeyword.selectOptionByLabel(SelectOptionByLabelKeyword.groovy:98)
	at com.kms.katalon.core.webui.keyword.builtin.SelectOptionByLabelKeyword.execute(SelectOptionByLabelKeyword.groovy:71)
	at com.kms.katalon.core.keyword.internal.KeywordExecutor.executeKeywordForPlatform(KeywordExecutor.groovy:56)
	at com.kms.katalon.core.webui.keyword.WebUiBuiltInKeywords.selectOptionByLabel(WebUiBuiltInKeywords.groovy:1183)
	at com.kms.katalon.core.webui.keyword.WebUiBuiltInKeywords$selectOptionByLabel$6.call(Unknown Source)
	at Booking03.run(Booking03:68)
	at com.kms.katalon.core.main.ScriptEngine.run(ScriptEngine.java:194)
	at com.kms.katalon.core.main.ScriptEngine.runScriptAsRawText(ScriptEngine.java:119)
	at com.kms.katalon.core.main.TestCaseExecutor.runScript(TestCaseExecutor.java:331)
	at com.kms.katalon.core.main.TestCaseExecutor.doExecute(TestCaseExecutor.java:322)
	at com.kms.katalon.core.main.TestCaseExecutor.processExecutionPhase(TestCaseExecutor.java:301)
	at com.kms.katalon.core.main.TestCaseExecutor.accessMainPhase(TestCaseExecutor.java:293)
	at com.kms.katalon.core.main.TestCaseExecutor.execute(TestCaseExecutor.java:227)
	at com.kms.katalon.core.main.TestSuiteExecutor.accessTestCaseMainPhase(TestSuiteExecutor.java:129)
	at com.kms.katalon.core.main.TestSuiteExecutor.accessTestSuiteMainPhase(TestSuiteExecutor.java:112)
	at com.kms.katalon.core.main.TestSuiteExecutor.execute(TestSuiteExecutor.java:81)
	at com.kms.katalon.core.main.TestCaseMain.startTestSuite(TestCaseMain.java:157)
	at com.kms.katalon.core.main.TestCaseMain$startTestSuite$0.call(Unknown Source)
	at TempTestSuite1556819216050.run(TempTestSuite1556819216050.groovy:35)
Caused by: com.kms.katalon.core.exception.StepFailedException: Unable to select option by label 'August' of object 'Object Repository/homepage/sel_date_month1' 
	... 21 more
Caused by: org.openqa.selenium.ElementNotInteractableException: Element <option> could not be scrolled into view
Build info: version: '3.7.1', revision: '8a0099a', time: '2017-11-06T21:07:36.161Z'
System info: host: 'ALLISONCOTIGNOL', ip: '172.19.15.34', os.name: 'Windows 7', os.arch: 'amd64', os.version: '6.1', java.version: '1.8.0_181'
Driver info: com.kms.katalon.core.webui.driver.firefox.CGeckoDriver
Capabilities {acceptInsecureCerts: true, browserName: firefox, browserVersion: 66.0.3, javascriptEnabled: true, moz:accessibilityChecks: false, moz:geckodriverVersion: 0.24.0, moz:headless: false, moz:processID: 9744, moz:profile: C:\Users\Andres.Jaramillo\A..., moz:shutdownTimeout: 60000, moz:useNonSpecCompliantPointerOrigin: false, moz:webdriverClick: true, pageLoadStrategy: normal, platform: WINDOWS, platformName: WINDOWS, platformVersion: 6.1, proxy: Proxy(direct), rotatable: false, setWindowRect: true, strictFileInteractability: false, timeouts: {implicit: 0, pageLoad: 300000, script: 30000}, unhandledPromptBehavior: dismiss and notify}
Session ID: 59cb8743-a318-4f44-ae9d-fb1d44723dc9
	at org.openqa.selenium.remote.http.W3CHttpResponseCodec.createException(W3CHttpResponseCodec.java:187)
	at org.openqa.selenium.remote.http.W3CHttpResponseCodec.decode(W3CHttpResponseCodec.java:122)
	at org.openqa.selenium.remote.http.W3CHttpResponseCodec.decode(W3CHttpResponseCodec.java:49)
	at org.openqa.selenium.remote.HttpCommandExecutor.execute(HttpCommandExecutor.java:164)
	at org.openqa.selenium.remote.service.DriverCommandExecutor.execute(DriverCommandExecutor.java:83)
	at org.openqa.selenium.remote.RemoteWebDriver.execute(RemoteWebDriver.java:600)
	at com.kms.katalon.selenium.driver.CFirefoxDriver.execute(CFirefoxDriver.java:28)
	at org.openqa.selenium.remote.RemoteWebElement.execute(RemoteWebElement.java:279)
	at org.openqa.selenium.remote.RemoteWebElement.click(RemoteWebElement.java:83)
	at org.openqa.selenium.support.ui.Select.setSelected(Select.java:324)
	at org.openqa.selenium.support.ui.Select.selectByVisibleText(Select.java:120)
	at com.kms.katalon.core.webui.common.WebUiCommonHelper.selectOrDeselectOptionsByLabel(WebUiCommonHelper.java:302)
	at com.kms.katalon.core.webui.keyword.builtin.SelectOptionByLabelKeyword$_selectOptionByLabel_closure1.doCall(SelectOptionByLabelKeyword.groovy:87)
	at com.kms.katalon.core.webui.keyword.builtin.SelectOptionByLabelKeyword$_selectOptionByLabel_closure1.call(SelectOptionByLabelKeyword.groovy)
	at com.kms.katalon.core.webui.keyword.internal.WebUIKeywordMain.runKeyword(WebUIKeywordMain.groovy:20)
	at com.kms.katalon.core.webui.keyword.builtin.SelectOptionByLabelKeyword.selectOptionByLabel(SelectOptionByLabelKeyword.groovy:98)
	at com.kms.katalon.core.webui.keyword.builtin.SelectOptionByLabelKeyword.execute(SelectOptionByLabelKeyword.groovy:71)
	at com.kms.katalon.core.keyword.internal.KeywordExecutor.executeKeywordForPlatform(KeywordExecutor.groovy:56)
	at com.kms.katalon.core.webui.keyword.WebUiBuiltInKeywords.selectOptionByLabel(WebUiBuiltInKeywords.groovy:1183)
	at com.kms.katalon.core.webui.keyword.WebUiBuiltInKeywords$selectOptionByLabel$6.call(Unknown Source)
	at Script1556809888858.run(Script1556809888858.groovy:68)
	... 13 more


2019-05-02 13:48:40 - [MESSAGE][FAILED] - Unable to click on object 'eldia' (Root cause: com.kms.katalon.core.exception.StepFailedException: Unable to click on object 'eldia'
	at com.kms.katalon.core.webui.keyword.internal.WebUIKeywordMain.stepFailed(WebUIKeywordMain.groovy:64)
	at com.kms.katalon.core.webui.keyword.internal.WebUIKeywordMain.runKeyword(WebUIKeywordMain.groovy:26)
	at com.kms.katalon.core.webui.keyword.builtin.ClickKeyword.click(ClickKeyword.groovy:86)
	at com.kms.katalon.core.webui.keyword.builtin.ClickKeyword.execute(ClickKeyword.groovy:67)
	at com.kms.katalon.core.keyword.internal.KeywordExecutor.executeKeywordForPlatform(KeywordExecutor.groovy:56)
	at com.kms.katalon.core.webui.keyword.WebUiBuiltInKeywords.click(WebUiBuiltInKeywords.groovy:616)
	at com.kms.katalon.core.webui.keyword.WebUiBuiltInKeywords$click$0.call(Unknown Source)
	at Booking03.run(Booking03:90)
	at com.kms.katalon.core.main.ScriptEngine.run(ScriptEngine.java:194)
	at com.kms.katalon.core.main.ScriptEngine.runScriptAsRawText(ScriptEngine.java:119)
	at com.kms.katalon.core.main.TestCaseExecutor.runScript(TestCaseExecutor.java:331)
	at com.kms.katalon.core.main.TestCaseExecutor.doExecute(TestCaseExecutor.java:322)
	at com.kms.katalon.core.main.TestCaseExecutor.processExecutionPhase(TestCaseExecutor.java:301)
	at com.kms.katalon.core.main.TestCaseExecutor.accessMainPhase(TestCaseExecutor.java:293)
	at com.kms.katalon.core.main.TestCaseExecutor.execute(TestCaseExecutor.java:227)
	at com.kms.katalon.core.main.TestSuiteExecutor.accessTestCaseMainPhase(TestSuiteExecutor.java:129)
	at com.kms.katalon.core.main.TestSuiteExecutor.accessTestSuiteMainPhase(TestSuiteExecutor.java:112)
	at com.kms.katalon.core.main.TestSuiteExecutor.execute(TestSuiteExecutor.java:81)
	at com.kms.katalon.core.main.TestCaseMain.startTestSuite(TestCaseMain.java:157)
	at com.kms.katalon.core.main.TestCaseMain$startTestSuite$0.call(Unknown Source)
	at TempTestSuite1556819216050.run(TempTestSuite1556819216050.groovy:35)
Caused by: org.openqa.selenium.ElementClickInterceptedException: Element <button class="pika-button pika-day" type="button"> is not clickable at point (252,459) because another element <td class="is-disabled"> obscures it
Build info: version: '3.7.1', revision: '8a0099a', time: '2017-11-06T21:07:36.161Z'
System info: host: 'ALLISONCOTIGNOL', ip: '172.19.15.34', os.name: 'Windows 7', os.arch: 'amd64', os.version: '6.1', java.version: '1.8.0_181'
Driver info: com.kms.katalon.core.webui.driver.firefox.CGeckoDriver
Capabilities {acceptInsecureCerts: true, browserName: firefox, browserVersion: 66.0.3, javascriptEnabled: true, moz:accessibilityChecks: false, moz:geckodriverVersion: 0.24.0, moz:headless: false, moz:processID: 9744, moz:profile: C:\Users\Andres.Jaramillo\A..., moz:shutdownTimeout: 60000, moz:useNonSpecCompliantPointerOrigin: false, moz:webdriverClick: true, pageLoadStrategy: normal, platform: WINDOWS, platformName: WINDOWS, platformVersion: 6.1, proxy: Proxy(direct), rotatable: false, setWindowRect: true, strictFileInteractability: false, timeouts: {implicit: 0, pageLoad: 300000, script: 30000}, unhandledPromptBehavior: dismiss and notify}
Session ID: 59cb8743-a318-4f44-ae9d-fb1d44723dc9
	at org.openqa.selenium.remote.http.W3CHttpResponseCodec.createException(W3CHttpResponseCodec.java:187)
	at org.openqa.selenium.remote.http.W3CHttpResponseCodec.decode(W3CHttpResponseCodec.java:122)
	at org.openqa.selenium.remote.http.W3CHttpResponseCodec.decode(W3CHttpResponseCodec.java:49)
	at org.openqa.selenium.remote.HttpCommandExecutor.execute(HttpCommandExecutor.java:164)
	at org.openqa.selenium.remote.service.DriverCommandExecutor.execute(DriverCommandExecutor.java:83)
	at org.openqa.selenium.remote.RemoteWebDriver.execute(RemoteWebDriver.java:600)
	at com.kms.katalon.selenium.driver.CFirefoxDriver.execute(CFirefoxDriver.java:28)
	at org.openqa.selenium.remote.RemoteWebElement.execute(RemoteWebElement.java:279)
	at org.openqa.selenium.remote.RemoteWebElement.click(RemoteWebElement.java:83)
	at com.kms.katalon.core.webui.keyword.builtin.ClickKeyword$_click_closure1.doCall(ClickKeyword.groovy:79)
	at com.kms.katalon.core.webui.keyword.builtin.ClickKeyword$_click_closure1.call(ClickKeyword.groovy)
	at com.kms.katalon.core.webui.keyword.internal.WebUIKeywordMain.runKeyword(WebUIKeywordMain.groovy:20)
	at com.kms.katalon.core.webui.keyword.builtin.ClickKeyword.click(ClickKeyword.groovy:86)
	at com.kms.katalon.core.webui.keyword.builtin.ClickKeyword.execute(ClickKeyword.groovy:67)
	at com.kms.katalon.core.keyword.internal.KeywordExecutor.executeKeywordForPlatform(KeywordExecutor.groovy:56)
	at com.kms.katalon.core.webui.keyword.WebUiBuiltInKeywords.click(WebUiBuiltInKeywords.groovy:616)
	at com.kms.katalon.core.webui.keyword.WebUiBuiltInKeywords$click$0.call(Unknown Source)
	at Script1556809888858.run(Script1556809888858.groovy:90)
	... 13 more
)
[[ATTACHMENT|C:\\Users\\Andres.Jaramillo\\git\\bookit-bookingtests-katalon\\Reports\\TestSuiteForBookit2\\20190502_134656\\1556819319770.png]]

2019-05-02 13:48:40 - [MESSAGE][FAILED] - click(to) FAILED.
Reason:
com.kms.katalon.core.exception.StepFailedException: Unable to select option by label 'August' of object 'Object Repository/homepage/sel_date_month1'  (Root cause: com.kms.katalon.core.exception.StepFailedException: Unable to select option by label 'August' of object 'Object Repository/homepage/sel_date_month1' 
	at com.kms.katalon.core.webui.keyword.internal.WebUIKeywordMain.stepFailed(WebUIKeywordMain.groovy:64)
	at com.kms.katalon.core.webui.keyword.internal.WebUIKeywordMain.runKeyword(WebUIKeywordMain.groovy:26)
	at com.kms.katalon.core.webui.keyword.builtin.SelectOptionByLabelKeyword.selectOptionByLabel(SelectOptionByLabelKeyword.groovy:98)
	at com.kms.katalon.core.webui.keyword.builtin.SelectOptionByLabelKeyword.execute(SelectOptionByLabelKeyword.groovy:71)
	at com.kms.katalon.core.keyword.internal.KeywordExecutor.executeKeywordForPlatform(KeywordExecutor.groovy:56)
	at com.kms.katalon.core.webui.keyword.WebUiBuiltInKeywords.selectOptionByLabel(WebUiBuiltInKeywords.groovy:1183)
	at com.kms.katalon.core.webui.keyword.WebUiBuiltInKeywords$selectOptionByLabel$6.call(Unknown Source)
	at Booking03.run(Booking03:68)
	at com.kms.katalon.core.main.ScriptEngine.run(ScriptEngine.java:194)
	at com.kms.katalon.core.main.ScriptEngine.runScriptAsRawText(ScriptEngine.java:119)
	at com.kms.katalon.core.main.TestCaseExecutor.runScript(TestCaseExecutor.java:331)
	at com.kms.katalon.core.main.TestCaseExecutor.doExecute(TestCaseExecutor.java:322)
	at com.kms.katalon.core.main.TestCaseExecutor.processExecutionPhase(TestCaseExecutor.java:301)
	at com.kms.katalon.core.main.TestCaseExecutor.accessMainPhase(TestCaseExecutor.java:293)
	at com.kms.katalon.core.main.TestCaseExecutor.execute(TestCaseExecutor.java:227)
	at com.kms.katalon.core.main.TestSuiteExecutor.accessTestCaseMainPhase(TestSuiteExecutor.java:129)
	at com.kms.katalon.core.main.TestSuiteExecutor.accessTestSuiteMainPhase(TestSuiteExecutor.java:112)
	at com.kms.katalon.core.main.TestSuiteExecutor.execute(TestSuiteExecutor.java:81)
	at com.kms.katalon.core.main.TestCaseMain.startTestSuite(TestCaseMain.java:157)
	at com.kms.katalon.core.main.TestCaseMain$startTestSuite$0.call(Unknown Source)
	at TempTestSuite1556819216050.run(TempTestSuite1556819216050.groovy:35)
Caused by: org.openqa.selenium.ElementNotInteractableException: Element <option> could not be scrolled into view
Build info: version: '3.7.1', revision: '8a0099a', time: '2017-11-06T21:07:36.161Z'
System info: host: 'ALLISONCOTIGNOL', ip: '172.19.15.34', os.name: 'Windows 7', os.arch: 'amd64', os.version: '6.1', java.version: '1.8.0_181'
Driver info: com.kms.katalon.core.webui.driver.firefox.CGeckoDriver
Capabilities {acceptInsecureCerts: true, browserName: firefox, browserVersion: 66.0.3, javascriptEnabled: true, moz:accessibilityChecks: false, moz:geckodriverVersion: 0.24.0, moz:headless: false, moz:processID: 9744, moz:profile: C:\Users\Andres.Jaramillo\A..., moz:shutdownTimeout: 60000, moz:useNonSpecCompliantPointerOrigin: false, moz:webdriverClick: true, pageLoadStrategy: normal, platform: WINDOWS, platformName: WINDOWS, platformVersion: 6.1, proxy: Proxy(direct), rotatable: false, setWindowRect: true, strictFileInteractability: false, timeouts: {implicit: 0, pageLoad: 300000, script: 30000}, unhandledPromptBehavior: dismiss and notify}
Session ID: 59cb8743-a318-4f44-ae9d-fb1d44723dc9
	at org.openqa.selenium.remote.http.W3CHttpResponseCodec.createException(W3CHttpResponseCodec.java:187)
	at org.openqa.selenium.remote.http.W3CHttpResponseCodec.decode(W3CHttpResponseCodec.java:122)
	at org.openqa.selenium.remote.http.W3CHttpResponseCodec.decode(W3CHttpResponseCodec.java:49)
	at org.openqa.selenium.remote.HttpCommandExecutor.execute(HttpCommandExecutor.java:164)
	at org.openqa.selenium.remote.service.DriverCommandExecutor.execute(DriverCommandExecutor.java:83)
	at org.openqa.selenium.remote.RemoteWebDriver.execute(RemoteWebDriver.java:600)
	at com.kms.katalon.selenium.driver.CFirefoxDriver.execute(CFirefoxDriver.java:28)
	at org.openqa.selenium.remote.RemoteWebElement.execute(RemoteWebElement.java:279)
	at org.openqa.selenium.remote.RemoteWebElement.click(RemoteWebElement.java:83)
	at org.openqa.selenium.support.ui.Select.setSelected(Select.java:324)
	at org.openqa.selenium.support.ui.Select.selectByVisibleText(Select.java:120)
	at com.kms.katalon.core.webui.common.WebUiCommonHelper.selectOrDeselectOptionsByLabel(WebUiCommonHelper.java:302)
	at com.kms.katalon.core.webui.keyword.builtin.SelectOptionByLabelKeyword$_selectOptionByLabel_closure1.doCall(SelectOptionByLabelKeyword.groovy:87)
	at com.kms.katalon.core.webui.keyword.builtin.SelectOptionByLabelKeyword$_selectOptionByLabel_closure1.call(SelectOptionByLabelKeyword.groovy)
	at com.kms.katalon.core.webui.keyword.internal.WebUIKeywordMain.runKeyword(WebUIKeywordMain.groovy:20)
	at com.kms.katalon.core.webui.keyword.builtin.SelectOptionByLabelKeyword.selectOptionByLabel(SelectOptionByLabelKeyword.groovy:98)
	at com.kms.katalon.core.webui.keyword.builtin.SelectOptionByLabelKeyword.execute(SelectOptionByLabelKeyword.groovy:71)
	at com.kms.katalon.core.keyword.internal.KeywordExecutor.executeKeywordForPlatform(KeywordExecutor.groovy:56)
	at com.kms.katalon.core.webui.keyword.WebUiBuiltInKeywords.selectOptionByLabel(WebUiBuiltInKeywords.groovy:1183)
	at com.kms.katalon.core.webui.keyword.WebUiBuiltInKeywords$selectOptionByLabel$6.call(Unknown Source)
	at Script1556809888858.run(Script1556809888858.groovy:68)
	... 13 more
)
	at com.kms.katalon.core.keyword.internal.KeywordMain.stepFailed(KeywordMain.groovy:37)
	at com.kms.katalon.core.webui.keyword.internal.WebUIKeywordMain.stepFailed(WebUIKeywordMain.groovy:64)
	at com.kms.katalon.core.webui.keyword.internal.WebUIKeywordMain.runKeyword(WebUIKeywordMain.groovy:26)
	at com.kms.katalon.core.webui.keyword.builtin.SelectOptionByLabelKeyword.selectOptionByLabel(SelectOptionByLabelKeyword.groovy:98)
	at com.kms.katalon.core.webui.keyword.builtin.SelectOptionByLabelKeyword.execute(SelectOptionByLabelKeyword.groovy:71)
	at com.kms.katalon.core.keyword.internal.KeywordExecutor.executeKeywordForPlatform(KeywordExecutor.groovy:56)
	at com.kms.katalon.core.webui.keyword.WebUiBuiltInKeywords.selectOptionByLabel(WebUiBuiltInKeywords.groovy:1183)
	at com.kms.katalon.core.webui.keyword.WebUiBuiltInKeywords$selectOptionByLabel$6.call(Unknown Source)
	at Booking03.run(Booking03:68)
	at com.kms.katalon.core.main.ScriptEngine.run(ScriptEngine.java:194)
	at com.kms.katalon.core.main.ScriptEngine.runScriptAsRawText(ScriptEngine.java:119)
	at com.kms.katalon.core.main.TestCaseExecutor.runScript(TestCaseExecutor.java:331)
	at com.kms.katalon.core.main.TestCaseExecutor.doExecute(TestCaseExecutor.java:322)
	at com.kms.katalon.core.main.TestCaseExecutor.processExecutionPhase(TestCaseExecutor.java:301)
	at com.kms.katalon.core.main.TestCaseExecutor.accessMainPhase(TestCaseExecutor.java:293)
	at com.kms.katalon.core.main.TestCaseExecutor.execute(TestCaseExecutor.java:227)
	at com.kms.katalon.core.main.TestSuiteExecutor.accessTestCaseMainPhase(TestSuiteExecutor.java:129)
	at com.kms.katalon.core.main.TestSuiteExecutor.accessTestSuiteMainPhase(TestSuiteExecutor.java:112)
	at com.kms.katalon.core.main.TestSuiteExecutor.execute(TestSuiteExecutor.java:81)
	at com.kms.katalon.core.main.TestCaseMain.startTestSuite(TestCaseMain.java:157)
	at com.kms.katalon.core.main.TestCaseMain$startTestSuite$0.call(Unknown Source)
	at TempTestSuite1556819216050.run(TempTestSuite1556819216050.groovy:35)
Caused by: com.kms.katalon.core.exception.StepFailedException: Unable to select option by label 'August' of object 'Object Repository/homepage/sel_date_month1' 
	... 21 more
Caused by: org.openqa.selenium.ElementNotInteractableException: Element <option> could not be scrolled into view
Build info: version: '3.7.1', revision: '8a0099a', time: '2017-11-06T21:07:36.161Z'
System info: host: 'ALLISONCOTIGNOL', ip: '172.19.15.34', os.name: 'Windows 7', os.arch: 'amd64', os.version: '6.1', java.version: '1.8.0_181'
Driver info: com.kms.katalon.core.webui.driver.firefox.CGeckoDriver
Capabilities {acceptInsecureCerts: true, browserName: firefox, browserVersion: 66.0.3, javascriptEnabled: true, moz:accessibilityChecks: false, moz:geckodriverVersion: 0.24.0, moz:headless: false, moz:processID: 9744, moz:profile: C:\Users\Andres.Jaramillo\A..., moz:shutdownTimeout: 60000, moz:useNonSpecCompliantPointerOrigin: false, moz:webdriverClick: true, pageLoadStrategy: normal, platform: WINDOWS, platformName: WINDOWS, platformVersion: 6.1, proxy: Proxy(direct), rotatable: false, setWindowRect: true, strictFileInteractability: false, timeouts: {implicit: 0, pageLoad: 300000, script: 30000}, unhandledPromptBehavior: dismiss and notify}
Session ID: 59cb8743-a318-4f44-ae9d-fb1d44723dc9
	at org.openqa.selenium.remote.http.W3CHttpResponseCodec.createException(W3CHttpResponseCodec.java:187)
	at org.openqa.selenium.remote.http.W3CHttpResponseCodec.decode(W3CHttpResponseCodec.java:122)
	at org.openqa.selenium.remote.http.W3CHttpResponseCodec.decode(W3CHttpResponseCodec.java:49)
	at org.openqa.selenium.remote.HttpCommandExecutor.execute(HttpCommandExecutor.java:164)
	at org.openqa.selenium.remote.service.DriverCommandExecutor.execute(DriverCommandExecutor.java:83)
	at org.openqa.selenium.remote.RemoteWebDriver.execute(RemoteWebDriver.java:600)
	at com.kms.katalon.selenium.driver.CFirefoxDriver.execute(CFirefoxDriver.java:28)
	at org.openqa.selenium.remote.RemoteWebElement.execute(RemoteWebElement.java:279)
	at org.openqa.selenium.remote.RemoteWebElement.click(RemoteWebElement.java:83)
	at org.openqa.selenium.support.ui.Select.setSelected(Select.java:324)
	at org.openqa.selenium.support.ui.Select.selectByVisibleText(Select.java:120)
	at com.kms.katalon.core.webui.common.WebUiCommonHelper.selectOrDeselectOptionsByLabel(WebUiCommonHelper.java:302)
	at com.kms.katalon.core.webui.keyword.builtin.SelectOptionByLabelKeyword$_selectOptionByLabel_closure1.doCall(SelectOptionByLabelKeyword.groovy:87)
	at com.kms.katalon.core.webui.keyword.builtin.SelectOptionByLabelKeyword$_selectOptionByLabel_closure1.call(SelectOptionByLabelKeyword.groovy)
	at com.kms.katalon.core.webui.keyword.internal.WebUIKeywordMain.runKeyword(WebUIKeywordMain.groovy:20)
	at com.kms.katalon.core.webui.keyword.builtin.SelectOptionByLabelKeyword.selectOptionByLabel(SelectOptionByLabelKeyword.groovy:98)
	at com.kms.katalon.core.webui.keyword.builtin.SelectOptionByLabelKeyword.execute(SelectOptionByLabelKeyword.groovy:71)
	at com.kms.katalon.core.keyword.internal.KeywordExecutor.executeKeywordForPlatform(KeywordExecutor.groovy:56)
	at com.kms.katalon.core.webui.keyword.WebUiBuiltInKeywords.selectOptionByLabel(WebUiBuiltInKeywords.groovy:1183)
	at com.kms.katalon.core.webui.keyword.WebUiBuiltInKeywords$selectOptionByLabel$6.call(Unknown Source)
	at Script1556809888858.run(Script1556809888858.groovy:68)
	... 13 more]]></system-out>
         <system-err><![CDATA[2019-05-02 13:48:19 - [TEST_CASE][FAILED] - Test Cases/Booking03: Test Cases/Booking03 FAILED.
Reason:
com.kms.katalon.core.exception.StepFailedException: Unable to select option by label 'August' of object 'Object Repository/homepage/sel_date_month1'  (Root cause: com.kms.katalon.core.exception.StepFailedException: Unable to select option by label 'August' of object 'Object Repository/homepage/sel_date_month1' 
	at com.kms.katalon.core.webui.keyword.internal.WebUIKeywordMain.stepFailed(WebUIKeywordMain.groovy:64)
	at com.kms.katalon.core.webui.keyword.internal.WebUIKeywordMain.runKeyword(WebUIKeywordMain.groovy:26)
	at com.kms.katalon.core.webui.keyword.builtin.SelectOptionByLabelKeyword.selectOptionByLabel(SelectOptionByLabelKeyword.groovy:98)
	at com.kms.katalon.core.webui.keyword.builtin.SelectOptionByLabelKeyword.execute(SelectOptionByLabelKeyword.groovy:71)
	at com.kms.katalon.core.keyword.internal.KeywordExecutor.executeKeywordForPlatform(KeywordExecutor.groovy:56)
	at com.kms.katalon.core.webui.keyword.WebUiBuiltInKeywords.selectOptionByLabel(WebUiBuiltInKeywords.groovy:1183)
	at com.kms.katalon.core.webui.keyword.WebUiBuiltInKeywords$selectOptionByLabel$6.call(Unknown Source)
	at Booking03.run(Booking03:68)
	at com.kms.katalon.core.main.ScriptEngine.run(ScriptEngine.java:194)
	at com.kms.katalon.core.main.ScriptEngine.runScriptAsRawText(ScriptEngine.java:119)
	at com.kms.katalon.core.main.TestCaseExecutor.runScript(TestCaseExecutor.java:331)
	at com.kms.katalon.core.main.TestCaseExecutor.doExecute(TestCaseExecutor.java:322)
	at com.kms.katalon.core.main.TestCaseExecutor.processExecutionPhase(TestCaseExecutor.java:301)
	at com.kms.katalon.core.main.TestCaseExecutor.accessMainPhase(TestCaseExecutor.java:293)
	at com.kms.katalon.core.main.TestCaseExecutor.execute(TestCaseExecutor.java:227)
	at com.kms.katalon.core.main.TestSuiteExecutor.accessTestCaseMainPhase(TestSuiteExecutor.java:129)
	at com.kms.katalon.core.main.TestSuiteExecutor.accessTestSuiteMainPhase(TestSuiteExecutor.java:112)
	at com.kms.katalon.core.main.TestSuiteExecutor.execute(TestSuiteExecutor.java:81)
	at com.kms.katalon.core.main.TestCaseMain.startTestSuite(TestCaseMain.java:157)
	at com.kms.katalon.core.main.TestCaseMain$startTestSuite$0.call(Unknown Source)
	at TempTestSuite1556819216050.run(TempTestSuite1556819216050.groovy:35)
Caused by: org.openqa.selenium.ElementNotInteractableException: Element <option> could not be scrolled into view
Build info: version: '3.7.1', revision: '8a0099a', time: '2017-11-06T21:07:36.161Z'
System info: host: 'ALLISONCOTIGNOL', ip: '172.19.15.34', os.name: 'Windows 7', os.arch: 'amd64', os.version: '6.1', java.version: '1.8.0_181'
Driver info: com.kms.katalon.core.webui.driver.firefox.CGeckoDriver
Capabilities {acceptInsecureCerts: true, browserName: firefox, browserVersion: 66.0.3, javascriptEnabled: true, moz:accessibilityChecks: false, moz:geckodriverVersion: 0.24.0, moz:headless: false, moz:processID: 9744, moz:profile: C:\Users\Andres.Jaramillo\A..., moz:shutdownTimeout: 60000, moz:useNonSpecCompliantPointerOrigin: false, moz:webdriverClick: true, pageLoadStrategy: normal, platform: WINDOWS, platformName: WINDOWS, platformVersion: 6.1, proxy: Proxy(direct), rotatable: false, setWindowRect: true, strictFileInteractability: false, timeouts: {implicit: 0, pageLoad: 300000, script: 30000}, unhandledPromptBehavior: dismiss and notify}
Session ID: 59cb8743-a318-4f44-ae9d-fb1d44723dc9
	at org.openqa.selenium.remote.http.W3CHttpResponseCodec.createException(W3CHttpResponseCodec.java:187)
	at org.openqa.selenium.remote.http.W3CHttpResponseCodec.decode(W3CHttpResponseCodec.java:122)
	at org.openqa.selenium.remote.http.W3CHttpResponseCodec.decode(W3CHttpResponseCodec.java:49)
	at org.openqa.selenium.remote.HttpCommandExecutor.execute(HttpCommandExecutor.java:164)
	at org.openqa.selenium.remote.service.DriverCommandExecutor.execute(DriverCommandExecutor.java:83)
	at org.openqa.selenium.remote.RemoteWebDriver.execute(RemoteWebDriver.java:600)
	at com.kms.katalon.selenium.driver.CFirefoxDriver.execute(CFirefoxDriver.java:28)
	at org.openqa.selenium.remote.RemoteWebElement.execute(RemoteWebElement.java:279)
	at org.openqa.selenium.remote.RemoteWebElement.click(RemoteWebElement.java:83)
	at org.openqa.selenium.support.ui.Select.setSelected(Select.java:324)
	at org.openqa.selenium.support.ui.Select.selectByVisibleText(Select.java:120)
	at com.kms.katalon.core.webui.common.WebUiCommonHelper.selectOrDeselectOptionsByLabel(WebUiCommonHelper.java:302)
	at com.kms.katalon.core.webui.keyword.builtin.SelectOptionByLabelKeyword$_selectOptionByLabel_closure1.doCall(SelectOptionByLabelKeyword.groovy:87)
	at com.kms.katalon.core.webui.keyword.builtin.SelectOptionByLabelKeyword$_selectOptionByLabel_closure1.call(SelectOptionByLabelKeyword.groovy)
	at com.kms.katalon.core.webui.keyword.internal.WebUIKeywordMain.runKeyword(WebUIKeywordMain.groovy:20)
	at com.kms.katalon.core.webui.keyword.builtin.SelectOptionByLabelKeyword.selectOptionByLabel(SelectOptionByLabelKeyword.groovy:98)
	at com.kms.katalon.core.webui.keyword.builtin.SelectOptionByLabelKeyword.execute(SelectOptionByLabelKeyword.groovy:71)
	at com.kms.katalon.core.keyword.internal.KeywordExecutor.executeKeywordForPlatform(KeywordExecutor.groovy:56)
	at com.kms.katalon.core.webui.keyword.WebUiBuiltInKeywords.selectOptionByLabel(WebUiBuiltInKeywords.groovy:1183)
	at com.kms.katalon.core.webui.keyword.WebUiBuiltInKeywords$selectOptionByLabel$6.call(Unknown Source)
	at Script1556809888858.run(Script1556809888858.groovy:68)
	... 13 more
)
	at com.kms.katalon.core.keyword.internal.KeywordMain.stepFailed(KeywordMain.groovy:37)
	at com.kms.katalon.core.webui.keyword.internal.WebUIKeywordMain.stepFailed(WebUIKeywordMain.groovy:64)
	at com.kms.katalon.core.webui.keyword.internal.WebUIKeywordMain.runKeyword(WebUIKeywordMain.groovy:26)
	at com.kms.katalon.core.webui.keyword.builtin.SelectOptionByLabelKeyword.selectOptionByLabel(SelectOptionByLabelKeyword.groovy:98)
	at com.kms.katalon.core.webui.keyword.builtin.SelectOptionByLabelKeyword.execute(SelectOptionByLabelKeyword.groovy:71)
	at com.kms.katalon.core.keyword.internal.KeywordExecutor.executeKeywordForPlatform(KeywordExecutor.groovy:56)
	at com.kms.katalon.core.webui.keyword.WebUiBuiltInKeywords.selectOptionByLabel(WebUiBuiltInKeywords.groovy:1183)
	at com.kms.katalon.core.webui.keyword.WebUiBuiltInKeywords$selectOptionByLabel$6.call(Unknown Source)
	at Booking03.run(Booking03:68)
	at com.kms.katalon.core.main.ScriptEngine.run(ScriptEngine.java:194)
	at com.kms.katalon.core.main.ScriptEngine.runScriptAsRawText(ScriptEngine.java:119)
	at com.kms.katalon.core.main.TestCaseExecutor.runScript(TestCaseExecutor.java:331)
	at com.kms.katalon.core.main.TestCaseExecutor.doExecute(TestCaseExecutor.java:322)
	at com.kms.katalon.core.main.TestCaseExecutor.processExecutionPhase(TestCaseExecutor.java:301)
	at com.kms.katalon.core.main.TestCaseExecutor.accessMainPhase(TestCaseExecutor.java:293)
	at com.kms.katalon.core.main.TestCaseExecutor.execute(TestCaseExecutor.java:227)
	at com.kms.katalon.core.main.TestSuiteExecutor.accessTestCaseMainPhase(TestSuiteExecutor.java:129)
	at com.kms.katalon.core.main.TestSuiteExecutor.accessTestSuiteMainPhase(TestSuiteExecutor.java:112)
	at com.kms.katalon.core.main.TestSuiteExecutor.execute(TestSuiteExecutor.java:81)
	at com.kms.katalon.core.main.TestCaseMain.startTestSuite(TestCaseMain.java:157)
	at com.kms.katalon.core.main.TestCaseMain$startTestSuite$0.call(Unknown Source)
	at TempTestSuite1556819216050.run(TempTestSuite1556819216050.groovy:35)
Caused by: com.kms.katalon.core.exception.StepFailedException: Unable to select option by label 'August' of object 'Object Repository/homepage/sel_date_month1' 
	... 21 more
Caused by: org.openqa.selenium.ElementNotInteractableException: Element <option> could not be scrolled into view
Build info: version: '3.7.1', revision: '8a0099a', time: '2017-11-06T21:07:36.161Z'
System info: host: 'ALLISONCOTIGNOL', ip: '172.19.15.34', os.name: 'Windows 7', os.arch: 'amd64', os.version: '6.1', java.version: '1.8.0_181'
Driver info: com.kms.katalon.core.webui.driver.firefox.CGeckoDriver
Capabilities {acceptInsecureCerts: true, browserName: firefox, browserVersion: 66.0.3, javascriptEnabled: true, moz:accessibilityChecks: false, moz:geckodriverVersion: 0.24.0, moz:headless: false, moz:processID: 9744, moz:profile: C:\Users\Andres.Jaramillo\A..., moz:shutdownTimeout: 60000, moz:useNonSpecCompliantPointerOrigin: false, moz:webdriverClick: true, pageLoadStrategy: normal, platform: WINDOWS, platformName: WINDOWS, platformVersion: 6.1, proxy: Proxy(direct), rotatable: false, setWindowRect: true, strictFileInteractability: false, timeouts: {implicit: 0, pageLoad: 300000, script: 30000}, unhandledPromptBehavior: dismiss and notify}
Session ID: 59cb8743-a318-4f44-ae9d-fb1d44723dc9
	at org.openqa.selenium.remote.http.W3CHttpResponseCodec.createException(W3CHttpResponseCodec.java:187)
	at org.openqa.selenium.remote.http.W3CHttpResponseCodec.decode(W3CHttpResponseCodec.java:122)
	at org.openqa.selenium.remote.http.W3CHttpResponseCodec.decode(W3CHttpResponseCodec.java:49)
	at org.openqa.selenium.remote.HttpCommandExecutor.execute(HttpCommandExecutor.java:164)
	at org.openqa.selenium.remote.service.DriverCommandExecutor.execute(DriverCommandExecutor.java:83)
	at org.openqa.selenium.remote.RemoteWebDriver.execute(RemoteWebDriver.java:600)
	at com.kms.katalon.selenium.driver.CFirefoxDriver.execute(CFirefoxDriver.java:28)
	at org.openqa.selenium.remote.RemoteWebElement.execute(RemoteWebElement.java:279)
	at org.openqa.selenium.remote.RemoteWebElement.click(RemoteWebElement.java:83)
	at org.openqa.selenium.support.ui.Select.setSelected(Select.java:324)
	at org.openqa.selenium.support.ui.Select.selectByVisibleText(Select.java:120)
	at com.kms.katalon.core.webui.common.WebUiCommonHelper.selectOrDeselectOptionsByLabel(WebUiCommonHelper.java:302)
	at com.kms.katalon.core.webui.keyword.builtin.SelectOptionByLabelKeyword$_selectOptionByLabel_closure1.doCall(SelectOptionByLabelKeyword.groovy:87)
	at com.kms.katalon.core.webui.keyword.builtin.SelectOptionByLabelKeyword$_selectOptionByLabel_closure1.call(SelectOptionByLabelKeyword.groovy)
	at com.kms.katalon.core.webui.keyword.internal.WebUIKeywordMain.runKeyword(WebUIKeywordMain.groovy:20)
	at com.kms.katalon.core.webui.keyword.builtin.SelectOptionByLabelKeyword.selectOptionByLabel(SelectOptionByLabelKeyword.groovy:98)
	at com.kms.katalon.core.webui.keyword.builtin.SelectOptionByLabelKeyword.execute(SelectOptionByLabelKeyword.groovy:71)
	at com.kms.katalon.core.keyword.internal.KeywordExecutor.executeKeywordForPlatform(KeywordExecutor.groovy:56)
	at com.kms.katalon.core.webui.keyword.WebUiBuiltInKeywords.selectOptionByLabel(WebUiBuiltInKeywords.groovy:1183)
	at com.kms.katalon.core.webui.keyword.WebUiBuiltInKeywords$selectOptionByLabel$6.call(Unknown Source)
	at Script1556809888858.run(Script1556809888858.groovy:68)
	... 13 more]]></system-err>
      </testcase>
      <system-out><![CDATA[2019-05-02 13:46:59 - [TEST_SUITE][FAILED] - TestSuiteForBookit2: Test Cases/Booking03 FAILED.
Reason:
com.kms.katalon.core.exception.StepFailedException: Unable to click on object 'eldia'
	at com.kms.katalon.core.webui.keyword.internal.WebUIKeywordMain.stepFailed(WebUIKeywordMain.groovy:64)
	at com.kms.katalon.core.webui.keyword.internal.WebUIKeywordMain.runKeyword(WebUIKeywordMain.groovy:26)
	at com.kms.katalon.core.webui.keyword.builtin.ClickKeyword.click(ClickKeyword.groovy:86)
	at com.kms.katalon.core.webui.keyword.builtin.ClickKeyword.execute(ClickKeyword.groovy:67)
	at com.kms.katalon.core.keyword.internal.KeywordExecutor.executeKeywordForPlatform(KeywordExecutor.groovy:56)
	at com.kms.katalon.core.webui.keyword.WebUiBuiltInKeywords.click(WebUiBuiltInKeywords.groovy:616)
	at com.kms.katalon.core.webui.keyword.WebUiBuiltInKeywords$click$0.call(Unknown Source)
	at Booking03.run(Booking03:90)
	at com.kms.katalon.core.main.ScriptEngine.run(ScriptEngine.java:194)
	at com.kms.katalon.core.main.ScriptEngine.runScriptAsRawText(ScriptEngine.java:119)
	at com.kms.katalon.core.main.TestCaseExecutor.runScript(TestCaseExecutor.java:331)
	at com.kms.katalon.core.main.TestCaseExecutor.doExecute(TestCaseExecutor.java:322)
	at com.kms.katalon.core.main.TestCaseExecutor.processExecutionPhase(TestCaseExecutor.java:301)
	at com.kms.katalon.core.main.TestCaseExecutor.accessMainPhase(TestCaseExecutor.java:293)
	at com.kms.katalon.core.main.TestCaseExecutor.execute(TestCaseExecutor.java:227)
	at com.kms.katalon.core.main.TestSuiteExecutor.accessTestCaseMainPhase(TestSuiteExecutor.java:129)
	at com.kms.katalon.core.main.TestSuiteExecutor.accessTestSuiteMainPhase(TestSuiteExecutor.java:112)
	at com.kms.katalon.core.main.TestSuiteExecutor.execute(TestSuiteExecutor.java:81)
	at com.kms.katalon.core.main.TestCaseMain.startTestSuite(TestCaseMain.java:157)
	at com.kms.katalon.core.main.TestCaseMain$startTestSuite$0.call(Unknown Source)
	at TempTestSuite1556819216050.run(TempTestSuite1556819216050.groovy:35)
Caused by: org.openqa.selenium.ElementClickInterceptedException: Element <button class="pika-button pika-day" type="button"> is not clickable at point (252,459) because another element <td class="is-disabled"> obscures it
Build info: version: '3.7.1', revision: '8a0099a', time: '2017-11-06T21:07:36.161Z'
System info: host: 'ALLISONCOTIGNOL', ip: '172.19.15.34', os.name: 'Windows 7', os.arch: 'amd64', os.version: '6.1', java.version: '1.8.0_181'
Driver info: com.kms.katalon.core.webui.driver.firefox.CGeckoDriver
Capabilities {acceptInsecureCerts: true, browserName: firefox, browserVersion: 66.0.3, javascriptEnabled: true, moz:accessibilityChecks: false, moz:geckodriverVersion: 0.24.0, moz:headless: false, moz:processID: 6576, moz:profile: C:\Users\Andres.Jaramillo\A..., moz:shutdownTimeout: 60000, moz:useNonSpecCompliantPointerOrigin: false, moz:webdriverClick: true, pageLoadStrategy: normal, platform: WINDOWS, platformName: WINDOWS, platformVersion: 6.1, proxy: Proxy(direct), rotatable: false, setWindowRect: true, strictFileInteractability: false, timeouts: {implicit: 0, pageLoad: 300000, script: 30000}, unhandledPromptBehavior: dismiss and notify}
Session ID: 8765b918-d853-4621-8669-3b2ec300ccf9
	at org.openqa.selenium.remote.http.W3CHttpResponseCodec.createException(W3CHttpResponseCodec.java:187)
	at org.openqa.selenium.remote.http.W3CHttpResponseCodec.decode(W3CHttpResponseCodec.java:122)
	at org.openqa.selenium.remote.http.W3CHttpResponseCodec.decode(W3CHttpResponseCodec.java:49)
	at org.openqa.selenium.remote.HttpCommandExecutor.execute(HttpCommandExecutor.java:164)
	at org.openqa.selenium.remote.service.DriverCommandExecutor.execute(DriverCommandExecutor.java:83)
	at org.openqa.selenium.remote.RemoteWebDriver.execute(RemoteWebDriver.java:600)
	at com.kms.katalon.selenium.driver.CFirefoxDriver.execute(CFirefoxDriver.java:28)
	at org.openqa.selenium.remote.RemoteWebElement.execute(RemoteWebElement.java:279)
	at org.openqa.selenium.remote.RemoteWebElement.click(RemoteWebElement.java:83)
	at com.kms.katalon.core.webui.keyword.builtin.ClickKeyword$_click_closure1.doCall(ClickKeyword.groovy:79)
	at com.kms.katalon.core.webui.keyword.builtin.ClickKeyword$_click_closure1.call(ClickKeyword.groovy)
	at com.kms.katalon.core.webui.keyword.internal.WebUIKeywordMain.runKeyword(WebUIKeywordMain.groovy:20)
	at com.kms.katalon.core.webui.keyword.builtin.ClickKeyword.click(ClickKeyword.groovy:86)
	at com.kms.katalon.core.webui.keyword.builtin.ClickKeyword.execute(ClickKeyword.groovy:67)
	at com.kms.katalon.core.keyword.internal.KeywordExecutor.executeKeywordForPlatform(KeywordExecutor.groovy:56)
	at com.kms.katalon.core.webui.keyword.WebUiBuiltInKeywords.click(WebUiBuiltInKeywords.groovy:616)
	at com.kms.katalon.core.webui.keyword.WebUiBuiltInKeywords$click$0.call(Unknown Source)
	at Script1556809888858.run(Script1556809888858.groovy:90)
	... 13 more]]></system-out>
      <system-err><![CDATA[2019-05-02 13:46:59 - [TEST_SUITE][FAILED] - TestSuiteForBookit2: Test Cases/Booking03 FAILED.
Reason:
com.kms.katalon.core.exception.StepFailedException: Unable to click on object 'eldia'
	at com.kms.katalon.core.webui.keyword.internal.WebUIKeywordMain.stepFailed(WebUIKeywordMain.groovy:64)
	at com.kms.katalon.core.webui.keyword.internal.WebUIKeywordMain.runKeyword(WebUIKeywordMain.groovy:26)
	at com.kms.katalon.core.webui.keyword.builtin.ClickKeyword.click(ClickKeyword.groovy:86)
	at com.kms.katalon.core.webui.keyword.builtin.ClickKeyword.execute(ClickKeyword.groovy:67)
	at com.kms.katalon.core.keyword.internal.KeywordExecutor.executeKeywordForPlatform(KeywordExecutor.groovy:56)
	at com.kms.katalon.core.webui.keyword.WebUiBuiltInKeywords.click(WebUiBuiltInKeywords.groovy:616)
	at com.kms.katalon.core.webui.keyword.WebUiBuiltInKeywords$click$0.call(Unknown Source)
	at Booking03.run(Booking03:90)
	at com.kms.katalon.core.main.ScriptEngine.run(ScriptEngine.java:194)
	at com.kms.katalon.core.main.ScriptEngine.runScriptAsRawText(ScriptEngine.java:119)
	at com.kms.katalon.core.main.TestCaseExecutor.runScript(TestCaseExecutor.java:331)
	at com.kms.katalon.core.main.TestCaseExecutor.doExecute(TestCaseExecutor.java:322)
	at com.kms.katalon.core.main.TestCaseExecutor.processExecutionPhase(TestCaseExecutor.java:301)
	at com.kms.katalon.core.main.TestCaseExecutor.accessMainPhase(TestCaseExecutor.java:293)
	at com.kms.katalon.core.main.TestCaseExecutor.execute(TestCaseExecutor.java:227)
	at com.kms.katalon.core.main.TestSuiteExecutor.accessTestCaseMainPhase(TestSuiteExecutor.java:129)
	at com.kms.katalon.core.main.TestSuiteExecutor.accessTestSuiteMainPhase(TestSuiteExecutor.java:112)
	at com.kms.katalon.core.main.TestSuiteExecutor.execute(TestSuiteExecutor.java:81)
	at com.kms.katalon.core.main.TestCaseMain.startTestSuite(TestCaseMain.java:157)
	at com.kms.katalon.core.main.TestCaseMain$startTestSuite$0.call(Unknown Source)
	at TempTestSuite1556819216050.run(TempTestSuite1556819216050.groovy:35)
Caused by: org.openqa.selenium.ElementClickInterceptedException: Element <button class="pika-button pika-day" type="button"> is not clickable at point (252,459) because another element <td class="is-disabled"> obscures it
Build info: version: '3.7.1', revision: '8a0099a', time: '2017-11-06T21:07:36.161Z'
System info: host: 'ALLISONCOTIGNOL', ip: '172.19.15.34', os.name: 'Windows 7', os.arch: 'amd64', os.version: '6.1', java.version: '1.8.0_181'
Driver info: com.kms.katalon.core.webui.driver.firefox.CGeckoDriver
Capabilities {acceptInsecureCerts: true, browserName: firefox, browserVersion: 66.0.3, javascriptEnabled: true, moz:accessibilityChecks: false, moz:geckodriverVersion: 0.24.0, moz:headless: false, moz:processID: 6576, moz:profile: C:\Users\Andres.Jaramillo\A..., moz:shutdownTimeout: 60000, moz:useNonSpecCompliantPointerOrigin: false, moz:webdriverClick: true, pageLoadStrategy: normal, platform: WINDOWS, platformName: WINDOWS, platformVersion: 6.1, proxy: Proxy(direct), rotatable: false, setWindowRect: true, strictFileInteractability: false, timeouts: {implicit: 0, pageLoad: 300000, script: 30000}, unhandledPromptBehavior: dismiss and notify}
Session ID: 8765b918-d853-4621-8669-3b2ec300ccf9
	at org.openqa.selenium.remote.http.W3CHttpResponseCodec.createException(W3CHttpResponseCodec.java:187)
	at org.openqa.selenium.remote.http.W3CHttpResponseCodec.decode(W3CHttpResponseCodec.java:122)
	at org.openqa.selenium.remote.http.W3CHttpResponseCodec.decode(W3CHttpResponseCodec.java:49)
	at org.openqa.selenium.remote.HttpCommandExecutor.execute(HttpCommandExecutor.java:164)
	at org.openqa.selenium.remote.service.DriverCommandExecutor.execute(DriverCommandExecutor.java:83)
	at org.openqa.selenium.remote.RemoteWebDriver.execute(RemoteWebDriver.java:600)
	at com.kms.katalon.selenium.driver.CFirefoxDriver.execute(CFirefoxDriver.java:28)
	at org.openqa.selenium.remote.RemoteWebElement.execute(RemoteWebElement.java:279)
	at org.openqa.selenium.remote.RemoteWebElement.click(RemoteWebElement.java:83)
	at com.kms.katalon.core.webui.keyword.builtin.ClickKeyword$_click_closure1.doCall(ClickKeyword.groovy:79)
	at com.kms.katalon.core.webui.keyword.builtin.ClickKeyword$_click_closure1.call(ClickKeyword.groovy)
	at com.kms.katalon.core.webui.keyword.internal.WebUIKeywordMain.runKeyword(WebUIKeywordMain.groovy:20)
	at com.kms.katalon.core.webui.keyword.builtin.ClickKeyword.click(ClickKeyword.groovy:86)
	at com.kms.katalon.core.webui.keyword.builtin.ClickKeyword.execute(ClickKeyword.groovy:67)
	at com.kms.katalon.core.keyword.internal.KeywordExecutor.executeKeywordForPlatform(KeywordExecutor.groovy:56)
	at com.kms.katalon.core.webui.keyword.WebUiBuiltInKeywords.click(WebUiBuiltInKeywords.groovy:616)
	at com.kms.katalon.core.webui.keyword.WebUiBuiltInKeywords$click$0.call(Unknown Source)
	at Script1556809888858.run(Script1556809888858.groovy:90)
	... 13 more]]></system-err>
   </testsuite>
</testsuites>
