<?xml version="1.0" encoding="UTF-8"?>
<testsuites name="TestSuiteForBookit" time="29" tests="1" failures="0" errors="0">
   <testsuite name="TestSuiteForBookit" tests="1" failures="0" errors="0" time="29" timestamp="2019-04-29 13:34:45" hostname="andres.jaramillo - allisoncotignol.bookit.local" id="Test Suites/TestSuiteForBookit">
      <properties>
         <property name="deviceName" value=""/>
         <property name="devicePlatform" value=""/>
         <property name="logFolder" value="C:\\Users\\Andres.Jaramillo\\git\\bookit-bookingtests-katalon\\Reports\\TestSuiteForBookit\\20190429_133443"/>
         <property name="logFiles" value="C:\\Users\\Andres.Jaramillo\\git\\bookit-bookingtests-katalon\\Reports\\TestSuiteForBookit\\20190429_133443\\execution0.log"/>
         <property name="attachments" value=""/>
         <property name="hostName" value="andres.jaramillo - allisoncotignol.bookit.local"/>
         <property name="os" value="Windows 7 64bit"/>
         <property name="katalonVersion" value="6.1.0.1"/>
         <property name="browser" value="Chrome 74.0.3729.108"/>
         <property name="hostAddress" value="172.19.15.34"/>
         <property name="sessionId" value="8b0e7722c44a48fdf784e8d8aa2b883c"/>
         <property name="seleniumVersion" value="3.7.1"/>
         <property name="proxyInformation" value="ProxyInformation{proxyOption=NO_PROXY, proxyServerType=HTTP, password=, proxyServerAddress=, proxyServerPort=0}"/>
         <property name="platform" value="Windows 7"/>
      </properties>
      <testcase name="Test Cases/Booking02" classname="Test Cases/Booking02" status="PASSED">
         <system-out><![CDATA[2019-04-29 13:34:45 - [TEST_CASE][PASSED] - Test Cases/Booking02: Test Cases/Booking02

2019-04-29 13:34:46 - [TEST_STEP][PASSED] - openBrowser("https://bookit-qa6.com"): Browser is opened with url: 'https://bookit-qa6.com'

2019-04-29 13:34:46 - [MESSAGE][INFO] - Starting 'Chrome' driver

2019-04-29 13:34:46 - [MESSAGE][INFO] - Action delay is set to 0 seconds

2019-04-29 13:34:52 - [MESSAGE][PASSED] - Browser is opened with url: 'https://bookit-qa6.com'

2019-04-29 13:34:52 - [TEST_STEP][PASSED] - click(findTestObject("homepage/flight_checkbox")): Object: 'Object Repository/homepage/flight_checkbox' is clicked on

2019-04-29 13:34:55 - [MESSAGE][PASSED] - Object: 'Object Repository/homepage/flight_checkbox' is clicked on

2019-04-29 13:34:55 - [TEST_STEP][PASSED] - setText(findTestObject("homepage/city_or_airport"), "cheese"): Text 'cheese' is set on object 'Object Repository/homepage/city_or_airport'

2019-04-29 13:34:56 - [MESSAGE][PASSED] - Text 'cheese' is set on object 'Object Repository/homepage/city_or_airport'

2019-04-29 13:34:56 - [TEST_STEP][PASSED] - delay(1): Delayed 1 second(s)

2019-04-29 13:34:57 - [MESSAGE][PASSED] - Delayed 1 second(s)

2019-04-29 13:34:57 - [TEST_STEP][PASSED] - click(findTestObject("homepage/div_Cheese City IL US")): Object: 'Object Repository/homepage/div_Cheese City IL US' is clicked on

2019-04-29 13:34:57 - [MESSAGE][PASSED] - Object: 'Object Repository/homepage/div_Cheese City IL US' is clicked on

2019-04-29 13:34:57 - [TEST_STEP][PASSED] - delay(1): Delayed 1 second(s)

2019-04-29 13:34:58 - [MESSAGE][PASSED] - Delayed 1 second(s)

2019-04-29 13:34:58 - [TEST_STEP][PASSED] - checkinId = getAttribute(findTestObject("homepage/checkin_date"), "id"): Attribute 'id' of object 'Object Repository/homepage/checkin_date' is: 'ember532-fd'

2019-04-29 13:34:58 - [MESSAGE][PASSED] - Attribute 'id' of object 'Object Repository/homepage/checkin_date' is: 'ember532-fd'

2019-04-29 13:34:58 - [TEST_STEP][PASSED] - checkoutId = getAttribute(findTestObject("homepage/checkout_date"), "id"): Attribute 'id' of object 'Object Repository/homepage/checkout_date' is: 'ember532-td'

2019-04-29 13:34:58 - [MESSAGE][PASSED] - Attribute 'id' of object 'Object Repository/homepage/checkout_date' is: 'ember532-td'

2019-04-29 13:34:58 - [TEST_STEP][PASSED] - iniDate = moIni + "/" + dayIni + "/" + yrIni: null

2019-04-29 13:34:58 - [TEST_STEP][PASSED] - myIniDate = "$('#" + checkinId + "').val('" + iniDate + "')": null

2019-04-29 13:34:58 - [TEST_STEP][PASSED] - endDate = moEnd + "/" + dayEnd + "/" + yrEnd: null

2019-04-29 13:34:58 - [TEST_STEP][PASSED] - myEndDate = "$('#" + checkoutId + "').val('" + endDate + "')": null

2019-04-29 13:34:58 - [TEST_STEP][PASSED] - strMoIni = bookitKeywords.commonFunctions.getMonthName(moIni): bookitKeywords.commonFunctions.getMonthName is PASSED

2019-04-29 13:34:58 - [MESSAGE][PASSED] - bookitKeywords.commonFunctions.getMonthName is PASSED

2019-04-29 13:34:58 - [TEST_STEP][PASSED] - strMoEnd = bookitKeywords.commonFunctions.getMonthName(moEnd): bookitKeywords.commonFunctions.getMonthName is PASSED

2019-04-29 13:34:58 - [MESSAGE][PASSED] - bookitKeywords.commonFunctions.getMonthName is PASSED

2019-04-29 13:34:58 - [TEST_STEP][PASSED] - click(findTestObject("homepage/checkin_date")): Object: 'Object Repository/homepage/checkin_date' is clicked on

2019-04-29 13:34:58 - [MESSAGE][PASSED] - Object: 'Object Repository/homepage/checkin_date' is clicked on

2019-04-29 13:34:58 - [TEST_STEP][PASSED] - delay(1): Delayed 1 second(s)

2019-04-29 13:34:59 - [MESSAGE][PASSED] - Delayed 1 second(s)

2019-04-29 13:34:59 - [TEST_STEP][PASSED] - if (verifyElementPresent(findTestObject("homepage/sel_date_month1"), 1, CONTINUE_ON_FAILURE)): null

2019-04-29 13:34:59 - [MESSAGE][PASSED] - Object 'Object Repository/homepage/sel_date_month1' is present

2019-04-29 13:34:59 - [TEST_STEP][PASSED] - if (waitForElementClickable(findTestObject("homepage/sel_date_month1"), 1, CONTINUE_ON_FAILURE)): null

2019-04-29 13:34:59 - [MESSAGE][PASSED] - Object 'Object Repository/homepage/sel_date_month1' is clickable

2019-04-29 13:34:59 - [TEST_STEP][PASSED] - click(findTestObject("homepage/sel_date_month1"), CONTINUE_ON_FAILURE): Object: 'Object Repository/homepage/sel_date_month1' is clicked on

2019-04-29 13:34:59 - [MESSAGE][PASSED] - Object: 'Object Repository/homepage/sel_date_month1' is clicked on

2019-04-29 13:34:59 - [TEST_STEP][PASSED] - if (verifyOptionPresentByLabel(findTestObject("homepage/sel_date_month1"), strMoIni, false, 1, CONTINUE_ON_FAILURE)): Delayed 1 second(s)

2019-04-29 13:35:00 - [MESSAGE][PASSED] - 1 option(s) with label 'May' is/are present in object 'Object Repository/homepage/sel_date_month1' 

2019-04-29 13:35:00 - [TEST_STEP][PASSED] - selectOptionByIndex(findTestObject("homepage/sel_date_month1"), 4, CONTINUE_ON_FAILURE): All options with index in [4] are selected on object 'Object Repository/homepage/sel_date_month1'

2019-04-29 13:35:00 - [MESSAGE][PASSED] - All options with index in [4] are selected on object 'Object Repository/homepage/sel_date_month1'

2019-04-29 13:35:00 - [TEST_STEP][PASSED] - delay(1): Delayed 1 second(s)

2019-04-29 13:35:01 - [MESSAGE][PASSED] - Delayed 1 second(s)

2019-04-29 13:35:01 - [TEST_STEP][PASSED] - if (verifyElementPresent(findTestObject("homepage/sel_date_year1"), 1, CONTINUE_ON_FAILURE)): null

2019-04-29 13:35:01 - [MESSAGE][PASSED] - Object 'Object Repository/homepage/sel_date_year1' is present

2019-04-29 13:35:01 - [TEST_STEP][PASSED] - if (waitForElementClickable(findTestObject("homepage/sel_date_year1"), 1, CONTINUE_ON_FAILURE)): null

2019-04-29 13:35:01 - [MESSAGE][PASSED] - Object 'Object Repository/homepage/sel_date_year1' is clickable

2019-04-29 13:35:01 - [TEST_STEP][PASSED] - click(findTestObject("homepage/sel_date_year1"), CONTINUE_ON_FAILURE): Object: 'Object Repository/homepage/sel_date_year1' is clicked on

2019-04-29 13:35:01 - [MESSAGE][PASSED] - Object: 'Object Repository/homepage/sel_date_year1' is clicked on

2019-04-29 13:35:01 - [TEST_STEP][PASSED] - if (verifyOptionPresentByLabel(findTestObject("homepage/sel_date_year1"), yrIni, false, 1, CONTINUE_ON_FAILURE)): Delayed 1 second(s)

2019-04-29 13:35:01 - [MESSAGE][PASSED] - 1 option(s) with label '2019' is/are present in object 'Object Repository/homepage/sel_date_year1' 

2019-04-29 13:35:01 - [TEST_STEP][PASSED] - selectOptionByLabel(findTestObject("homepage/sel_date_year1"), yrIni, false, CONTINUE_ON_FAILURE): All options with label '2019' are selected in object 'Object Repository/homepage/sel_date_year1' 

2019-04-29 13:35:01 - [MESSAGE][PASSED] - All options with label '2019' are selected in object 'Object Repository/homepage/sel_date_year1' 

2019-04-29 13:35:01 - [TEST_STEP][PASSED] - delay(1): Delayed 1 second(s)

2019-04-29 13:35:02 - [MESSAGE][PASSED] - Delayed 1 second(s)

2019-04-29 13:35:02 - [TEST_STEP][PASSED] - dynxpath = "//div[contains(@class, 'pika-single') and contains(@class, 'is-bound') and not(contains(@class, 'is-hidden'))]/div[@class='pika-lendar'][1]/table[@class='pika-table']/tbody/tr/td/button[count(. | //*[@type = 'button' and @data-pika-day = '" + dayIni + "']) = count(//*[@type = 'button' and @data-pika-day = '" + dayIni + "'])]": null

2019-04-29 13:35:02 - [TEST_STEP][PASSED] - to = new com.kms.katalon.core.testobject.TestObject(eldia): null

2019-04-29 13:35:02 - [TEST_STEP][PASSED] - to.addProperty("xpath", EQUALS, dynxpath): null

2019-04-29 13:35:02 - [TEST_STEP][PASSED] - click(to): Object: 'eldia' is clicked on

2019-04-29 13:35:02 - [MESSAGE][PASSED] - Object: 'eldia' is clicked on

2019-04-29 13:35:02 - [TEST_STEP][PASSED] - delay(2): Delayed 2 second(s)

2019-04-29 13:35:04 - [MESSAGE][PASSED] - Delayed 2 second(s)

2019-04-29 13:35:04 - [TEST_STEP][PASSED] - click(findTestObject("homepage/checkout_date")): Object: 'Object Repository/homepage/checkout_date' is clicked on

2019-04-29 13:35:04 - [MESSAGE][PASSED] - Object: 'Object Repository/homepage/checkout_date' is clicked on

2019-04-29 13:35:04 - [TEST_STEP][PASSED] - delay(1): Delayed 1 second(s)

2019-04-29 13:35:05 - [MESSAGE][PASSED] - Delayed 1 second(s)

2019-04-29 13:35:05 - [TEST_STEP][PASSED] - if (verifyElementPresent(findTestObject("homepage/sel_date_month2"), 1, CONTINUE_ON_FAILURE)): null

2019-04-29 13:35:06 - [MESSAGE][PASSED] - Object 'Object Repository/homepage/sel_date_month2' is present

2019-04-29 13:35:06 - [TEST_STEP][PASSED] - if (waitForElementClickable(findTestObject("homepage/sel_date_month2"), 1, CONTINUE_ON_FAILURE)): null

2019-04-29 13:35:06 - [MESSAGE][PASSED] - Object 'Object Repository/homepage/sel_date_month2' is clickable

2019-04-29 13:35:06 - [TEST_STEP][PASSED] - click(findTestObject("homepage/sel_date_month2"), CONTINUE_ON_FAILURE): Object: 'Object Repository/homepage/sel_date_month2' is clicked on

2019-04-29 13:35:06 - [MESSAGE][PASSED] - Object: 'Object Repository/homepage/sel_date_month2' is clicked on

2019-04-29 13:35:06 - [TEST_STEP][PASSED] - if (verifyOptionPresentByLabel(findTestObject("homepage/sel_date_month2"), strMoEnd, false, 1, CONTINUE_ON_FAILURE)): Delayed 1 second(s)

2019-04-29 13:35:06 - [MESSAGE][PASSED] - 1 option(s) with label 'May' is/are present in object 'Object Repository/homepage/sel_date_month2' 

2019-04-29 13:35:06 - [TEST_STEP][PASSED] - selectOptionByIndex(findTestObject("homepage/sel_date_month2"), 4, CONTINUE_ON_FAILURE): All options with index in [4] are selected on object 'Object Repository/homepage/sel_date_month2'

2019-04-29 13:35:06 - [MESSAGE][PASSED] - All options with index in [4] are selected on object 'Object Repository/homepage/sel_date_month2'

2019-04-29 13:35:06 - [TEST_STEP][PASSED] - delay(1): Delayed 1 second(s)

2019-04-29 13:35:07 - [MESSAGE][PASSED] - Delayed 1 second(s)

2019-04-29 13:35:07 - [TEST_STEP][PASSED] - if (verifyElementPresent(findTestObject("homepage/sel_date_year2"), 1, CONTINUE_ON_FAILURE)): null

2019-04-29 13:35:07 - [MESSAGE][PASSED] - Object 'Object Repository/homepage/sel_date_year2' is present

2019-04-29 13:35:07 - [TEST_STEP][PASSED] - if (waitForElementClickable(findTestObject("homepage/sel_date_year2"), 1, CONTINUE_ON_FAILURE)): null

2019-04-29 13:35:07 - [MESSAGE][PASSED] - Object 'Object Repository/homepage/sel_date_year2' is clickable

2019-04-29 13:35:07 - [TEST_STEP][PASSED] - click(findTestObject("homepage/sel_date_year2"), CONTINUE_ON_FAILURE): Object: 'Object Repository/homepage/sel_date_year2' is clicked on

2019-04-29 13:35:07 - [MESSAGE][PASSED] - Object: 'Object Repository/homepage/sel_date_year2' is clicked on

2019-04-29 13:35:07 - [TEST_STEP][PASSED] - if (verifyOptionPresentByLabel(findTestObject("homepage/sel_date_year2"), yrEnd, false, 1, CONTINUE_ON_FAILURE)): Delayed 1 second(s)

2019-04-29 13:35:08 - [MESSAGE][PASSED] - 1 option(s) with label '2019' is/are present in object 'Object Repository/homepage/sel_date_year2' 

2019-04-29 13:35:08 - [TEST_STEP][PASSED] - selectOptionByLabel(findTestObject("homepage/sel_date_year2"), yrEnd, false, CONTINUE_ON_FAILURE): All options with label '2019' are selected in object 'Object Repository/homepage/sel_date_year2' 

2019-04-29 13:35:08 - [MESSAGE][PASSED] - All options with label '2019' are selected in object 'Object Repository/homepage/sel_date_year2' 

2019-04-29 13:35:08 - [TEST_STEP][PASSED] - delay(1): Delayed 1 second(s)

2019-04-29 13:35:09 - [MESSAGE][PASSED] - Delayed 1 second(s)

2019-04-29 13:35:09 - [TEST_STEP][PASSED] - dynxpath2 = "//div[contains(@class, 'pika-single') and contains(@class, 'is-bound') and not(contains(@class, 'is-hidden'))]/div[@class='pika-lendar'][1]/table[@class='pika-table']/tbody/tr/td/button[count(. | //*[@type = 'button' and @data-pika-day = '" + dayEnd + "']) = count(//*[@type = 'button' and @data-pika-day = '" + dayEnd + "'])]": null

2019-04-29 13:35:09 - [TEST_STEP][PASSED] - to2 = new com.kms.katalon.core.testobject.TestObject(eldia2): null

2019-04-29 13:35:09 - [TEST_STEP][PASSED] - to2.addProperty("xpath", EQUALS, dynxpath2): null

2019-04-29 13:35:09 - [TEST_STEP][PASSED] - click(to2): Object: 'eldia2' is clicked on

2019-04-29 13:35:09 - [MESSAGE][PASSED] - Object: 'eldia2' is clicked on

2019-04-29 13:35:09 - [TEST_STEP][PASSED] - delay(2): Delayed 2 second(s)

2019-04-29 13:35:11 - [MESSAGE][PASSED] - Delayed 2 second(s)

2019-04-29 13:35:11 - [TEST_STEP][PASSED] - click(findTestObject("homepage/button_Search")): Object: 'Object Repository/homepage/button_Search' is clicked on

2019-04-29 13:35:11 - [MESSAGE][PASSED] - Object: 'Object Repository/homepage/button_Search' is clicked on

2019-04-29 13:35:11 - [TEST_STEP][PASSED] - waitForPageLoad(5): Wait for page load successfully

2019-04-29 13:35:14 - [MESSAGE][PASSED] - Wait for page load successfully

2019-04-29 13:35:14 - [TEST_STEP][PASSED] - closeBrowser(): Browser is closed

2019-04-29 13:35:14 - [MESSAGE][PASSED] - Browser is closed]]></system-out>
         <system-err><![CDATA[]]></system-err>
      </testcase>
      <system-out><![CDATA[2019-04-29 13:34:45 - [TEST_SUITE][PASSED] - TestSuiteForBookit: Test Cases/Booking02]]></system-out>
      <system-err><![CDATA[]]></system-err>
   </testsuite>
</testsuites>
