<?xml version="1.0" encoding="UTF-8"?>
<testsuites name="TestSuiteForBookit" time="82" tests="4" failures="0" errors="0">
   <testsuite name="TestSuiteForBookit" tests="4" failures="0" errors="0" time="82" timestamp="2019-04-24 12:21:32" hostname="andres.jaramillo - allisoncotignol.bookit.local" id="Test Suites/TestSuiteForBookit">
      <properties>
         <property name="deviceName" value=""/>
         <property name="devicePlatform" value=""/>
         <property name="logFolder" value="C:\\Users\\Andres.Jaramillo\\git\\bookit-bookingtests-katalon\\Reports\\TestSuiteForBookit\\20190424_122129"/>
         <property name="logFiles" value="C:\\Users\\Andres.Jaramillo\\git\\bookit-bookingtests-katalon\\Reports\\TestSuiteForBookit\\20190424_122129\\execution0.log"/>
         <property name="attachments" value=""/>
         <property name="hostName" value="andres.jaramillo - allisoncotignol.bookit.local"/>
         <property name="os" value="Windows 7 64bit"/>
         <property name="katalonVersion" value="6.1.0.1"/>
         <property name="browser" value="Chrome 74.0.3729.108"/>
         <property name="hostAddress" value="172.19.15.44"/>
         <property name="sessionId" value="58cbcc23c90f790085384d14c67f10e6"/>
         <property name="seleniumVersion" value="3.7.1"/>
         <property name="proxyInformation" value="ProxyInformation{proxyOption=NO_PROXY, proxyServerType=HTTP, password=, proxyServerAddress=, proxyServerPort=0}"/>
         <property name="platform" value="Windows 7"/>
      </properties>
      <testcase name="Test Cases/Booking01" classname="Test Cases/Booking01" status="PASSED">
         <system-out><![CDATA[2019-04-24 12:21:33 - [TEST_CASE][PASSED] - Test Cases/Booking01: Test Cases/Booking01

2019-04-24 12:21:33 - [TEST_STEP][PASSED] - openBrowser("https://bookit-qa6.com"): Browser is opened with url: 'https://bookit-qa6.com'

2019-04-24 12:21:34 - [MESSAGE][INFO] - Starting 'Chrome' driver

2019-04-24 12:21:34 - [MESSAGE][INFO] - Action delay is set to 0 seconds

2019-04-24 12:21:41 - [MESSAGE][PASSED] - Browser is opened with url: 'https://bookit-qa6.com'

2019-04-24 12:21:41 - [TEST_STEP][PASSED] - delay(3): Delayed 3 second(s)

2019-04-24 12:21:44 - [MESSAGE][PASSED] - Delayed 3 second(s)

2019-04-24 12:21:44 - [TEST_STEP][PASSED] - click(findTestObject("homepage/flight_checkbox")): Object: 'Object Repository/homepage/flight_checkbox' is clicked on

2019-04-24 12:21:44 - [MESSAGE][PASSED] - Object: 'Object Repository/homepage/flight_checkbox' is clicked on

2019-04-24 12:21:44 - [TEST_STEP][PASSED] - delay(3): Delayed 3 second(s)

2019-04-24 12:21:47 - [MESSAGE][PASSED] - Delayed 3 second(s)

2019-04-24 12:21:47 - [TEST_STEP][PASSED] - setText(findTestObject("homepage/city_or_airport"), "cheese"): Text 'cheese' is set on object 'Object Repository/homepage/city_or_airport'

2019-04-24 12:21:47 - [MESSAGE][PASSED] - Text 'cheese' is set on object 'Object Repository/homepage/city_or_airport'

2019-04-24 12:21:47 - [TEST_STEP][PASSED] - delay(3): Delayed 3 second(s)

2019-04-24 12:21:50 - [MESSAGE][PASSED] - Delayed 3 second(s)

2019-04-24 12:21:50 - [TEST_STEP][PASSED] - click(findTestObject("homepage/div_Cheese City IL US")): Object: 'Object Repository/homepage/div_Cheese City IL US' is clicked on

2019-04-24 12:21:50 - [MESSAGE][PASSED] - Object: 'Object Repository/homepage/div_Cheese City IL US' is clicked on

2019-04-24 12:21:50 - [TEST_STEP][PASSED] - delay(1): Delayed 1 second(s)

2019-04-24 12:21:51 - [MESSAGE][PASSED] - Delayed 1 second(s)

2019-04-24 12:21:51 - [TEST_STEP][PASSED] - checkinId = getAttribute(findTestObject("homepage/checkin_date"), "id"): Attribute 'id' of object 'Object Repository/homepage/checkin_date' is: 'ember532-fd'

2019-04-24 12:21:51 - [MESSAGE][PASSED] - Attribute 'id' of object 'Object Repository/homepage/checkin_date' is: 'ember532-fd'

2019-04-24 12:21:51 - [TEST_STEP][PASSED] - checkoutId = getAttribute(findTestObject("homepage/checkout_date"), "id"): Attribute 'id' of object 'Object Repository/homepage/checkout_date' is: 'ember532-td'

2019-04-24 12:21:51 - [MESSAGE][PASSED] - Attribute 'id' of object 'Object Repository/homepage/checkout_date' is: 'ember532-td'

2019-04-24 12:21:51 - [TEST_STEP][PASSED] - iniDate = moIni + "/" + dayIni + "/" + yrIni: null

2019-04-24 12:21:51 - [TEST_STEP][PASSED] - myIniDate = "$('#" + checkinId + "').val('" + iniDate + "')": null

2019-04-24 12:21:51 - [TEST_STEP][PASSED] - executeJavaScript(myIniDate, null): Execute JavaScript '$('#ember532-fd').val('05/01/2019')' successfully

2019-04-24 12:21:51 - [MESSAGE][PASSED] - Execute JavaScript '$('#ember532-fd').val('05/01/2019')' successfully

2019-04-24 12:21:51 - [TEST_STEP][PASSED] - endDate = moEnd + "/" + dayEnd + "/" + yrEnd: null

2019-04-24 12:21:51 - [TEST_STEP][PASSED] - myEndDate = "$('#" + checkoutId + "').val('" + endDate + "')": null

2019-04-24 12:21:51 - [TEST_STEP][PASSED] - executeJavaScript(myEndDate, null): Execute JavaScript '$('#ember532-td').val('05/04/2019')' successfully

2019-04-24 12:21:51 - [MESSAGE][PASSED] - Execute JavaScript '$('#ember532-td').val('05/04/2019')' successfully

2019-04-24 12:21:51 - [TEST_STEP][PASSED] - delay(1): Delayed 1 second(s)

2019-04-24 12:21:52 - [MESSAGE][PASSED] - Delayed 1 second(s)

2019-04-24 12:21:52 - [TEST_STEP][NOT_RUN] - click(findTestObject("homepage/button_Search")): NOT_RUN: click(findTestObject("homepage/button_Search"))

2019-04-24 12:21:52 - [MESSAGE][NOT_RUN] - NOT_RUN: click(findTestObject("homepage/button_Search"))

2019-04-24 12:21:52 - [TEST_STEP][PASSED] - redirUrl = "https://results.bookit-qa6.com/hotels.php?ap1=2&fd=" + yrIni + "-" + moIni + "-" + dayIni + "&mp1=0&pt=h&rm=1&td=" + yrEnd + "-" + moEnd + "-" + dayEnd + "&tripType=hotel&hotelTo=Cheese%20City%2C%20IL%2C%20US&tl=CMI&areaId=1703&fromLocation=Panama%20City%2C%20FL%2C%20US%20(ECP)&fl=ECP": null

2019-04-24 12:21:52 - [TEST_STEP][PASSED] - navigateToUrl(redirUrl): Navigate to 'https://results.bookit-qa6.com/hotels.php?ap1=2&fd=2019-05-01&mp1=0&pt=h&rm=1&td=2019-05-04&tripType=hotel&hotelTo=Cheese%20City%2C%20IL%2C%20US&tl=CMI&areaId=1703&fromLocation=Panama%20City%2C%20FL%2C%20US%20(ECP)&fl=ECP' successfully

2019-04-24 12:21:55 - [MESSAGE][PASSED] - Navigate to 'https://results.bookit-qa6.com/hotels.php?ap1=2&fd=2019-05-01&mp1=0&pt=h&rm=1&td=2019-05-04&tripType=hotel&hotelTo=Cheese%20City%2C%20IL%2C%20US&tl=CMI&areaId=1703&fromLocation=Panama%20City%2C%20FL%2C%20US%20(ECP)&fl=ECP' successfully

2019-04-24 12:21:55 - [TEST_STEP][PASSED] - waitForPageLoad(5): Wait for page load successfully

2019-04-24 12:21:55 - [MESSAGE][PASSED] - Wait for page load successfully

2019-04-24 12:21:55 - [TEST_STEP][PASSED] - closeBrowser(): Browser is closed

2019-04-24 12:21:56 - [MESSAGE][PASSED] - Browser is closed]]></system-out>
         <system-err><![CDATA[]]></system-err>
      </testcase>
      <testcase name="Test Cases/Booking01" classname="Test Cases/Booking01" status="PASSED">
         <system-out><![CDATA[2019-04-24 12:21:56 - [TEST_CASE][PASSED] - Test Cases/Booking01: Test Cases/Booking01

2019-04-24 12:21:56 - [TEST_STEP][PASSED] - openBrowser("https://bookit-qa6.com"): Browser is opened with url: 'https://bookit-qa6.com'

2019-04-24 12:21:56 - [MESSAGE][INFO] - Starting 'Chrome' driver

2019-04-24 12:22:02 - [MESSAGE][PASSED] - Browser is opened with url: 'https://bookit-qa6.com'

2019-04-24 12:22:02 - [TEST_STEP][PASSED] - delay(3): Delayed 3 second(s)

2019-04-24 12:22:05 - [MESSAGE][PASSED] - Delayed 3 second(s)

2019-04-24 12:22:05 - [TEST_STEP][PASSED] - click(findTestObject("homepage/flight_checkbox")): Object: 'Object Repository/homepage/flight_checkbox' is clicked on

2019-04-24 12:22:05 - [MESSAGE][PASSED] - Object: 'Object Repository/homepage/flight_checkbox' is clicked on

2019-04-24 12:22:05 - [TEST_STEP][PASSED] - delay(3): Delayed 3 second(s)

2019-04-24 12:22:08 - [MESSAGE][PASSED] - Delayed 3 second(s)

2019-04-24 12:22:08 - [TEST_STEP][PASSED] - setText(findTestObject("homepage/city_or_airport"), "cheese"): Text 'cheese' is set on object 'Object Repository/homepage/city_or_airport'

2019-04-24 12:22:08 - [MESSAGE][PASSED] - Text 'cheese' is set on object 'Object Repository/homepage/city_or_airport'

2019-04-24 12:22:08 - [TEST_STEP][PASSED] - delay(3): Delayed 3 second(s)

2019-04-24 12:22:11 - [MESSAGE][PASSED] - Delayed 3 second(s)

2019-04-24 12:22:11 - [TEST_STEP][PASSED] - click(findTestObject("homepage/div_Cheese City IL US")): Object: 'Object Repository/homepage/div_Cheese City IL US' is clicked on

2019-04-24 12:22:11 - [MESSAGE][PASSED] - Object: 'Object Repository/homepage/div_Cheese City IL US' is clicked on

2019-04-24 12:22:11 - [TEST_STEP][PASSED] - delay(1): Delayed 1 second(s)

2019-04-24 12:22:12 - [MESSAGE][PASSED] - Delayed 1 second(s)

2019-04-24 12:22:12 - [TEST_STEP][PASSED] - checkinId = getAttribute(findTestObject("homepage/checkin_date"), "id"): Attribute 'id' of object 'Object Repository/homepage/checkin_date' is: 'ember532-fd'

2019-04-24 12:22:12 - [MESSAGE][PASSED] - Attribute 'id' of object 'Object Repository/homepage/checkin_date' is: 'ember532-fd'

2019-04-24 12:22:12 - [TEST_STEP][PASSED] - checkoutId = getAttribute(findTestObject("homepage/checkout_date"), "id"): Attribute 'id' of object 'Object Repository/homepage/checkout_date' is: 'ember532-td'

2019-04-24 12:22:12 - [MESSAGE][PASSED] - Attribute 'id' of object 'Object Repository/homepage/checkout_date' is: 'ember532-td'

2019-04-24 12:22:12 - [TEST_STEP][PASSED] - iniDate = moIni + "/" + dayIni + "/" + yrIni: null

2019-04-24 12:22:12 - [TEST_STEP][PASSED] - myIniDate = "$('#" + checkinId + "').val('" + iniDate + "')": null

2019-04-24 12:22:12 - [TEST_STEP][PASSED] - executeJavaScript(myIniDate, null): Execute JavaScript '$('#ember532-fd').val('06/16/2019')' successfully

2019-04-24 12:22:12 - [MESSAGE][PASSED] - Execute JavaScript '$('#ember532-fd').val('06/16/2019')' successfully

2019-04-24 12:22:12 - [TEST_STEP][PASSED] - endDate = moEnd + "/" + dayEnd + "/" + yrEnd: null

2019-04-24 12:22:12 - [TEST_STEP][PASSED] - myEndDate = "$('#" + checkoutId + "').val('" + endDate + "')": null

2019-04-24 12:22:12 - [TEST_STEP][PASSED] - executeJavaScript(myEndDate, null): Execute JavaScript '$('#ember532-td').val('06/19/2019')' successfully

2019-04-24 12:22:12 - [MESSAGE][PASSED] - Execute JavaScript '$('#ember532-td').val('06/19/2019')' successfully

2019-04-24 12:22:12 - [TEST_STEP][PASSED] - delay(1): Delayed 1 second(s)

2019-04-24 12:22:14 - [MESSAGE][PASSED] - Delayed 1 second(s)

2019-04-24 12:22:14 - [TEST_STEP][NOT_RUN] - click(findTestObject("homepage/button_Search")): NOT_RUN: click(findTestObject("homepage/button_Search"))

2019-04-24 12:22:14 - [MESSAGE][NOT_RUN] - NOT_RUN: click(findTestObject("homepage/button_Search"))

2019-04-24 12:22:14 - [TEST_STEP][PASSED] - redirUrl = "https://results.bookit-qa6.com/hotels.php?ap1=2&fd=" + yrIni + "-" + moIni + "-" + dayIni + "&mp1=0&pt=h&rm=1&td=" + yrEnd + "-" + moEnd + "-" + dayEnd + "&tripType=hotel&hotelTo=Cheese%20City%2C%20IL%2C%20US&tl=CMI&areaId=1703&fromLocation=Panama%20City%2C%20FL%2C%20US%20(ECP)&fl=ECP": null

2019-04-24 12:22:14 - [TEST_STEP][PASSED] - navigateToUrl(redirUrl): Navigate to 'https://results.bookit-qa6.com/hotels.php?ap1=2&fd=2019-06-16&mp1=0&pt=h&rm=1&td=2019-06-19&tripType=hotel&hotelTo=Cheese%20City%2C%20IL%2C%20US&tl=CMI&areaId=1703&fromLocation=Panama%20City%2C%20FL%2C%20US%20(ECP)&fl=ECP' successfully

2019-04-24 12:22:16 - [MESSAGE][PASSED] - Navigate to 'https://results.bookit-qa6.com/hotels.php?ap1=2&fd=2019-06-16&mp1=0&pt=h&rm=1&td=2019-06-19&tripType=hotel&hotelTo=Cheese%20City%2C%20IL%2C%20US&tl=CMI&areaId=1703&fromLocation=Panama%20City%2C%20FL%2C%20US%20(ECP)&fl=ECP' successfully

2019-04-24 12:22:16 - [TEST_STEP][PASSED] - waitForPageLoad(5): Wait for page load successfully

2019-04-24 12:22:16 - [MESSAGE][PASSED] - Wait for page load successfully

2019-04-24 12:22:16 - [TEST_STEP][PASSED] - closeBrowser(): Browser is closed

2019-04-24 12:22:17 - [MESSAGE][PASSED] - Browser is closed]]></system-out>
         <system-err><![CDATA[]]></system-err>
      </testcase>
      <testcase name="Test Cases/Booking01" classname="Test Cases/Booking01" status="PASSED">
         <system-out><![CDATA[2019-04-24 12:22:17 - [TEST_CASE][PASSED] - Test Cases/Booking01: Test Cases/Booking01

2019-04-24 12:22:17 - [TEST_STEP][PASSED] - openBrowser("https://bookit-qa6.com"): Browser is opened with url: 'https://bookit-qa6.com'

2019-04-24 12:22:17 - [MESSAGE][INFO] - Starting 'Chrome' driver

2019-04-24 12:22:21 - [MESSAGE][PASSED] - Browser is opened with url: 'https://bookit-qa6.com'

2019-04-24 12:22:21 - [TEST_STEP][PASSED] - delay(3): Delayed 3 second(s)

2019-04-24 12:22:24 - [MESSAGE][PASSED] - Delayed 3 second(s)

2019-04-24 12:22:24 - [TEST_STEP][PASSED] - click(findTestObject("homepage/flight_checkbox")): Object: 'Object Repository/homepage/flight_checkbox' is clicked on

2019-04-24 12:22:24 - [MESSAGE][PASSED] - Object: 'Object Repository/homepage/flight_checkbox' is clicked on

2019-04-24 12:22:24 - [TEST_STEP][PASSED] - delay(3): Delayed 3 second(s)

2019-04-24 12:22:27 - [MESSAGE][PASSED] - Delayed 3 second(s)

2019-04-24 12:22:27 - [TEST_STEP][PASSED] - setText(findTestObject("homepage/city_or_airport"), "cheese"): Text 'cheese' is set on object 'Object Repository/homepage/city_or_airport'

2019-04-24 12:22:28 - [MESSAGE][PASSED] - Text 'cheese' is set on object 'Object Repository/homepage/city_or_airport'

2019-04-24 12:22:28 - [TEST_STEP][PASSED] - delay(3): Delayed 3 second(s)

2019-04-24 12:22:31 - [MESSAGE][PASSED] - Delayed 3 second(s)

2019-04-24 12:22:31 - [TEST_STEP][PASSED] - click(findTestObject("homepage/div_Cheese City IL US")): Object: 'Object Repository/homepage/div_Cheese City IL US' is clicked on

2019-04-24 12:22:31 - [MESSAGE][PASSED] - Object: 'Object Repository/homepage/div_Cheese City IL US' is clicked on

2019-04-24 12:22:31 - [TEST_STEP][PASSED] - delay(1): Delayed 1 second(s)

2019-04-24 12:22:32 - [MESSAGE][PASSED] - Delayed 1 second(s)

2019-04-24 12:22:32 - [TEST_STEP][PASSED] - checkinId = getAttribute(findTestObject("homepage/checkin_date"), "id"): Attribute 'id' of object 'Object Repository/homepage/checkin_date' is: 'ember532-fd'

2019-04-24 12:22:32 - [MESSAGE][PASSED] - Attribute 'id' of object 'Object Repository/homepage/checkin_date' is: 'ember532-fd'

2019-04-24 12:22:32 - [TEST_STEP][PASSED] - checkoutId = getAttribute(findTestObject("homepage/checkout_date"), "id"): Attribute 'id' of object 'Object Repository/homepage/checkout_date' is: 'ember532-td'

2019-04-24 12:22:32 - [MESSAGE][PASSED] - Attribute 'id' of object 'Object Repository/homepage/checkout_date' is: 'ember532-td'

2019-04-24 12:22:32 - [TEST_STEP][PASSED] - iniDate = moIni + "/" + dayIni + "/" + yrIni: null

2019-04-24 12:22:32 - [TEST_STEP][PASSED] - myIniDate = "$('#" + checkinId + "').val('" + iniDate + "')": null

2019-04-24 12:22:32 - [TEST_STEP][PASSED] - executeJavaScript(myIniDate, null): Execute JavaScript '$('#ember532-fd').val('05/01/2019')' successfully

2019-04-24 12:22:32 - [MESSAGE][PASSED] - Execute JavaScript '$('#ember532-fd').val('05/01/2019')' successfully

2019-04-24 12:22:32 - [TEST_STEP][PASSED] - endDate = moEnd + "/" + dayEnd + "/" + yrEnd: null

2019-04-24 12:22:32 - [TEST_STEP][PASSED] - myEndDate = "$('#" + checkoutId + "').val('" + endDate + "')": null

2019-04-24 12:22:32 - [TEST_STEP][PASSED] - executeJavaScript(myEndDate, null): Execute JavaScript '$('#ember532-td').val('06/05/2019')' successfully

2019-04-24 12:22:32 - [MESSAGE][PASSED] - Execute JavaScript '$('#ember532-td').val('06/05/2019')' successfully

2019-04-24 12:22:32 - [TEST_STEP][PASSED] - delay(1): Delayed 1 second(s)

2019-04-24 12:22:33 - [MESSAGE][PASSED] - Delayed 1 second(s)

2019-04-24 12:22:33 - [TEST_STEP][NOT_RUN] - click(findTestObject("homepage/button_Search")): NOT_RUN: click(findTestObject("homepage/button_Search"))

2019-04-24 12:22:33 - [MESSAGE][NOT_RUN] - NOT_RUN: click(findTestObject("homepage/button_Search"))

2019-04-24 12:22:33 - [TEST_STEP][PASSED] - redirUrl = "https://results.bookit-qa6.com/hotels.php?ap1=2&fd=" + yrIni + "-" + moIni + "-" + dayIni + "&mp1=0&pt=h&rm=1&td=" + yrEnd + "-" + moEnd + "-" + dayEnd + "&tripType=hotel&hotelTo=Cheese%20City%2C%20IL%2C%20US&tl=CMI&areaId=1703&fromLocation=Panama%20City%2C%20FL%2C%20US%20(ECP)&fl=ECP": null

2019-04-24 12:22:33 - [TEST_STEP][PASSED] - navigateToUrl(redirUrl): Navigate to 'https://results.bookit-qa6.com/hotels.php?ap1=2&fd=2019-05-01&mp1=0&pt=h&rm=1&td=2019-06-05&tripType=hotel&hotelTo=Cheese%20City%2C%20IL%2C%20US&tl=CMI&areaId=1703&fromLocation=Panama%20City%2C%20FL%2C%20US%20(ECP)&fl=ECP' successfully

2019-04-24 12:22:36 - [MESSAGE][PASSED] - Navigate to 'https://results.bookit-qa6.com/hotels.php?ap1=2&fd=2019-05-01&mp1=0&pt=h&rm=1&td=2019-06-05&tripType=hotel&hotelTo=Cheese%20City%2C%20IL%2C%20US&tl=CMI&areaId=1703&fromLocation=Panama%20City%2C%20FL%2C%20US%20(ECP)&fl=ECP' successfully

2019-04-24 12:22:36 - [TEST_STEP][PASSED] - waitForPageLoad(5): Wait for page load successfully

2019-04-24 12:22:36 - [MESSAGE][PASSED] - Wait for page load successfully

2019-04-24 12:22:36 - [TEST_STEP][PASSED] - closeBrowser(): Browser is closed

2019-04-24 12:22:36 - [MESSAGE][PASSED] - Browser is closed]]></system-out>
         <system-err><![CDATA[]]></system-err>
      </testcase>
      <testcase name="Test Cases/Booking01" classname="Test Cases/Booking01" status="PASSED">
         <system-out><![CDATA[2019-04-24 12:22:36 - [TEST_CASE][PASSED] - Test Cases/Booking01: Test Cases/Booking01

2019-04-24 12:22:36 - [TEST_STEP][PASSED] - openBrowser("https://bookit-qa6.com"): Browser is opened with url: 'https://bookit-qa6.com'

2019-04-24 12:22:36 - [MESSAGE][INFO] - Starting 'Chrome' driver

2019-04-24 12:22:40 - [MESSAGE][PASSED] - Browser is opened with url: 'https://bookit-qa6.com'

2019-04-24 12:22:40 - [TEST_STEP][PASSED] - delay(3): Delayed 3 second(s)

2019-04-24 12:22:43 - [MESSAGE][PASSED] - Delayed 3 second(s)

2019-04-24 12:22:43 - [TEST_STEP][PASSED] - click(findTestObject("homepage/flight_checkbox")): Object: 'Object Repository/homepage/flight_checkbox' is clicked on

2019-04-24 12:22:44 - [MESSAGE][PASSED] - Object: 'Object Repository/homepage/flight_checkbox' is clicked on

2019-04-24 12:22:44 - [TEST_STEP][PASSED] - delay(3): Delayed 3 second(s)

2019-04-24 12:22:47 - [MESSAGE][PASSED] - Delayed 3 second(s)

2019-04-24 12:22:47 - [TEST_STEP][PASSED] - setText(findTestObject("homepage/city_or_airport"), "cheese"): Text 'cheese' is set on object 'Object Repository/homepage/city_or_airport'

2019-04-24 12:22:47 - [MESSAGE][PASSED] - Text 'cheese' is set on object 'Object Repository/homepage/city_or_airport'

2019-04-24 12:22:47 - [TEST_STEP][PASSED] - delay(3): Delayed 3 second(s)

2019-04-24 12:22:50 - [MESSAGE][PASSED] - Delayed 3 second(s)

2019-04-24 12:22:50 - [TEST_STEP][PASSED] - click(findTestObject("homepage/div_Cheese City IL US")): Object: 'Object Repository/homepage/div_Cheese City IL US' is clicked on

2019-04-24 12:22:50 - [MESSAGE][PASSED] - Object: 'Object Repository/homepage/div_Cheese City IL US' is clicked on

2019-04-24 12:22:50 - [TEST_STEP][PASSED] - delay(1): Delayed 1 second(s)

2019-04-24 12:22:51 - [MESSAGE][PASSED] - Delayed 1 second(s)

2019-04-24 12:22:51 - [TEST_STEP][PASSED] - checkinId = getAttribute(findTestObject("homepage/checkin_date"), "id"): Attribute 'id' of object 'Object Repository/homepage/checkin_date' is: 'ember532-fd'

2019-04-24 12:22:51 - [MESSAGE][PASSED] - Attribute 'id' of object 'Object Repository/homepage/checkin_date' is: 'ember532-fd'

2019-04-24 12:22:51 - [TEST_STEP][PASSED] - checkoutId = getAttribute(findTestObject("homepage/checkout_date"), "id"): Attribute 'id' of object 'Object Repository/homepage/checkout_date' is: 'ember532-td'

2019-04-24 12:22:51 - [MESSAGE][PASSED] - Attribute 'id' of object 'Object Repository/homepage/checkout_date' is: 'ember532-td'

2019-04-24 12:22:51 - [TEST_STEP][PASSED] - iniDate = moIni + "/" + dayIni + "/" + yrIni: null

2019-04-24 12:22:51 - [TEST_STEP][PASSED] - myIniDate = "$('#" + checkinId + "').val('" + iniDate + "')": null

2019-04-24 12:22:51 - [TEST_STEP][PASSED] - executeJavaScript(myIniDate, null): Execute JavaScript '$('#ember532-fd').val('08/01/2019')' successfully

2019-04-24 12:22:51 - [MESSAGE][PASSED] - Execute JavaScript '$('#ember532-fd').val('08/01/2019')' successfully

2019-04-24 12:22:51 - [TEST_STEP][PASSED] - endDate = moEnd + "/" + dayEnd + "/" + yrEnd: null

2019-04-24 12:22:51 - [TEST_STEP][PASSED] - myEndDate = "$('#" + checkoutId + "').val('" + endDate + "')": null

2019-04-24 12:22:51 - [TEST_STEP][PASSED] - executeJavaScript(myEndDate, null): Execute JavaScript '$('#ember532-td').val('10/01/2019')' successfully

2019-04-24 12:22:51 - [MESSAGE][PASSED] - Execute JavaScript '$('#ember532-td').val('10/01/2019')' successfully

2019-04-24 12:22:51 - [TEST_STEP][PASSED] - delay(1): Delayed 1 second(s)

2019-04-24 12:22:52 - [MESSAGE][PASSED] - Delayed 1 second(s)

2019-04-24 12:22:52 - [TEST_STEP][NOT_RUN] - click(findTestObject("homepage/button_Search")): NOT_RUN: click(findTestObject("homepage/button_Search"))

2019-04-24 12:22:52 - [MESSAGE][NOT_RUN] - NOT_RUN: click(findTestObject("homepage/button_Search"))

2019-04-24 12:22:52 - [TEST_STEP][PASSED] - redirUrl = "https://results.bookit-qa6.com/hotels.php?ap1=2&fd=" + yrIni + "-" + moIni + "-" + dayIni + "&mp1=0&pt=h&rm=1&td=" + yrEnd + "-" + moEnd + "-" + dayEnd + "&tripType=hotel&hotelTo=Cheese%20City%2C%20IL%2C%20US&tl=CMI&areaId=1703&fromLocation=Panama%20City%2C%20FL%2C%20US%20(ECP)&fl=ECP": null

2019-04-24 12:22:52 - [TEST_STEP][PASSED] - navigateToUrl(redirUrl): Navigate to 'https://results.bookit-qa6.com/hotels.php?ap1=2&fd=2019-08-01&mp1=0&pt=h&rm=1&td=2019-10-01&tripType=hotel&hotelTo=Cheese%20City%2C%20IL%2C%20US&tl=CMI&areaId=1703&fromLocation=Panama%20City%2C%20FL%2C%20US%20(ECP)&fl=ECP' successfully

2019-04-24 12:22:54 - [MESSAGE][PASSED] - Navigate to 'https://results.bookit-qa6.com/hotels.php?ap1=2&fd=2019-08-01&mp1=0&pt=h&rm=1&td=2019-10-01&tripType=hotel&hotelTo=Cheese%20City%2C%20IL%2C%20US&tl=CMI&areaId=1703&fromLocation=Panama%20City%2C%20FL%2C%20US%20(ECP)&fl=ECP' successfully

2019-04-24 12:22:54 - [TEST_STEP][PASSED] - waitForPageLoad(5): Wait for page load successfully

2019-04-24 12:22:54 - [MESSAGE][PASSED] - Wait for page load successfully

2019-04-24 12:22:54 - [TEST_STEP][PASSED] - closeBrowser(): Browser is closed

2019-04-24 12:22:55 - [MESSAGE][PASSED] - Browser is closed]]></system-out>
         <system-err><![CDATA[]]></system-err>
      </testcase>
      <system-out><![CDATA[2019-04-24 12:21:32 - [TEST_SUITE][PASSED] - TestSuiteForBookit: Test Cases/Booking01]]></system-out>
      <system-err><![CDATA[]]></system-err>
   </testsuite>
</testsuites>
