<?xml version="1.0" encoding="UTF-8"?>
<testsuites name="TestSuiteForBookit2" time="107" tests="4" failures="0" errors="0">
   <testsuite name="TestSuiteForBookit2" tests="4" failures="0" errors="0" time="107" timestamp="2019-05-08 10:14:30" hostname="andres.jaramillo - allisoncotignol.bookit.local" id="Test Suites/TestSuiteForBookit2">
      <properties>
         <property name="deviceName" value=""/>
         <property name="devicePlatform" value=""/>
         <property name="logFolder" value="C:\\Users\\Andres.Jaramillo\\git\\bookit-bookingtests-katalon\\Reports\\TestSuiteForBookit2\\20190508_101426"/>
         <property name="logFiles" value="C:\\Users\\Andres.Jaramillo\\git\\bookit-bookingtests-katalon\\Reports\\TestSuiteForBookit2\\20190508_101426\\execution0.log"/>
         <property name="attachments" value=""/>
         <property name="hostName" value="andres.jaramillo - allisoncotignol.bookit.local"/>
         <property name="os" value="Windows 7 64bit"/>
         <property name="katalonVersion" value="6.1.0.1"/>
         <property name="browser" value="Chrome 74.0.3729.131"/>
         <property name="hostAddress" value="172.19.15.62"/>
         <property name="sessionId" value="564c78879ba9fe27675f1b970083b71b"/>
         <property name="seleniumVersion" value="3.7.1"/>
         <property name="proxyInformation" value="ProxyInformation{proxyOption=NO_PROXY, proxyServerType=HTTP, password=, proxyServerAddress=, proxyServerPort=0}"/>
         <property name="platform" value="Windows 7"/>
      </properties>
      <testcase name="Test Cases/Booking03" classname="Test Cases/Booking03" status="PASSED">
         <system-out><![CDATA[2019-05-08 10:14:30 - [TEST_CASE][PASSED] - Test Cases/Booking03: Test Cases/Booking03

2019-05-08 10:14:31 - [TEST_STEP][PASSED] - openBrowser("https://bookit-qa6.com"): Browser is opened with url: 'https://bookit-qa6.com'

2019-05-08 10:14:31 - [MESSAGE][INFO] - Starting 'Chrome' driver

2019-05-08 10:14:31 - [MESSAGE][INFO] - Action delay is set to 0 seconds

2019-05-08 10:14:37 - [MESSAGE][PASSED] - Browser is opened with url: 'https://bookit-qa6.com'

2019-05-08 10:14:37 - [TEST_STEP][PASSED] - click(findTestObject("homepage/flight_checkbox")): Object: 'Object Repository/homepage/flight_checkbox' is clicked on

2019-05-08 10:14:39 - [MESSAGE][PASSED] - Object: 'Object Repository/homepage/flight_checkbox' is clicked on

2019-05-08 10:14:39 - [TEST_STEP][PASSED] - setText(findTestObject("homepage/city_or_airport"), "cheese"): Text 'cheese' is set on object 'Object Repository/homepage/city_or_airport'

2019-05-08 10:14:39 - [MESSAGE][PASSED] - Text 'cheese' is set on object 'Object Repository/homepage/city_or_airport'

2019-05-08 10:14:39 - [TEST_STEP][PASSED] - delay(1): Delayed 1 second(s)

2019-05-08 10:14:40 - [MESSAGE][PASSED] - Delayed 1 second(s)

2019-05-08 10:14:40 - [TEST_STEP][PASSED] - click(findTestObject("homepage/div_Cheese City IL US")): Object: 'Object Repository/homepage/div_Cheese City IL US' is clicked on

2019-05-08 10:14:41 - [MESSAGE][PASSED] - Object: 'Object Repository/homepage/div_Cheese City IL US' is clicked on

2019-05-08 10:14:41 - [TEST_STEP][PASSED] - checkinId = getAttribute(findTestObject("homepage/checkin_date"), "id"): Attribute 'id' of object 'Object Repository/homepage/checkin_date' is: 'ember532-fd'

2019-05-08 10:14:41 - [MESSAGE][PASSED] - Attribute 'id' of object 'Object Repository/homepage/checkin_date' is: 'ember532-fd'

2019-05-08 10:14:41 - [TEST_STEP][PASSED] - checkoutId = getAttribute(findTestObject("homepage/checkout_date"), "id"): Attribute 'id' of object 'Object Repository/homepage/checkout_date' is: 'ember532-td'

2019-05-08 10:14:41 - [MESSAGE][PASSED] - Attribute 'id' of object 'Object Repository/homepage/checkout_date' is: 'ember532-td'

2019-05-08 10:14:41 - [TEST_STEP][PASSED] - iniDate = moIni + "/" + dayIni + "/" + yrIni: null

2019-05-08 10:14:41 - [TEST_STEP][PASSED] - myIniDate = "$('#" + checkinId + "').val('" + iniDate + "')": null

2019-05-08 10:14:41 - [TEST_STEP][PASSED] - endDate = moEnd + "/" + dayEnd + "/" + yrEnd: null

2019-05-08 10:14:41 - [TEST_STEP][PASSED] - myEndDate = "$('#" + checkoutId + "').val('" + endDate + "')": null

2019-05-08 10:14:41 - [TEST_STEP][PASSED] - strMoIni = bookitKeywords.commonFunctions.getMonthName(moIni): bookitKeywords.commonFunctions.getMonthName is PASSED

2019-05-08 10:14:41 - [MESSAGE][PASSED] - bookitKeywords.commonFunctions.getMonthName is PASSED

2019-05-08 10:14:41 - [TEST_STEP][PASSED] - strMoEnd = bookitKeywords.commonFunctions.getMonthName(moEnd): bookitKeywords.commonFunctions.getMonthName is PASSED

2019-05-08 10:14:41 - [MESSAGE][PASSED] - bookitKeywords.commonFunctions.getMonthName is PASSED

2019-05-08 10:14:41 - [TEST_STEP][PASSED] - dIni = Integer.parseInt(dayIni): null

2019-05-08 10:14:41 - [TEST_STEP][PASSED] - dEnd = Integer.parseInt(dayEnd): null

2019-05-08 10:14:41 - [TEST_STEP][PASSED] - println(dIni): null

2019-05-08 10:14:41 - [TEST_STEP][PASSED] - println(dEnd): null

2019-05-08 10:14:41 - [TEST_STEP][PASSED] - click(findTestObject("homepage/checkin_date")): Object: 'Object Repository/homepage/checkin_date' is clicked on

2019-05-08 10:14:41 - [MESSAGE][PASSED] - Object: 'Object Repository/homepage/checkin_date' is clicked on

2019-05-08 10:14:41 - [TEST_STEP][PASSED] - delay(1): Delayed 1 second(s)

2019-05-08 10:14:42 - [MESSAGE][PASSED] - Delayed 1 second(s)

2019-05-08 10:14:42 - [TEST_STEP][PASSED] - if (verifyElementPresent(findTestObject("homepage/sel_date_month1"), 1, CONTINUE_ON_FAILURE)): null

2019-05-08 10:14:42 - [MESSAGE][PASSED] - Object 'Object Repository/homepage/sel_date_month1' is present

2019-05-08 10:14:42 - [TEST_STEP][PASSED] - if (waitForElementClickable(findTestObject("homepage/sel_date_month1"), 1, CONTINUE_ON_FAILURE)): null

2019-05-08 10:14:42 - [MESSAGE][PASSED] - Object 'Object Repository/homepage/sel_date_month1' is clickable

2019-05-08 10:14:42 - [TEST_STEP][PASSED] - click(findTestObject("homepage/sel_date_month1"), CONTINUE_ON_FAILURE): Object: 'Object Repository/homepage/sel_date_month1' is clicked on

2019-05-08 10:14:42 - [MESSAGE][PASSED] - Object: 'Object Repository/homepage/sel_date_month1' is clicked on

2019-05-08 10:14:42 - [TEST_STEP][PASSED] - if (verifyOptionPresentByLabel(findTestObject("homepage/sel_date_month1"), strMoIni, false, 1, CONTINUE_ON_FAILURE)): null

2019-05-08 10:14:42 - [MESSAGE][PASSED] - 1 option(s) with label 'May' is/are present in object 'Object Repository/homepage/sel_date_month1' 

2019-05-08 10:14:42 - [TEST_STEP][PASSED] - selectOptionByLabel(findTestObject("homepage/sel_date_month1"), strMoIni, false, CONTINUE_ON_FAILURE): All options with label 'May' are selected in object 'Object Repository/homepage/sel_date_month1' 

2019-05-08 10:14:42 - [MESSAGE][PASSED] - All options with label 'May' are selected in object 'Object Repository/homepage/sel_date_month1' 

2019-05-08 10:14:42 - [TEST_STEP][PASSED] - sleep(200): null

2019-05-08 10:14:43 - [TEST_STEP][PASSED] - if (verifyElementPresent(findTestObject("homepage/sel_date_year1"), 1, CONTINUE_ON_FAILURE)): null

2019-05-08 10:14:43 - [MESSAGE][PASSED] - Object 'Object Repository/homepage/sel_date_year1' is present

2019-05-08 10:14:43 - [TEST_STEP][PASSED] - if (waitForElementClickable(findTestObject("homepage/sel_date_year1"), 1, CONTINUE_ON_FAILURE)): null

2019-05-08 10:14:43 - [MESSAGE][PASSED] - Object 'Object Repository/homepage/sel_date_year1' is clickable

2019-05-08 10:14:43 - [TEST_STEP][PASSED] - click(findTestObject("homepage/sel_date_year1"), CONTINUE_ON_FAILURE): Object: 'Object Repository/homepage/sel_date_year1' is clicked on

2019-05-08 10:14:43 - [MESSAGE][PASSED] - Object: 'Object Repository/homepage/sel_date_year1' is clicked on

2019-05-08 10:14:43 - [TEST_STEP][PASSED] - if (verifyOptionPresentByLabel(findTestObject("homepage/sel_date_year1"), yrIni, false, 1, CONTINUE_ON_FAILURE)): null

2019-05-08 10:14:43 - [MESSAGE][PASSED] - 1 option(s) with label '2019' is/are present in object 'Object Repository/homepage/sel_date_year1' 

2019-05-08 10:14:43 - [TEST_STEP][PASSED] - selectOptionByLabel(findTestObject("homepage/sel_date_year1"), yrIni, false, CONTINUE_ON_FAILURE): All options with label '2019' are selected in object 'Object Repository/homepage/sel_date_year1' 

2019-05-08 10:14:43 - [MESSAGE][PASSED] - All options with label '2019' are selected in object 'Object Repository/homepage/sel_date_year1' 

2019-05-08 10:14:43 - [TEST_STEP][PASSED] - sleep(200): null

2019-05-08 10:14:43 - [TEST_STEP][PASSED] - dynxpath = "//div[contains(@class, 'pika-single') and contains(@class, 'is-bound') and not(contains(@class, 'is-hidden'))]/div[@class='pika-lendar'][1]/table[@class='pika-table']/tbody/tr/td/button[count(. | //*[@type = 'button' and @data-pika-day = '" + dIni + "']) = count(//*[@type = 'button' and @data-pika-day = '" + dIni + "'])]": null

2019-05-08 10:14:43 - [TEST_STEP][PASSED] - to = new com.kms.katalon.core.testobject.TestObject(eldia): null

2019-05-08 10:14:43 - [TEST_STEP][PASSED] - to.addProperty("xpath", EQUALS, dynxpath): null

2019-05-08 10:14:43 - [TEST_STEP][PASSED] - click(to): Object: 'eldia' is clicked on

2019-05-08 10:14:44 - [MESSAGE][PASSED] - Object: 'eldia' is clicked on

2019-05-08 10:14:44 - [TEST_STEP][PASSED] - click(findTestObject("homepage/checkout_date")): Object: 'Object Repository/homepage/checkout_date' is clicked on

2019-05-08 10:14:44 - [MESSAGE][PASSED] - Object: 'Object Repository/homepage/checkout_date' is clicked on

2019-05-08 10:14:44 - [TEST_STEP][PASSED] - delay(1): Delayed 1 second(s)

2019-05-08 10:14:45 - [MESSAGE][PASSED] - Delayed 1 second(s)

2019-05-08 10:14:45 - [TEST_STEP][PASSED] - if (verifyElementPresent(findTestObject("homepage/sel_date_month2"), 1, CONTINUE_ON_FAILURE)): null

2019-05-08 10:14:45 - [MESSAGE][PASSED] - Object 'Object Repository/homepage/sel_date_month2' is present

2019-05-08 10:14:45 - [TEST_STEP][PASSED] - if (waitForElementClickable(findTestObject("homepage/sel_date_month2"), 1, CONTINUE_ON_FAILURE)): null

2019-05-08 10:14:45 - [MESSAGE][PASSED] - Object 'Object Repository/homepage/sel_date_month2' is clickable

2019-05-08 10:14:45 - [TEST_STEP][PASSED] - click(findTestObject("homepage/sel_date_month2"), CONTINUE_ON_FAILURE): Object: 'Object Repository/homepage/sel_date_month2' is clicked on

2019-05-08 10:14:45 - [MESSAGE][PASSED] - Object: 'Object Repository/homepage/sel_date_month2' is clicked on

2019-05-08 10:14:45 - [TEST_STEP][PASSED] - if (verifyOptionPresentByLabel(findTestObject("homepage/sel_date_month2"), strMoEnd, false, 1, CONTINUE_ON_FAILURE)): null

2019-05-08 10:14:45 - [MESSAGE][PASSED] - 1 option(s) with label 'May' is/are present in object 'Object Repository/homepage/sel_date_month2' 

2019-05-08 10:14:45 - [TEST_STEP][PASSED] - selectOptionByLabel(findTestObject("homepage/sel_date_month2"), strMoEnd, false, CONTINUE_ON_FAILURE): All options with label 'May' are selected in object 'Object Repository/homepage/sel_date_month2' 

2019-05-08 10:14:45 - [MESSAGE][PASSED] - All options with label 'May' are selected in object 'Object Repository/homepage/sel_date_month2' 

2019-05-08 10:14:45 - [TEST_STEP][PASSED] - sleep(500): null

2019-05-08 10:14:46 - [TEST_STEP][PASSED] - if (verifyElementPresent(findTestObject("homepage/sel_date_year2"), 1, CONTINUE_ON_FAILURE)): null

2019-05-08 10:14:46 - [MESSAGE][PASSED] - Object 'Object Repository/homepage/sel_date_year2' is present

2019-05-08 10:14:46 - [TEST_STEP][PASSED] - if (waitForElementClickable(findTestObject("homepage/sel_date_year2"), 1, CONTINUE_ON_FAILURE)): null

2019-05-08 10:14:46 - [MESSAGE][PASSED] - Object 'Object Repository/homepage/sel_date_year2' is clickable

2019-05-08 10:14:46 - [TEST_STEP][PASSED] - click(findTestObject("homepage/sel_date_year2"), CONTINUE_ON_FAILURE): Object: 'Object Repository/homepage/sel_date_year2' is clicked on

2019-05-08 10:14:46 - [MESSAGE][PASSED] - Object: 'Object Repository/homepage/sel_date_year2' is clicked on

2019-05-08 10:14:46 - [TEST_STEP][PASSED] - if (verifyOptionPresentByLabel(findTestObject("homepage/sel_date_year2"), yrEnd, false, 1, CONTINUE_ON_FAILURE)): null

2019-05-08 10:14:46 - [MESSAGE][PASSED] - 1 option(s) with label '2019' is/are present in object 'Object Repository/homepage/sel_date_year2' 

2019-05-08 10:14:46 - [TEST_STEP][PASSED] - selectOptionByLabel(findTestObject("homepage/sel_date_year2"), yrEnd, false, CONTINUE_ON_FAILURE): All options with label '2019' are selected in object 'Object Repository/homepage/sel_date_year2' 

2019-05-08 10:14:46 - [MESSAGE][PASSED] - All options with label '2019' are selected in object 'Object Repository/homepage/sel_date_year2' 

2019-05-08 10:14:46 - [TEST_STEP][PASSED] - sleep(500): null

2019-05-08 10:14:47 - [TEST_STEP][PASSED] - dynxpath2 = "//div[contains(@class, 'pika-single') and contains(@class, 'is-bound') and not(contains(@class, 'is-hidden'))]/div[@class='pika-lendar'][1]/table[@class='pika-table']/tbody/tr/td/button[count(. | //*[@type = 'button' and @data-pika-day = '" + dEnd + "']) = count(//*[@type = 'button' and @data-pika-day = '" + dEnd + "'])]": null

2019-05-08 10:14:47 - [TEST_STEP][PASSED] - to2 = new com.kms.katalon.core.testobject.TestObject(eldia2): null

2019-05-08 10:14:47 - [TEST_STEP][PASSED] - to2.addProperty("xpath", EQUALS, dynxpath2): null

2019-05-08 10:14:47 - [TEST_STEP][PASSED] - click(to2): Object: 'eldia2' is clicked on

2019-05-08 10:14:47 - [MESSAGE][PASSED] - Object: 'eldia2' is clicked on

2019-05-08 10:14:47 - [TEST_STEP][PASSED] - selectOptionByValue(findTestObject("homepage/select_rooms"), numRooms, false, CONTINUE_ON_FAILURE): All options with value '1' are selected in object 'Object Repository/homepage/select_rooms' 

2019-05-08 10:14:47 - [MESSAGE][PASSED] - All options with value '1' are selected in object 'Object Repository/homepage/select_rooms' 

2019-05-08 10:14:47 - [TEST_STEP][PASSED] - delay(1): Delayed 1 second(s)

2019-05-08 10:14:48 - [MESSAGE][PASSED] - Delayed 1 second(s)

2019-05-08 10:14:48 - [TEST_STEP][PASSED] - tadults = adults.split(","): null

2019-05-08 10:14:48 - [TEST_STEP][PASSED] - tchildren = children.split(","): null

2019-05-08 10:14:48 - [TEST_STEP][PASSED] - tchildages = childrenages.split(","): null

2019-05-08 10:14:48 - [TEST_STEP][PASSED] - tnumrooms = Integer.parseInt(numRooms): null

2019-05-08 10:14:48 - [TEST_STEP][PASSED] - curchild = 0: null

2019-05-08 10:14:48 - [TEST_STEP][PASSED] - for ([i = 1, i <= tnumrooms, (i++)]): null

2019-05-08 10:14:48 - [TEST_STEP][PASSED] - na = new com.kms.katalon.core.testobject.TestObject(seladults): null

2019-05-08 10:14:48 - [TEST_STEP][PASSED] - nc = new com.kms.katalon.core.testobject.TestObject(selchildren): null

2019-05-08 10:14:48 - [TEST_STEP][PASSED] - nadynxpath = <not implemented yet for class: org.codehaus.groovy.ast.expr.EmptyExpression>: null

2019-05-08 10:14:48 - [TEST_STEP][PASSED] - ncdynxpath = <not implemented yet for class: org.codehaus.groovy.ast.expr.EmptyExpression>: null

2019-05-08 10:14:48 - [TEST_STEP][PASSED] - cadynxpath = <not implemented yet for class: org.codehaus.groovy.ast.expr.EmptyExpression>: null

2019-05-08 10:14:48 - [TEST_STEP][PASSED] - if (tnumrooms > 1): null

2019-05-08 10:14:48 - [TEST_STEP][PASSED] - else: null

2019-05-08 10:14:48 - [TEST_STEP][PASSED] - nadynxpath = "//div[contains(@class, 'hidden-multi-room')]/div/select[@name='ap" + i + "']": null

2019-05-08 10:14:48 - [TEST_STEP][PASSED] - ncdynxpath = "//div[contains(@class, 'hidden-multi-room')]/div/select[@name='mp" + i + "']": null

2019-05-08 10:14:48 - [TEST_STEP][PASSED] - na.addProperty("xpath", EQUALS, nadynxpath): null

2019-05-08 10:14:48 - [TEST_STEP][PASSED] - nc.addProperty("xpath", EQUALS, ncdynxpath): null

2019-05-08 10:14:48 - [TEST_STEP][PASSED] - if (verifyElementPresent(na, 1, CONTINUE_ON_FAILURE)): null

2019-05-08 10:14:48 - [MESSAGE][PASSED] - Object 'seladults' is present

2019-05-08 10:14:48 - [TEST_STEP][PASSED] - click(na): Object: 'seladults' is clicked on

2019-05-08 10:14:48 - [MESSAGE][PASSED] - Object: 'seladults' is clicked on

2019-05-08 10:14:48 - [TEST_STEP][PASSED] - if (verifyOptionPresentByValue(na, tadults[i - 1], false, 1, CONTINUE_ON_FAILURE)): All options with value '2' are selected in object 'seladults' 

2019-05-08 10:14:48 - [MESSAGE][PASSED] - 1 option(s) with value '2' is/are present on object 'seladults' 

2019-05-08 10:14:48 - [TEST_STEP][PASSED] - selectOptionByValue(na, tadults[i - 1], false, CONTINUE_ON_FAILURE): All options with value '2' are selected in object 'seladults' 

2019-05-08 10:14:48 - [MESSAGE][PASSED] - All options with value '2' are selected in object 'seladults' 

2019-05-08 10:14:48 - [TEST_STEP][PASSED] - if (verifyElementPresent(nc, 1, CONTINUE_ON_FAILURE)): null

2019-05-08 10:14:48 - [MESSAGE][PASSED] - Object 'selchildren' is present

2019-05-08 10:14:48 - [TEST_STEP][PASSED] - click(nc): Object: 'selchildren' is clicked on

2019-05-08 10:14:48 - [MESSAGE][PASSED] - Object: 'selchildren' is clicked on

2019-05-08 10:14:48 - [TEST_STEP][PASSED] - if (verifyOptionPresentByValue(nc, tchildren[i - 1], false, 1, CONTINUE_ON_FAILURE)): All options with value '2' are selected in object 'selchildren' 

2019-05-08 10:14:48 - [MESSAGE][PASSED] - 1 option(s) with value '2' is/are present on object 'selchildren' 

2019-05-08 10:14:48 - [TEST_STEP][PASSED] - selectOptionByValue(nc, tchildren[i - 1], false, CONTINUE_ON_FAILURE): All options with value '2' are selected in object 'selchildren' 

2019-05-08 10:14:49 - [MESSAGE][PASSED] - All options with value '2' are selected in object 'selchildren' 

2019-05-08 10:14:49 - [TEST_STEP][PASSED] - for ([j = 1, j <= Integer.parseInt(tchildren[i - 1]), (j++)]): null

2019-05-08 10:14:49 - [TEST_STEP][PASSED] - if (tnumrooms == 1): null

2019-05-08 10:14:49 - [TEST_STEP][PASSED] - if (j == 1): null

2019-05-08 10:14:49 - [TEST_STEP][PASSED] - cadynxpath = "//div[not(contains(@class, 'hidden-xs'))]/div/div[not(contains(@class, 'hidden-xs')) and (not(contains(@class, 'visible-xs')))]/div/select[@name='ar1m1']": null

2019-05-08 10:14:49 - [TEST_STEP][PASSED] - ca = new com.kms.katalon.core.testobject.TestObject(childrenage): null

2019-05-08 10:14:49 - [TEST_STEP][PASSED] - ca.addProperty("xpath", EQUALS, cadynxpath): null

2019-05-08 10:14:49 - [TEST_STEP][PASSED] - if (verifyElementPresent(ca, 1, CONTINUE_ON_FAILURE)): null

2019-05-08 10:14:49 - [MESSAGE][PASSED] - Object 'childrenage' is present

2019-05-08 10:14:49 - [TEST_STEP][PASSED] - click(ca): Object: 'childrenage' is clicked on

2019-05-08 10:14:49 - [MESSAGE][PASSED] - Object: 'childrenage' is clicked on

2019-05-08 10:14:49 - [TEST_STEP][PASSED] - if (verifyOptionPresentByValue(ca, tchildages[curchild], false, 1, CONTINUE_ON_FAILURE)): All options with value '4' are selected in object 'childrenage' 

2019-05-08 10:14:49 - [MESSAGE][PASSED] - 1 option(s) with value '4' is/are present on object 'childrenage' 

2019-05-08 10:14:49 - [TEST_STEP][PASSED] - selectOptionByValue(ca, tchildages[curchild], false, CONTINUE_ON_FAILURE): All options with value '4' are selected in object 'childrenage' 

2019-05-08 10:14:49 - [MESSAGE][PASSED] - All options with value '4' are selected in object 'childrenage' 

2019-05-08 10:14:49 - [TEST_STEP][PASSED] - println("Room: " + i + ", child: " + j + ", age: " + tchildages[curchild]): null

2019-05-08 10:14:49 - [TEST_STEP][PASSED] - println("nadynxpath: " + cadynxpath): null

2019-05-08 10:14:49 - [TEST_STEP][PASSED] - (curchild++): null

2019-05-08 10:14:49 - [TEST_STEP][PASSED] - if (tnumrooms == 1): null

2019-05-08 10:14:49 - [TEST_STEP][PASSED] - if (j == 1): null

2019-05-08 10:14:49 - [TEST_STEP][PASSED] - else: null

2019-05-08 10:14:49 - [TEST_STEP][PASSED] - cadynxpath = "//div[not(contains(@class, 'form-group'))]/div/div[not(contains(@class, 'hidden-xs')) and (not(contains(@class, 'visible-xs')))]/div/select[@name='ar1m" + j + "']": null

2019-05-08 10:14:49 - [TEST_STEP][PASSED] - ca = new com.kms.katalon.core.testobject.TestObject(childrenage): null

2019-05-08 10:14:49 - [TEST_STEP][PASSED] - ca.addProperty("xpath", EQUALS, cadynxpath): null

2019-05-08 10:14:49 - [TEST_STEP][PASSED] - if (verifyElementPresent(ca, 1, CONTINUE_ON_FAILURE)): null

2019-05-08 10:14:49 - [MESSAGE][PASSED] - Object 'childrenage' is present

2019-05-08 10:14:49 - [TEST_STEP][PASSED] - click(ca): Object: 'childrenage' is clicked on

2019-05-08 10:14:49 - [MESSAGE][PASSED] - Object: 'childrenage' is clicked on

2019-05-08 10:14:49 - [TEST_STEP][PASSED] - if (verifyOptionPresentByValue(ca, tchildages[curchild], false, 1, CONTINUE_ON_FAILURE)): All options with value '5' are selected in object 'childrenage' 

2019-05-08 10:14:49 - [MESSAGE][PASSED] - 1 option(s) with value '5' is/are present on object 'childrenage' 

2019-05-08 10:14:49 - [TEST_STEP][PASSED] - selectOptionByValue(ca, tchildages[curchild], false, CONTINUE_ON_FAILURE): All options with value '5' are selected in object 'childrenage' 

2019-05-08 10:14:49 - [MESSAGE][PASSED] - All options with value '5' are selected in object 'childrenage' 

2019-05-08 10:14:49 - [TEST_STEP][PASSED] - println("Room: " + i + ", child: " + j + ", age: " + tchildages[curchild]): null

2019-05-08 10:14:49 - [TEST_STEP][PASSED] - println("nadynxpath: " + cadynxpath): null

2019-05-08 10:14:49 - [TEST_STEP][PASSED] - (curchild++): null

2019-05-08 10:14:49 - [TEST_STEP][PASSED] - click(findTestObject("homepage/button_Search")): Object: 'Object Repository/homepage/button_Search' is clicked on

2019-05-08 10:14:50 - [MESSAGE][PASSED] - Object: 'Object Repository/homepage/button_Search' is clicked on

2019-05-08 10:14:50 - [TEST_STEP][PASSED] - waitForPageLoad(10): Wait for page load successfully

2019-05-08 10:14:52 - [MESSAGE][PASSED] - Wait for page load successfully

2019-05-08 10:14:52 - [TEST_STEP][PASSED] - delay(5): Delayed 5 second(s)

2019-05-08 10:14:57 - [MESSAGE][PASSED] - Delayed 5 second(s)

2019-05-08 10:14:57 - [TEST_STEP][PASSED] - closeBrowser(): Browser is closed

2019-05-08 10:14:58 - [MESSAGE][PASSED] - Browser is closed]]></system-out>
         <system-err><![CDATA[]]></system-err>
      </testcase>
      <testcase name="Test Cases/Booking03" classname="Test Cases/Booking03" status="PASSED">
         <system-out><![CDATA[2019-05-08 10:14:58 - [TEST_CASE][PASSED] - Test Cases/Booking03: Test Cases/Booking03

2019-05-08 10:14:58 - [TEST_STEP][PASSED] - openBrowser("https://bookit-qa6.com"): Browser is opened with url: 'https://bookit-qa6.com'

2019-05-08 10:14:58 - [MESSAGE][INFO] - Starting 'Chrome' driver

2019-05-08 10:15:02 - [MESSAGE][PASSED] - Browser is opened with url: 'https://bookit-qa6.com'

2019-05-08 10:15:02 - [TEST_STEP][PASSED] - click(findTestObject("homepage/flight_checkbox")): Object: 'Object Repository/homepage/flight_checkbox' is clicked on

2019-05-08 10:15:04 - [MESSAGE][PASSED] - Object: 'Object Repository/homepage/flight_checkbox' is clicked on

2019-05-08 10:15:04 - [TEST_STEP][PASSED] - setText(findTestObject("homepage/city_or_airport"), "cheese"): Text 'cheese' is set on object 'Object Repository/homepage/city_or_airport'

2019-05-08 10:15:04 - [MESSAGE][PASSED] - Text 'cheese' is set on object 'Object Repository/homepage/city_or_airport'

2019-05-08 10:15:04 - [TEST_STEP][PASSED] - delay(1): Delayed 1 second(s)

2019-05-08 10:15:05 - [MESSAGE][PASSED] - Delayed 1 second(s)

2019-05-08 10:15:05 - [TEST_STEP][PASSED] - click(findTestObject("homepage/div_Cheese City IL US")): Object: 'Object Repository/homepage/div_Cheese City IL US' is clicked on

2019-05-08 10:15:06 - [MESSAGE][PASSED] - Object: 'Object Repository/homepage/div_Cheese City IL US' is clicked on

2019-05-08 10:15:06 - [TEST_STEP][PASSED] - checkinId = getAttribute(findTestObject("homepage/checkin_date"), "id"): Attribute 'id' of object 'Object Repository/homepage/checkin_date' is: 'ember532-fd'

2019-05-08 10:15:06 - [MESSAGE][PASSED] - Attribute 'id' of object 'Object Repository/homepage/checkin_date' is: 'ember532-fd'

2019-05-08 10:15:06 - [TEST_STEP][PASSED] - checkoutId = getAttribute(findTestObject("homepage/checkout_date"), "id"): Attribute 'id' of object 'Object Repository/homepage/checkout_date' is: 'ember532-td'

2019-05-08 10:15:06 - [MESSAGE][PASSED] - Attribute 'id' of object 'Object Repository/homepage/checkout_date' is: 'ember532-td'

2019-05-08 10:15:06 - [TEST_STEP][PASSED] - iniDate = moIni + "/" + dayIni + "/" + yrIni: null

2019-05-08 10:15:06 - [TEST_STEP][PASSED] - myIniDate = "$('#" + checkinId + "').val('" + iniDate + "')": null

2019-05-08 10:15:06 - [TEST_STEP][PASSED] - endDate = moEnd + "/" + dayEnd + "/" + yrEnd: null

2019-05-08 10:15:06 - [TEST_STEP][PASSED] - myEndDate = "$('#" + checkoutId + "').val('" + endDate + "')": null

2019-05-08 10:15:06 - [TEST_STEP][PASSED] - strMoIni = bookitKeywords.commonFunctions.getMonthName(moIni): bookitKeywords.commonFunctions.getMonthName is PASSED

2019-05-08 10:15:06 - [MESSAGE][PASSED] - bookitKeywords.commonFunctions.getMonthName is PASSED

2019-05-08 10:15:06 - [TEST_STEP][PASSED] - strMoEnd = bookitKeywords.commonFunctions.getMonthName(moEnd): bookitKeywords.commonFunctions.getMonthName is PASSED

2019-05-08 10:15:06 - [MESSAGE][PASSED] - bookitKeywords.commonFunctions.getMonthName is PASSED

2019-05-08 10:15:06 - [TEST_STEP][PASSED] - dIni = Integer.parseInt(dayIni): null

2019-05-08 10:15:06 - [TEST_STEP][PASSED] - dEnd = Integer.parseInt(dayEnd): null

2019-05-08 10:15:06 - [TEST_STEP][PASSED] - println(dIni): null

2019-05-08 10:15:06 - [TEST_STEP][PASSED] - println(dEnd): null

2019-05-08 10:15:06 - [TEST_STEP][PASSED] - click(findTestObject("homepage/checkin_date")): Object: 'Object Repository/homepage/checkin_date' is clicked on

2019-05-08 10:15:06 - [MESSAGE][PASSED] - Object: 'Object Repository/homepage/checkin_date' is clicked on

2019-05-08 10:15:06 - [TEST_STEP][PASSED] - delay(1): Delayed 1 second(s)

2019-05-08 10:15:07 - [MESSAGE][PASSED] - Delayed 1 second(s)

2019-05-08 10:15:07 - [TEST_STEP][PASSED] - if (verifyElementPresent(findTestObject("homepage/sel_date_month1"), 1, CONTINUE_ON_FAILURE)): null

2019-05-08 10:15:07 - [MESSAGE][PASSED] - Object 'Object Repository/homepage/sel_date_month1' is present

2019-05-08 10:15:07 - [TEST_STEP][PASSED] - if (waitForElementClickable(findTestObject("homepage/sel_date_month1"), 1, CONTINUE_ON_FAILURE)): null

2019-05-08 10:15:07 - [MESSAGE][PASSED] - Object 'Object Repository/homepage/sel_date_month1' is clickable

2019-05-08 10:15:07 - [TEST_STEP][PASSED] - click(findTestObject("homepage/sel_date_month1"), CONTINUE_ON_FAILURE): Object: 'Object Repository/homepage/sel_date_month1' is clicked on

2019-05-08 10:15:07 - [MESSAGE][PASSED] - Object: 'Object Repository/homepage/sel_date_month1' is clicked on

2019-05-08 10:15:07 - [TEST_STEP][PASSED] - if (verifyOptionPresentByLabel(findTestObject("homepage/sel_date_month1"), strMoIni, false, 1, CONTINUE_ON_FAILURE)): null

2019-05-08 10:15:07 - [MESSAGE][PASSED] - 1 option(s) with label 'June' is/are present in object 'Object Repository/homepage/sel_date_month1' 

2019-05-08 10:15:07 - [TEST_STEP][PASSED] - selectOptionByLabel(findTestObject("homepage/sel_date_month1"), strMoIni, false, CONTINUE_ON_FAILURE): All options with label 'June' are selected in object 'Object Repository/homepage/sel_date_month1' 

2019-05-08 10:15:07 - [MESSAGE][PASSED] - All options with label 'June' are selected in object 'Object Repository/homepage/sel_date_month1' 

2019-05-08 10:15:07 - [TEST_STEP][PASSED] - sleep(200): null

2019-05-08 10:15:08 - [TEST_STEP][PASSED] - if (verifyElementPresent(findTestObject("homepage/sel_date_year1"), 1, CONTINUE_ON_FAILURE)): null

2019-05-08 10:15:08 - [MESSAGE][PASSED] - Object 'Object Repository/homepage/sel_date_year1' is present

2019-05-08 10:15:08 - [TEST_STEP][PASSED] - if (waitForElementClickable(findTestObject("homepage/sel_date_year1"), 1, CONTINUE_ON_FAILURE)): null

2019-05-08 10:15:08 - [MESSAGE][PASSED] - Object 'Object Repository/homepage/sel_date_year1' is clickable

2019-05-08 10:15:08 - [TEST_STEP][PASSED] - click(findTestObject("homepage/sel_date_year1"), CONTINUE_ON_FAILURE): Object: 'Object Repository/homepage/sel_date_year1' is clicked on

2019-05-08 10:15:08 - [MESSAGE][PASSED] - Object: 'Object Repository/homepage/sel_date_year1' is clicked on

2019-05-08 10:15:08 - [TEST_STEP][PASSED] - if (verifyOptionPresentByLabel(findTestObject("homepage/sel_date_year1"), yrIni, false, 1, CONTINUE_ON_FAILURE)): null

2019-05-08 10:15:08 - [MESSAGE][PASSED] - 1 option(s) with label '2019' is/are present in object 'Object Repository/homepage/sel_date_year1' 

2019-05-08 10:15:08 - [TEST_STEP][PASSED] - selectOptionByLabel(findTestObject("homepage/sel_date_year1"), yrIni, false, CONTINUE_ON_FAILURE): All options with label '2019' are selected in object 'Object Repository/homepage/sel_date_year1' 

2019-05-08 10:15:08 - [MESSAGE][PASSED] - All options with label '2019' are selected in object 'Object Repository/homepage/sel_date_year1' 

2019-05-08 10:15:08 - [TEST_STEP][PASSED] - sleep(200): null

2019-05-08 10:15:08 - [TEST_STEP][PASSED] - dynxpath = "//div[contains(@class, 'pika-single') and contains(@class, 'is-bound') and not(contains(@class, 'is-hidden'))]/div[@class='pika-lendar'][1]/table[@class='pika-table']/tbody/tr/td/button[count(. | //*[@type = 'button' and @data-pika-day = '" + dIni + "']) = count(//*[@type = 'button' and @data-pika-day = '" + dIni + "'])]": null

2019-05-08 10:15:08 - [TEST_STEP][PASSED] - to = new com.kms.katalon.core.testobject.TestObject(eldia): null

2019-05-08 10:15:08 - [TEST_STEP][PASSED] - to.addProperty("xpath", EQUALS, dynxpath): null

2019-05-08 10:15:08 - [TEST_STEP][PASSED] - click(to): Object: 'eldia' is clicked on

2019-05-08 10:15:08 - [MESSAGE][PASSED] - Object: 'eldia' is clicked on

2019-05-08 10:15:08 - [TEST_STEP][PASSED] - click(findTestObject("homepage/checkout_date")): Object: 'Object Repository/homepage/checkout_date' is clicked on

2019-05-08 10:15:08 - [MESSAGE][PASSED] - Object: 'Object Repository/homepage/checkout_date' is clicked on

2019-05-08 10:15:08 - [TEST_STEP][PASSED] - delay(1): Delayed 1 second(s)

2019-05-08 10:15:10 - [MESSAGE][PASSED] - Delayed 1 second(s)

2019-05-08 10:15:10 - [TEST_STEP][PASSED] - if (verifyElementPresent(findTestObject("homepage/sel_date_month2"), 1, CONTINUE_ON_FAILURE)): null

2019-05-08 10:15:10 - [MESSAGE][PASSED] - Object 'Object Repository/homepage/sel_date_month2' is present

2019-05-08 10:15:10 - [TEST_STEP][PASSED] - if (waitForElementClickable(findTestObject("homepage/sel_date_month2"), 1, CONTINUE_ON_FAILURE)): null

2019-05-08 10:15:10 - [MESSAGE][PASSED] - Object 'Object Repository/homepage/sel_date_month2' is clickable

2019-05-08 10:15:10 - [TEST_STEP][PASSED] - click(findTestObject("homepage/sel_date_month2"), CONTINUE_ON_FAILURE): Object: 'Object Repository/homepage/sel_date_month2' is clicked on

2019-05-08 10:15:10 - [MESSAGE][PASSED] - Object: 'Object Repository/homepage/sel_date_month2' is clicked on

2019-05-08 10:15:10 - [TEST_STEP][PASSED] - if (verifyOptionPresentByLabel(findTestObject("homepage/sel_date_month2"), strMoEnd, false, 1, CONTINUE_ON_FAILURE)): null

2019-05-08 10:15:10 - [MESSAGE][PASSED] - 1 option(s) with label 'June' is/are present in object 'Object Repository/homepage/sel_date_month2' 

2019-05-08 10:15:10 - [TEST_STEP][PASSED] - selectOptionByLabel(findTestObject("homepage/sel_date_month2"), strMoEnd, false, CONTINUE_ON_FAILURE): All options with label 'June' are selected in object 'Object Repository/homepage/sel_date_month2' 

2019-05-08 10:15:10 - [MESSAGE][PASSED] - All options with label 'June' are selected in object 'Object Repository/homepage/sel_date_month2' 

2019-05-08 10:15:10 - [TEST_STEP][PASSED] - sleep(500): null

2019-05-08 10:15:11 - [TEST_STEP][PASSED] - if (verifyElementPresent(findTestObject("homepage/sel_date_year2"), 1, CONTINUE_ON_FAILURE)): null

2019-05-08 10:15:11 - [MESSAGE][PASSED] - Object 'Object Repository/homepage/sel_date_year2' is present

2019-05-08 10:15:11 - [TEST_STEP][PASSED] - if (waitForElementClickable(findTestObject("homepage/sel_date_year2"), 1, CONTINUE_ON_FAILURE)): null

2019-05-08 10:15:11 - [MESSAGE][PASSED] - Object 'Object Repository/homepage/sel_date_year2' is clickable

2019-05-08 10:15:11 - [TEST_STEP][PASSED] - click(findTestObject("homepage/sel_date_year2"), CONTINUE_ON_FAILURE): Object: 'Object Repository/homepage/sel_date_year2' is clicked on

2019-05-08 10:15:11 - [MESSAGE][PASSED] - Object: 'Object Repository/homepage/sel_date_year2' is clicked on

2019-05-08 10:15:11 - [TEST_STEP][PASSED] - if (verifyOptionPresentByLabel(findTestObject("homepage/sel_date_year2"), yrEnd, false, 1, CONTINUE_ON_FAILURE)): null

2019-05-08 10:15:11 - [MESSAGE][PASSED] - 1 option(s) with label '2019' is/are present in object 'Object Repository/homepage/sel_date_year2' 

2019-05-08 10:15:11 - [TEST_STEP][PASSED] - selectOptionByLabel(findTestObject("homepage/sel_date_year2"), yrEnd, false, CONTINUE_ON_FAILURE): All options with label '2019' are selected in object 'Object Repository/homepage/sel_date_year2' 

2019-05-08 10:15:11 - [MESSAGE][PASSED] - All options with label '2019' are selected in object 'Object Repository/homepage/sel_date_year2' 

2019-05-08 10:15:11 - [TEST_STEP][PASSED] - sleep(500): null

2019-05-08 10:15:11 - [TEST_STEP][PASSED] - dynxpath2 = "//div[contains(@class, 'pika-single') and contains(@class, 'is-bound') and not(contains(@class, 'is-hidden'))]/div[@class='pika-lendar'][1]/table[@class='pika-table']/tbody/tr/td/button[count(. | //*[@type = 'button' and @data-pika-day = '" + dEnd + "']) = count(//*[@type = 'button' and @data-pika-day = '" + dEnd + "'])]": null

2019-05-08 10:15:11 - [TEST_STEP][PASSED] - to2 = new com.kms.katalon.core.testobject.TestObject(eldia2): null

2019-05-08 10:15:11 - [TEST_STEP][PASSED] - to2.addProperty("xpath", EQUALS, dynxpath2): null

2019-05-08 10:15:11 - [TEST_STEP][PASSED] - click(to2): Object: 'eldia2' is clicked on

2019-05-08 10:15:12 - [MESSAGE][PASSED] - Object: 'eldia2' is clicked on

2019-05-08 10:15:12 - [TEST_STEP][PASSED] - selectOptionByValue(findTestObject("homepage/select_rooms"), numRooms, false, CONTINUE_ON_FAILURE): All options with value '1' are selected in object 'Object Repository/homepage/select_rooms' 

2019-05-08 10:15:12 - [MESSAGE][PASSED] - All options with value '1' are selected in object 'Object Repository/homepage/select_rooms' 

2019-05-08 10:15:12 - [TEST_STEP][PASSED] - delay(1): Delayed 1 second(s)

2019-05-08 10:15:13 - [MESSAGE][PASSED] - Delayed 1 second(s)

2019-05-08 10:15:13 - [TEST_STEP][PASSED] - tadults = adults.split(","): null

2019-05-08 10:15:13 - [TEST_STEP][PASSED] - tchildren = children.split(","): null

2019-05-08 10:15:13 - [TEST_STEP][PASSED] - tchildages = childrenages.split(","): null

2019-05-08 10:15:13 - [TEST_STEP][PASSED] - tnumrooms = Integer.parseInt(numRooms): null

2019-05-08 10:15:13 - [TEST_STEP][PASSED] - curchild = 0: null

2019-05-08 10:15:13 - [TEST_STEP][PASSED] - for ([i = 1, i <= tnumrooms, (i++)]): null

2019-05-08 10:15:13 - [TEST_STEP][PASSED] - na = new com.kms.katalon.core.testobject.TestObject(seladults): null

2019-05-08 10:15:13 - [TEST_STEP][PASSED] - nc = new com.kms.katalon.core.testobject.TestObject(selchildren): null

2019-05-08 10:15:13 - [TEST_STEP][PASSED] - nadynxpath = <not implemented yet for class: org.codehaus.groovy.ast.expr.EmptyExpression>: null

2019-05-08 10:15:13 - [TEST_STEP][PASSED] - ncdynxpath = <not implemented yet for class: org.codehaus.groovy.ast.expr.EmptyExpression>: null

2019-05-08 10:15:13 - [TEST_STEP][PASSED] - cadynxpath = <not implemented yet for class: org.codehaus.groovy.ast.expr.EmptyExpression>: null

2019-05-08 10:15:13 - [TEST_STEP][PASSED] - if (tnumrooms > 1): null

2019-05-08 10:15:13 - [TEST_STEP][PASSED] - else: null

2019-05-08 10:15:13 - [TEST_STEP][PASSED] - nadynxpath = "//div[contains(@class, 'hidden-multi-room')]/div/select[@name='ap" + i + "']": null

2019-05-08 10:15:13 - [TEST_STEP][PASSED] - ncdynxpath = "//div[contains(@class, 'hidden-multi-room')]/div/select[@name='mp" + i + "']": null

2019-05-08 10:15:13 - [TEST_STEP][PASSED] - na.addProperty("xpath", EQUALS, nadynxpath): null

2019-05-08 10:15:13 - [TEST_STEP][PASSED] - nc.addProperty("xpath", EQUALS, ncdynxpath): null

2019-05-08 10:15:13 - [TEST_STEP][PASSED] - if (verifyElementPresent(na, 1, CONTINUE_ON_FAILURE)): null

2019-05-08 10:15:13 - [MESSAGE][PASSED] - Object 'seladults' is present

2019-05-08 10:15:13 - [TEST_STEP][PASSED] - click(na): Object: 'seladults' is clicked on

2019-05-08 10:15:13 - [MESSAGE][PASSED] - Object: 'seladults' is clicked on

2019-05-08 10:15:13 - [TEST_STEP][PASSED] - if (verifyOptionPresentByValue(na, tadults[i - 1], false, 1, CONTINUE_ON_FAILURE)): All options with value '2' are selected in object 'seladults' 

2019-05-08 10:15:13 - [MESSAGE][PASSED] - 1 option(s) with value '2' is/are present on object 'seladults' 

2019-05-08 10:15:13 - [TEST_STEP][PASSED] - selectOptionByValue(na, tadults[i - 1], false, CONTINUE_ON_FAILURE): All options with value '2' are selected in object 'seladults' 

2019-05-08 10:15:13 - [MESSAGE][PASSED] - All options with value '2' are selected in object 'seladults' 

2019-05-08 10:15:13 - [TEST_STEP][PASSED] - if (verifyElementPresent(nc, 1, CONTINUE_ON_FAILURE)): null

2019-05-08 10:15:13 - [MESSAGE][PASSED] - Object 'selchildren' is present

2019-05-08 10:15:13 - [TEST_STEP][PASSED] - click(nc): Object: 'selchildren' is clicked on

2019-05-08 10:15:13 - [MESSAGE][PASSED] - Object: 'selchildren' is clicked on

2019-05-08 10:15:13 - [TEST_STEP][PASSED] - if (verifyOptionPresentByValue(nc, tchildren[i - 1], false, 1, CONTINUE_ON_FAILURE)): All options with value '2' are selected in object 'selchildren' 

2019-05-08 10:15:13 - [MESSAGE][PASSED] - 1 option(s) with value '2' is/are present on object 'selchildren' 

2019-05-08 10:15:13 - [TEST_STEP][PASSED] - selectOptionByValue(nc, tchildren[i - 1], false, CONTINUE_ON_FAILURE): All options with value '2' are selected in object 'selchildren' 

2019-05-08 10:15:13 - [MESSAGE][PASSED] - All options with value '2' are selected in object 'selchildren' 

2019-05-08 10:15:13 - [TEST_STEP][PASSED] - for ([j = 1, j <= Integer.parseInt(tchildren[i - 1]), (j++)]): null

2019-05-08 10:15:13 - [TEST_STEP][PASSED] - if (tnumrooms == 1): null

2019-05-08 10:15:13 - [TEST_STEP][PASSED] - if (j == 1): null

2019-05-08 10:15:13 - [TEST_STEP][PASSED] - cadynxpath = "//div[not(contains(@class, 'hidden-xs'))]/div/div[not(contains(@class, 'hidden-xs')) and (not(contains(@class, 'visible-xs')))]/div/select[@name='ar1m1']": null

2019-05-08 10:15:13 - [TEST_STEP][PASSED] - ca = new com.kms.katalon.core.testobject.TestObject(childrenage): null

2019-05-08 10:15:13 - [TEST_STEP][PASSED] - ca.addProperty("xpath", EQUALS, cadynxpath): null

2019-05-08 10:15:13 - [TEST_STEP][PASSED] - if (verifyElementPresent(ca, 1, CONTINUE_ON_FAILURE)): null

2019-05-08 10:15:13 - [MESSAGE][PASSED] - Object 'childrenage' is present

2019-05-08 10:15:13 - [TEST_STEP][PASSED] - click(ca): Object: 'childrenage' is clicked on

2019-05-08 10:15:14 - [MESSAGE][PASSED] - Object: 'childrenage' is clicked on

2019-05-08 10:15:14 - [TEST_STEP][PASSED] - if (verifyOptionPresentByValue(ca, tchildages[curchild], false, 1, CONTINUE_ON_FAILURE)): All options with value '4' are selected in object 'childrenage' 

2019-05-08 10:15:14 - [MESSAGE][PASSED] - 1 option(s) with value '4' is/are present on object 'childrenage' 

2019-05-08 10:15:14 - [TEST_STEP][PASSED] - selectOptionByValue(ca, tchildages[curchild], false, CONTINUE_ON_FAILURE): All options with value '4' are selected in object 'childrenage' 

2019-05-08 10:15:14 - [MESSAGE][PASSED] - All options with value '4' are selected in object 'childrenage' 

2019-05-08 10:15:14 - [TEST_STEP][PASSED] - println("Room: " + i + ", child: " + j + ", age: " + tchildages[curchild]): null

2019-05-08 10:15:14 - [TEST_STEP][PASSED] - println("nadynxpath: " + cadynxpath): null

2019-05-08 10:15:14 - [TEST_STEP][PASSED] - (curchild++): null

2019-05-08 10:15:14 - [TEST_STEP][PASSED] - if (tnumrooms == 1): null

2019-05-08 10:15:14 - [TEST_STEP][PASSED] - if (j == 1): null

2019-05-08 10:15:14 - [TEST_STEP][PASSED] - else: null

2019-05-08 10:15:14 - [TEST_STEP][PASSED] - cadynxpath = "//div[not(contains(@class, 'form-group'))]/div/div[not(contains(@class, 'hidden-xs')) and (not(contains(@class, 'visible-xs')))]/div/select[@name='ar1m" + j + "']": null

2019-05-08 10:15:14 - [TEST_STEP][PASSED] - ca = new com.kms.katalon.core.testobject.TestObject(childrenage): null

2019-05-08 10:15:14 - [TEST_STEP][PASSED] - ca.addProperty("xpath", EQUALS, cadynxpath): null

2019-05-08 10:15:14 - [TEST_STEP][PASSED] - if (verifyElementPresent(ca, 1, CONTINUE_ON_FAILURE)): null

2019-05-08 10:15:14 - [MESSAGE][PASSED] - Object 'childrenage' is present

2019-05-08 10:15:14 - [TEST_STEP][PASSED] - click(ca): Object: 'childrenage' is clicked on

2019-05-08 10:15:14 - [MESSAGE][PASSED] - Object: 'childrenage' is clicked on

2019-05-08 10:15:14 - [TEST_STEP][PASSED] - if (verifyOptionPresentByValue(ca, tchildages[curchild], false, 1, CONTINUE_ON_FAILURE)): All options with value '5' are selected in object 'childrenage' 

2019-05-08 10:15:14 - [MESSAGE][PASSED] - 1 option(s) with value '5' is/are present on object 'childrenage' 

2019-05-08 10:15:14 - [TEST_STEP][PASSED] - selectOptionByValue(ca, tchildages[curchild], false, CONTINUE_ON_FAILURE): All options with value '5' are selected in object 'childrenage' 

2019-05-08 10:15:14 - [MESSAGE][PASSED] - All options with value '5' are selected in object 'childrenage' 

2019-05-08 10:15:14 - [TEST_STEP][PASSED] - println("Room: " + i + ", child: " + j + ", age: " + tchildages[curchild]): null

2019-05-08 10:15:14 - [TEST_STEP][PASSED] - println("nadynxpath: " + cadynxpath): null

2019-05-08 10:15:14 - [TEST_STEP][PASSED] - (curchild++): null

2019-05-08 10:15:14 - [TEST_STEP][PASSED] - click(findTestObject("homepage/button_Search")): Object: 'Object Repository/homepage/button_Search' is clicked on

2019-05-08 10:15:14 - [MESSAGE][PASSED] - Object: 'Object Repository/homepage/button_Search' is clicked on

2019-05-08 10:15:14 - [TEST_STEP][PASSED] - waitForPageLoad(10): Wait for page load successfully

2019-05-08 10:15:17 - [MESSAGE][PASSED] - Wait for page load successfully

2019-05-08 10:15:17 - [TEST_STEP][PASSED] - delay(5): Delayed 5 second(s)

2019-05-08 10:15:22 - [MESSAGE][PASSED] - Delayed 5 second(s)

2019-05-08 10:15:22 - [TEST_STEP][PASSED] - closeBrowser(): Browser is closed

2019-05-08 10:15:23 - [MESSAGE][PASSED] - Browser is closed]]></system-out>
         <system-err><![CDATA[]]></system-err>
      </testcase>
      <testcase name="Test Cases/Booking03" classname="Test Cases/Booking03" status="PASSED">
         <system-out><![CDATA[2019-05-08 10:15:23 - [TEST_CASE][PASSED] - Test Cases/Booking03: Test Cases/Booking03

2019-05-08 10:15:23 - [TEST_STEP][PASSED] - openBrowser("https://bookit-qa6.com"): Browser is opened with url: 'https://bookit-qa6.com'

2019-05-08 10:15:23 - [MESSAGE][INFO] - Starting 'Chrome' driver

2019-05-08 10:15:28 - [MESSAGE][PASSED] - Browser is opened with url: 'https://bookit-qa6.com'

2019-05-08 10:15:28 - [TEST_STEP][PASSED] - click(findTestObject("homepage/flight_checkbox")): Object: 'Object Repository/homepage/flight_checkbox' is clicked on

2019-05-08 10:15:29 - [MESSAGE][PASSED] - Object: 'Object Repository/homepage/flight_checkbox' is clicked on

2019-05-08 10:15:29 - [TEST_STEP][PASSED] - setText(findTestObject("homepage/city_or_airport"), "cheese"): Text 'cheese' is set on object 'Object Repository/homepage/city_or_airport'

2019-05-08 10:15:30 - [MESSAGE][PASSED] - Text 'cheese' is set on object 'Object Repository/homepage/city_or_airport'

2019-05-08 10:15:30 - [TEST_STEP][PASSED] - delay(1): Delayed 1 second(s)

2019-05-08 10:15:31 - [MESSAGE][PASSED] - Delayed 1 second(s)

2019-05-08 10:15:31 - [TEST_STEP][PASSED] - click(findTestObject("homepage/div_Cheese City IL US")): Object: 'Object Repository/homepage/div_Cheese City IL US' is clicked on

2019-05-08 10:15:31 - [MESSAGE][PASSED] - Object: 'Object Repository/homepage/div_Cheese City IL US' is clicked on

2019-05-08 10:15:31 - [TEST_STEP][PASSED] - checkinId = getAttribute(findTestObject("homepage/checkin_date"), "id"): Attribute 'id' of object 'Object Repository/homepage/checkin_date' is: 'ember532-fd'

2019-05-08 10:15:31 - [MESSAGE][PASSED] - Attribute 'id' of object 'Object Repository/homepage/checkin_date' is: 'ember532-fd'

2019-05-08 10:15:31 - [TEST_STEP][PASSED] - checkoutId = getAttribute(findTestObject("homepage/checkout_date"), "id"): Attribute 'id' of object 'Object Repository/homepage/checkout_date' is: 'ember532-td'

2019-05-08 10:15:31 - [MESSAGE][PASSED] - Attribute 'id' of object 'Object Repository/homepage/checkout_date' is: 'ember532-td'

2019-05-08 10:15:31 - [TEST_STEP][PASSED] - iniDate = moIni + "/" + dayIni + "/" + yrIni: null

2019-05-08 10:15:31 - [TEST_STEP][PASSED] - myIniDate = "$('#" + checkinId + "').val('" + iniDate + "')": null

2019-05-08 10:15:31 - [TEST_STEP][PASSED] - endDate = moEnd + "/" + dayEnd + "/" + yrEnd: null

2019-05-08 10:15:31 - [TEST_STEP][PASSED] - myEndDate = "$('#" + checkoutId + "').val('" + endDate + "')": null

2019-05-08 10:15:31 - [TEST_STEP][PASSED] - strMoIni = bookitKeywords.commonFunctions.getMonthName(moIni): bookitKeywords.commonFunctions.getMonthName is PASSED

2019-05-08 10:15:31 - [MESSAGE][PASSED] - bookitKeywords.commonFunctions.getMonthName is PASSED

2019-05-08 10:15:31 - [TEST_STEP][PASSED] - strMoEnd = bookitKeywords.commonFunctions.getMonthName(moEnd): bookitKeywords.commonFunctions.getMonthName is PASSED

2019-05-08 10:15:31 - [MESSAGE][PASSED] - bookitKeywords.commonFunctions.getMonthName is PASSED

2019-05-08 10:15:31 - [TEST_STEP][PASSED] - dIni = Integer.parseInt(dayIni): null

2019-05-08 10:15:31 - [TEST_STEP][PASSED] - dEnd = Integer.parseInt(dayEnd): null

2019-05-08 10:15:31 - [TEST_STEP][PASSED] - println(dIni): null

2019-05-08 10:15:31 - [TEST_STEP][PASSED] - println(dEnd): null

2019-05-08 10:15:31 - [TEST_STEP][PASSED] - click(findTestObject("homepage/checkin_date")): Object: 'Object Repository/homepage/checkin_date' is clicked on

2019-05-08 10:15:31 - [MESSAGE][PASSED] - Object: 'Object Repository/homepage/checkin_date' is clicked on

2019-05-08 10:15:31 - [TEST_STEP][PASSED] - delay(1): Delayed 1 second(s)

2019-05-08 10:15:32 - [MESSAGE][PASSED] - Delayed 1 second(s)

2019-05-08 10:15:32 - [TEST_STEP][PASSED] - if (verifyElementPresent(findTestObject("homepage/sel_date_month1"), 1, CONTINUE_ON_FAILURE)): null

2019-05-08 10:15:32 - [MESSAGE][PASSED] - Object 'Object Repository/homepage/sel_date_month1' is present

2019-05-08 10:15:32 - [TEST_STEP][PASSED] - if (waitForElementClickable(findTestObject("homepage/sel_date_month1"), 1, CONTINUE_ON_FAILURE)): null

2019-05-08 10:15:32 - [MESSAGE][PASSED] - Object 'Object Repository/homepage/sel_date_month1' is clickable

2019-05-08 10:15:32 - [TEST_STEP][PASSED] - click(findTestObject("homepage/sel_date_month1"), CONTINUE_ON_FAILURE): Object: 'Object Repository/homepage/sel_date_month1' is clicked on

2019-05-08 10:15:32 - [MESSAGE][PASSED] - Object: 'Object Repository/homepage/sel_date_month1' is clicked on

2019-05-08 10:15:32 - [TEST_STEP][PASSED] - if (verifyOptionPresentByLabel(findTestObject("homepage/sel_date_month1"), strMoIni, false, 1, CONTINUE_ON_FAILURE)): null

2019-05-08 10:15:32 - [MESSAGE][PASSED] - 1 option(s) with label 'May' is/are present in object 'Object Repository/homepage/sel_date_month1' 

2019-05-08 10:15:32 - [TEST_STEP][PASSED] - selectOptionByLabel(findTestObject("homepage/sel_date_month1"), strMoIni, false, CONTINUE_ON_FAILURE): All options with label 'May' are selected in object 'Object Repository/homepage/sel_date_month1' 

2019-05-08 10:15:33 - [MESSAGE][PASSED] - All options with label 'May' are selected in object 'Object Repository/homepage/sel_date_month1' 

2019-05-08 10:15:33 - [TEST_STEP][PASSED] - sleep(200): null

2019-05-08 10:15:33 - [TEST_STEP][PASSED] - if (verifyElementPresent(findTestObject("homepage/sel_date_year1"), 1, CONTINUE_ON_FAILURE)): null

2019-05-08 10:15:33 - [MESSAGE][PASSED] - Object 'Object Repository/homepage/sel_date_year1' is present

2019-05-08 10:15:33 - [TEST_STEP][PASSED] - if (waitForElementClickable(findTestObject("homepage/sel_date_year1"), 1, CONTINUE_ON_FAILURE)): null

2019-05-08 10:15:33 - [MESSAGE][PASSED] - Object 'Object Repository/homepage/sel_date_year1' is clickable

2019-05-08 10:15:33 - [TEST_STEP][PASSED] - click(findTestObject("homepage/sel_date_year1"), CONTINUE_ON_FAILURE): Object: 'Object Repository/homepage/sel_date_year1' is clicked on

2019-05-08 10:15:33 - [MESSAGE][PASSED] - Object: 'Object Repository/homepage/sel_date_year1' is clicked on

2019-05-08 10:15:33 - [TEST_STEP][PASSED] - if (verifyOptionPresentByLabel(findTestObject("homepage/sel_date_year1"), yrIni, false, 1, CONTINUE_ON_FAILURE)): null

2019-05-08 10:15:33 - [MESSAGE][PASSED] - 1 option(s) with label '2019' is/are present in object 'Object Repository/homepage/sel_date_year1' 

2019-05-08 10:15:33 - [TEST_STEP][PASSED] - selectOptionByLabel(findTestObject("homepage/sel_date_year1"), yrIni, false, CONTINUE_ON_FAILURE): All options with label '2019' are selected in object 'Object Repository/homepage/sel_date_year1' 

2019-05-08 10:15:33 - [MESSAGE][PASSED] - All options with label '2019' are selected in object 'Object Repository/homepage/sel_date_year1' 

2019-05-08 10:15:33 - [TEST_STEP][PASSED] - sleep(200): null

2019-05-08 10:15:33 - [TEST_STEP][PASSED] - dynxpath = "//div[contains(@class, 'pika-single') and contains(@class, 'is-bound') and not(contains(@class, 'is-hidden'))]/div[@class='pika-lendar'][1]/table[@class='pika-table']/tbody/tr/td/button[count(. | //*[@type = 'button' and @data-pika-day = '" + dIni + "']) = count(//*[@type = 'button' and @data-pika-day = '" + dIni + "'])]": null

2019-05-08 10:15:33 - [TEST_STEP][PASSED] - to = new com.kms.katalon.core.testobject.TestObject(eldia): null

2019-05-08 10:15:33 - [TEST_STEP][PASSED] - to.addProperty("xpath", EQUALS, dynxpath): null

2019-05-08 10:15:33 - [TEST_STEP][PASSED] - click(to): Object: 'eldia' is clicked on

2019-05-08 10:15:33 - [MESSAGE][PASSED] - Object: 'eldia' is clicked on

2019-05-08 10:15:33 - [TEST_STEP][PASSED] - click(findTestObject("homepage/checkout_date")): Object: 'Object Repository/homepage/checkout_date' is clicked on

2019-05-08 10:15:34 - [MESSAGE][PASSED] - Object: 'Object Repository/homepage/checkout_date' is clicked on

2019-05-08 10:15:34 - [TEST_STEP][PASSED] - delay(1): Delayed 1 second(s)

2019-05-08 10:15:35 - [MESSAGE][PASSED] - Delayed 1 second(s)

2019-05-08 10:15:35 - [TEST_STEP][PASSED] - if (verifyElementPresent(findTestObject("homepage/sel_date_month2"), 1, CONTINUE_ON_FAILURE)): null

2019-05-08 10:15:35 - [MESSAGE][PASSED] - Object 'Object Repository/homepage/sel_date_month2' is present

2019-05-08 10:15:35 - [TEST_STEP][PASSED] - if (waitForElementClickable(findTestObject("homepage/sel_date_month2"), 1, CONTINUE_ON_FAILURE)): null

2019-05-08 10:15:35 - [MESSAGE][PASSED] - Object 'Object Repository/homepage/sel_date_month2' is clickable

2019-05-08 10:15:35 - [TEST_STEP][PASSED] - click(findTestObject("homepage/sel_date_month2"), CONTINUE_ON_FAILURE): Object: 'Object Repository/homepage/sel_date_month2' is clicked on

2019-05-08 10:15:35 - [MESSAGE][PASSED] - Object: 'Object Repository/homepage/sel_date_month2' is clicked on

2019-05-08 10:15:35 - [TEST_STEP][PASSED] - if (verifyOptionPresentByLabel(findTestObject("homepage/sel_date_month2"), strMoEnd, false, 1, CONTINUE_ON_FAILURE)): null

2019-05-08 10:15:35 - [MESSAGE][PASSED] - 1 option(s) with label 'June' is/are present in object 'Object Repository/homepage/sel_date_month2' 

2019-05-08 10:15:35 - [TEST_STEP][PASSED] - selectOptionByLabel(findTestObject("homepage/sel_date_month2"), strMoEnd, false, CONTINUE_ON_FAILURE): All options with label 'June' are selected in object 'Object Repository/homepage/sel_date_month2' 

2019-05-08 10:15:35 - [MESSAGE][PASSED] - All options with label 'June' are selected in object 'Object Repository/homepage/sel_date_month2' 

2019-05-08 10:15:35 - [TEST_STEP][PASSED] - sleep(500): null

2019-05-08 10:15:36 - [TEST_STEP][PASSED] - if (verifyElementPresent(findTestObject("homepage/sel_date_year2"), 1, CONTINUE_ON_FAILURE)): null

2019-05-08 10:15:36 - [MESSAGE][PASSED] - Object 'Object Repository/homepage/sel_date_year2' is present

2019-05-08 10:15:36 - [TEST_STEP][PASSED] - if (waitForElementClickable(findTestObject("homepage/sel_date_year2"), 1, CONTINUE_ON_FAILURE)): null

2019-05-08 10:15:36 - [MESSAGE][PASSED] - Object 'Object Repository/homepage/sel_date_year2' is clickable

2019-05-08 10:15:36 - [TEST_STEP][PASSED] - click(findTestObject("homepage/sel_date_year2"), CONTINUE_ON_FAILURE): Object: 'Object Repository/homepage/sel_date_year2' is clicked on

2019-05-08 10:15:36 - [MESSAGE][PASSED] - Object: 'Object Repository/homepage/sel_date_year2' is clicked on

2019-05-08 10:15:36 - [TEST_STEP][PASSED] - if (verifyOptionPresentByLabel(findTestObject("homepage/sel_date_year2"), yrEnd, false, 1, CONTINUE_ON_FAILURE)): null

2019-05-08 10:15:36 - [MESSAGE][PASSED] - 1 option(s) with label '2019' is/are present in object 'Object Repository/homepage/sel_date_year2' 

2019-05-08 10:15:36 - [TEST_STEP][PASSED] - selectOptionByLabel(findTestObject("homepage/sel_date_year2"), yrEnd, false, CONTINUE_ON_FAILURE): All options with label '2019' are selected in object 'Object Repository/homepage/sel_date_year2' 

2019-05-08 10:15:36 - [MESSAGE][PASSED] - All options with label '2019' are selected in object 'Object Repository/homepage/sel_date_year2' 

2019-05-08 10:15:36 - [TEST_STEP][PASSED] - sleep(500): null

2019-05-08 10:15:37 - [TEST_STEP][PASSED] - dynxpath2 = "//div[contains(@class, 'pika-single') and contains(@class, 'is-bound') and not(contains(@class, 'is-hidden'))]/div[@class='pika-lendar'][1]/table[@class='pika-table']/tbody/tr/td/button[count(. | //*[@type = 'button' and @data-pika-day = '" + dEnd + "']) = count(//*[@type = 'button' and @data-pika-day = '" + dEnd + "'])]": null

2019-05-08 10:15:37 - [TEST_STEP][PASSED] - to2 = new com.kms.katalon.core.testobject.TestObject(eldia2): null

2019-05-08 10:15:37 - [TEST_STEP][PASSED] - to2.addProperty("xpath", EQUALS, dynxpath2): null

2019-05-08 10:15:37 - [TEST_STEP][PASSED] - click(to2): Object: 'eldia2' is clicked on

2019-05-08 10:15:37 - [MESSAGE][PASSED] - Object: 'eldia2' is clicked on

2019-05-08 10:15:37 - [TEST_STEP][PASSED] - selectOptionByValue(findTestObject("homepage/select_rooms"), numRooms, false, CONTINUE_ON_FAILURE): All options with value '2' are selected in object 'Object Repository/homepage/select_rooms' 

2019-05-08 10:15:37 - [MESSAGE][PASSED] - All options with value '2' are selected in object 'Object Repository/homepage/select_rooms' 

2019-05-08 10:15:37 - [TEST_STEP][PASSED] - delay(1): Delayed 1 second(s)

2019-05-08 10:15:38 - [MESSAGE][PASSED] - Delayed 1 second(s)

2019-05-08 10:15:38 - [TEST_STEP][PASSED] - tadults = adults.split(","): null

2019-05-08 10:15:38 - [TEST_STEP][PASSED] - tchildren = children.split(","): null

2019-05-08 10:15:38 - [TEST_STEP][PASSED] - tchildages = childrenages.split(","): null

2019-05-08 10:15:38 - [TEST_STEP][PASSED] - tnumrooms = Integer.parseInt(numRooms): null

2019-05-08 10:15:38 - [TEST_STEP][PASSED] - curchild = 0: null

2019-05-08 10:15:38 - [TEST_STEP][PASSED] - for ([i = 1, i <= tnumrooms, (i++)]): null

2019-05-08 10:15:38 - [TEST_STEP][PASSED] - na = new com.kms.katalon.core.testobject.TestObject(seladults): null

2019-05-08 10:15:38 - [TEST_STEP][PASSED] - nc = new com.kms.katalon.core.testobject.TestObject(selchildren): null

2019-05-08 10:15:38 - [TEST_STEP][PASSED] - nadynxpath = <not implemented yet for class: org.codehaus.groovy.ast.expr.EmptyExpression>: null

2019-05-08 10:15:38 - [TEST_STEP][PASSED] - ncdynxpath = <not implemented yet for class: org.codehaus.groovy.ast.expr.EmptyExpression>: null

2019-05-08 10:15:38 - [TEST_STEP][PASSED] - cadynxpath = <not implemented yet for class: org.codehaus.groovy.ast.expr.EmptyExpression>: null

2019-05-08 10:15:38 - [TEST_STEP][PASSED] - if (tnumrooms > 1): null

2019-05-08 10:15:38 - [TEST_STEP][PASSED] - nadynxpath = "//div[not(contains(@class, 'hidden-multi-room'))]/div/select[@name='ap" + i + "']": null

2019-05-08 10:15:38 - [TEST_STEP][PASSED] - ncdynxpath = "//div[not(contains(@class, 'hidden-multi-room'))]/div/select[@name='mp" + i + "']": null

2019-05-08 10:15:38 - [TEST_STEP][PASSED] - na.addProperty("xpath", EQUALS, nadynxpath): null

2019-05-08 10:15:38 - [TEST_STEP][PASSED] - nc.addProperty("xpath", EQUALS, ncdynxpath): null

2019-05-08 10:15:38 - [TEST_STEP][PASSED] - if (verifyElementPresent(na, 1, CONTINUE_ON_FAILURE)): null

2019-05-08 10:15:38 - [MESSAGE][PASSED] - Object 'seladults' is present

2019-05-08 10:15:38 - [TEST_STEP][PASSED] - click(na): Object: 'seladults' is clicked on

2019-05-08 10:15:38 - [MESSAGE][PASSED] - Object: 'seladults' is clicked on

2019-05-08 10:15:38 - [TEST_STEP][PASSED] - if (verifyOptionPresentByValue(na, tadults[i - 1], false, 1, CONTINUE_ON_FAILURE)): All options with value '2' are selected in object 'seladults' 

2019-05-08 10:15:38 - [MESSAGE][PASSED] - 1 option(s) with value '2' is/are present on object 'seladults' 

2019-05-08 10:15:38 - [TEST_STEP][PASSED] - selectOptionByValue(na, tadults[i - 1], false, CONTINUE_ON_FAILURE): All options with value '2' are selected in object 'seladults' 

2019-05-08 10:15:38 - [MESSAGE][PASSED] - All options with value '2' are selected in object 'seladults' 

2019-05-08 10:15:38 - [TEST_STEP][PASSED] - if (verifyElementPresent(nc, 1, CONTINUE_ON_FAILURE)): null

2019-05-08 10:15:38 - [MESSAGE][PASSED] - Object 'selchildren' is present

2019-05-08 10:15:38 - [TEST_STEP][PASSED] - click(nc): Object: 'selchildren' is clicked on

2019-05-08 10:15:38 - [MESSAGE][PASSED] - Object: 'selchildren' is clicked on

2019-05-08 10:15:38 - [TEST_STEP][PASSED] - if (verifyOptionPresentByValue(nc, tchildren[i - 1], false, 1, CONTINUE_ON_FAILURE)): All options with value '2' are selected in object 'selchildren' 

2019-05-08 10:15:38 - [MESSAGE][PASSED] - 1 option(s) with value '2' is/are present on object 'selchildren' 

2019-05-08 10:15:38 - [TEST_STEP][PASSED] - selectOptionByValue(nc, tchildren[i - 1], false, CONTINUE_ON_FAILURE): All options with value '2' are selected in object 'selchildren' 

2019-05-08 10:15:39 - [MESSAGE][PASSED] - All options with value '2' are selected in object 'selchildren' 

2019-05-08 10:15:39 - [TEST_STEP][PASSED] - for ([j = 1, j <= Integer.parseInt(tchildren[i - 1]), (j++)]): null

2019-05-08 10:15:39 - [TEST_STEP][PASSED] - if (tnumrooms == 1): null

2019-05-08 10:15:39 - [TEST_STEP][PASSED] - else: null

2019-05-08 10:15:39 - [TEST_STEP][PASSED] - if (j == 1): null

2019-05-08 10:15:39 - [TEST_STEP][PASSED] - cadynxpath = "//div[contains(@class, 'hidden-xs')]/div/select[@name='ar" + i + "m1']": null

2019-05-08 10:15:39 - [TEST_STEP][PASSED] - ca = new com.kms.katalon.core.testobject.TestObject(childrenage): null

2019-05-08 10:15:39 - [TEST_STEP][PASSED] - ca.addProperty("xpath", EQUALS, cadynxpath): null

2019-05-08 10:15:39 - [TEST_STEP][PASSED] - if (verifyElementPresent(ca, 1, CONTINUE_ON_FAILURE)): null

2019-05-08 10:15:39 - [MESSAGE][PASSED] - Object 'childrenage' is present

2019-05-08 10:15:39 - [TEST_STEP][PASSED] - click(ca): Object: 'childrenage' is clicked on

2019-05-08 10:15:39 - [MESSAGE][PASSED] - Object: 'childrenage' is clicked on

2019-05-08 10:15:39 - [TEST_STEP][PASSED] - if (verifyOptionPresentByValue(ca, tchildages[curchild], false, 1, CONTINUE_ON_FAILURE)): All options with value '4' are selected in object 'childrenage' 

2019-05-08 10:15:39 - [MESSAGE][PASSED] - 1 option(s) with value '4' is/are present on object 'childrenage' 

2019-05-08 10:15:39 - [TEST_STEP][PASSED] - selectOptionByValue(ca, tchildages[curchild], false, CONTINUE_ON_FAILURE): All options with value '4' are selected in object 'childrenage' 

2019-05-08 10:15:39 - [MESSAGE][PASSED] - All options with value '4' are selected in object 'childrenage' 

2019-05-08 10:15:39 - [TEST_STEP][PASSED] - println("Room: " + i + ", child: " + j + ", age: " + tchildages[curchild]): null

2019-05-08 10:15:39 - [TEST_STEP][PASSED] - println("nadynxpath: " + cadynxpath): null

2019-05-08 10:15:39 - [TEST_STEP][PASSED] - (curchild++): null

2019-05-08 10:15:39 - [TEST_STEP][PASSED] - if (tnumrooms == 1): null

2019-05-08 10:15:39 - [TEST_STEP][PASSED] - else: null

2019-05-08 10:15:39 - [TEST_STEP][PASSED] - if (j == 1): null

2019-05-08 10:15:39 - [TEST_STEP][PASSED] - else: null

2019-05-08 10:15:39 - [TEST_STEP][PASSED] - cadynxpath = "//div[contains(@class, 'form-group')]/div/div[not(contains(@class, 'hidden-xs'))]/div/select[@name='ar" + i + "m" + j + "']": null

2019-05-08 10:15:39 - [TEST_STEP][PASSED] - ca = new com.kms.katalon.core.testobject.TestObject(childrenage): null

2019-05-08 10:15:39 - [TEST_STEP][PASSED] - ca.addProperty("xpath", EQUALS, cadynxpath): null

2019-05-08 10:15:39 - [TEST_STEP][PASSED] - if (verifyElementPresent(ca, 1, CONTINUE_ON_FAILURE)): null

2019-05-08 10:15:39 - [MESSAGE][PASSED] - Object 'childrenage' is present

2019-05-08 10:15:39 - [TEST_STEP][PASSED] - click(ca): Object: 'childrenage' is clicked on

2019-05-08 10:15:39 - [MESSAGE][PASSED] - Object: 'childrenage' is clicked on

2019-05-08 10:15:39 - [TEST_STEP][PASSED] - if (verifyOptionPresentByValue(ca, tchildages[curchild], false, 1, CONTINUE_ON_FAILURE)): All options with value '5' are selected in object 'childrenage' 

2019-05-08 10:15:39 - [MESSAGE][PASSED] - 1 option(s) with value '5' is/are present on object 'childrenage' 

2019-05-08 10:15:39 - [TEST_STEP][PASSED] - selectOptionByValue(ca, tchildages[curchild], false, CONTINUE_ON_FAILURE): All options with value '5' are selected in object 'childrenage' 

2019-05-08 10:15:39 - [MESSAGE][PASSED] - All options with value '5' are selected in object 'childrenage' 

2019-05-08 10:15:39 - [TEST_STEP][PASSED] - println("Room: " + i + ", child: " + j + ", age: " + tchildages[curchild]): null

2019-05-08 10:15:39 - [TEST_STEP][PASSED] - println("nadynxpath: " + cadynxpath): null

2019-05-08 10:15:40 - [TEST_STEP][PASSED] - (curchild++): null

2019-05-08 10:15:40 - [TEST_STEP][PASSED] - na = new com.kms.katalon.core.testobject.TestObject(seladults): null

2019-05-08 10:15:40 - [TEST_STEP][PASSED] - nc = new com.kms.katalon.core.testobject.TestObject(selchildren): null

2019-05-08 10:15:40 - [TEST_STEP][PASSED] - nadynxpath = <not implemented yet for class: org.codehaus.groovy.ast.expr.EmptyExpression>: null

2019-05-08 10:15:40 - [TEST_STEP][PASSED] - ncdynxpath = <not implemented yet for class: org.codehaus.groovy.ast.expr.EmptyExpression>: null

2019-05-08 10:15:40 - [TEST_STEP][PASSED] - cadynxpath = <not implemented yet for class: org.codehaus.groovy.ast.expr.EmptyExpression>: null

2019-05-08 10:15:40 - [TEST_STEP][PASSED] - if (tnumrooms > 1): null

2019-05-08 10:15:40 - [TEST_STEP][PASSED] - nadynxpath = "//div[not(contains(@class, 'hidden-multi-room'))]/div/select[@name='ap" + i + "']": null

2019-05-08 10:15:40 - [TEST_STEP][PASSED] - ncdynxpath = "//div[not(contains(@class, 'hidden-multi-room'))]/div/select[@name='mp" + i + "']": null

2019-05-08 10:15:40 - [TEST_STEP][PASSED] - na.addProperty("xpath", EQUALS, nadynxpath): null

2019-05-08 10:15:40 - [TEST_STEP][PASSED] - nc.addProperty("xpath", EQUALS, ncdynxpath): null

2019-05-08 10:15:41 - [TEST_STEP][PASSED] - if (verifyElementPresent(na, 1, CONTINUE_ON_FAILURE)): null

2019-05-08 10:15:41 - [MESSAGE][PASSED] - Object 'seladults' is present

2019-05-08 10:15:41 - [TEST_STEP][PASSED] - click(na): Object: 'seladults' is clicked on

2019-05-08 10:15:41 - [MESSAGE][PASSED] - Object: 'seladults' is clicked on

2019-05-08 10:15:41 - [TEST_STEP][PASSED] - if (verifyOptionPresentByValue(na, tadults[i - 1], false, 1, CONTINUE_ON_FAILURE)): All options with value '1' are selected in object 'seladults' 

2019-05-08 10:15:41 - [MESSAGE][PASSED] - 1 option(s) with value '1' is/are present on object 'seladults' 

2019-05-08 10:15:41 - [TEST_STEP][PASSED] - selectOptionByValue(na, tadults[i - 1], false, CONTINUE_ON_FAILURE): All options with value '1' are selected in object 'seladults' 

2019-05-08 10:15:41 - [MESSAGE][PASSED] - All options with value '1' are selected in object 'seladults' 

2019-05-08 10:15:41 - [TEST_STEP][PASSED] - if (verifyElementPresent(nc, 1, CONTINUE_ON_FAILURE)): null

2019-05-08 10:15:41 - [MESSAGE][PASSED] - Object 'selchildren' is present

2019-05-08 10:15:41 - [TEST_STEP][PASSED] - click(nc): Object: 'selchildren' is clicked on

2019-05-08 10:15:41 - [MESSAGE][PASSED] - Object: 'selchildren' is clicked on

2019-05-08 10:15:41 - [TEST_STEP][PASSED] - if (verifyOptionPresentByValue(nc, tchildren[i - 1], false, 1, CONTINUE_ON_FAILURE)): All options with value '3' are selected in object 'selchildren' 

2019-05-08 10:15:41 - [MESSAGE][PASSED] - 1 option(s) with value '3' is/are present on object 'selchildren' 

2019-05-08 10:15:41 - [TEST_STEP][PASSED] - selectOptionByValue(nc, tchildren[i - 1], false, CONTINUE_ON_FAILURE): All options with value '3' are selected in object 'selchildren' 

2019-05-08 10:15:41 - [MESSAGE][PASSED] - All options with value '3' are selected in object 'selchildren' 

2019-05-08 10:15:41 - [TEST_STEP][PASSED] - for ([j = 1, j <= Integer.parseInt(tchildren[i - 1]), (j++)]): null

2019-05-08 10:15:41 - [TEST_STEP][PASSED] - if (tnumrooms == 1): null

2019-05-08 10:15:41 - [TEST_STEP][PASSED] - else: null

2019-05-08 10:15:41 - [TEST_STEP][PASSED] - if (j == 1): null

2019-05-08 10:15:41 - [TEST_STEP][PASSED] - cadynxpath = "//div[contains(@class, 'hidden-xs')]/div/select[@name='ar" + i + "m1']": null

2019-05-08 10:15:41 - [TEST_STEP][PASSED] - ca = new com.kms.katalon.core.testobject.TestObject(childrenage): null

2019-05-08 10:15:41 - [TEST_STEP][PASSED] - ca.addProperty("xpath", EQUALS, cadynxpath): null

2019-05-08 10:15:41 - [TEST_STEP][PASSED] - if (verifyElementPresent(ca, 1, CONTINUE_ON_FAILURE)): null

2019-05-08 10:15:41 - [MESSAGE][PASSED] - Object 'childrenage' is present

2019-05-08 10:15:41 - [TEST_STEP][PASSED] - click(ca): Object: 'childrenage' is clicked on

2019-05-08 10:15:41 - [MESSAGE][PASSED] - Object: 'childrenage' is clicked on

2019-05-08 10:15:41 - [TEST_STEP][PASSED] - if (verifyOptionPresentByValue(ca, tchildages[curchild], false, 1, CONTINUE_ON_FAILURE)): All options with value '8' are selected in object 'childrenage' 

2019-05-08 10:15:41 - [MESSAGE][PASSED] - 1 option(s) with value '8' is/are present on object 'childrenage' 

2019-05-08 10:15:41 - [TEST_STEP][PASSED] - selectOptionByValue(ca, tchildages[curchild], false, CONTINUE_ON_FAILURE): All options with value '8' are selected in object 'childrenage' 

2019-05-08 10:15:42 - [MESSAGE][PASSED] - All options with value '8' are selected in object 'childrenage' 

2019-05-08 10:15:42 - [TEST_STEP][PASSED] - println("Room: " + i + ", child: " + j + ", age: " + tchildages[curchild]): null

2019-05-08 10:15:42 - [TEST_STEP][PASSED] - println("nadynxpath: " + cadynxpath): null

2019-05-08 10:15:42 - [TEST_STEP][PASSED] - (curchild++): null

2019-05-08 10:15:42 - [TEST_STEP][PASSED] - if (tnumrooms == 1): null

2019-05-08 10:15:42 - [TEST_STEP][PASSED] - else: null

2019-05-08 10:15:42 - [TEST_STEP][PASSED] - if (j == 1): null

2019-05-08 10:15:42 - [TEST_STEP][PASSED] - else: null

2019-05-08 10:15:42 - [TEST_STEP][PASSED] - cadynxpath = "//div[contains(@class, 'form-group')]/div/div[not(contains(@class, 'hidden-xs'))]/div/select[@name='ar" + i + "m" + j + "']": null

2019-05-08 10:15:42 - [TEST_STEP][PASSED] - ca = new com.kms.katalon.core.testobject.TestObject(childrenage): null

2019-05-08 10:15:42 - [TEST_STEP][PASSED] - ca.addProperty("xpath", EQUALS, cadynxpath): null

2019-05-08 10:15:42 - [TEST_STEP][PASSED] - if (verifyElementPresent(ca, 1, CONTINUE_ON_FAILURE)): null

2019-05-08 10:15:42 - [MESSAGE][PASSED] - Object 'childrenage' is present

2019-05-08 10:15:42 - [TEST_STEP][PASSED] - click(ca): Object: 'childrenage' is clicked on

2019-05-08 10:15:42 - [MESSAGE][PASSED] - Object: 'childrenage' is clicked on

2019-05-08 10:15:42 - [TEST_STEP][PASSED] - if (verifyOptionPresentByValue(ca, tchildages[curchild], false, 1, CONTINUE_ON_FAILURE)): All options with value '8' are selected in object 'childrenage' 

2019-05-08 10:15:42 - [MESSAGE][PASSED] - 1 option(s) with value '8' is/are present on object 'childrenage' 

2019-05-08 10:15:42 - [TEST_STEP][PASSED] - selectOptionByValue(ca, tchildages[curchild], false, CONTINUE_ON_FAILURE): All options with value '8' are selected in object 'childrenage' 

2019-05-08 10:15:42 - [MESSAGE][PASSED] - All options with value '8' are selected in object 'childrenage' 

2019-05-08 10:15:43 - [TEST_STEP][PASSED] - println("Room: " + i + ", child: " + j + ", age: " + tchildages[curchild]): null

2019-05-08 10:15:43 - [TEST_STEP][PASSED] - println("nadynxpath: " + cadynxpath): null

2019-05-08 10:15:43 - [TEST_STEP][PASSED] - (curchild++): null

2019-05-08 10:15:43 - [TEST_STEP][PASSED] - if (tnumrooms == 1): null

2019-05-08 10:15:43 - [TEST_STEP][PASSED] - else: null

2019-05-08 10:15:43 - [TEST_STEP][PASSED] - if (j == 1): null

2019-05-08 10:15:43 - [TEST_STEP][PASSED] - else: null

2019-05-08 10:15:43 - [TEST_STEP][PASSED] - cadynxpath = "//div[contains(@class, 'form-group')]/div/div[not(contains(@class, 'hidden-xs'))]/div/select[@name='ar" + i + "m" + j + "']": null

2019-05-08 10:15:43 - [TEST_STEP][PASSED] - ca = new com.kms.katalon.core.testobject.TestObject(childrenage): null

2019-05-08 10:15:43 - [TEST_STEP][PASSED] - ca.addProperty("xpath", EQUALS, cadynxpath): null

2019-05-08 10:15:43 - [TEST_STEP][PASSED] - if (verifyElementPresent(ca, 1, CONTINUE_ON_FAILURE)): null

2019-05-08 10:15:43 - [MESSAGE][PASSED] - Object 'childrenage' is present

2019-05-08 10:15:43 - [TEST_STEP][PASSED] - click(ca): Object: 'childrenage' is clicked on

2019-05-08 10:15:43 - [MESSAGE][PASSED] - Object: 'childrenage' is clicked on

2019-05-08 10:15:43 - [TEST_STEP][PASSED] - if (verifyOptionPresentByValue(ca, tchildages[curchild], false, 1, CONTINUE_ON_FAILURE)): All options with value '2' are selected in object 'childrenage' 

2019-05-08 10:15:44 - [MESSAGE][PASSED] - 1 option(s) with value '2' is/are present on object 'childrenage' 

2019-05-08 10:15:44 - [TEST_STEP][PASSED] - selectOptionByValue(ca, tchildages[curchild], false, CONTINUE_ON_FAILURE): All options with value '2' are selected in object 'childrenage' 

2019-05-08 10:15:44 - [MESSAGE][PASSED] - All options with value '2' are selected in object 'childrenage' 

2019-05-08 10:15:44 - [TEST_STEP][PASSED] - println("Room: " + i + ", child: " + j + ", age: " + tchildages[curchild]): null

2019-05-08 10:15:44 - [TEST_STEP][PASSED] - println("nadynxpath: " + cadynxpath): null

2019-05-08 10:15:44 - [TEST_STEP][PASSED] - (curchild++): null

2019-05-08 10:15:44 - [TEST_STEP][PASSED] - click(findTestObject("homepage/button_Search")): Object: 'Object Repository/homepage/button_Search' is clicked on

2019-05-08 10:15:44 - [MESSAGE][PASSED] - Object: 'Object Repository/homepage/button_Search' is clicked on

2019-05-08 10:15:44 - [TEST_STEP][PASSED] - waitForPageLoad(10): Wait for page load successfully

2019-05-08 10:15:46 - [MESSAGE][PASSED] - Wait for page load successfully

2019-05-08 10:15:46 - [TEST_STEP][PASSED] - delay(5): Delayed 5 second(s)

2019-05-08 10:15:51 - [MESSAGE][PASSED] - Delayed 5 second(s)

2019-05-08 10:15:51 - [TEST_STEP][PASSED] - closeBrowser(): Browser is closed

2019-05-08 10:15:52 - [MESSAGE][PASSED] - Browser is closed]]></system-out>
         <system-err><![CDATA[]]></system-err>
      </testcase>
      <testcase name="Test Cases/Booking03" classname="Test Cases/Booking03" status="PASSED">
         <system-out><![CDATA[2019-05-08 10:15:52 - [TEST_CASE][PASSED] - Test Cases/Booking03: Test Cases/Booking03

2019-05-08 10:15:52 - [TEST_STEP][PASSED] - openBrowser("https://bookit-qa6.com"): Browser is opened with url: 'https://bookit-qa6.com'

2019-05-08 10:15:52 - [MESSAGE][INFO] - Starting 'Chrome' driver

2019-05-08 10:15:56 - [MESSAGE][PASSED] - Browser is opened with url: 'https://bookit-qa6.com'

2019-05-08 10:15:56 - [TEST_STEP][PASSED] - click(findTestObject("homepage/flight_checkbox")): Object: 'Object Repository/homepage/flight_checkbox' is clicked on

2019-05-08 10:15:58 - [MESSAGE][PASSED] - Object: 'Object Repository/homepage/flight_checkbox' is clicked on

2019-05-08 10:15:58 - [TEST_STEP][PASSED] - setText(findTestObject("homepage/city_or_airport"), "cheese"): Text 'cheese' is set on object 'Object Repository/homepage/city_or_airport'

2019-05-08 10:15:59 - [MESSAGE][PASSED] - Text 'cheese' is set on object 'Object Repository/homepage/city_or_airport'

2019-05-08 10:15:59 - [TEST_STEP][PASSED] - delay(1): Delayed 1 second(s)

2019-05-08 10:16:00 - [MESSAGE][PASSED] - Delayed 1 second(s)

2019-05-08 10:16:00 - [TEST_STEP][PASSED] - click(findTestObject("homepage/div_Cheese City IL US")): Object: 'Object Repository/homepage/div_Cheese City IL US' is clicked on

2019-05-08 10:16:00 - [MESSAGE][PASSED] - Object: 'Object Repository/homepage/div_Cheese City IL US' is clicked on

2019-05-08 10:16:00 - [TEST_STEP][PASSED] - checkinId = getAttribute(findTestObject("homepage/checkin_date"), "id"): Attribute 'id' of object 'Object Repository/homepage/checkin_date' is: 'ember532-fd'

2019-05-08 10:16:00 - [MESSAGE][PASSED] - Attribute 'id' of object 'Object Repository/homepage/checkin_date' is: 'ember532-fd'

2019-05-08 10:16:00 - [TEST_STEP][PASSED] - checkoutId = getAttribute(findTestObject("homepage/checkout_date"), "id"): Attribute 'id' of object 'Object Repository/homepage/checkout_date' is: 'ember532-td'

2019-05-08 10:16:00 - [MESSAGE][PASSED] - Attribute 'id' of object 'Object Repository/homepage/checkout_date' is: 'ember532-td'

2019-05-08 10:16:00 - [TEST_STEP][PASSED] - iniDate = moIni + "/" + dayIni + "/" + yrIni: null

2019-05-08 10:16:00 - [TEST_STEP][PASSED] - myIniDate = "$('#" + checkinId + "').val('" + iniDate + "')": null

2019-05-08 10:16:00 - [TEST_STEP][PASSED] - endDate = moEnd + "/" + dayEnd + "/" + yrEnd: null

2019-05-08 10:16:00 - [TEST_STEP][PASSED] - myEndDate = "$('#" + checkoutId + "').val('" + endDate + "')": null

2019-05-08 10:16:00 - [TEST_STEP][PASSED] - strMoIni = bookitKeywords.commonFunctions.getMonthName(moIni): bookitKeywords.commonFunctions.getMonthName is PASSED

2019-05-08 10:16:00 - [MESSAGE][PASSED] - bookitKeywords.commonFunctions.getMonthName is PASSED

2019-05-08 10:16:00 - [TEST_STEP][PASSED] - strMoEnd = bookitKeywords.commonFunctions.getMonthName(moEnd): bookitKeywords.commonFunctions.getMonthName is PASSED

2019-05-08 10:16:00 - [MESSAGE][PASSED] - bookitKeywords.commonFunctions.getMonthName is PASSED

2019-05-08 10:16:00 - [TEST_STEP][PASSED] - dIni = Integer.parseInt(dayIni): null

2019-05-08 10:16:00 - [TEST_STEP][PASSED] - dEnd = Integer.parseInt(dayEnd): null

2019-05-08 10:16:00 - [TEST_STEP][PASSED] - println(dIni): null

2019-05-08 10:16:00 - [TEST_STEP][PASSED] - println(dEnd): null

2019-05-08 10:16:00 - [TEST_STEP][PASSED] - click(findTestObject("homepage/checkin_date")): Object: 'Object Repository/homepage/checkin_date' is clicked on

2019-05-08 10:16:00 - [MESSAGE][PASSED] - Object: 'Object Repository/homepage/checkin_date' is clicked on

2019-05-08 10:16:00 - [TEST_STEP][PASSED] - delay(1): Delayed 1 second(s)

2019-05-08 10:16:01 - [MESSAGE][PASSED] - Delayed 1 second(s)

2019-05-08 10:16:01 - [TEST_STEP][PASSED] - if (verifyElementPresent(findTestObject("homepage/sel_date_month1"), 1, CONTINUE_ON_FAILURE)): null

2019-05-08 10:16:01 - [MESSAGE][PASSED] - Object 'Object Repository/homepage/sel_date_month1' is present

2019-05-08 10:16:01 - [TEST_STEP][PASSED] - if (waitForElementClickable(findTestObject("homepage/sel_date_month1"), 1, CONTINUE_ON_FAILURE)): null

2019-05-08 10:16:01 - [MESSAGE][PASSED] - Object 'Object Repository/homepage/sel_date_month1' is clickable

2019-05-08 10:16:01 - [TEST_STEP][PASSED] - click(findTestObject("homepage/sel_date_month1"), CONTINUE_ON_FAILURE): Object: 'Object Repository/homepage/sel_date_month1' is clicked on

2019-05-08 10:16:01 - [MESSAGE][PASSED] - Object: 'Object Repository/homepage/sel_date_month1' is clicked on

2019-05-08 10:16:01 - [TEST_STEP][PASSED] - if (verifyOptionPresentByLabel(findTestObject("homepage/sel_date_month1"), strMoIni, false, 1, CONTINUE_ON_FAILURE)): null

2019-05-08 10:16:01 - [MESSAGE][PASSED] - 1 option(s) with label 'August' is/are present in object 'Object Repository/homepage/sel_date_month1' 

2019-05-08 10:16:01 - [TEST_STEP][PASSED] - selectOptionByLabel(findTestObject("homepage/sel_date_month1"), strMoIni, false, CONTINUE_ON_FAILURE): All options with label 'August' are selected in object 'Object Repository/homepage/sel_date_month1' 

2019-05-08 10:16:02 - [MESSAGE][PASSED] - All options with label 'August' are selected in object 'Object Repository/homepage/sel_date_month1' 

2019-05-08 10:16:02 - [TEST_STEP][PASSED] - sleep(200): null

2019-05-08 10:16:02 - [TEST_STEP][PASSED] - if (verifyElementPresent(findTestObject("homepage/sel_date_year1"), 1, CONTINUE_ON_FAILURE)): null

2019-05-08 10:16:02 - [MESSAGE][PASSED] - Object 'Object Repository/homepage/sel_date_year1' is present

2019-05-08 10:16:02 - [TEST_STEP][PASSED] - if (waitForElementClickable(findTestObject("homepage/sel_date_year1"), 1, CONTINUE_ON_FAILURE)): null

2019-05-08 10:16:02 - [MESSAGE][PASSED] - Object 'Object Repository/homepage/sel_date_year1' is clickable

2019-05-08 10:16:02 - [TEST_STEP][PASSED] - click(findTestObject("homepage/sel_date_year1"), CONTINUE_ON_FAILURE): Object: 'Object Repository/homepage/sel_date_year1' is clicked on

2019-05-08 10:16:02 - [MESSAGE][PASSED] - Object: 'Object Repository/homepage/sel_date_year1' is clicked on

2019-05-08 10:16:02 - [TEST_STEP][PASSED] - if (verifyOptionPresentByLabel(findTestObject("homepage/sel_date_year1"), yrIni, false, 1, CONTINUE_ON_FAILURE)): null

2019-05-08 10:16:02 - [MESSAGE][PASSED] - 1 option(s) with label '2019' is/are present in object 'Object Repository/homepage/sel_date_year1' 

2019-05-08 10:16:02 - [TEST_STEP][PASSED] - selectOptionByLabel(findTestObject("homepage/sel_date_year1"), yrIni, false, CONTINUE_ON_FAILURE): All options with label '2019' are selected in object 'Object Repository/homepage/sel_date_year1' 

2019-05-08 10:16:02 - [MESSAGE][PASSED] - All options with label '2019' are selected in object 'Object Repository/homepage/sel_date_year1' 

2019-05-08 10:16:02 - [TEST_STEP][PASSED] - sleep(200): null

2019-05-08 10:16:02 - [TEST_STEP][PASSED] - dynxpath = "//div[contains(@class, 'pika-single') and contains(@class, 'is-bound') and not(contains(@class, 'is-hidden'))]/div[@class='pika-lendar'][1]/table[@class='pika-table']/tbody/tr/td/button[count(. | //*[@type = 'button' and @data-pika-day = '" + dIni + "']) = count(//*[@type = 'button' and @data-pika-day = '" + dIni + "'])]": null

2019-05-08 10:16:02 - [TEST_STEP][PASSED] - to = new com.kms.katalon.core.testobject.TestObject(eldia): null

2019-05-08 10:16:02 - [TEST_STEP][PASSED] - to.addProperty("xpath", EQUALS, dynxpath): null

2019-05-08 10:16:02 - [TEST_STEP][PASSED] - click(to): Object: 'eldia' is clicked on

2019-05-08 10:16:03 - [MESSAGE][PASSED] - Object: 'eldia' is clicked on

2019-05-08 10:16:03 - [TEST_STEP][PASSED] - click(findTestObject("homepage/checkout_date")): Object: 'Object Repository/homepage/checkout_date' is clicked on

2019-05-08 10:16:03 - [MESSAGE][PASSED] - Object: 'Object Repository/homepage/checkout_date' is clicked on

2019-05-08 10:16:03 - [TEST_STEP][PASSED] - delay(1): Delayed 1 second(s)

2019-05-08 10:16:04 - [MESSAGE][PASSED] - Delayed 1 second(s)

2019-05-08 10:16:04 - [TEST_STEP][PASSED] - if (verifyElementPresent(findTestObject("homepage/sel_date_month2"), 1, CONTINUE_ON_FAILURE)): null

2019-05-08 10:16:04 - [MESSAGE][PASSED] - Object 'Object Repository/homepage/sel_date_month2' is present

2019-05-08 10:16:04 - [TEST_STEP][PASSED] - if (waitForElementClickable(findTestObject("homepage/sel_date_month2"), 1, CONTINUE_ON_FAILURE)): null

2019-05-08 10:16:04 - [MESSAGE][PASSED] - Object 'Object Repository/homepage/sel_date_month2' is clickable

2019-05-08 10:16:04 - [TEST_STEP][PASSED] - click(findTestObject("homepage/sel_date_month2"), CONTINUE_ON_FAILURE): Object: 'Object Repository/homepage/sel_date_month2' is clicked on

2019-05-08 10:16:04 - [MESSAGE][PASSED] - Object: 'Object Repository/homepage/sel_date_month2' is clicked on

2019-05-08 10:16:04 - [TEST_STEP][PASSED] - if (verifyOptionPresentByLabel(findTestObject("homepage/sel_date_month2"), strMoEnd, false, 1, CONTINUE_ON_FAILURE)): null

2019-05-08 10:16:04 - [MESSAGE][PASSED] - 1 option(s) with label 'October' is/are present in object 'Object Repository/homepage/sel_date_month2' 

2019-05-08 10:16:04 - [TEST_STEP][PASSED] - selectOptionByLabel(findTestObject("homepage/sel_date_month2"), strMoEnd, false, CONTINUE_ON_FAILURE): All options with label 'October' are selected in object 'Object Repository/homepage/sel_date_month2' 

2019-05-08 10:16:04 - [MESSAGE][PASSED] - All options with label 'October' are selected in object 'Object Repository/homepage/sel_date_month2' 

2019-05-08 10:16:04 - [TEST_STEP][PASSED] - sleep(500): null

2019-05-08 10:16:05 - [TEST_STEP][PASSED] - if (verifyElementPresent(findTestObject("homepage/sel_date_year2"), 1, CONTINUE_ON_FAILURE)): null

2019-05-08 10:16:05 - [MESSAGE][PASSED] - Object 'Object Repository/homepage/sel_date_year2' is present

2019-05-08 10:16:05 - [TEST_STEP][PASSED] - if (waitForElementClickable(findTestObject("homepage/sel_date_year2"), 1, CONTINUE_ON_FAILURE)): null

2019-05-08 10:16:05 - [MESSAGE][PASSED] - Object 'Object Repository/homepage/sel_date_year2' is clickable

2019-05-08 10:16:05 - [TEST_STEP][PASSED] - click(findTestObject("homepage/sel_date_year2"), CONTINUE_ON_FAILURE): Object: 'Object Repository/homepage/sel_date_year2' is clicked on

2019-05-08 10:16:05 - [MESSAGE][PASSED] - Object: 'Object Repository/homepage/sel_date_year2' is clicked on

2019-05-08 10:16:05 - [TEST_STEP][PASSED] - if (verifyOptionPresentByLabel(findTestObject("homepage/sel_date_year2"), yrEnd, false, 1, CONTINUE_ON_FAILURE)): null

2019-05-08 10:16:05 - [MESSAGE][PASSED] - 1 option(s) with label '2019' is/are present in object 'Object Repository/homepage/sel_date_year2' 

2019-05-08 10:16:05 - [TEST_STEP][PASSED] - selectOptionByLabel(findTestObject("homepage/sel_date_year2"), yrEnd, false, CONTINUE_ON_FAILURE): All options with label '2019' are selected in object 'Object Repository/homepage/sel_date_year2' 

2019-05-08 10:16:05 - [MESSAGE][PASSED] - All options with label '2019' are selected in object 'Object Repository/homepage/sel_date_year2' 

2019-05-08 10:16:05 - [TEST_STEP][PASSED] - sleep(500): null

2019-05-08 10:16:06 - [TEST_STEP][PASSED] - dynxpath2 = "//div[contains(@class, 'pika-single') and contains(@class, 'is-bound') and not(contains(@class, 'is-hidden'))]/div[@class='pika-lendar'][1]/table[@class='pika-table']/tbody/tr/td/button[count(. | //*[@type = 'button' and @data-pika-day = '" + dEnd + "']) = count(//*[@type = 'button' and @data-pika-day = '" + dEnd + "'])]": null

2019-05-08 10:16:06 - [TEST_STEP][PASSED] - to2 = new com.kms.katalon.core.testobject.TestObject(eldia2): null

2019-05-08 10:16:06 - [TEST_STEP][PASSED] - to2.addProperty("xpath", EQUALS, dynxpath2): null

2019-05-08 10:16:06 - [TEST_STEP][PASSED] - click(to2): Object: 'eldia2' is clicked on

2019-05-08 10:16:06 - [MESSAGE][PASSED] - Object: 'eldia2' is clicked on

2019-05-08 10:16:06 - [TEST_STEP][PASSED] - selectOptionByValue(findTestObject("homepage/select_rooms"), numRooms, false, CONTINUE_ON_FAILURE): All options with value '1' are selected in object 'Object Repository/homepage/select_rooms' 

2019-05-08 10:16:06 - [MESSAGE][PASSED] - All options with value '1' are selected in object 'Object Repository/homepage/select_rooms' 

2019-05-08 10:16:06 - [TEST_STEP][PASSED] - delay(1): Delayed 1 second(s)

2019-05-08 10:16:07 - [MESSAGE][PASSED] - Delayed 1 second(s)

2019-05-08 10:16:07 - [TEST_STEP][PASSED] - tadults = adults.split(","): null

2019-05-08 10:16:07 - [TEST_STEP][PASSED] - tchildren = children.split(","): null

2019-05-08 10:16:07 - [TEST_STEP][PASSED] - tchildages = childrenages.split(","): null

2019-05-08 10:16:07 - [TEST_STEP][PASSED] - tnumrooms = Integer.parseInt(numRooms): null

2019-05-08 10:16:07 - [TEST_STEP][PASSED] - curchild = 0: null

2019-05-08 10:16:07 - [TEST_STEP][PASSED] - for ([i = 1, i <= tnumrooms, (i++)]): null

2019-05-08 10:16:07 - [TEST_STEP][PASSED] - na = new com.kms.katalon.core.testobject.TestObject(seladults): null

2019-05-08 10:16:07 - [TEST_STEP][PASSED] - nc = new com.kms.katalon.core.testobject.TestObject(selchildren): null

2019-05-08 10:16:07 - [TEST_STEP][PASSED] - nadynxpath = <not implemented yet for class: org.codehaus.groovy.ast.expr.EmptyExpression>: null

2019-05-08 10:16:07 - [TEST_STEP][PASSED] - ncdynxpath = <not implemented yet for class: org.codehaus.groovy.ast.expr.EmptyExpression>: null

2019-05-08 10:16:07 - [TEST_STEP][PASSED] - cadynxpath = <not implemented yet for class: org.codehaus.groovy.ast.expr.EmptyExpression>: null

2019-05-08 10:16:07 - [TEST_STEP][PASSED] - if (tnumrooms > 1): null

2019-05-08 10:16:07 - [TEST_STEP][PASSED] - else: null

2019-05-08 10:16:07 - [TEST_STEP][PASSED] - nadynxpath = "//div[contains(@class, 'hidden-multi-room')]/div/select[@name='ap" + i + "']": null

2019-05-08 10:16:07 - [TEST_STEP][PASSED] - ncdynxpath = "//div[contains(@class, 'hidden-multi-room')]/div/select[@name='mp" + i + "']": null

2019-05-08 10:16:07 - [TEST_STEP][PASSED] - na.addProperty("xpath", EQUALS, nadynxpath): null

2019-05-08 10:16:07 - [TEST_STEP][PASSED] - nc.addProperty("xpath", EQUALS, ncdynxpath): null

2019-05-08 10:16:07 - [TEST_STEP][PASSED] - if (verifyElementPresent(na, 1, CONTINUE_ON_FAILURE)): null

2019-05-08 10:16:07 - [MESSAGE][PASSED] - Object 'seladults' is present

2019-05-08 10:16:07 - [TEST_STEP][PASSED] - click(na): Object: 'seladults' is clicked on

2019-05-08 10:16:07 - [MESSAGE][PASSED] - Object: 'seladults' is clicked on

2019-05-08 10:16:07 - [TEST_STEP][PASSED] - if (verifyOptionPresentByValue(na, tadults[i - 1], false, 1, CONTINUE_ON_FAILURE)): All options with value '1' are selected in object 'seladults' 

2019-05-08 10:16:07 - [MESSAGE][PASSED] - 1 option(s) with value '1' is/are present on object 'seladults' 

2019-05-08 10:16:07 - [TEST_STEP][PASSED] - selectOptionByValue(na, tadults[i - 1], false, CONTINUE_ON_FAILURE): All options with value '1' are selected in object 'seladults' 

2019-05-08 10:16:07 - [MESSAGE][PASSED] - All options with value '1' are selected in object 'seladults' 

2019-05-08 10:16:07 - [TEST_STEP][PASSED] - if (verifyElementPresent(nc, 1, CONTINUE_ON_FAILURE)): null

2019-05-08 10:16:07 - [MESSAGE][PASSED] - Object 'selchildren' is present

2019-05-08 10:16:07 - [TEST_STEP][PASSED] - click(nc): Object: 'selchildren' is clicked on

2019-05-08 10:16:07 - [MESSAGE][PASSED] - Object: 'selchildren' is clicked on

2019-05-08 10:16:07 - [TEST_STEP][PASSED] - if (verifyOptionPresentByValue(nc, tchildren[i - 1], false, 1, CONTINUE_ON_FAILURE)): All options with value '2' are selected in object 'selchildren' 

2019-05-08 10:16:07 - [MESSAGE][PASSED] - 1 option(s) with value '2' is/are present on object 'selchildren' 

2019-05-08 10:16:07 - [TEST_STEP][PASSED] - selectOptionByValue(nc, tchildren[i - 1], false, CONTINUE_ON_FAILURE): All options with value '2' are selected in object 'selchildren' 

2019-05-08 10:16:08 - [MESSAGE][PASSED] - All options with value '2' are selected in object 'selchildren' 

2019-05-08 10:16:08 - [TEST_STEP][PASSED] - for ([j = 1, j <= Integer.parseInt(tchildren[i - 1]), (j++)]): null

2019-05-08 10:16:08 - [TEST_STEP][PASSED] - if (tnumrooms == 1): null

2019-05-08 10:16:08 - [TEST_STEP][PASSED] - if (j == 1): null

2019-05-08 10:16:08 - [TEST_STEP][PASSED] - cadynxpath = "//div[not(contains(@class, 'hidden-xs'))]/div/div[not(contains(@class, 'hidden-xs')) and (not(contains(@class, 'visible-xs')))]/div/select[@name='ar1m1']": null

2019-05-08 10:16:08 - [TEST_STEP][PASSED] - ca = new com.kms.katalon.core.testobject.TestObject(childrenage): null

2019-05-08 10:16:08 - [TEST_STEP][PASSED] - ca.addProperty("xpath", EQUALS, cadynxpath): null

2019-05-08 10:16:08 - [TEST_STEP][PASSED] - if (verifyElementPresent(ca, 1, CONTINUE_ON_FAILURE)): null

2019-05-08 10:16:08 - [MESSAGE][PASSED] - Object 'childrenage' is present

2019-05-08 10:16:08 - [TEST_STEP][PASSED] - click(ca): Object: 'childrenage' is clicked on

2019-05-08 10:16:08 - [MESSAGE][PASSED] - Object: 'childrenage' is clicked on

2019-05-08 10:16:08 - [TEST_STEP][PASSED] - if (verifyOptionPresentByValue(ca, tchildages[curchild], false, 1, CONTINUE_ON_FAILURE)): All options with value '4' are selected in object 'childrenage' 

2019-05-08 10:16:08 - [MESSAGE][PASSED] - 1 option(s) with value '4' is/are present on object 'childrenage' 

2019-05-08 10:16:08 - [TEST_STEP][PASSED] - selectOptionByValue(ca, tchildages[curchild], false, CONTINUE_ON_FAILURE): All options with value '4' are selected in object 'childrenage' 

2019-05-08 10:16:08 - [MESSAGE][PASSED] - All options with value '4' are selected in object 'childrenage' 

2019-05-08 10:16:08 - [TEST_STEP][PASSED] - println("Room: " + i + ", child: " + j + ", age: " + tchildages[curchild]): null

2019-05-08 10:16:08 - [TEST_STEP][PASSED] - println("nadynxpath: " + cadynxpath): null

2019-05-08 10:16:08 - [TEST_STEP][PASSED] - (curchild++): null

2019-05-08 10:16:08 - [TEST_STEP][PASSED] - if (tnumrooms == 1): null

2019-05-08 10:16:08 - [TEST_STEP][PASSED] - if (j == 1): null

2019-05-08 10:16:08 - [TEST_STEP][PASSED] - else: null

2019-05-08 10:16:08 - [TEST_STEP][PASSED] - cadynxpath = "//div[not(contains(@class, 'form-group'))]/div/div[not(contains(@class, 'hidden-xs')) and (not(contains(@class, 'visible-xs')))]/div/select[@name='ar1m" + j + "']": null

2019-05-08 10:16:08 - [TEST_STEP][PASSED] - ca = new com.kms.katalon.core.testobject.TestObject(childrenage): null

2019-05-08 10:16:08 - [TEST_STEP][PASSED] - ca.addProperty("xpath", EQUALS, cadynxpath): null

2019-05-08 10:16:08 - [TEST_STEP][PASSED] - if (verifyElementPresent(ca, 1, CONTINUE_ON_FAILURE)): null

2019-05-08 10:16:08 - [MESSAGE][PASSED] - Object 'childrenage' is present

2019-05-08 10:16:08 - [TEST_STEP][PASSED] - click(ca): Object: 'childrenage' is clicked on

2019-05-08 10:16:08 - [MESSAGE][PASSED] - Object: 'childrenage' is clicked on

2019-05-08 10:16:08 - [TEST_STEP][PASSED] - if (verifyOptionPresentByValue(ca, tchildages[curchild], false, 1, CONTINUE_ON_FAILURE)): All options with value '5' are selected in object 'childrenage' 

2019-05-08 10:16:08 - [MESSAGE][PASSED] - 1 option(s) with value '5' is/are present on object 'childrenage' 

2019-05-08 10:16:08 - [TEST_STEP][PASSED] - selectOptionByValue(ca, tchildages[curchild], false, CONTINUE_ON_FAILURE): All options with value '5' are selected in object 'childrenage' 

2019-05-08 10:16:08 - [MESSAGE][PASSED] - All options with value '5' are selected in object 'childrenage' 

2019-05-08 10:16:08 - [TEST_STEP][PASSED] - println("Room: " + i + ", child: " + j + ", age: " + tchildages[curchild]): null

2019-05-08 10:16:08 - [TEST_STEP][PASSED] - println("nadynxpath: " + cadynxpath): null

2019-05-08 10:16:08 - [TEST_STEP][PASSED] - (curchild++): null

2019-05-08 10:16:08 - [TEST_STEP][PASSED] - click(findTestObject("homepage/button_Search")): Object: 'Object Repository/homepage/button_Search' is clicked on

2019-05-08 10:16:09 - [MESSAGE][PASSED] - Object: 'Object Repository/homepage/button_Search' is clicked on

2019-05-08 10:16:09 - [TEST_STEP][PASSED] - waitForPageLoad(10): Wait for page load successfully

2019-05-08 10:16:11 - [MESSAGE][PASSED] - Wait for page load successfully

2019-05-08 10:16:11 - [TEST_STEP][PASSED] - delay(5): Delayed 5 second(s)

2019-05-08 10:16:16 - [MESSAGE][PASSED] - Delayed 5 second(s)

2019-05-08 10:16:16 - [TEST_STEP][PASSED] - closeBrowser(): Browser is closed

2019-05-08 10:16:17 - [MESSAGE][PASSED] - Browser is closed]]></system-out>
         <system-err><![CDATA[]]></system-err>
      </testcase>
      <system-out><![CDATA[2019-05-08 10:14:30 - [TEST_SUITE][PASSED] - TestSuiteForBookit2: Test Cases/Booking03]]></system-out>
      <system-err><![CDATA[]]></system-err>
   </testsuite>
</testsuites>
