<?xml version="1.0" encoding="UTF-8"?>
<testsuites name="TestSuiteForBookit" time="92" tests="4" failures="0" errors="0">
   <testsuite name="TestSuiteForBookit" tests="4" failures="0" errors="0" time="92" timestamp="2019-04-23 22:33:51" hostname="andres - 10.2.193.253" id="Test Suites/TestSuiteForBookit">
      <properties>
         <property name="deviceName" value=""/>
         <property name="devicePlatform" value=""/>
         <property name="logFolder" value="/Users/andres/Katalon Studio/TestProject/Reports/TestSuiteForBookit/20190423_223348"/>
         <property name="logFiles" value="/Users/andres/Katalon Studio/TestProject/Reports/TestSuiteForBookit/20190423_223348/execution0.log"/>
         <property name="attachments" value=""/>
         <property name="hostName" value="andres - 10.2.193.253"/>
         <property name="os" value="Mac OS X 64bit"/>
         <property name="katalonVersion" value="6.1.1.1"/>
         <property name="browser" value="Firefox 66.0"/>
         <property name="hostAddress" value="10.2.193.253"/>
         <property name="sessionId" value="98eaf3c2-24f4-774d-88fd-1c020dd408da"/>
         <property name="seleniumVersion" value="3.7.1"/>
         <property name="proxyInformation" value="ProxyInformation{proxyOption=NO_PROXY, proxyServerType=HTTP, password=, proxyServerAddress=, proxyServerPort=0}"/>
         <property name="platform" value="Mac OS X"/>
      </properties>
      <testcase name="Test Cases/Booking01" classname="Test Cases/Booking01" status="PASSED">
         <system-out><![CDATA[2019-04-23 22:33:51 - [TEST_CASE][PASSED] - Test Cases/Booking01: Test Cases/Booking01

2019-04-23 22:33:51 - [TEST_STEP][PASSED] - openBrowser("https://bookit-qa6.com"): Browser is opened with url: 'https://bookit-qa6.com'

2019-04-23 22:33:51 - [MESSAGE][INFO] - Starting 'Firefox' driver

2019-04-23 22:33:51 - [MESSAGE][INFO] - Action delay is set to 0 seconds

2019-04-23 22:33:58 - [MESSAGE][PASSED] - Browser is opened with url: 'https://bookit-qa6.com'

2019-04-23 22:33:58 - [TEST_STEP][PASSED] - delay(3): Delayed 3 second(s)

2019-04-23 22:34:01 - [MESSAGE][PASSED] - Delayed 3 second(s)

2019-04-23 22:34:01 - [TEST_STEP][PASSED] - click(findTestObject("homepage/flight_checkbox")): Object: 'Object Repository/homepage/flight_checkbox' is clicked on

2019-04-23 22:34:03 - [MESSAGE][PASSED] - Object: 'Object Repository/homepage/flight_checkbox' is clicked on

2019-04-23 22:34:03 - [TEST_STEP][PASSED] - delay(3): Delayed 3 second(s)

2019-04-23 22:34:06 - [MESSAGE][PASSED] - Delayed 3 second(s)

2019-04-23 22:34:06 - [TEST_STEP][PASSED] - setText(findTestObject("homepage/city_or_airport"), "cheese"): Text 'cheese' is set on object 'Object Repository/homepage/city_or_airport'

2019-04-23 22:34:06 - [MESSAGE][PASSED] - Text 'cheese' is set on object 'Object Repository/homepage/city_or_airport'

2019-04-23 22:34:06 - [TEST_STEP][PASSED] - delay(3): Delayed 3 second(s)

2019-04-23 22:34:09 - [MESSAGE][PASSED] - Delayed 3 second(s)

2019-04-23 22:34:09 - [TEST_STEP][PASSED] - click(findTestObject("homepage/div_Cheese City IL US")): Object: 'Object Repository/homepage/div_Cheese City IL US' is clicked on

2019-04-23 22:34:09 - [MESSAGE][PASSED] - Object: 'Object Repository/homepage/div_Cheese City IL US' is clicked on

2019-04-23 22:34:09 - [TEST_STEP][PASSED] - delay(1): Delayed 1 second(s)

2019-04-23 22:34:10 - [MESSAGE][PASSED] - Delayed 1 second(s)

2019-04-23 22:34:10 - [TEST_STEP][PASSED] - checkinId = getAttribute(findTestObject("homepage/checkin_date"), "id"): Attribute 'id' of object 'Object Repository/homepage/checkin_date' is: 'ember532-fd'

2019-04-23 22:34:10 - [MESSAGE][PASSED] - Attribute 'id' of object 'Object Repository/homepage/checkin_date' is: 'ember532-fd'

2019-04-23 22:34:10 - [TEST_STEP][PASSED] - checkoutId = getAttribute(findTestObject("homepage/checkout_date"), "id"): Attribute 'id' of object 'Object Repository/homepage/checkout_date' is: 'ember532-td'

2019-04-23 22:34:10 - [MESSAGE][PASSED] - Attribute 'id' of object 'Object Repository/homepage/checkout_date' is: 'ember532-td'

2019-04-23 22:34:10 - [TEST_STEP][PASSED] - myIniDate = "$('#" + checkinId + "').val('" + iniDate + "')": null

2019-04-23 22:34:10 - [TEST_STEP][PASSED] - executeJavaScript(myIniDate, null): Execute JavaScript '$('#ember532-fd').val('05/01/2019')' successfully

2019-04-23 22:34:10 - [MESSAGE][PASSED] - Execute JavaScript '$('#ember532-fd').val('05/01/2019')' successfully

2019-04-23 22:34:10 - [TEST_STEP][PASSED] - myEndDate = "$('#" + checkoutId + "').val('" + endDate + "')": null

2019-04-23 22:34:10 - [TEST_STEP][PASSED] - executeJavaScript(myEndDate, null): Execute JavaScript '$('#ember532-td').val('05/05/2019')' successfully

2019-04-23 22:34:10 - [MESSAGE][PASSED] - Execute JavaScript '$('#ember532-td').val('05/05/2019')' successfully

2019-04-23 22:34:10 - [TEST_STEP][PASSED] - delay(1): Delayed 1 second(s)

2019-04-23 22:34:11 - [MESSAGE][PASSED] - Delayed 1 second(s)

2019-04-23 22:34:11 - [TEST_STEP][PASSED] - click(findTestObject("homepage/button_Search")): Object: 'Object Repository/homepage/button_Search' is clicked on

2019-04-23 22:34:16 - [MESSAGE][PASSED] - Object: 'Object Repository/homepage/button_Search' is clicked on

2019-04-23 22:34:16 - [TEST_STEP][PASSED] - waitForPageLoad(5): Wait for page load successfully

2019-04-23 22:34:16 - [MESSAGE][PASSED] - Wait for page load successfully

2019-04-23 22:34:16 - [TEST_STEP][PASSED] - closeBrowser(): Browser is closed

2019-04-23 22:34:16 - [MESSAGE][PASSED] - Browser is closed]]></system-out>
         <system-err><![CDATA[]]></system-err>
      </testcase>
      <testcase name="Test Cases/Booking01" classname="Test Cases/Booking01" status="PASSED">
         <system-out><![CDATA[2019-04-23 22:34:16 - [TEST_CASE][PASSED] - Test Cases/Booking01: Test Cases/Booking01

2019-04-23 22:34:16 - [TEST_STEP][PASSED] - openBrowser("https://bookit-qa6.com"): Browser is opened with url: 'https://bookit-qa6.com'

2019-04-23 22:34:16 - [MESSAGE][INFO] - Starting 'Firefox' driver

2019-04-23 22:34:22 - [MESSAGE][PASSED] - Browser is opened with url: 'https://bookit-qa6.com'

2019-04-23 22:34:22 - [TEST_STEP][PASSED] - delay(3): Delayed 3 second(s)

2019-04-23 22:34:25 - [MESSAGE][PASSED] - Delayed 3 second(s)

2019-04-23 22:34:25 - [TEST_STEP][PASSED] - click(findTestObject("homepage/flight_checkbox")): Object: 'Object Repository/homepage/flight_checkbox' is clicked on

2019-04-23 22:34:25 - [MESSAGE][PASSED] - Object: 'Object Repository/homepage/flight_checkbox' is clicked on

2019-04-23 22:34:25 - [TEST_STEP][PASSED] - delay(3): Delayed 3 second(s)

2019-04-23 22:34:28 - [MESSAGE][PASSED] - Delayed 3 second(s)

2019-04-23 22:34:28 - [TEST_STEP][PASSED] - setText(findTestObject("homepage/city_or_airport"), "cheese"): Text 'cheese' is set on object 'Object Repository/homepage/city_or_airport'

2019-04-23 22:34:28 - [MESSAGE][PASSED] - Text 'cheese' is set on object 'Object Repository/homepage/city_or_airport'

2019-04-23 22:34:28 - [TEST_STEP][PASSED] - delay(3): Delayed 3 second(s)

2019-04-23 22:34:31 - [MESSAGE][PASSED] - Delayed 3 second(s)

2019-04-23 22:34:31 - [TEST_STEP][PASSED] - click(findTestObject("homepage/div_Cheese City IL US")): Object: 'Object Repository/homepage/div_Cheese City IL US' is clicked on

2019-04-23 22:34:31 - [MESSAGE][PASSED] - Object: 'Object Repository/homepage/div_Cheese City IL US' is clicked on

2019-04-23 22:34:31 - [TEST_STEP][PASSED] - delay(1): Delayed 1 second(s)

2019-04-23 22:34:32 - [MESSAGE][PASSED] - Delayed 1 second(s)

2019-04-23 22:34:32 - [TEST_STEP][PASSED] - checkinId = getAttribute(findTestObject("homepage/checkin_date"), "id"): Attribute 'id' of object 'Object Repository/homepage/checkin_date' is: 'ember532-fd'

2019-04-23 22:34:32 - [MESSAGE][PASSED] - Attribute 'id' of object 'Object Repository/homepage/checkin_date' is: 'ember532-fd'

2019-04-23 22:34:32 - [TEST_STEP][PASSED] - checkoutId = getAttribute(findTestObject("homepage/checkout_date"), "id"): Attribute 'id' of object 'Object Repository/homepage/checkout_date' is: 'ember532-td'

2019-04-23 22:34:32 - [MESSAGE][PASSED] - Attribute 'id' of object 'Object Repository/homepage/checkout_date' is: 'ember532-td'

2019-04-23 22:34:32 - [TEST_STEP][PASSED] - myIniDate = "$('#" + checkinId + "').val('" + iniDate + "')": null

2019-04-23 22:34:32 - [TEST_STEP][PASSED] - executeJavaScript(myIniDate, null): Execute JavaScript '$('#ember532-fd').val('05/10/2019')' successfully

2019-04-23 22:34:32 - [MESSAGE][PASSED] - Execute JavaScript '$('#ember532-fd').val('05/10/2019')' successfully

2019-04-23 22:34:32 - [TEST_STEP][PASSED] - myEndDate = "$('#" + checkoutId + "').val('" + endDate + "')": null

2019-04-23 22:34:32 - [TEST_STEP][PASSED] - executeJavaScript(myEndDate, null): Execute JavaScript '$('#ember532-td').val('05/13/2019')' successfully

2019-04-23 22:34:32 - [MESSAGE][PASSED] - Execute JavaScript '$('#ember532-td').val('05/13/2019')' successfully

2019-04-23 22:34:32 - [TEST_STEP][PASSED] - delay(1): Delayed 1 second(s)

2019-04-23 22:34:33 - [MESSAGE][PASSED] - Delayed 1 second(s)

2019-04-23 22:34:33 - [TEST_STEP][PASSED] - click(findTestObject("homepage/button_Search")): Object: 'Object Repository/homepage/button_Search' is clicked on

2019-04-23 22:34:38 - [MESSAGE][PASSED] - Object: 'Object Repository/homepage/button_Search' is clicked on

2019-04-23 22:34:38 - [TEST_STEP][PASSED] - waitForPageLoad(5): Wait for page load successfully

2019-04-23 22:34:38 - [MESSAGE][PASSED] - Wait for page load successfully

2019-04-23 22:34:38 - [TEST_STEP][PASSED] - closeBrowser(): Browser is closed

2019-04-23 22:34:39 - [MESSAGE][PASSED] - Browser is closed]]></system-out>
         <system-err><![CDATA[]]></system-err>
      </testcase>
      <testcase name="Test Cases/Booking01" classname="Test Cases/Booking01" status="PASSED">
         <system-out><![CDATA[2019-04-23 22:34:39 - [TEST_CASE][PASSED] - Test Cases/Booking01: Test Cases/Booking01

2019-04-23 22:34:39 - [TEST_STEP][PASSED] - openBrowser("https://bookit-qa6.com"): Browser is opened with url: 'https://bookit-qa6.com'

2019-04-23 22:34:39 - [MESSAGE][INFO] - Starting 'Firefox' driver

2019-04-23 22:34:44 - [MESSAGE][PASSED] - Browser is opened with url: 'https://bookit-qa6.com'

2019-04-23 22:34:44 - [TEST_STEP][PASSED] - delay(3): Delayed 3 second(s)

2019-04-23 22:34:47 - [MESSAGE][PASSED] - Delayed 3 second(s)

2019-04-23 22:34:47 - [TEST_STEP][PASSED] - click(findTestObject("homepage/flight_checkbox")): Object: 'Object Repository/homepage/flight_checkbox' is clicked on

2019-04-23 22:34:47 - [MESSAGE][PASSED] - Object: 'Object Repository/homepage/flight_checkbox' is clicked on

2019-04-23 22:34:47 - [TEST_STEP][PASSED] - delay(3): Delayed 3 second(s)

2019-04-23 22:34:50 - [MESSAGE][PASSED] - Delayed 3 second(s)

2019-04-23 22:34:50 - [TEST_STEP][PASSED] - setText(findTestObject("homepage/city_or_airport"), "cheese"): Text 'cheese' is set on object 'Object Repository/homepage/city_or_airport'

2019-04-23 22:34:50 - [MESSAGE][PASSED] - Text 'cheese' is set on object 'Object Repository/homepage/city_or_airport'

2019-04-23 22:34:50 - [TEST_STEP][PASSED] - delay(3): Delayed 3 second(s)

2019-04-23 22:34:53 - [MESSAGE][PASSED] - Delayed 3 second(s)

2019-04-23 22:34:53 - [TEST_STEP][PASSED] - click(findTestObject("homepage/div_Cheese City IL US")): Object: 'Object Repository/homepage/div_Cheese City IL US' is clicked on

2019-04-23 22:34:54 - [MESSAGE][PASSED] - Object: 'Object Repository/homepage/div_Cheese City IL US' is clicked on

2019-04-23 22:34:54 - [TEST_STEP][PASSED] - delay(1): Delayed 1 second(s)

2019-04-23 22:34:55 - [MESSAGE][PASSED] - Delayed 1 second(s)

2019-04-23 22:34:55 - [TEST_STEP][PASSED] - checkinId = getAttribute(findTestObject("homepage/checkin_date"), "id"): Attribute 'id' of object 'Object Repository/homepage/checkin_date' is: 'ember532-fd'

2019-04-23 22:34:55 - [MESSAGE][PASSED] - Attribute 'id' of object 'Object Repository/homepage/checkin_date' is: 'ember532-fd'

2019-04-23 22:34:55 - [TEST_STEP][PASSED] - checkoutId = getAttribute(findTestObject("homepage/checkout_date"), "id"): Attribute 'id' of object 'Object Repository/homepage/checkout_date' is: 'ember532-td'

2019-04-23 22:34:55 - [MESSAGE][PASSED] - Attribute 'id' of object 'Object Repository/homepage/checkout_date' is: 'ember532-td'

2019-04-23 22:34:55 - [TEST_STEP][PASSED] - myIniDate = "$('#" + checkinId + "').val('" + iniDate + "')": null

2019-04-23 22:34:55 - [TEST_STEP][PASSED] - executeJavaScript(myIniDate, null): Execute JavaScript '$('#ember532-fd').val('06/01/2019')' successfully

2019-04-23 22:34:55 - [MESSAGE][PASSED] - Execute JavaScript '$('#ember532-fd').val('06/01/2019')' successfully

2019-04-23 22:34:55 - [TEST_STEP][PASSED] - myEndDate = "$('#" + checkoutId + "').val('" + endDate + "')": null

2019-04-23 22:34:55 - [TEST_STEP][PASSED] - executeJavaScript(myEndDate, null): Execute JavaScript '$('#ember532-td').val('06/19/2019')' successfully

2019-04-23 22:34:55 - [MESSAGE][PASSED] - Execute JavaScript '$('#ember532-td').val('06/19/2019')' successfully

2019-04-23 22:34:55 - [TEST_STEP][PASSED] - delay(1): Delayed 1 second(s)

2019-04-23 22:34:56 - [MESSAGE][PASSED] - Delayed 1 second(s)

2019-04-23 22:34:56 - [TEST_STEP][PASSED] - click(findTestObject("homepage/button_Search")): Object: 'Object Repository/homepage/button_Search' is clicked on

2019-04-23 22:35:00 - [MESSAGE][PASSED] - Object: 'Object Repository/homepage/button_Search' is clicked on

2019-04-23 22:35:00 - [TEST_STEP][PASSED] - waitForPageLoad(5): Wait for page load successfully

2019-04-23 22:35:00 - [MESSAGE][PASSED] - Wait for page load successfully

2019-04-23 22:35:00 - [TEST_STEP][PASSED] - closeBrowser(): Browser is closed

2019-04-23 22:35:01 - [MESSAGE][PASSED] - Browser is closed]]></system-out>
         <system-err><![CDATA[]]></system-err>
      </testcase>
      <testcase name="Test Cases/Booking01" classname="Test Cases/Booking01" status="PASSED">
         <system-out><![CDATA[2019-04-23 22:35:01 - [TEST_CASE][PASSED] - Test Cases/Booking01: Test Cases/Booking01

2019-04-23 22:35:01 - [TEST_STEP][PASSED] - openBrowser("https://bookit-qa6.com"): Browser is opened with url: 'https://bookit-qa6.com'

2019-04-23 22:35:01 - [MESSAGE][INFO] - Starting 'Firefox' driver

2019-04-23 22:35:06 - [MESSAGE][PASSED] - Browser is opened with url: 'https://bookit-qa6.com'

2019-04-23 22:35:06 - [TEST_STEP][PASSED] - delay(3): Delayed 3 second(s)

2019-04-23 22:35:09 - [MESSAGE][PASSED] - Delayed 3 second(s)

2019-04-23 22:35:09 - [TEST_STEP][PASSED] - click(findTestObject("homepage/flight_checkbox")): Object: 'Object Repository/homepage/flight_checkbox' is clicked on

2019-04-23 22:35:10 - [MESSAGE][PASSED] - Object: 'Object Repository/homepage/flight_checkbox' is clicked on

2019-04-23 22:35:10 - [TEST_STEP][PASSED] - delay(3): Delayed 3 second(s)

2019-04-23 22:35:13 - [MESSAGE][PASSED] - Delayed 3 second(s)

2019-04-23 22:35:13 - [TEST_STEP][PASSED] - setText(findTestObject("homepage/city_or_airport"), "cheese"): Text 'cheese' is set on object 'Object Repository/homepage/city_or_airport'

2019-04-23 22:35:13 - [MESSAGE][PASSED] - Text 'cheese' is set on object 'Object Repository/homepage/city_or_airport'

2019-04-23 22:35:13 - [TEST_STEP][PASSED] - delay(3): Delayed 3 second(s)

2019-04-23 22:35:16 - [MESSAGE][PASSED] - Delayed 3 second(s)

2019-04-23 22:35:16 - [TEST_STEP][PASSED] - click(findTestObject("homepage/div_Cheese City IL US")): Object: 'Object Repository/homepage/div_Cheese City IL US' is clicked on

2019-04-23 22:35:16 - [MESSAGE][PASSED] - Object: 'Object Repository/homepage/div_Cheese City IL US' is clicked on

2019-04-23 22:35:16 - [TEST_STEP][PASSED] - delay(1): Delayed 1 second(s)

2019-04-23 22:35:17 - [MESSAGE][PASSED] - Delayed 1 second(s)

2019-04-23 22:35:17 - [TEST_STEP][PASSED] - checkinId = getAttribute(findTestObject("homepage/checkin_date"), "id"): Attribute 'id' of object 'Object Repository/homepage/checkin_date' is: 'ember532-fd'

2019-04-23 22:35:17 - [MESSAGE][PASSED] - Attribute 'id' of object 'Object Repository/homepage/checkin_date' is: 'ember532-fd'

2019-04-23 22:35:17 - [TEST_STEP][PASSED] - checkoutId = getAttribute(findTestObject("homepage/checkout_date"), "id"): Attribute 'id' of object 'Object Repository/homepage/checkout_date' is: 'ember532-td'

2019-04-23 22:35:17 - [MESSAGE][PASSED] - Attribute 'id' of object 'Object Repository/homepage/checkout_date' is: 'ember532-td'

2019-04-23 22:35:17 - [TEST_STEP][PASSED] - myIniDate = "$('#" + checkinId + "').val('" + iniDate + "')": null

2019-04-23 22:35:17 - [TEST_STEP][PASSED] - executeJavaScript(myIniDate, null): Execute JavaScript '$('#ember532-fd').val('07/07/2019')' successfully

2019-04-23 22:35:17 - [MESSAGE][PASSED] - Execute JavaScript '$('#ember532-fd').val('07/07/2019')' successfully

2019-04-23 22:35:17 - [TEST_STEP][PASSED] - myEndDate = "$('#" + checkoutId + "').val('" + endDate + "')": null

2019-04-23 22:35:17 - [TEST_STEP][PASSED] - executeJavaScript(myEndDate, null): Execute JavaScript '$('#ember532-td').val('07/10/2019')' successfully

2019-04-23 22:35:17 - [MESSAGE][PASSED] - Execute JavaScript '$('#ember532-td').val('07/10/2019')' successfully

2019-04-23 22:35:17 - [TEST_STEP][PASSED] - delay(1): Delayed 1 second(s)

2019-04-23 22:35:18 - [MESSAGE][PASSED] - Delayed 1 second(s)

2019-04-23 22:35:18 - [TEST_STEP][PASSED] - click(findTestObject("homepage/button_Search")): Object: 'Object Repository/homepage/button_Search' is clicked on

2019-04-23 22:35:22 - [MESSAGE][PASSED] - Object: 'Object Repository/homepage/button_Search' is clicked on

2019-04-23 22:35:22 - [TEST_STEP][PASSED] - waitForPageLoad(5): Wait for page load successfully

2019-04-23 22:35:22 - [MESSAGE][PASSED] - Wait for page load successfully

2019-04-23 22:35:22 - [TEST_STEP][PASSED] - closeBrowser(): Browser is closed

2019-04-23 22:35:23 - [MESSAGE][PASSED] - Browser is closed]]></system-out>
         <system-err><![CDATA[]]></system-err>
      </testcase>
      <system-out><![CDATA[2019-04-23 22:33:51 - [TEST_SUITE][PASSED] - TestSuiteForBookit: Test Cases/Booking01]]></system-out>
      <system-err><![CDATA[]]></system-err>
   </testsuite>
</testsuites>
