<?xml version="1.0" encoding="UTF-8"?>
<testsuites name="TestSuiteForBookit" time="102" tests="4" failures="0" errors="0">
   <testsuite name="TestSuiteForBookit" tests="4" failures="0" errors="0" time="102" timestamp="2019-04-23 22:31:27" hostname="andres - 10.2.193.253" id="Test Suites/TestSuiteForBookit">
      <properties>
         <property name="deviceName" value=""/>
         <property name="devicePlatform" value=""/>
         <property name="logFolder" value="/Users/andres/Katalon Studio/TestProject/Reports/TestSuiteForBookit/20190423_223125"/>
         <property name="logFiles" value="/Users/andres/Katalon Studio/TestProject/Reports/TestSuiteForBookit/20190423_223125/execution0.log"/>
         <property name="attachments" value=""/>
         <property name="hostName" value="andres - 10.2.193.253"/>
         <property name="os" value="Mac OS X 64bit"/>
         <property name="katalonVersion" value="6.1.1.1"/>
         <property name="browser" value="Firefox 66.0"/>
         <property name="hostAddress" value="10.2.193.253"/>
         <property name="sessionId" value="6f70e5f4-fbbc-7f41-96e1-f12e57d6c2f3"/>
         <property name="seleniumVersion" value="3.7.1"/>
         <property name="proxyInformation" value="ProxyInformation{proxyOption=NO_PROXY, proxyServerType=HTTP, password=, proxyServerAddress=, proxyServerPort=0}"/>
         <property name="platform" value="Mac OS X"/>
      </properties>
      <testcase name="Test Cases/Booking01" classname="Test Cases/Booking01" status="PASSED">
         <system-out><![CDATA[2019-04-23 22:31:27 - [TEST_CASE][PASSED] - Test Cases/Booking01: Test Cases/Booking01

2019-04-23 22:31:27 - [TEST_STEP][PASSED] - openBrowser("https://bookit-qa6.com"): Browser is opened with url: 'https://bookit-qa6.com'

2019-04-23 22:31:27 - [MESSAGE][INFO] - Starting 'Firefox' driver

2019-04-23 22:31:27 - [MESSAGE][INFO] - Action delay is set to 0 seconds

2019-04-23 22:31:36 - [MESSAGE][PASSED] - Browser is opened with url: 'https://bookit-qa6.com'

2019-04-23 22:31:36 - [TEST_STEP][PASSED] - delay(3): Delayed 3 second(s)

2019-04-23 22:31:39 - [MESSAGE][PASSED] - Delayed 3 second(s)

2019-04-23 22:31:39 - [TEST_STEP][PASSED] - click(findTestObject("homepage/flight_checkbox")): Object: 'Object Repository/homepage/flight_checkbox' is clicked on

2019-04-23 22:31:39 - [MESSAGE][PASSED] - Object: 'Object Repository/homepage/flight_checkbox' is clicked on

2019-04-23 22:31:39 - [TEST_STEP][PASSED] - delay(3): Delayed 3 second(s)

2019-04-23 22:31:42 - [MESSAGE][PASSED] - Delayed 3 second(s)

2019-04-23 22:31:42 - [TEST_STEP][PASSED] - setText(findTestObject("homepage/city_or_airport"), "cheese"): Text 'cheese' is set on object 'Object Repository/homepage/city_or_airport'

2019-04-23 22:31:42 - [MESSAGE][PASSED] - Text 'cheese' is set on object 'Object Repository/homepage/city_or_airport'

2019-04-23 22:31:42 - [TEST_STEP][PASSED] - delay(3): Delayed 3 second(s)

2019-04-23 22:31:45 - [MESSAGE][PASSED] - Delayed 3 second(s)

2019-04-23 22:31:45 - [TEST_STEP][PASSED] - click(findTestObject("homepage/div_Cheese City IL US")): Object: 'Object Repository/homepage/div_Cheese City IL US' is clicked on

2019-04-23 22:31:45 - [MESSAGE][PASSED] - Object: 'Object Repository/homepage/div_Cheese City IL US' is clicked on

2019-04-23 22:31:45 - [TEST_STEP][PASSED] - delay(1): Delayed 1 second(s)

2019-04-23 22:31:46 - [MESSAGE][PASSED] - Delayed 1 second(s)

2019-04-23 22:31:46 - [TEST_STEP][PASSED] - checkinId = getAttribute(findTestObject("homepage/checkin_date"), "id"): Attribute 'id' of object 'Object Repository/homepage/checkin_date' is: 'ember532-fd'

2019-04-23 22:31:47 - [MESSAGE][PASSED] - Attribute 'id' of object 'Object Repository/homepage/checkin_date' is: 'ember532-fd'

2019-04-23 22:31:47 - [TEST_STEP][PASSED] - checkoutId = getAttribute(findTestObject("homepage/checkout_date"), "id"): Attribute 'id' of object 'Object Repository/homepage/checkout_date' is: 'ember532-td'

2019-04-23 22:31:47 - [MESSAGE][PASSED] - Attribute 'id' of object 'Object Repository/homepage/checkout_date' is: 'ember532-td'

2019-04-23 22:31:47 - [TEST_STEP][PASSED] - myIniDate = "$('#" + checkinId + "').val('" + iniDate + "')": null

2019-04-23 22:31:47 - [TEST_STEP][PASSED] - executeJavaScript(myIniDate, null): Execute JavaScript '$('#ember532-fd').val('05/01/2019')' successfully

2019-04-23 22:31:47 - [MESSAGE][PASSED] - Execute JavaScript '$('#ember532-fd').val('05/01/2019')' successfully

2019-04-23 22:31:47 - [TEST_STEP][PASSED] - myEndDate = "$('#" + checkoutId + "').val('" + endDate + "')": null

2019-04-23 22:31:47 - [TEST_STEP][PASSED] - executeJavaScript(myEndDate, null): Execute JavaScript '$('#ember532-td').val('05/05/2019')' successfully

2019-04-23 22:31:47 - [MESSAGE][PASSED] - Execute JavaScript '$('#ember532-td').val('05/05/2019')' successfully

2019-04-23 22:31:47 - [TEST_STEP][PASSED] - delay(1): Delayed 1 second(s)

2019-04-23 22:31:48 - [MESSAGE][PASSED] - Delayed 1 second(s)

2019-04-23 22:31:48 - [TEST_STEP][PASSED] - click(findTestObject("homepage/button_Search")): Object: 'Object Repository/homepage/button_Search' is clicked on

2019-04-23 22:31:52 - [MESSAGE][PASSED] - Object: 'Object Repository/homepage/button_Search' is clicked on

2019-04-23 22:31:52 - [TEST_STEP][PASSED] - waitForPageLoad(0): Wait for page load successfully

2019-04-23 22:31:52 - [MESSAGE][WARNING] - Timeout '0' is invalid. Using default page load timeout: '30'

2019-04-23 22:31:52 - [MESSAGE][PASSED] - Wait for page load successfully

2019-04-23 22:31:52 - [TEST_STEP][PASSED] - closeBrowser(): Browser is closed

2019-04-23 22:31:53 - [MESSAGE][PASSED] - Browser is closed]]></system-out>
         <system-err><![CDATA[]]></system-err>
      </testcase>
      <testcase name="Test Cases/Booking01" classname="Test Cases/Booking01" status="PASSED">
         <system-out><![CDATA[2019-04-23 22:31:53 - [TEST_CASE][PASSED] - Test Cases/Booking01: Test Cases/Booking01

2019-04-23 22:31:53 - [TEST_STEP][PASSED] - openBrowser("https://bookit-qa6.com"): Browser is opened with url: 'https://bookit-qa6.com'

2019-04-23 22:31:53 - [MESSAGE][INFO] - Starting 'Firefox' driver

2019-04-23 22:32:01 - [MESSAGE][PASSED] - Browser is opened with url: 'https://bookit-qa6.com'

2019-04-23 22:32:01 - [TEST_STEP][PASSED] - delay(3): Delayed 3 second(s)

2019-04-23 22:32:04 - [MESSAGE][PASSED] - Delayed 3 second(s)

2019-04-23 22:32:04 - [TEST_STEP][PASSED] - click(findTestObject("homepage/flight_checkbox")): Object: 'Object Repository/homepage/flight_checkbox' is clicked on

2019-04-23 22:32:04 - [MESSAGE][PASSED] - Object: 'Object Repository/homepage/flight_checkbox' is clicked on

2019-04-23 22:32:04 - [TEST_STEP][PASSED] - delay(3): Delayed 3 second(s)

2019-04-23 22:32:07 - [MESSAGE][PASSED] - Delayed 3 second(s)

2019-04-23 22:32:07 - [TEST_STEP][PASSED] - setText(findTestObject("homepage/city_or_airport"), "cheese"): Text 'cheese' is set on object 'Object Repository/homepage/city_or_airport'

2019-04-23 22:32:08 - [MESSAGE][PASSED] - Text 'cheese' is set on object 'Object Repository/homepage/city_or_airport'

2019-04-23 22:32:08 - [TEST_STEP][PASSED] - delay(3): Delayed 3 second(s)

2019-04-23 22:32:11 - [MESSAGE][PASSED] - Delayed 3 second(s)

2019-04-23 22:32:11 - [TEST_STEP][PASSED] - click(findTestObject("homepage/div_Cheese City IL US")): Object: 'Object Repository/homepage/div_Cheese City IL US' is clicked on

2019-04-23 22:32:11 - [MESSAGE][PASSED] - Object: 'Object Repository/homepage/div_Cheese City IL US' is clicked on

2019-04-23 22:32:11 - [TEST_STEP][PASSED] - delay(1): Delayed 1 second(s)

2019-04-23 22:32:12 - [MESSAGE][PASSED] - Delayed 1 second(s)

2019-04-23 22:32:12 - [TEST_STEP][PASSED] - checkinId = getAttribute(findTestObject("homepage/checkin_date"), "id"): Attribute 'id' of object 'Object Repository/homepage/checkin_date' is: 'ember532-fd'

2019-04-23 22:32:12 - [MESSAGE][PASSED] - Attribute 'id' of object 'Object Repository/homepage/checkin_date' is: 'ember532-fd'

2019-04-23 22:32:12 - [TEST_STEP][PASSED] - checkoutId = getAttribute(findTestObject("homepage/checkout_date"), "id"): Attribute 'id' of object 'Object Repository/homepage/checkout_date' is: 'ember532-td'

2019-04-23 22:32:12 - [MESSAGE][PASSED] - Attribute 'id' of object 'Object Repository/homepage/checkout_date' is: 'ember532-td'

2019-04-23 22:32:12 - [TEST_STEP][PASSED] - myIniDate = "$('#" + checkinId + "').val('" + iniDate + "')": null

2019-04-23 22:32:12 - [TEST_STEP][PASSED] - executeJavaScript(myIniDate, null): Execute JavaScript '$('#ember532-fd').val('05/10/2019')' successfully

2019-04-23 22:32:12 - [MESSAGE][PASSED] - Execute JavaScript '$('#ember532-fd').val('05/10/2019')' successfully

2019-04-23 22:32:12 - [TEST_STEP][PASSED] - myEndDate = "$('#" + checkoutId + "').val('" + endDate + "')": null

2019-04-23 22:32:12 - [TEST_STEP][PASSED] - executeJavaScript(myEndDate, null): Execute JavaScript '$('#ember532-td').val('05/13/2019')' successfully

2019-04-23 22:32:12 - [MESSAGE][PASSED] - Execute JavaScript '$('#ember532-td').val('05/13/2019')' successfully

2019-04-23 22:32:12 - [TEST_STEP][PASSED] - delay(1): Delayed 1 second(s)

2019-04-23 22:32:13 - [MESSAGE][PASSED] - Delayed 1 second(s)

2019-04-23 22:32:13 - [TEST_STEP][PASSED] - click(findTestObject("homepage/button_Search")): Object: 'Object Repository/homepage/button_Search' is clicked on

2019-04-23 22:32:18 - [MESSAGE][PASSED] - Object: 'Object Repository/homepage/button_Search' is clicked on

2019-04-23 22:32:18 - [TEST_STEP][PASSED] - waitForPageLoad(0): Wait for page load successfully

2019-04-23 22:32:18 - [MESSAGE][WARNING] - Timeout '0' is invalid. Using default page load timeout: '30'

2019-04-23 22:32:18 - [MESSAGE][PASSED] - Wait for page load successfully

2019-04-23 22:32:18 - [TEST_STEP][PASSED] - closeBrowser(): Browser is closed

2019-04-23 22:32:18 - [MESSAGE][PASSED] - Browser is closed]]></system-out>
         <system-err><![CDATA[]]></system-err>
      </testcase>
      <testcase name="Test Cases/Booking01" classname="Test Cases/Booking01" status="PASSED">
         <system-out><![CDATA[2019-04-23 22:32:18 - [TEST_CASE][PASSED] - Test Cases/Booking01: Test Cases/Booking01

2019-04-23 22:32:18 - [TEST_STEP][PASSED] - openBrowser("https://bookit-qa6.com"): Browser is opened with url: 'https://bookit-qa6.com'

2019-04-23 22:32:18 - [MESSAGE][INFO] - Starting 'Firefox' driver

2019-04-23 22:32:24 - [MESSAGE][PASSED] - Browser is opened with url: 'https://bookit-qa6.com'

2019-04-23 22:32:24 - [TEST_STEP][PASSED] - delay(3): Delayed 3 second(s)

2019-04-23 22:32:27 - [MESSAGE][PASSED] - Delayed 3 second(s)

2019-04-23 22:32:27 - [TEST_STEP][PASSED] - click(findTestObject("homepage/flight_checkbox")): Object: 'Object Repository/homepage/flight_checkbox' is clicked on

2019-04-23 22:32:29 - [MESSAGE][PASSED] - Object: 'Object Repository/homepage/flight_checkbox' is clicked on

2019-04-23 22:32:29 - [TEST_STEP][PASSED] - delay(3): Delayed 3 second(s)

2019-04-23 22:32:32 - [MESSAGE][PASSED] - Delayed 3 second(s)

2019-04-23 22:32:32 - [TEST_STEP][PASSED] - setText(findTestObject("homepage/city_or_airport"), "cheese"): Text 'cheese' is set on object 'Object Repository/homepage/city_or_airport'

2019-04-23 22:32:32 - [MESSAGE][PASSED] - Text 'cheese' is set on object 'Object Repository/homepage/city_or_airport'

2019-04-23 22:32:32 - [TEST_STEP][PASSED] - delay(3): Delayed 3 second(s)

2019-04-23 22:32:35 - [MESSAGE][PASSED] - Delayed 3 second(s)

2019-04-23 22:32:35 - [TEST_STEP][PASSED] - click(findTestObject("homepage/div_Cheese City IL US")): Object: 'Object Repository/homepage/div_Cheese City IL US' is clicked on

2019-04-23 22:32:35 - [MESSAGE][PASSED] - Object: 'Object Repository/homepage/div_Cheese City IL US' is clicked on

2019-04-23 22:32:35 - [TEST_STEP][PASSED] - delay(1): Delayed 1 second(s)

2019-04-23 22:32:36 - [MESSAGE][PASSED] - Delayed 1 second(s)

2019-04-23 22:32:36 - [TEST_STEP][PASSED] - checkinId = getAttribute(findTestObject("homepage/checkin_date"), "id"): Attribute 'id' of object 'Object Repository/homepage/checkin_date' is: 'ember532-fd'

2019-04-23 22:32:36 - [MESSAGE][PASSED] - Attribute 'id' of object 'Object Repository/homepage/checkin_date' is: 'ember532-fd'

2019-04-23 22:32:36 - [TEST_STEP][PASSED] - checkoutId = getAttribute(findTestObject("homepage/checkout_date"), "id"): Attribute 'id' of object 'Object Repository/homepage/checkout_date' is: 'ember532-td'

2019-04-23 22:32:36 - [MESSAGE][PASSED] - Attribute 'id' of object 'Object Repository/homepage/checkout_date' is: 'ember532-td'

2019-04-23 22:32:36 - [TEST_STEP][PASSED] - myIniDate = "$('#" + checkinId + "').val('" + iniDate + "')": null

2019-04-23 22:32:36 - [TEST_STEP][PASSED] - executeJavaScript(myIniDate, null): Execute JavaScript '$('#ember532-fd').val('06/01/2019')' successfully

2019-04-23 22:32:36 - [MESSAGE][PASSED] - Execute JavaScript '$('#ember532-fd').val('06/01/2019')' successfully

2019-04-23 22:32:36 - [TEST_STEP][PASSED] - myEndDate = "$('#" + checkoutId + "').val('" + endDate + "')": null

2019-04-23 22:32:36 - [TEST_STEP][PASSED] - executeJavaScript(myEndDate, null): Execute JavaScript '$('#ember532-td').val('06/19/2019')' successfully

2019-04-23 22:32:36 - [MESSAGE][PASSED] - Execute JavaScript '$('#ember532-td').val('06/19/2019')' successfully

2019-04-23 22:32:36 - [TEST_STEP][PASSED] - delay(1): Delayed 1 second(s)

2019-04-23 22:32:37 - [MESSAGE][PASSED] - Delayed 1 second(s)

2019-04-23 22:32:37 - [TEST_STEP][PASSED] - click(findTestObject("homepage/button_Search")): Object: 'Object Repository/homepage/button_Search' is clicked on

2019-04-23 22:32:42 - [MESSAGE][PASSED] - Object: 'Object Repository/homepage/button_Search' is clicked on

2019-04-23 22:32:42 - [TEST_STEP][PASSED] - waitForPageLoad(0): Wait for page load successfully

2019-04-23 22:32:42 - [MESSAGE][WARNING] - Timeout '0' is invalid. Using default page load timeout: '30'

2019-04-23 22:32:42 - [MESSAGE][PASSED] - Wait for page load successfully

2019-04-23 22:32:42 - [TEST_STEP][PASSED] - closeBrowser(): Browser is closed

2019-04-23 22:32:43 - [MESSAGE][PASSED] - Browser is closed]]></system-out>
         <system-err><![CDATA[]]></system-err>
      </testcase>
      <testcase name="Test Cases/Booking01" classname="Test Cases/Booking01" status="PASSED">
         <system-out><![CDATA[2019-04-23 22:32:43 - [TEST_CASE][PASSED] - Test Cases/Booking01: Test Cases/Booking01

2019-04-23 22:32:43 - [TEST_STEP][PASSED] - openBrowser("https://bookit-qa6.com"): Browser is opened with url: 'https://bookit-qa6.com'

2019-04-23 22:32:43 - [MESSAGE][INFO] - Starting 'Firefox' driver

2019-04-23 22:32:50 - [MESSAGE][PASSED] - Browser is opened with url: 'https://bookit-qa6.com'

2019-04-23 22:32:50 - [TEST_STEP][PASSED] - delay(3): Delayed 3 second(s)

2019-04-23 22:32:53 - [MESSAGE][PASSED] - Delayed 3 second(s)

2019-04-23 22:32:53 - [TEST_STEP][PASSED] - click(findTestObject("homepage/flight_checkbox")): Object: 'Object Repository/homepage/flight_checkbox' is clicked on

2019-04-23 22:32:55 - [MESSAGE][PASSED] - Object: 'Object Repository/homepage/flight_checkbox' is clicked on

2019-04-23 22:32:55 - [TEST_STEP][PASSED] - delay(3): Delayed 3 second(s)

2019-04-23 22:32:58 - [MESSAGE][PASSED] - Delayed 3 second(s)

2019-04-23 22:32:58 - [TEST_STEP][PASSED] - setText(findTestObject("homepage/city_or_airport"), "cheese"): Text 'cheese' is set on object 'Object Repository/homepage/city_or_airport'

2019-04-23 22:32:59 - [MESSAGE][PASSED] - Text 'cheese' is set on object 'Object Repository/homepage/city_or_airport'

2019-04-23 22:32:59 - [TEST_STEP][PASSED] - delay(3): Delayed 3 second(s)

2019-04-23 22:33:02 - [MESSAGE][PASSED] - Delayed 3 second(s)

2019-04-23 22:33:02 - [TEST_STEP][PASSED] - click(findTestObject("homepage/div_Cheese City IL US")): Object: 'Object Repository/homepage/div_Cheese City IL US' is clicked on

2019-04-23 22:33:02 - [MESSAGE][PASSED] - Object: 'Object Repository/homepage/div_Cheese City IL US' is clicked on

2019-04-23 22:33:02 - [TEST_STEP][PASSED] - delay(1): Delayed 1 second(s)

2019-04-23 22:33:03 - [MESSAGE][PASSED] - Delayed 1 second(s)

2019-04-23 22:33:03 - [TEST_STEP][PASSED] - checkinId = getAttribute(findTestObject("homepage/checkin_date"), "id"): Attribute 'id' of object 'Object Repository/homepage/checkin_date' is: 'ember532-fd'

2019-04-23 22:33:03 - [MESSAGE][PASSED] - Attribute 'id' of object 'Object Repository/homepage/checkin_date' is: 'ember532-fd'

2019-04-23 22:33:03 - [TEST_STEP][PASSED] - checkoutId = getAttribute(findTestObject("homepage/checkout_date"), "id"): Attribute 'id' of object 'Object Repository/homepage/checkout_date' is: 'ember532-td'

2019-04-23 22:33:03 - [MESSAGE][PASSED] - Attribute 'id' of object 'Object Repository/homepage/checkout_date' is: 'ember532-td'

2019-04-23 22:33:03 - [TEST_STEP][PASSED] - myIniDate = "$('#" + checkinId + "').val('" + iniDate + "')": null

2019-04-23 22:33:03 - [TEST_STEP][PASSED] - executeJavaScript(myIniDate, null): Execute JavaScript '$('#ember532-fd').val('07/07/2019')' successfully

2019-04-23 22:33:03 - [MESSAGE][PASSED] - Execute JavaScript '$('#ember532-fd').val('07/07/2019')' successfully

2019-04-23 22:33:03 - [TEST_STEP][PASSED] - myEndDate = "$('#" + checkoutId + "').val('" + endDate + "')": null

2019-04-23 22:33:03 - [TEST_STEP][PASSED] - executeJavaScript(myEndDate, null): Execute JavaScript '$('#ember532-td').val('07/10/2019')' successfully

2019-04-23 22:33:03 - [MESSAGE][PASSED] - Execute JavaScript '$('#ember532-td').val('07/10/2019')' successfully

2019-04-23 22:33:03 - [TEST_STEP][PASSED] - delay(1): Delayed 1 second(s)

2019-04-23 22:33:04 - [MESSAGE][PASSED] - Delayed 1 second(s)

2019-04-23 22:33:04 - [TEST_STEP][PASSED] - click(findTestObject("homepage/button_Search")): Object: 'Object Repository/homepage/button_Search' is clicked on

2019-04-23 22:33:08 - [MESSAGE][PASSED] - Object: 'Object Repository/homepage/button_Search' is clicked on

2019-04-23 22:33:08 - [TEST_STEP][PASSED] - waitForPageLoad(0): Wait for page load successfully

2019-04-23 22:33:08 - [MESSAGE][WARNING] - Timeout '0' is invalid. Using default page load timeout: '30'

2019-04-23 22:33:08 - [MESSAGE][PASSED] - Wait for page load successfully

2019-04-23 22:33:08 - [TEST_STEP][PASSED] - closeBrowser(): Browser is closed

2019-04-23 22:33:09 - [MESSAGE][PASSED] - Browser is closed]]></system-out>
         <system-err><![CDATA[]]></system-err>
      </testcase>
      <system-out><![CDATA[2019-04-23 22:31:27 - [TEST_SUITE][PASSED] - TestSuiteForBookit: Test Cases/Booking01]]></system-out>
      <system-err><![CDATA[]]></system-err>
   </testsuite>
</testsuites>
