<?xml version="1.0" encoding="UTF-8"?>
<testsuites name="TestSuiteForBookit" time="85" tests="4" failures="0" errors="0">
   <testsuite name="TestSuiteForBookit" tests="4" failures="0" errors="0" time="85" timestamp="2019-04-24 09:54:22" hostname="andres - 10.2.221.14" id="Test Suites/TestSuiteForBookit">
      <properties>
         <property name="deviceName" value=""/>
         <property name="devicePlatform" value=""/>
         <property name="logFolder" value="/Users/andres/Katalon Studio/TestProject/Reports/TestSuiteForBookit/20190424_095420"/>
         <property name="logFiles" value="/Users/andres/Katalon Studio/TestProject/Reports/TestSuiteForBookit/20190424_095420/execution0.log"/>
         <property name="attachments" value=""/>
         <property name="hostName" value="andres - 10.2.221.14"/>
         <property name="os" value="Mac OS X 64bit"/>
         <property name="katalonVersion" value="6.1.1.1"/>
         <property name="browser" value="Firefox 66.0"/>
         <property name="hostAddress" value="10.2.221.14"/>
         <property name="sessionId" value="a3ec809b-d296-7941-a6ea-001c11e8d7b9"/>
         <property name="seleniumVersion" value="3.7.1"/>
         <property name="proxyInformation" value="ProxyInformation{proxyOption=NO_PROXY, proxyServerType=HTTP, password=, proxyServerAddress=, proxyServerPort=0}"/>
         <property name="platform" value="Mac OS X"/>
      </properties>
      <testcase name="Test Cases/Booking01" classname="Test Cases/Booking01" status="PASSED">
         <system-out><![CDATA[2019-04-24 09:54:22 - [TEST_CASE][PASSED] - Test Cases/Booking01: Test Cases/Booking01

2019-04-24 09:54:22 - [TEST_STEP][PASSED] - openBrowser("https://bookit-qa6.com"): Browser is opened with url: 'https://bookit-qa6.com'

2019-04-24 09:54:22 - [MESSAGE][INFO] - Starting 'Firefox' driver

2019-04-24 09:54:23 - [MESSAGE][INFO] - Action delay is set to 0 seconds

2019-04-24 09:54:27 - [MESSAGE][PASSED] - Browser is opened with url: 'https://bookit-qa6.com'

2019-04-24 09:54:27 - [TEST_STEP][PASSED] - delay(3): Delayed 3 second(s)

2019-04-24 09:54:30 - [MESSAGE][PASSED] - Delayed 3 second(s)

2019-04-24 09:54:30 - [TEST_STEP][PASSED] - click(findTestObject("homepage/flight_checkbox")): Object: 'Object Repository/homepage/flight_checkbox' is clicked on

2019-04-24 09:54:31 - [MESSAGE][PASSED] - Object: 'Object Repository/homepage/flight_checkbox' is clicked on

2019-04-24 09:54:31 - [TEST_STEP][PASSED] - delay(3): Delayed 3 second(s)

2019-04-24 09:54:34 - [MESSAGE][PASSED] - Delayed 3 second(s)

2019-04-24 09:54:34 - [TEST_STEP][PASSED] - setText(findTestObject("homepage/city_or_airport"), "cheese"): Text 'cheese' is set on object 'Object Repository/homepage/city_or_airport'

2019-04-24 09:54:34 - [MESSAGE][PASSED] - Text 'cheese' is set on object 'Object Repository/homepage/city_or_airport'

2019-04-24 09:54:34 - [TEST_STEP][PASSED] - delay(3): Delayed 3 second(s)

2019-04-24 09:54:37 - [MESSAGE][PASSED] - Delayed 3 second(s)

2019-04-24 09:54:37 - [TEST_STEP][PASSED] - click(findTestObject("homepage/div_Cheese City IL US")): Object: 'Object Repository/homepage/div_Cheese City IL US' is clicked on

2019-04-24 09:54:37 - [MESSAGE][PASSED] - Object: 'Object Repository/homepage/div_Cheese City IL US' is clicked on

2019-04-24 09:54:37 - [TEST_STEP][PASSED] - delay(1): Delayed 1 second(s)

2019-04-24 09:54:38 - [MESSAGE][PASSED] - Delayed 1 second(s)

2019-04-24 09:54:38 - [TEST_STEP][PASSED] - checkinId = getAttribute(findTestObject("homepage/checkin_date"), "id"): Attribute 'id' of object 'Object Repository/homepage/checkin_date' is: 'ember532-fd'

2019-04-24 09:54:38 - [MESSAGE][PASSED] - Attribute 'id' of object 'Object Repository/homepage/checkin_date' is: 'ember532-fd'

2019-04-24 09:54:38 - [TEST_STEP][PASSED] - checkoutId = getAttribute(findTestObject("homepage/checkout_date"), "id"): Attribute 'id' of object 'Object Repository/homepage/checkout_date' is: 'ember532-td'

2019-04-24 09:54:38 - [MESSAGE][PASSED] - Attribute 'id' of object 'Object Repository/homepage/checkout_date' is: 'ember532-td'

2019-04-24 09:54:38 - [TEST_STEP][PASSED] - myIniDate = "$('#" + checkinId + "').val('" + iniDate + "')": null

2019-04-24 09:54:38 - [TEST_STEP][PASSED] - executeJavaScript(myIniDate, null): Execute JavaScript '$('#ember532-fd').val('05/01/2019')' successfully

2019-04-24 09:54:38 - [MESSAGE][PASSED] - Execute JavaScript '$('#ember532-fd').val('05/01/2019')' successfully

2019-04-24 09:54:38 - [TEST_STEP][PASSED] - myEndDate = "$('#" + checkoutId + "').val('" + endDate + "')": null

2019-04-24 09:54:38 - [TEST_STEP][PASSED] - executeJavaScript(myEndDate, null): Execute JavaScript '$('#ember532-td').val('05/05/2019')' successfully

2019-04-24 09:54:38 - [MESSAGE][PASSED] - Execute JavaScript '$('#ember532-td').val('05/05/2019')' successfully

2019-04-24 09:54:38 - [TEST_STEP][PASSED] - delay(1): Delayed 1 second(s)

2019-04-24 09:54:39 - [MESSAGE][PASSED] - Delayed 1 second(s)

2019-04-24 09:54:39 - [TEST_STEP][PASSED] - click(findTestObject("homepage/button_Search")): Object: 'Object Repository/homepage/button_Search' is clicked on

2019-04-24 09:54:43 - [MESSAGE][PASSED] - Object: 'Object Repository/homepage/button_Search' is clicked on

2019-04-24 09:54:43 - [TEST_STEP][PASSED] - waitForPageLoad(5): Wait for page load successfully

2019-04-24 09:54:43 - [MESSAGE][PASSED] - Wait for page load successfully

2019-04-24 09:54:43 - [TEST_STEP][PASSED] - closeBrowser(): Browser is closed

2019-04-24 09:54:44 - [MESSAGE][PASSED] - Browser is closed]]></system-out>
         <system-err><![CDATA[]]></system-err>
      </testcase>
      <testcase name="Test Cases/Booking01" classname="Test Cases/Booking01" status="PASSED">
         <system-out><![CDATA[2019-04-24 09:54:44 - [TEST_CASE][PASSED] - Test Cases/Booking01: Test Cases/Booking01

2019-04-24 09:54:44 - [TEST_STEP][PASSED] - openBrowser("https://bookit-qa6.com"): Browser is opened with url: 'https://bookit-qa6.com'

2019-04-24 09:54:44 - [MESSAGE][INFO] - Starting 'Firefox' driver

2019-04-24 09:54:49 - [MESSAGE][PASSED] - Browser is opened with url: 'https://bookit-qa6.com'

2019-04-24 09:54:49 - [TEST_STEP][PASSED] - delay(3): Delayed 3 second(s)

2019-04-24 09:54:52 - [MESSAGE][PASSED] - Delayed 3 second(s)

2019-04-24 09:54:52 - [TEST_STEP][PASSED] - click(findTestObject("homepage/flight_checkbox")): Object: 'Object Repository/homepage/flight_checkbox' is clicked on

2019-04-24 09:54:52 - [MESSAGE][PASSED] - Object: 'Object Repository/homepage/flight_checkbox' is clicked on

2019-04-24 09:54:52 - [TEST_STEP][PASSED] - delay(3): Delayed 3 second(s)

2019-04-24 09:54:55 - [MESSAGE][PASSED] - Delayed 3 second(s)

2019-04-24 09:54:55 - [TEST_STEP][PASSED] - setText(findTestObject("homepage/city_or_airport"), "cheese"): Text 'cheese' is set on object 'Object Repository/homepage/city_or_airport'

2019-04-24 09:54:56 - [MESSAGE][PASSED] - Text 'cheese' is set on object 'Object Repository/homepage/city_or_airport'

2019-04-24 09:54:56 - [TEST_STEP][PASSED] - delay(3): Delayed 3 second(s)

2019-04-24 09:54:59 - [MESSAGE][PASSED] - Delayed 3 second(s)

2019-04-24 09:54:59 - [TEST_STEP][PASSED] - click(findTestObject("homepage/div_Cheese City IL US")): Object: 'Object Repository/homepage/div_Cheese City IL US' is clicked on

2019-04-24 09:54:59 - [MESSAGE][PASSED] - Object: 'Object Repository/homepage/div_Cheese City IL US' is clicked on

2019-04-24 09:54:59 - [TEST_STEP][PASSED] - delay(1): Delayed 1 second(s)

2019-04-24 09:55:00 - [MESSAGE][PASSED] - Delayed 1 second(s)

2019-04-24 09:55:00 - [TEST_STEP][PASSED] - checkinId = getAttribute(findTestObject("homepage/checkin_date"), "id"): Attribute 'id' of object 'Object Repository/homepage/checkin_date' is: 'ember532-fd'

2019-04-24 09:55:00 - [MESSAGE][PASSED] - Attribute 'id' of object 'Object Repository/homepage/checkin_date' is: 'ember532-fd'

2019-04-24 09:55:00 - [TEST_STEP][PASSED] - checkoutId = getAttribute(findTestObject("homepage/checkout_date"), "id"): Attribute 'id' of object 'Object Repository/homepage/checkout_date' is: 'ember532-td'

2019-04-24 09:55:00 - [MESSAGE][PASSED] - Attribute 'id' of object 'Object Repository/homepage/checkout_date' is: 'ember532-td'

2019-04-24 09:55:00 - [TEST_STEP][PASSED] - myIniDate = "$('#" + checkinId + "').val('" + iniDate + "')": null

2019-04-24 09:55:00 - [TEST_STEP][PASSED] - executeJavaScript(myIniDate, null): Execute JavaScript '$('#ember532-fd').val('05/10/2019')' successfully

2019-04-24 09:55:00 - [MESSAGE][PASSED] - Execute JavaScript '$('#ember532-fd').val('05/10/2019')' successfully

2019-04-24 09:55:00 - [TEST_STEP][PASSED] - myEndDate = "$('#" + checkoutId + "').val('" + endDate + "')": null

2019-04-24 09:55:00 - [TEST_STEP][PASSED] - executeJavaScript(myEndDate, null): Execute JavaScript '$('#ember532-td').val('05/13/2019')' successfully

2019-04-24 09:55:00 - [MESSAGE][PASSED] - Execute JavaScript '$('#ember532-td').val('05/13/2019')' successfully

2019-04-24 09:55:00 - [TEST_STEP][PASSED] - delay(1): Delayed 1 second(s)

2019-04-24 09:55:01 - [MESSAGE][PASSED] - Delayed 1 second(s)

2019-04-24 09:55:01 - [TEST_STEP][PASSED] - click(findTestObject("homepage/button_Search")): Object: 'Object Repository/homepage/button_Search' is clicked on

2019-04-24 09:55:04 - [MESSAGE][PASSED] - Object: 'Object Repository/homepage/button_Search' is clicked on

2019-04-24 09:55:04 - [TEST_STEP][PASSED] - waitForPageLoad(5): Wait for page load successfully

2019-04-24 09:55:04 - [MESSAGE][PASSED] - Wait for page load successfully

2019-04-24 09:55:04 - [TEST_STEP][PASSED] - closeBrowser(): Browser is closed

2019-04-24 09:55:04 - [MESSAGE][PASSED] - Browser is closed]]></system-out>
         <system-err><![CDATA[]]></system-err>
      </testcase>
      <testcase name="Test Cases/Booking01" classname="Test Cases/Booking01" status="PASSED">
         <system-out><![CDATA[2019-04-24 09:55:04 - [TEST_CASE][PASSED] - Test Cases/Booking01: Test Cases/Booking01

2019-04-24 09:55:04 - [TEST_STEP][PASSED] - openBrowser("https://bookit-qa6.com"): Browser is opened with url: 'https://bookit-qa6.com'

2019-04-24 09:55:04 - [MESSAGE][INFO] - Starting 'Firefox' driver

2019-04-24 09:55:10 - [MESSAGE][PASSED] - Browser is opened with url: 'https://bookit-qa6.com'

2019-04-24 09:55:10 - [TEST_STEP][PASSED] - delay(3): Delayed 3 second(s)

2019-04-24 09:55:13 - [MESSAGE][PASSED] - Delayed 3 second(s)

2019-04-24 09:55:13 - [TEST_STEP][PASSED] - click(findTestObject("homepage/flight_checkbox")): Object: 'Object Repository/homepage/flight_checkbox' is clicked on

2019-04-24 09:55:15 - [MESSAGE][PASSED] - Object: 'Object Repository/homepage/flight_checkbox' is clicked on

2019-04-24 09:55:15 - [TEST_STEP][PASSED] - delay(3): Delayed 3 second(s)

2019-04-24 09:55:18 - [MESSAGE][PASSED] - Delayed 3 second(s)

2019-04-24 09:55:18 - [TEST_STEP][PASSED] - setText(findTestObject("homepage/city_or_airport"), "cheese"): Text 'cheese' is set on object 'Object Repository/homepage/city_or_airport'

2019-04-24 09:55:18 - [MESSAGE][PASSED] - Text 'cheese' is set on object 'Object Repository/homepage/city_or_airport'

2019-04-24 09:55:18 - [TEST_STEP][PASSED] - delay(3): Delayed 3 second(s)

2019-04-24 09:55:21 - [MESSAGE][PASSED] - Delayed 3 second(s)

2019-04-24 09:55:21 - [TEST_STEP][PASSED] - click(findTestObject("homepage/div_Cheese City IL US")): Object: 'Object Repository/homepage/div_Cheese City IL US' is clicked on

2019-04-24 09:55:21 - [MESSAGE][PASSED] - Object: 'Object Repository/homepage/div_Cheese City IL US' is clicked on

2019-04-24 09:55:21 - [TEST_STEP][PASSED] - delay(1): Delayed 1 second(s)

2019-04-24 09:55:22 - [MESSAGE][PASSED] - Delayed 1 second(s)

2019-04-24 09:55:22 - [TEST_STEP][PASSED] - checkinId = getAttribute(findTestObject("homepage/checkin_date"), "id"): Attribute 'id' of object 'Object Repository/homepage/checkin_date' is: 'ember532-fd'

2019-04-24 09:55:22 - [MESSAGE][PASSED] - Attribute 'id' of object 'Object Repository/homepage/checkin_date' is: 'ember532-fd'

2019-04-24 09:55:22 - [TEST_STEP][PASSED] - checkoutId = getAttribute(findTestObject("homepage/checkout_date"), "id"): Attribute 'id' of object 'Object Repository/homepage/checkout_date' is: 'ember532-td'

2019-04-24 09:55:22 - [MESSAGE][PASSED] - Attribute 'id' of object 'Object Repository/homepage/checkout_date' is: 'ember532-td'

2019-04-24 09:55:22 - [TEST_STEP][PASSED] - myIniDate = "$('#" + checkinId + "').val('" + iniDate + "')": null

2019-04-24 09:55:22 - [TEST_STEP][PASSED] - executeJavaScript(myIniDate, null): Execute JavaScript '$('#ember532-fd').val('06/01/2019')' successfully

2019-04-24 09:55:22 - [MESSAGE][PASSED] - Execute JavaScript '$('#ember532-fd').val('06/01/2019')' successfully

2019-04-24 09:55:22 - [TEST_STEP][PASSED] - myEndDate = "$('#" + checkoutId + "').val('" + endDate + "')": null

2019-04-24 09:55:22 - [TEST_STEP][PASSED] - executeJavaScript(myEndDate, null): Execute JavaScript '$('#ember532-td').val('06/19/2019')' successfully

2019-04-24 09:55:22 - [MESSAGE][PASSED] - Execute JavaScript '$('#ember532-td').val('06/19/2019')' successfully

2019-04-24 09:55:22 - [TEST_STEP][PASSED] - delay(1): Delayed 1 second(s)

2019-04-24 09:55:23 - [MESSAGE][PASSED] - Delayed 1 second(s)

2019-04-24 09:55:23 - [TEST_STEP][PASSED] - click(findTestObject("homepage/button_Search")): Object: 'Object Repository/homepage/button_Search' is clicked on

2019-04-24 09:55:26 - [MESSAGE][PASSED] - Object: 'Object Repository/homepage/button_Search' is clicked on

2019-04-24 09:55:26 - [TEST_STEP][PASSED] - waitForPageLoad(5): Wait for page load successfully

2019-04-24 09:55:26 - [MESSAGE][PASSED] - Wait for page load successfully

2019-04-24 09:55:26 - [TEST_STEP][PASSED] - closeBrowser(): Browser is closed

2019-04-24 09:55:27 - [MESSAGE][PASSED] - Browser is closed]]></system-out>
         <system-err><![CDATA[]]></system-err>
      </testcase>
      <testcase name="Test Cases/Booking01" classname="Test Cases/Booking01" status="PASSED">
         <system-out><![CDATA[2019-04-24 09:55:27 - [TEST_CASE][PASSED] - Test Cases/Booking01: Test Cases/Booking01

2019-04-24 09:55:27 - [TEST_STEP][PASSED] - openBrowser("https://bookit-qa6.com"): Browser is opened with url: 'https://bookit-qa6.com'

2019-04-24 09:55:27 - [MESSAGE][INFO] - Starting 'Firefox' driver

2019-04-24 09:55:31 - [MESSAGE][PASSED] - Browser is opened with url: 'https://bookit-qa6.com'

2019-04-24 09:55:31 - [TEST_STEP][PASSED] - delay(3): Delayed 3 second(s)

2019-04-24 09:55:34 - [MESSAGE][PASSED] - Delayed 3 second(s)

2019-04-24 09:55:34 - [TEST_STEP][PASSED] - click(findTestObject("homepage/flight_checkbox")): Object: 'Object Repository/homepage/flight_checkbox' is clicked on

2019-04-24 09:55:34 - [MESSAGE][PASSED] - Object: 'Object Repository/homepage/flight_checkbox' is clicked on

2019-04-24 09:55:34 - [TEST_STEP][PASSED] - delay(3): Delayed 3 second(s)

2019-04-24 09:55:37 - [MESSAGE][PASSED] - Delayed 3 second(s)

2019-04-24 09:55:37 - [TEST_STEP][PASSED] - setText(findTestObject("homepage/city_or_airport"), "cheese"): Text 'cheese' is set on object 'Object Repository/homepage/city_or_airport'

2019-04-24 09:55:38 - [MESSAGE][PASSED] - Text 'cheese' is set on object 'Object Repository/homepage/city_or_airport'

2019-04-24 09:55:38 - [TEST_STEP][PASSED] - delay(3): Delayed 3 second(s)

2019-04-24 09:55:41 - [MESSAGE][PASSED] - Delayed 3 second(s)

2019-04-24 09:55:41 - [TEST_STEP][PASSED] - click(findTestObject("homepage/div_Cheese City IL US")): Object: 'Object Repository/homepage/div_Cheese City IL US' is clicked on

2019-04-24 09:55:41 - [MESSAGE][PASSED] - Object: 'Object Repository/homepage/div_Cheese City IL US' is clicked on

2019-04-24 09:55:41 - [TEST_STEP][PASSED] - delay(1): Delayed 1 second(s)

2019-04-24 09:55:42 - [MESSAGE][PASSED] - Delayed 1 second(s)

2019-04-24 09:55:42 - [TEST_STEP][PASSED] - checkinId = getAttribute(findTestObject("homepage/checkin_date"), "id"): Attribute 'id' of object 'Object Repository/homepage/checkin_date' is: 'ember532-fd'

2019-04-24 09:55:42 - [MESSAGE][PASSED] - Attribute 'id' of object 'Object Repository/homepage/checkin_date' is: 'ember532-fd'

2019-04-24 09:55:42 - [TEST_STEP][PASSED] - checkoutId = getAttribute(findTestObject("homepage/checkout_date"), "id"): Attribute 'id' of object 'Object Repository/homepage/checkout_date' is: 'ember532-td'

2019-04-24 09:55:42 - [MESSAGE][PASSED] - Attribute 'id' of object 'Object Repository/homepage/checkout_date' is: 'ember532-td'

2019-04-24 09:55:42 - [TEST_STEP][PASSED] - myIniDate = "$('#" + checkinId + "').val('" + iniDate + "')": null

2019-04-24 09:55:42 - [TEST_STEP][PASSED] - executeJavaScript(myIniDate, null): Execute JavaScript '$('#ember532-fd').val('07/07/2019')' successfully

2019-04-24 09:55:42 - [MESSAGE][PASSED] - Execute JavaScript '$('#ember532-fd').val('07/07/2019')' successfully

2019-04-24 09:55:42 - [TEST_STEP][PASSED] - myEndDate = "$('#" + checkoutId + "').val('" + endDate + "')": null

2019-04-24 09:55:42 - [TEST_STEP][PASSED] - executeJavaScript(myEndDate, null): Execute JavaScript '$('#ember532-td').val('07/10/2019')' successfully

2019-04-24 09:55:42 - [MESSAGE][PASSED] - Execute JavaScript '$('#ember532-td').val('07/10/2019')' successfully

2019-04-24 09:55:42 - [TEST_STEP][PASSED] - delay(1): Delayed 1 second(s)

2019-04-24 09:55:43 - [MESSAGE][PASSED] - Delayed 1 second(s)

2019-04-24 09:55:43 - [TEST_STEP][PASSED] - click(findTestObject("homepage/button_Search")): Object: 'Object Repository/homepage/button_Search' is clicked on

2019-04-24 09:55:46 - [MESSAGE][PASSED] - Object: 'Object Repository/homepage/button_Search' is clicked on

2019-04-24 09:55:46 - [TEST_STEP][PASSED] - waitForPageLoad(5): Wait for page load successfully

2019-04-24 09:55:46 - [MESSAGE][PASSED] - Wait for page load successfully

2019-04-24 09:55:46 - [TEST_STEP][PASSED] - closeBrowser(): Browser is closed

2019-04-24 09:55:47 - [MESSAGE][PASSED] - Browser is closed]]></system-out>
         <system-err><![CDATA[]]></system-err>
      </testcase>
      <system-out><![CDATA[2019-04-24 09:54:22 - [TEST_SUITE][PASSED] - TestSuiteForBookit: Test Cases/Booking01]]></system-out>
      <system-err><![CDATA[]]></system-err>
   </testsuite>
</testsuites>
