<?xml version="1.0" encoding="UTF-8"?>
<testsuites name="TestSuiteForBookit" time="91" tests="4" failures="0" errors="0">
   <testsuite name="TestSuiteForBookit" tests="4" failures="0" errors="0" time="91" timestamp="2019-04-29 14:17:58" hostname="andres.jaramillo - allisoncotignol.bookit.local" id="Test Suites/TestSuiteForBookit">
      <properties>
         <property name="deviceName" value=""/>
         <property name="devicePlatform" value=""/>
         <property name="logFolder" value="C:\\Users\\Andres.Jaramillo\\git\\bookit-bookingtests-katalon\\Reports\\TestSuiteForBookit\\20190429_141755"/>
         <property name="logFiles" value="C:\\Users\\Andres.Jaramillo\\git\\bookit-bookingtests-katalon\\Reports\\TestSuiteForBookit\\20190429_141755\\execution0.log"/>
         <property name="attachments" value=""/>
         <property name="hostName" value="andres.jaramillo - allisoncotignol.bookit.local"/>
         <property name="os" value="Windows 7 64bit"/>
         <property name="katalonVersion" value="6.1.0.1"/>
         <property name="browser" value="Chrome 74.0.3729.108"/>
         <property name="hostAddress" value="172.19.15.34"/>
         <property name="sessionId" value="67214e7d55077c255b70d73d84dd86ab"/>
         <property name="seleniumVersion" value="3.7.1"/>
         <property name="proxyInformation" value="ProxyInformation{proxyOption=NO_PROXY, proxyServerType=HTTP, password=, proxyServerAddress=, proxyServerPort=0}"/>
         <property name="platform" value="Windows 7"/>
      </properties>
      <testcase name="Test Cases/Booking02" classname="Test Cases/Booking02" status="PASSED">
         <system-out><![CDATA[2019-04-29 14:17:59 - [TEST_CASE][PASSED] - Test Cases/Booking02: Test Cases/Booking02

2019-04-29 14:17:59 - [TEST_STEP][PASSED] - openBrowser("https://bookit-qa6.com"): Browser is opened with url: 'https://bookit-qa6.com'

2019-04-29 14:18:00 - [MESSAGE][INFO] - Starting 'Chrome' driver

2019-04-29 14:18:00 - [MESSAGE][INFO] - Action delay is set to 0 seconds

2019-04-29 14:18:05 - [MESSAGE][PASSED] - Browser is opened with url: 'https://bookit-qa6.com'

2019-04-29 14:18:05 - [TEST_STEP][PASSED] - click(findTestObject("homepage/flight_checkbox")): Object: 'Object Repository/homepage/flight_checkbox' is clicked on

2019-04-29 14:18:07 - [MESSAGE][PASSED] - Object: 'Object Repository/homepage/flight_checkbox' is clicked on

2019-04-29 14:18:07 - [TEST_STEP][PASSED] - setText(findTestObject("homepage/city_or_airport"), "cheese"): Text 'cheese' is set on object 'Object Repository/homepage/city_or_airport'

2019-04-29 14:18:08 - [MESSAGE][PASSED] - Text 'cheese' is set on object 'Object Repository/homepage/city_or_airport'

2019-04-29 14:18:08 - [TEST_STEP][PASSED] - delay(1): Delayed 1 second(s)

2019-04-29 14:18:09 - [MESSAGE][PASSED] - Delayed 1 second(s)

2019-04-29 14:18:09 - [TEST_STEP][PASSED] - click(findTestObject("homepage/div_Cheese City IL US")): Object: 'Object Repository/homepage/div_Cheese City IL US' is clicked on

2019-04-29 14:18:09 - [MESSAGE][PASSED] - Object: 'Object Repository/homepage/div_Cheese City IL US' is clicked on

2019-04-29 14:18:09 - [TEST_STEP][PASSED] - checkinId = getAttribute(findTestObject("homepage/checkin_date"), "id"): Attribute 'id' of object 'Object Repository/homepage/checkin_date' is: 'ember532-fd'

2019-04-29 14:18:09 - [MESSAGE][PASSED] - Attribute 'id' of object 'Object Repository/homepage/checkin_date' is: 'ember532-fd'

2019-04-29 14:18:09 - [TEST_STEP][PASSED] - checkoutId = getAttribute(findTestObject("homepage/checkout_date"), "id"): Attribute 'id' of object 'Object Repository/homepage/checkout_date' is: 'ember532-td'

2019-04-29 14:18:09 - [MESSAGE][PASSED] - Attribute 'id' of object 'Object Repository/homepage/checkout_date' is: 'ember532-td'

2019-04-29 14:18:09 - [TEST_STEP][PASSED] - iniDate = moIni + "/" + dayIni + "/" + yrIni: null

2019-04-29 14:18:09 - [TEST_STEP][PASSED] - myIniDate = "$('#" + checkinId + "').val('" + iniDate + "')": null

2019-04-29 14:18:09 - [TEST_STEP][PASSED] - endDate = moEnd + "/" + dayEnd + "/" + yrEnd: null

2019-04-29 14:18:09 - [TEST_STEP][PASSED] - myEndDate = "$('#" + checkoutId + "').val('" + endDate + "')": null

2019-04-29 14:18:09 - [TEST_STEP][PASSED] - strMoIni = bookitKeywords.commonFunctions.getMonthName(moIni): bookitKeywords.commonFunctions.getMonthName is PASSED

2019-04-29 14:18:09 - [MESSAGE][PASSED] - bookitKeywords.commonFunctions.getMonthName is PASSED

2019-04-29 14:18:09 - [TEST_STEP][PASSED] - strMoEnd = bookitKeywords.commonFunctions.getMonthName(moEnd): bookitKeywords.commonFunctions.getMonthName is PASSED

2019-04-29 14:18:09 - [MESSAGE][PASSED] - bookitKeywords.commonFunctions.getMonthName is PASSED

2019-04-29 14:18:09 - [TEST_STEP][PASSED] - dIni = Integer.parseInt(dayIni): null

2019-04-29 14:18:09 - [TEST_STEP][PASSED] - dEnd = Integer.parseInt(dayEnd): null

2019-04-29 14:18:09 - [TEST_STEP][PASSED] - println(dIni): null

2019-04-29 14:18:09 - [TEST_STEP][PASSED] - println(dEnd): null

2019-04-29 14:18:09 - [TEST_STEP][PASSED] - click(findTestObject("homepage/checkin_date")): Object: 'Object Repository/homepage/checkin_date' is clicked on

2019-04-29 14:18:09 - [MESSAGE][PASSED] - Object: 'Object Repository/homepage/checkin_date' is clicked on

2019-04-29 14:18:09 - [TEST_STEP][PASSED] - delay(1): Delayed 1 second(s)

2019-04-29 14:18:10 - [MESSAGE][PASSED] - Delayed 1 second(s)

2019-04-29 14:18:10 - [TEST_STEP][PASSED] - if (verifyElementPresent(findTestObject("homepage/sel_date_month1"), 1, CONTINUE_ON_FAILURE)): null

2019-04-29 14:18:10 - [MESSAGE][PASSED] - Object 'Object Repository/homepage/sel_date_month1' is present

2019-04-29 14:18:10 - [TEST_STEP][PASSED] - if (waitForElementClickable(findTestObject("homepage/sel_date_month1"), 1, CONTINUE_ON_FAILURE)): null

2019-04-29 14:18:10 - [MESSAGE][PASSED] - Object 'Object Repository/homepage/sel_date_month1' is clickable

2019-04-29 14:18:10 - [TEST_STEP][PASSED] - click(findTestObject("homepage/sel_date_month1"), CONTINUE_ON_FAILURE): Object: 'Object Repository/homepage/sel_date_month1' is clicked on

2019-04-29 14:18:10 - [MESSAGE][PASSED] - Object: 'Object Repository/homepage/sel_date_month1' is clicked on

2019-04-29 14:18:10 - [TEST_STEP][PASSED] - if (verifyOptionPresentByLabel(findTestObject("homepage/sel_date_month1"), strMoIni, false, 1, CONTINUE_ON_FAILURE)): Delayed 1 second(s)

2019-04-29 14:18:10 - [MESSAGE][PASSED] - 1 option(s) with label 'May' is/are present in object 'Object Repository/homepage/sel_date_month1' 

2019-04-29 14:18:10 - [TEST_STEP][PASSED] - selectOptionByLabel(findTestObject("homepage/sel_date_month1"), strMoIni, false, CONTINUE_ON_FAILURE): All options with label 'May' are selected in object 'Object Repository/homepage/sel_date_month1' 

2019-04-29 14:18:11 - [MESSAGE][PASSED] - All options with label 'May' are selected in object 'Object Repository/homepage/sel_date_month1' 

2019-04-29 14:18:11 - [TEST_STEP][PASSED] - delay(1): Delayed 1 second(s)

2019-04-29 14:18:12 - [MESSAGE][PASSED] - Delayed 1 second(s)

2019-04-29 14:18:12 - [TEST_STEP][PASSED] - if (verifyElementPresent(findTestObject("homepage/sel_date_year1"), 1, CONTINUE_ON_FAILURE)): null

2019-04-29 14:18:12 - [MESSAGE][PASSED] - Object 'Object Repository/homepage/sel_date_year1' is present

2019-04-29 14:18:12 - [TEST_STEP][PASSED] - if (waitForElementClickable(findTestObject("homepage/sel_date_year1"), 1, CONTINUE_ON_FAILURE)): null

2019-04-29 14:18:12 - [MESSAGE][PASSED] - Object 'Object Repository/homepage/sel_date_year1' is clickable

2019-04-29 14:18:12 - [TEST_STEP][PASSED] - click(findTestObject("homepage/sel_date_year1"), CONTINUE_ON_FAILURE): Object: 'Object Repository/homepage/sel_date_year1' is clicked on

2019-04-29 14:18:12 - [MESSAGE][PASSED] - Object: 'Object Repository/homepage/sel_date_year1' is clicked on

2019-04-29 14:18:12 - [TEST_STEP][PASSED] - if (verifyOptionPresentByLabel(findTestObject("homepage/sel_date_year1"), yrIni, false, 1, CONTINUE_ON_FAILURE)): Delayed 1 second(s)

2019-04-29 14:18:12 - [MESSAGE][PASSED] - 1 option(s) with label '2019' is/are present in object 'Object Repository/homepage/sel_date_year1' 

2019-04-29 14:18:12 - [TEST_STEP][PASSED] - selectOptionByLabel(findTestObject("homepage/sel_date_year1"), yrIni, false, CONTINUE_ON_FAILURE): All options with label '2019' are selected in object 'Object Repository/homepage/sel_date_year1' 

2019-04-29 14:18:12 - [MESSAGE][PASSED] - All options with label '2019' are selected in object 'Object Repository/homepage/sel_date_year1' 

2019-04-29 14:18:12 - [TEST_STEP][PASSED] - delay(1): Delayed 1 second(s)

2019-04-29 14:18:13 - [MESSAGE][PASSED] - Delayed 1 second(s)

2019-04-29 14:18:13 - [TEST_STEP][PASSED] - dynxpath = "//div[contains(@class, 'pika-single') and contains(@class, 'is-bound') and not(contains(@class, 'is-hidden'))]/div[@class='pika-lendar'][1]/table[@class='pika-table']/tbody/tr/td/button[count(. | //*[@type = 'button' and @data-pika-day = '" + dIni + "']) = count(//*[@type = 'button' and @data-pika-day = '" + dIni + "'])]": null

2019-04-29 14:18:13 - [TEST_STEP][PASSED] - to = new com.kms.katalon.core.testobject.TestObject(eldia): null

2019-04-29 14:18:13 - [TEST_STEP][PASSED] - to.addProperty("xpath", EQUALS, dynxpath): null

2019-04-29 14:18:13 - [TEST_STEP][PASSED] - click(to): Object: 'eldia' is clicked on

2019-04-29 14:18:13 - [MESSAGE][PASSED] - Object: 'eldia' is clicked on

2019-04-29 14:18:13 - [TEST_STEP][PASSED] - click(findTestObject("homepage/checkout_date")): Object: 'Object Repository/homepage/checkout_date' is clicked on

2019-04-29 14:18:13 - [MESSAGE][PASSED] - Object: 'Object Repository/homepage/checkout_date' is clicked on

2019-04-29 14:18:13 - [TEST_STEP][PASSED] - delay(1): Delayed 1 second(s)

2019-04-29 14:18:14 - [MESSAGE][PASSED] - Delayed 1 second(s)

2019-04-29 14:18:14 - [TEST_STEP][PASSED] - if (verifyElementPresent(findTestObject("homepage/sel_date_month2"), 1, CONTINUE_ON_FAILURE)): null

2019-04-29 14:18:14 - [MESSAGE][PASSED] - Object 'Object Repository/homepage/sel_date_month2' is present

2019-04-29 14:18:14 - [TEST_STEP][PASSED] - if (waitForElementClickable(findTestObject("homepage/sel_date_month2"), 1, CONTINUE_ON_FAILURE)): null

2019-04-29 14:18:14 - [MESSAGE][PASSED] - Object 'Object Repository/homepage/sel_date_month2' is clickable

2019-04-29 14:18:14 - [TEST_STEP][PASSED] - click(findTestObject("homepage/sel_date_month2"), CONTINUE_ON_FAILURE): Object: 'Object Repository/homepage/sel_date_month2' is clicked on

2019-04-29 14:18:14 - [MESSAGE][PASSED] - Object: 'Object Repository/homepage/sel_date_month2' is clicked on

2019-04-29 14:18:14 - [TEST_STEP][PASSED] - if (verifyOptionPresentByLabel(findTestObject("homepage/sel_date_month2"), strMoEnd, false, 1, CONTINUE_ON_FAILURE)): Delayed 1 second(s)

2019-04-29 14:18:15 - [MESSAGE][PASSED] - 1 option(s) with label 'May' is/are present in object 'Object Repository/homepage/sel_date_month2' 

2019-04-29 14:18:15 - [TEST_STEP][PASSED] - selectOptionByLabel(findTestObject("homepage/sel_date_month2"), strMoEnd, false, CONTINUE_ON_FAILURE): All options with label 'May' are selected in object 'Object Repository/homepage/sel_date_month2' 

2019-04-29 14:18:15 - [MESSAGE][PASSED] - All options with label 'May' are selected in object 'Object Repository/homepage/sel_date_month2' 

2019-04-29 14:18:15 - [TEST_STEP][PASSED] - delay(1): Delayed 1 second(s)

2019-04-29 14:18:16 - [MESSAGE][PASSED] - Delayed 1 second(s)

2019-04-29 14:18:16 - [TEST_STEP][PASSED] - if (verifyElementPresent(findTestObject("homepage/sel_date_year2"), 1, CONTINUE_ON_FAILURE)): null

2019-04-29 14:18:16 - [MESSAGE][PASSED] - Object 'Object Repository/homepage/sel_date_year2' is present

2019-04-29 14:18:16 - [TEST_STEP][PASSED] - if (waitForElementClickable(findTestObject("homepage/sel_date_year2"), 1, CONTINUE_ON_FAILURE)): null

2019-04-29 14:18:16 - [MESSAGE][PASSED] - Object 'Object Repository/homepage/sel_date_year2' is clickable

2019-04-29 14:18:16 - [TEST_STEP][PASSED] - click(findTestObject("homepage/sel_date_year2"), CONTINUE_ON_FAILURE): Object: 'Object Repository/homepage/sel_date_year2' is clicked on

2019-04-29 14:18:16 - [MESSAGE][PASSED] - Object: 'Object Repository/homepage/sel_date_year2' is clicked on

2019-04-29 14:18:16 - [TEST_STEP][PASSED] - if (verifyOptionPresentByLabel(findTestObject("homepage/sel_date_year2"), yrEnd, false, 1, CONTINUE_ON_FAILURE)): Delayed 1 second(s)

2019-04-29 14:18:16 - [MESSAGE][PASSED] - 1 option(s) with label '2019' is/are present in object 'Object Repository/homepage/sel_date_year2' 

2019-04-29 14:18:16 - [TEST_STEP][PASSED] - selectOptionByLabel(findTestObject("homepage/sel_date_year2"), yrEnd, false, CONTINUE_ON_FAILURE): All options with label '2019' are selected in object 'Object Repository/homepage/sel_date_year2' 

2019-04-29 14:18:16 - [MESSAGE][PASSED] - All options with label '2019' are selected in object 'Object Repository/homepage/sel_date_year2' 

2019-04-29 14:18:16 - [TEST_STEP][PASSED] - delay(1): Delayed 1 second(s)

2019-04-29 14:18:17 - [MESSAGE][PASSED] - Delayed 1 second(s)

2019-04-29 14:18:17 - [TEST_STEP][PASSED] - dynxpath2 = "//div[contains(@class, 'pika-single') and contains(@class, 'is-bound') and not(contains(@class, 'is-hidden'))]/div[@class='pika-lendar'][1]/table[@class='pika-table']/tbody/tr/td/button[count(. | //*[@type = 'button' and @data-pika-day = '" + dEnd + "']) = count(//*[@type = 'button' and @data-pika-day = '" + dEnd + "'])]": null

2019-04-29 14:18:17 - [TEST_STEP][PASSED] - to2 = new com.kms.katalon.core.testobject.TestObject(eldia2): null

2019-04-29 14:18:17 - [TEST_STEP][PASSED] - to2.addProperty("xpath", EQUALS, dynxpath2): null

2019-04-29 14:18:17 - [TEST_STEP][PASSED] - click(to2): Object: 'eldia2' is clicked on

2019-04-29 14:18:17 - [MESSAGE][PASSED] - Object: 'eldia2' is clicked on

2019-04-29 14:18:17 - [TEST_STEP][PASSED] - click(findTestObject("homepage/button_Search")): Object: 'Object Repository/homepage/button_Search' is clicked on

2019-04-29 14:18:18 - [MESSAGE][PASSED] - Object: 'Object Repository/homepage/button_Search' is clicked on

2019-04-29 14:18:18 - [TEST_STEP][PASSED] - waitForPageLoad(10): Wait for page load successfully

2019-04-29 14:18:21 - [MESSAGE][PASSED] - Wait for page load successfully

2019-04-29 14:18:21 - [TEST_STEP][PASSED] - closeBrowser(): Browser is closed

2019-04-29 14:18:22 - [MESSAGE][PASSED] - Browser is closed]]></system-out>
         <system-err><![CDATA[]]></system-err>
      </testcase>
      <testcase name="Test Cases/Booking02" classname="Test Cases/Booking02" status="PASSED">
         <system-out><![CDATA[2019-04-29 14:18:22 - [TEST_CASE][PASSED] - Test Cases/Booking02: Test Cases/Booking02

2019-04-29 14:18:22 - [TEST_STEP][PASSED] - openBrowser("https://bookit-qa6.com"): Browser is opened with url: 'https://bookit-qa6.com'

2019-04-29 14:18:22 - [MESSAGE][INFO] - Starting 'Chrome' driver

2019-04-29 14:18:26 - [MESSAGE][PASSED] - Browser is opened with url: 'https://bookit-qa6.com'

2019-04-29 14:18:26 - [TEST_STEP][PASSED] - click(findTestObject("homepage/flight_checkbox")): Object: 'Object Repository/homepage/flight_checkbox' is clicked on

2019-04-29 14:18:28 - [MESSAGE][PASSED] - Object: 'Object Repository/homepage/flight_checkbox' is clicked on

2019-04-29 14:18:28 - [TEST_STEP][PASSED] - setText(findTestObject("homepage/city_or_airport"), "cheese"): Text 'cheese' is set on object 'Object Repository/homepage/city_or_airport'

2019-04-29 14:18:28 - [MESSAGE][PASSED] - Text 'cheese' is set on object 'Object Repository/homepage/city_or_airport'

2019-04-29 14:18:28 - [TEST_STEP][PASSED] - delay(1): Delayed 1 second(s)

2019-04-29 14:18:29 - [MESSAGE][PASSED] - Delayed 1 second(s)

2019-04-29 14:18:29 - [TEST_STEP][PASSED] - click(findTestObject("homepage/div_Cheese City IL US")): Object: 'Object Repository/homepage/div_Cheese City IL US' is clicked on

2019-04-29 14:18:30 - [MESSAGE][PASSED] - Object: 'Object Repository/homepage/div_Cheese City IL US' is clicked on

2019-04-29 14:18:30 - [TEST_STEP][PASSED] - checkinId = getAttribute(findTestObject("homepage/checkin_date"), "id"): Attribute 'id' of object 'Object Repository/homepage/checkin_date' is: 'ember532-fd'

2019-04-29 14:18:30 - [MESSAGE][PASSED] - Attribute 'id' of object 'Object Repository/homepage/checkin_date' is: 'ember532-fd'

2019-04-29 14:18:30 - [TEST_STEP][PASSED] - checkoutId = getAttribute(findTestObject("homepage/checkout_date"), "id"): Attribute 'id' of object 'Object Repository/homepage/checkout_date' is: 'ember532-td'

2019-04-29 14:18:30 - [MESSAGE][PASSED] - Attribute 'id' of object 'Object Repository/homepage/checkout_date' is: 'ember532-td'

2019-04-29 14:18:30 - [TEST_STEP][PASSED] - iniDate = moIni + "/" + dayIni + "/" + yrIni: null

2019-04-29 14:18:30 - [TEST_STEP][PASSED] - myIniDate = "$('#" + checkinId + "').val('" + iniDate + "')": null

2019-04-29 14:18:30 - [TEST_STEP][PASSED] - endDate = moEnd + "/" + dayEnd + "/" + yrEnd: null

2019-04-29 14:18:30 - [TEST_STEP][PASSED] - myEndDate = "$('#" + checkoutId + "').val('" + endDate + "')": null

2019-04-29 14:18:30 - [TEST_STEP][PASSED] - strMoIni = bookitKeywords.commonFunctions.getMonthName(moIni): bookitKeywords.commonFunctions.getMonthName is PASSED

2019-04-29 14:18:30 - [MESSAGE][PASSED] - bookitKeywords.commonFunctions.getMonthName is PASSED

2019-04-29 14:18:30 - [TEST_STEP][PASSED] - strMoEnd = bookitKeywords.commonFunctions.getMonthName(moEnd): bookitKeywords.commonFunctions.getMonthName is PASSED

2019-04-29 14:18:30 - [MESSAGE][PASSED] - bookitKeywords.commonFunctions.getMonthName is PASSED

2019-04-29 14:18:30 - [TEST_STEP][PASSED] - dIni = Integer.parseInt(dayIni): null

2019-04-29 14:18:30 - [TEST_STEP][PASSED] - dEnd = Integer.parseInt(dayEnd): null

2019-04-29 14:18:30 - [TEST_STEP][PASSED] - println(dIni): null

2019-04-29 14:18:30 - [TEST_STEP][PASSED] - println(dEnd): null

2019-04-29 14:18:30 - [TEST_STEP][PASSED] - click(findTestObject("homepage/checkin_date")): Object: 'Object Repository/homepage/checkin_date' is clicked on

2019-04-29 14:18:30 - [MESSAGE][PASSED] - Object: 'Object Repository/homepage/checkin_date' is clicked on

2019-04-29 14:18:30 - [TEST_STEP][PASSED] - delay(1): Delayed 1 second(s)

2019-04-29 14:18:31 - [MESSAGE][PASSED] - Delayed 1 second(s)

2019-04-29 14:18:31 - [TEST_STEP][PASSED] - if (verifyElementPresent(findTestObject("homepage/sel_date_month1"), 1, CONTINUE_ON_FAILURE)): null

2019-04-29 14:18:31 - [MESSAGE][PASSED] - Object 'Object Repository/homepage/sel_date_month1' is present

2019-04-29 14:18:31 - [TEST_STEP][PASSED] - if (waitForElementClickable(findTestObject("homepage/sel_date_month1"), 1, CONTINUE_ON_FAILURE)): null

2019-04-29 14:18:31 - [MESSAGE][PASSED] - Object 'Object Repository/homepage/sel_date_month1' is clickable

2019-04-29 14:18:31 - [TEST_STEP][PASSED] - click(findTestObject("homepage/sel_date_month1"), CONTINUE_ON_FAILURE): Object: 'Object Repository/homepage/sel_date_month1' is clicked on

2019-04-29 14:18:31 - [MESSAGE][PASSED] - Object: 'Object Repository/homepage/sel_date_month1' is clicked on

2019-04-29 14:18:31 - [TEST_STEP][PASSED] - if (verifyOptionPresentByLabel(findTestObject("homepage/sel_date_month1"), strMoIni, false, 1, CONTINUE_ON_FAILURE)): Delayed 1 second(s)

2019-04-29 14:18:31 - [MESSAGE][PASSED] - 1 option(s) with label 'June' is/are present in object 'Object Repository/homepage/sel_date_month1' 

2019-04-29 14:18:31 - [TEST_STEP][PASSED] - selectOptionByLabel(findTestObject("homepage/sel_date_month1"), strMoIni, false, CONTINUE_ON_FAILURE): All options with label 'June' are selected in object 'Object Repository/homepage/sel_date_month1' 

2019-04-29 14:18:31 - [MESSAGE][PASSED] - All options with label 'June' are selected in object 'Object Repository/homepage/sel_date_month1' 

2019-04-29 14:18:31 - [TEST_STEP][PASSED] - delay(1): Delayed 1 second(s)

2019-04-29 14:18:32 - [MESSAGE][PASSED] - Delayed 1 second(s)

2019-04-29 14:18:32 - [TEST_STEP][PASSED] - if (verifyElementPresent(findTestObject("homepage/sel_date_year1"), 1, CONTINUE_ON_FAILURE)): null

2019-04-29 14:18:32 - [MESSAGE][PASSED] - Object 'Object Repository/homepage/sel_date_year1' is present

2019-04-29 14:18:32 - [TEST_STEP][PASSED] - if (waitForElementClickable(findTestObject("homepage/sel_date_year1"), 1, CONTINUE_ON_FAILURE)): null

2019-04-29 14:18:32 - [MESSAGE][PASSED] - Object 'Object Repository/homepage/sel_date_year1' is clickable

2019-04-29 14:18:32 - [TEST_STEP][PASSED] - click(findTestObject("homepage/sel_date_year1"), CONTINUE_ON_FAILURE): Object: 'Object Repository/homepage/sel_date_year1' is clicked on

2019-04-29 14:18:33 - [MESSAGE][PASSED] - Object: 'Object Repository/homepage/sel_date_year1' is clicked on

2019-04-29 14:18:33 - [TEST_STEP][PASSED] - if (verifyOptionPresentByLabel(findTestObject("homepage/sel_date_year1"), yrIni, false, 1, CONTINUE_ON_FAILURE)): Delayed 1 second(s)

2019-04-29 14:18:33 - [MESSAGE][PASSED] - 1 option(s) with label '2019' is/are present in object 'Object Repository/homepage/sel_date_year1' 

2019-04-29 14:18:33 - [TEST_STEP][PASSED] - selectOptionByLabel(findTestObject("homepage/sel_date_year1"), yrIni, false, CONTINUE_ON_FAILURE): All options with label '2019' are selected in object 'Object Repository/homepage/sel_date_year1' 

2019-04-29 14:18:33 - [MESSAGE][PASSED] - All options with label '2019' are selected in object 'Object Repository/homepage/sel_date_year1' 

2019-04-29 14:18:33 - [TEST_STEP][PASSED] - delay(1): Delayed 1 second(s)

2019-04-29 14:18:34 - [MESSAGE][PASSED] - Delayed 1 second(s)

2019-04-29 14:18:34 - [TEST_STEP][PASSED] - dynxpath = "//div[contains(@class, 'pika-single') and contains(@class, 'is-bound') and not(contains(@class, 'is-hidden'))]/div[@class='pika-lendar'][1]/table[@class='pika-table']/tbody/tr/td/button[count(. | //*[@type = 'button' and @data-pika-day = '" + dIni + "']) = count(//*[@type = 'button' and @data-pika-day = '" + dIni + "'])]": null

2019-04-29 14:18:34 - [TEST_STEP][PASSED] - to = new com.kms.katalon.core.testobject.TestObject(eldia): null

2019-04-29 14:18:34 - [TEST_STEP][PASSED] - to.addProperty("xpath", EQUALS, dynxpath): null

2019-04-29 14:18:34 - [TEST_STEP][PASSED] - click(to): Object: 'eldia' is clicked on

2019-04-29 14:18:34 - [MESSAGE][PASSED] - Object: 'eldia' is clicked on

2019-04-29 14:18:34 - [TEST_STEP][PASSED] - click(findTestObject("homepage/checkout_date")): Object: 'Object Repository/homepage/checkout_date' is clicked on

2019-04-29 14:18:34 - [MESSAGE][PASSED] - Object: 'Object Repository/homepage/checkout_date' is clicked on

2019-04-29 14:18:34 - [TEST_STEP][PASSED] - delay(1): Delayed 1 second(s)

2019-04-29 14:18:35 - [MESSAGE][PASSED] - Delayed 1 second(s)

2019-04-29 14:18:35 - [TEST_STEP][PASSED] - if (verifyElementPresent(findTestObject("homepage/sel_date_month2"), 1, CONTINUE_ON_FAILURE)): null

2019-04-29 14:18:35 - [MESSAGE][PASSED] - Object 'Object Repository/homepage/sel_date_month2' is present

2019-04-29 14:18:35 - [TEST_STEP][PASSED] - if (waitForElementClickable(findTestObject("homepage/sel_date_month2"), 1, CONTINUE_ON_FAILURE)): null

2019-04-29 14:18:35 - [MESSAGE][PASSED] - Object 'Object Repository/homepage/sel_date_month2' is clickable

2019-04-29 14:18:35 - [TEST_STEP][PASSED] - click(findTestObject("homepage/sel_date_month2"), CONTINUE_ON_FAILURE): Object: 'Object Repository/homepage/sel_date_month2' is clicked on

2019-04-29 14:18:35 - [MESSAGE][PASSED] - Object: 'Object Repository/homepage/sel_date_month2' is clicked on

2019-04-29 14:18:35 - [TEST_STEP][PASSED] - if (verifyOptionPresentByLabel(findTestObject("homepage/sel_date_month2"), strMoEnd, false, 1, CONTINUE_ON_FAILURE)): Delayed 1 second(s)

2019-04-29 14:18:35 - [MESSAGE][PASSED] - 1 option(s) with label 'June' is/are present in object 'Object Repository/homepage/sel_date_month2' 

2019-04-29 14:18:35 - [TEST_STEP][PASSED] - selectOptionByLabel(findTestObject("homepage/sel_date_month2"), strMoEnd, false, CONTINUE_ON_FAILURE): All options with label 'June' are selected in object 'Object Repository/homepage/sel_date_month2' 

2019-04-29 14:18:36 - [MESSAGE][PASSED] - All options with label 'June' are selected in object 'Object Repository/homepage/sel_date_month2' 

2019-04-29 14:18:36 - [TEST_STEP][PASSED] - delay(1): Delayed 1 second(s)

2019-04-29 14:18:37 - [MESSAGE][PASSED] - Delayed 1 second(s)

2019-04-29 14:18:37 - [TEST_STEP][PASSED] - if (verifyElementPresent(findTestObject("homepage/sel_date_year2"), 1, CONTINUE_ON_FAILURE)): null

2019-04-29 14:18:37 - [MESSAGE][PASSED] - Object 'Object Repository/homepage/sel_date_year2' is present

2019-04-29 14:18:37 - [TEST_STEP][PASSED] - if (waitForElementClickable(findTestObject("homepage/sel_date_year2"), 1, CONTINUE_ON_FAILURE)): null

2019-04-29 14:18:37 - [MESSAGE][PASSED] - Object 'Object Repository/homepage/sel_date_year2' is clickable

2019-04-29 14:18:37 - [TEST_STEP][PASSED] - click(findTestObject("homepage/sel_date_year2"), CONTINUE_ON_FAILURE): Object: 'Object Repository/homepage/sel_date_year2' is clicked on

2019-04-29 14:18:37 - [MESSAGE][PASSED] - Object: 'Object Repository/homepage/sel_date_year2' is clicked on

2019-04-29 14:18:37 - [TEST_STEP][PASSED] - if (verifyOptionPresentByLabel(findTestObject("homepage/sel_date_year2"), yrEnd, false, 1, CONTINUE_ON_FAILURE)): Delayed 1 second(s)

2019-04-29 14:18:37 - [MESSAGE][PASSED] - 1 option(s) with label '2019' is/are present in object 'Object Repository/homepage/sel_date_year2' 

2019-04-29 14:18:37 - [TEST_STEP][PASSED] - selectOptionByLabel(findTestObject("homepage/sel_date_year2"), yrEnd, false, CONTINUE_ON_FAILURE): All options with label '2019' are selected in object 'Object Repository/homepage/sel_date_year2' 

2019-04-29 14:18:37 - [MESSAGE][PASSED] - All options with label '2019' are selected in object 'Object Repository/homepage/sel_date_year2' 

2019-04-29 14:18:37 - [TEST_STEP][PASSED] - delay(1): Delayed 1 second(s)

2019-04-29 14:18:38 - [MESSAGE][PASSED] - Delayed 1 second(s)

2019-04-29 14:18:38 - [TEST_STEP][PASSED] - dynxpath2 = "//div[contains(@class, 'pika-single') and contains(@class, 'is-bound') and not(contains(@class, 'is-hidden'))]/div[@class='pika-lendar'][1]/table[@class='pika-table']/tbody/tr/td/button[count(. | //*[@type = 'button' and @data-pika-day = '" + dEnd + "']) = count(//*[@type = 'button' and @data-pika-day = '" + dEnd + "'])]": null

2019-04-29 14:18:38 - [TEST_STEP][PASSED] - to2 = new com.kms.katalon.core.testobject.TestObject(eldia2): null

2019-04-29 14:18:38 - [TEST_STEP][PASSED] - to2.addProperty("xpath", EQUALS, dynxpath2): null

2019-04-29 14:18:38 - [TEST_STEP][PASSED] - click(to2): Object: 'eldia2' is clicked on

2019-04-29 14:18:38 - [MESSAGE][PASSED] - Object: 'eldia2' is clicked on

2019-04-29 14:18:38 - [TEST_STEP][PASSED] - click(findTestObject("homepage/button_Search")): Object: 'Object Repository/homepage/button_Search' is clicked on

2019-04-29 14:18:38 - [MESSAGE][PASSED] - Object: 'Object Repository/homepage/button_Search' is clicked on

2019-04-29 14:18:38 - [TEST_STEP][PASSED] - waitForPageLoad(10): Wait for page load successfully

2019-04-29 14:18:41 - [MESSAGE][PASSED] - Wait for page load successfully

2019-04-29 14:18:41 - [TEST_STEP][PASSED] - closeBrowser(): Browser is closed

2019-04-29 14:18:41 - [MESSAGE][PASSED] - Browser is closed]]></system-out>
         <system-err><![CDATA[]]></system-err>
      </testcase>
      <testcase name="Test Cases/Booking02" classname="Test Cases/Booking02" status="PASSED">
         <system-out><![CDATA[2019-04-29 14:18:41 - [TEST_CASE][PASSED] - Test Cases/Booking02: Test Cases/Booking02

2019-04-29 14:18:41 - [TEST_STEP][PASSED] - openBrowser("https://bookit-qa6.com"): Browser is opened with url: 'https://bookit-qa6.com'

2019-04-29 14:18:41 - [MESSAGE][INFO] - Starting 'Chrome' driver

2019-04-29 14:18:47 - [MESSAGE][PASSED] - Browser is opened with url: 'https://bookit-qa6.com'

2019-04-29 14:18:47 - [TEST_STEP][PASSED] - click(findTestObject("homepage/flight_checkbox")): Object: 'Object Repository/homepage/flight_checkbox' is clicked on

2019-04-29 14:18:50 - [MESSAGE][PASSED] - Object: 'Object Repository/homepage/flight_checkbox' is clicked on

2019-04-29 14:18:50 - [TEST_STEP][PASSED] - setText(findTestObject("homepage/city_or_airport"), "cheese"): Text 'cheese' is set on object 'Object Repository/homepage/city_or_airport'

2019-04-29 14:18:50 - [MESSAGE][PASSED] - Text 'cheese' is set on object 'Object Repository/homepage/city_or_airport'

2019-04-29 14:18:50 - [TEST_STEP][PASSED] - delay(1): Delayed 1 second(s)

2019-04-29 14:18:51 - [MESSAGE][PASSED] - Delayed 1 second(s)

2019-04-29 14:18:51 - [TEST_STEP][PASSED] - click(findTestObject("homepage/div_Cheese City IL US")): Object: 'Object Repository/homepage/div_Cheese City IL US' is clicked on

2019-04-29 14:18:51 - [MESSAGE][PASSED] - Object: 'Object Repository/homepage/div_Cheese City IL US' is clicked on

2019-04-29 14:18:51 - [TEST_STEP][PASSED] - checkinId = getAttribute(findTestObject("homepage/checkin_date"), "id"): Attribute 'id' of object 'Object Repository/homepage/checkin_date' is: 'ember532-fd'

2019-04-29 14:18:51 - [MESSAGE][PASSED] - Attribute 'id' of object 'Object Repository/homepage/checkin_date' is: 'ember532-fd'

2019-04-29 14:18:51 - [TEST_STEP][PASSED] - checkoutId = getAttribute(findTestObject("homepage/checkout_date"), "id"): Attribute 'id' of object 'Object Repository/homepage/checkout_date' is: 'ember532-td'

2019-04-29 14:18:51 - [MESSAGE][PASSED] - Attribute 'id' of object 'Object Repository/homepage/checkout_date' is: 'ember532-td'

2019-04-29 14:18:51 - [TEST_STEP][PASSED] - iniDate = moIni + "/" + dayIni + "/" + yrIni: null

2019-04-29 14:18:51 - [TEST_STEP][PASSED] - myIniDate = "$('#" + checkinId + "').val('" + iniDate + "')": null

2019-04-29 14:18:51 - [TEST_STEP][PASSED] - endDate = moEnd + "/" + dayEnd + "/" + yrEnd: null

2019-04-29 14:18:51 - [TEST_STEP][PASSED] - myEndDate = "$('#" + checkoutId + "').val('" + endDate + "')": null

2019-04-29 14:18:51 - [TEST_STEP][PASSED] - strMoIni = bookitKeywords.commonFunctions.getMonthName(moIni): bookitKeywords.commonFunctions.getMonthName is PASSED

2019-04-29 14:18:51 - [MESSAGE][PASSED] - bookitKeywords.commonFunctions.getMonthName is PASSED

2019-04-29 14:18:51 - [TEST_STEP][PASSED] - strMoEnd = bookitKeywords.commonFunctions.getMonthName(moEnd): bookitKeywords.commonFunctions.getMonthName is PASSED

2019-04-29 14:18:51 - [MESSAGE][PASSED] - bookitKeywords.commonFunctions.getMonthName is PASSED

2019-04-29 14:18:51 - [TEST_STEP][PASSED] - dIni = Integer.parseInt(dayIni): null

2019-04-29 14:18:51 - [TEST_STEP][PASSED] - dEnd = Integer.parseInt(dayEnd): null

2019-04-29 14:18:51 - [TEST_STEP][PASSED] - println(dIni): null

2019-04-29 14:18:51 - [TEST_STEP][PASSED] - println(dEnd): null

2019-04-29 14:18:51 - [TEST_STEP][PASSED] - click(findTestObject("homepage/checkin_date")): Object: 'Object Repository/homepage/checkin_date' is clicked on

2019-04-29 14:18:51 - [MESSAGE][PASSED] - Object: 'Object Repository/homepage/checkin_date' is clicked on

2019-04-29 14:18:51 - [TEST_STEP][PASSED] - delay(1): Delayed 1 second(s)

2019-04-29 14:18:52 - [MESSAGE][PASSED] - Delayed 1 second(s)

2019-04-29 14:18:52 - [TEST_STEP][PASSED] - if (verifyElementPresent(findTestObject("homepage/sel_date_month1"), 1, CONTINUE_ON_FAILURE)): null

2019-04-29 14:18:52 - [MESSAGE][PASSED] - Object 'Object Repository/homepage/sel_date_month1' is present

2019-04-29 14:18:52 - [TEST_STEP][PASSED] - if (waitForElementClickable(findTestObject("homepage/sel_date_month1"), 1, CONTINUE_ON_FAILURE)): null

2019-04-29 14:18:52 - [MESSAGE][PASSED] - Object 'Object Repository/homepage/sel_date_month1' is clickable

2019-04-29 14:18:52 - [TEST_STEP][PASSED] - click(findTestObject("homepage/sel_date_month1"), CONTINUE_ON_FAILURE): Object: 'Object Repository/homepage/sel_date_month1' is clicked on

2019-04-29 14:18:53 - [MESSAGE][PASSED] - Object: 'Object Repository/homepage/sel_date_month1' is clicked on

2019-04-29 14:18:53 - [TEST_STEP][PASSED] - if (verifyOptionPresentByLabel(findTestObject("homepage/sel_date_month1"), strMoIni, false, 1, CONTINUE_ON_FAILURE)): Delayed 1 second(s)

2019-04-29 14:18:53 - [MESSAGE][PASSED] - 1 option(s) with label 'May' is/are present in object 'Object Repository/homepage/sel_date_month1' 

2019-04-29 14:18:53 - [TEST_STEP][PASSED] - selectOptionByLabel(findTestObject("homepage/sel_date_month1"), strMoIni, false, CONTINUE_ON_FAILURE): All options with label 'May' are selected in object 'Object Repository/homepage/sel_date_month1' 

2019-04-29 14:18:53 - [MESSAGE][PASSED] - All options with label 'May' are selected in object 'Object Repository/homepage/sel_date_month1' 

2019-04-29 14:18:53 - [TEST_STEP][PASSED] - delay(1): Delayed 1 second(s)

2019-04-29 14:18:54 - [MESSAGE][PASSED] - Delayed 1 second(s)

2019-04-29 14:18:54 - [TEST_STEP][PASSED] - if (verifyElementPresent(findTestObject("homepage/sel_date_year1"), 1, CONTINUE_ON_FAILURE)): null

2019-04-29 14:18:54 - [MESSAGE][PASSED] - Object 'Object Repository/homepage/sel_date_year1' is present

2019-04-29 14:18:54 - [TEST_STEP][PASSED] - if (waitForElementClickable(findTestObject("homepage/sel_date_year1"), 1, CONTINUE_ON_FAILURE)): null

2019-04-29 14:18:54 - [MESSAGE][PASSED] - Object 'Object Repository/homepage/sel_date_year1' is clickable

2019-04-29 14:18:54 - [TEST_STEP][PASSED] - click(findTestObject("homepage/sel_date_year1"), CONTINUE_ON_FAILURE): Object: 'Object Repository/homepage/sel_date_year1' is clicked on

2019-04-29 14:18:54 - [MESSAGE][PASSED] - Object: 'Object Repository/homepage/sel_date_year1' is clicked on

2019-04-29 14:18:54 - [TEST_STEP][PASSED] - if (verifyOptionPresentByLabel(findTestObject("homepage/sel_date_year1"), yrIni, false, 1, CONTINUE_ON_FAILURE)): Delayed 1 second(s)

2019-04-29 14:18:54 - [MESSAGE][PASSED] - 1 option(s) with label '2019' is/are present in object 'Object Repository/homepage/sel_date_year1' 

2019-04-29 14:18:54 - [TEST_STEP][PASSED] - selectOptionByLabel(findTestObject("homepage/sel_date_year1"), yrIni, false, CONTINUE_ON_FAILURE): All options with label '2019' are selected in object 'Object Repository/homepage/sel_date_year1' 

2019-04-29 14:18:54 - [MESSAGE][PASSED] - All options with label '2019' are selected in object 'Object Repository/homepage/sel_date_year1' 

2019-04-29 14:18:54 - [TEST_STEP][PASSED] - delay(1): Delayed 1 second(s)

2019-04-29 14:18:55 - [MESSAGE][PASSED] - Delayed 1 second(s)

2019-04-29 14:18:55 - [TEST_STEP][PASSED] - dynxpath = "//div[contains(@class, 'pika-single') and contains(@class, 'is-bound') and not(contains(@class, 'is-hidden'))]/div[@class='pika-lendar'][1]/table[@class='pika-table']/tbody/tr/td/button[count(. | //*[@type = 'button' and @data-pika-day = '" + dIni + "']) = count(//*[@type = 'button' and @data-pika-day = '" + dIni + "'])]": null

2019-04-29 14:18:55 - [TEST_STEP][PASSED] - to = new com.kms.katalon.core.testobject.TestObject(eldia): null

2019-04-29 14:18:55 - [TEST_STEP][PASSED] - to.addProperty("xpath", EQUALS, dynxpath): null

2019-04-29 14:18:55 - [TEST_STEP][PASSED] - click(to): Object: 'eldia' is clicked on

2019-04-29 14:18:56 - [MESSAGE][PASSED] - Object: 'eldia' is clicked on

2019-04-29 14:18:56 - [TEST_STEP][PASSED] - click(findTestObject("homepage/checkout_date")): Object: 'Object Repository/homepage/checkout_date' is clicked on

2019-04-29 14:18:56 - [MESSAGE][PASSED] - Object: 'Object Repository/homepage/checkout_date' is clicked on

2019-04-29 14:18:56 - [TEST_STEP][PASSED] - delay(1): Delayed 1 second(s)

2019-04-29 14:18:57 - [MESSAGE][PASSED] - Delayed 1 second(s)

2019-04-29 14:18:57 - [TEST_STEP][PASSED] - if (verifyElementPresent(findTestObject("homepage/sel_date_month2"), 1, CONTINUE_ON_FAILURE)): null

2019-04-29 14:18:57 - [MESSAGE][PASSED] - Object 'Object Repository/homepage/sel_date_month2' is present

2019-04-29 14:18:57 - [TEST_STEP][PASSED] - if (waitForElementClickable(findTestObject("homepage/sel_date_month2"), 1, CONTINUE_ON_FAILURE)): null

2019-04-29 14:18:57 - [MESSAGE][PASSED] - Object 'Object Repository/homepage/sel_date_month2' is clickable

2019-04-29 14:18:57 - [TEST_STEP][PASSED] - click(findTestObject("homepage/sel_date_month2"), CONTINUE_ON_FAILURE): Object: 'Object Repository/homepage/sel_date_month2' is clicked on

2019-04-29 14:18:57 - [MESSAGE][PASSED] - Object: 'Object Repository/homepage/sel_date_month2' is clicked on

2019-04-29 14:18:57 - [TEST_STEP][PASSED] - if (verifyOptionPresentByLabel(findTestObject("homepage/sel_date_month2"), strMoEnd, false, 1, CONTINUE_ON_FAILURE)): Delayed 1 second(s)

2019-04-29 14:18:57 - [MESSAGE][PASSED] - 1 option(s) with label 'June' is/are present in object 'Object Repository/homepage/sel_date_month2' 

2019-04-29 14:18:57 - [TEST_STEP][PASSED] - selectOptionByLabel(findTestObject("homepage/sel_date_month2"), strMoEnd, false, CONTINUE_ON_FAILURE): All options with label 'June' are selected in object 'Object Repository/homepage/sel_date_month2' 

2019-04-29 14:18:57 - [MESSAGE][PASSED] - All options with label 'June' are selected in object 'Object Repository/homepage/sel_date_month2' 

2019-04-29 14:18:57 - [TEST_STEP][PASSED] - delay(1): Delayed 1 second(s)

2019-04-29 14:18:58 - [MESSAGE][PASSED] - Delayed 1 second(s)

2019-04-29 14:18:58 - [TEST_STEP][PASSED] - if (verifyElementPresent(findTestObject("homepage/sel_date_year2"), 1, CONTINUE_ON_FAILURE)): null

2019-04-29 14:18:58 - [MESSAGE][PASSED] - Object 'Object Repository/homepage/sel_date_year2' is present

2019-04-29 14:18:58 - [TEST_STEP][PASSED] - if (waitForElementClickable(findTestObject("homepage/sel_date_year2"), 1, CONTINUE_ON_FAILURE)): null

2019-04-29 14:18:58 - [MESSAGE][PASSED] - Object 'Object Repository/homepage/sel_date_year2' is clickable

2019-04-29 14:18:58 - [TEST_STEP][PASSED] - click(findTestObject("homepage/sel_date_year2"), CONTINUE_ON_FAILURE): Object: 'Object Repository/homepage/sel_date_year2' is clicked on

2019-04-29 14:18:58 - [MESSAGE][PASSED] - Object: 'Object Repository/homepage/sel_date_year2' is clicked on

2019-04-29 14:18:58 - [TEST_STEP][PASSED] - if (verifyOptionPresentByLabel(findTestObject("homepage/sel_date_year2"), yrEnd, false, 1, CONTINUE_ON_FAILURE)): Delayed 1 second(s)

2019-04-29 14:18:58 - [MESSAGE][PASSED] - 1 option(s) with label '2019' is/are present in object 'Object Repository/homepage/sel_date_year2' 

2019-04-29 14:18:58 - [TEST_STEP][PASSED] - selectOptionByLabel(findTestObject("homepage/sel_date_year2"), yrEnd, false, CONTINUE_ON_FAILURE): All options with label '2019' are selected in object 'Object Repository/homepage/sel_date_year2' 

2019-04-29 14:18:59 - [MESSAGE][PASSED] - All options with label '2019' are selected in object 'Object Repository/homepage/sel_date_year2' 

2019-04-29 14:18:59 - [TEST_STEP][PASSED] - delay(1): Delayed 1 second(s)

2019-04-29 14:19:00 - [MESSAGE][PASSED] - Delayed 1 second(s)

2019-04-29 14:19:00 - [TEST_STEP][PASSED] - dynxpath2 = "//div[contains(@class, 'pika-single') and contains(@class, 'is-bound') and not(contains(@class, 'is-hidden'))]/div[@class='pika-lendar'][1]/table[@class='pika-table']/tbody/tr/td/button[count(. | //*[@type = 'button' and @data-pika-day = '" + dEnd + "']) = count(//*[@type = 'button' and @data-pika-day = '" + dEnd + "'])]": null

2019-04-29 14:19:00 - [TEST_STEP][PASSED] - to2 = new com.kms.katalon.core.testobject.TestObject(eldia2): null

2019-04-29 14:19:00 - [TEST_STEP][PASSED] - to2.addProperty("xpath", EQUALS, dynxpath2): null

2019-04-29 14:19:00 - [TEST_STEP][PASSED] - click(to2): Object: 'eldia2' is clicked on

2019-04-29 14:19:00 - [MESSAGE][PASSED] - Object: 'eldia2' is clicked on

2019-04-29 14:19:00 - [TEST_STEP][PASSED] - click(findTestObject("homepage/button_Search")): Object: 'Object Repository/homepage/button_Search' is clicked on

2019-04-29 14:19:00 - [MESSAGE][PASSED] - Object: 'Object Repository/homepage/button_Search' is clicked on

2019-04-29 14:19:00 - [TEST_STEP][PASSED] - waitForPageLoad(10): Wait for page load successfully

2019-04-29 14:19:04 - [MESSAGE][PASSED] - Wait for page load successfully

2019-04-29 14:19:04 - [TEST_STEP][PASSED] - closeBrowser(): Browser is closed

2019-04-29 14:19:05 - [MESSAGE][PASSED] - Browser is closed]]></system-out>
         <system-err><![CDATA[]]></system-err>
      </testcase>
      <testcase name="Test Cases/Booking02" classname="Test Cases/Booking02" status="PASSED">
         <system-out><![CDATA[2019-04-29 14:19:05 - [TEST_CASE][PASSED] - Test Cases/Booking02: Test Cases/Booking02

2019-04-29 14:19:05 - [TEST_STEP][PASSED] - openBrowser("https://bookit-qa6.com"): Browser is opened with url: 'https://bookit-qa6.com'

2019-04-29 14:19:05 - [MESSAGE][INFO] - Starting 'Chrome' driver

2019-04-29 14:19:11 - [MESSAGE][PASSED] - Browser is opened with url: 'https://bookit-qa6.com'

2019-04-29 14:19:11 - [TEST_STEP][PASSED] - click(findTestObject("homepage/flight_checkbox")): Object: 'Object Repository/homepage/flight_checkbox' is clicked on

2019-04-29 14:19:13 - [MESSAGE][PASSED] - Object: 'Object Repository/homepage/flight_checkbox' is clicked on

2019-04-29 14:19:13 - [TEST_STEP][PASSED] - setText(findTestObject("homepage/city_or_airport"), "cheese"): Text 'cheese' is set on object 'Object Repository/homepage/city_or_airport'

2019-04-29 14:19:13 - [MESSAGE][PASSED] - Text 'cheese' is set on object 'Object Repository/homepage/city_or_airport'

2019-04-29 14:19:13 - [TEST_STEP][PASSED] - delay(1): Delayed 1 second(s)

2019-04-29 14:19:14 - [MESSAGE][PASSED] - Delayed 1 second(s)

2019-04-29 14:19:14 - [TEST_STEP][PASSED] - click(findTestObject("homepage/div_Cheese City IL US")): Object: 'Object Repository/homepage/div_Cheese City IL US' is clicked on

2019-04-29 14:19:14 - [MESSAGE][PASSED] - Object: 'Object Repository/homepage/div_Cheese City IL US' is clicked on

2019-04-29 14:19:14 - [TEST_STEP][PASSED] - checkinId = getAttribute(findTestObject("homepage/checkin_date"), "id"): Attribute 'id' of object 'Object Repository/homepage/checkin_date' is: 'ember532-fd'

2019-04-29 14:19:14 - [MESSAGE][PASSED] - Attribute 'id' of object 'Object Repository/homepage/checkin_date' is: 'ember532-fd'

2019-04-29 14:19:14 - [TEST_STEP][PASSED] - checkoutId = getAttribute(findTestObject("homepage/checkout_date"), "id"): Attribute 'id' of object 'Object Repository/homepage/checkout_date' is: 'ember532-td'

2019-04-29 14:19:15 - [MESSAGE][PASSED] - Attribute 'id' of object 'Object Repository/homepage/checkout_date' is: 'ember532-td'

2019-04-29 14:19:15 - [TEST_STEP][PASSED] - iniDate = moIni + "/" + dayIni + "/" + yrIni: null

2019-04-29 14:19:15 - [TEST_STEP][PASSED] - myIniDate = "$('#" + checkinId + "').val('" + iniDate + "')": null

2019-04-29 14:19:15 - [TEST_STEP][PASSED] - endDate = moEnd + "/" + dayEnd + "/" + yrEnd: null

2019-04-29 14:19:15 - [TEST_STEP][PASSED] - myEndDate = "$('#" + checkoutId + "').val('" + endDate + "')": null

2019-04-29 14:19:15 - [TEST_STEP][PASSED] - strMoIni = bookitKeywords.commonFunctions.getMonthName(moIni): bookitKeywords.commonFunctions.getMonthName is PASSED

2019-04-29 14:19:15 - [MESSAGE][PASSED] - bookitKeywords.commonFunctions.getMonthName is PASSED

2019-04-29 14:19:15 - [TEST_STEP][PASSED] - strMoEnd = bookitKeywords.commonFunctions.getMonthName(moEnd): bookitKeywords.commonFunctions.getMonthName is PASSED

2019-04-29 14:19:15 - [MESSAGE][PASSED] - bookitKeywords.commonFunctions.getMonthName is PASSED

2019-04-29 14:19:15 - [TEST_STEP][PASSED] - dIni = Integer.parseInt(dayIni): null

2019-04-29 14:19:15 - [TEST_STEP][PASSED] - dEnd = Integer.parseInt(dayEnd): null

2019-04-29 14:19:15 - [TEST_STEP][PASSED] - println(dIni): null

2019-04-29 14:19:15 - [TEST_STEP][PASSED] - println(dEnd): null

2019-04-29 14:19:15 - [TEST_STEP][PASSED] - click(findTestObject("homepage/checkin_date")): Object: 'Object Repository/homepage/checkin_date' is clicked on

2019-04-29 14:19:15 - [MESSAGE][PASSED] - Object: 'Object Repository/homepage/checkin_date' is clicked on

2019-04-29 14:19:15 - [TEST_STEP][PASSED] - delay(1): Delayed 1 second(s)

2019-04-29 14:19:16 - [MESSAGE][PASSED] - Delayed 1 second(s)

2019-04-29 14:19:16 - [TEST_STEP][PASSED] - if (verifyElementPresent(findTestObject("homepage/sel_date_month1"), 1, CONTINUE_ON_FAILURE)): null

2019-04-29 14:19:16 - [MESSAGE][PASSED] - Object 'Object Repository/homepage/sel_date_month1' is present

2019-04-29 14:19:16 - [TEST_STEP][PASSED] - if (waitForElementClickable(findTestObject("homepage/sel_date_month1"), 1, CONTINUE_ON_FAILURE)): null

2019-04-29 14:19:16 - [MESSAGE][PASSED] - Object 'Object Repository/homepage/sel_date_month1' is clickable

2019-04-29 14:19:16 - [TEST_STEP][PASSED] - click(findTestObject("homepage/sel_date_month1"), CONTINUE_ON_FAILURE): Object: 'Object Repository/homepage/sel_date_month1' is clicked on

2019-04-29 14:19:16 - [MESSAGE][PASSED] - Object: 'Object Repository/homepage/sel_date_month1' is clicked on

2019-04-29 14:19:16 - [TEST_STEP][PASSED] - if (verifyOptionPresentByLabel(findTestObject("homepage/sel_date_month1"), strMoIni, false, 1, CONTINUE_ON_FAILURE)): Delayed 1 second(s)

2019-04-29 14:19:16 - [MESSAGE][PASSED] - 1 option(s) with label 'August' is/are present in object 'Object Repository/homepage/sel_date_month1' 

2019-04-29 14:19:16 - [TEST_STEP][PASSED] - selectOptionByLabel(findTestObject("homepage/sel_date_month1"), strMoIni, false, CONTINUE_ON_FAILURE): All options with label 'August' are selected in object 'Object Repository/homepage/sel_date_month1' 

2019-04-29 14:19:16 - [MESSAGE][PASSED] - All options with label 'August' are selected in object 'Object Repository/homepage/sel_date_month1' 

2019-04-29 14:19:16 - [TEST_STEP][PASSED] - delay(1): Delayed 1 second(s)

2019-04-29 14:19:17 - [MESSAGE][PASSED] - Delayed 1 second(s)

2019-04-29 14:19:17 - [TEST_STEP][PASSED] - if (verifyElementPresent(findTestObject("homepage/sel_date_year1"), 1, CONTINUE_ON_FAILURE)): null

2019-04-29 14:19:17 - [MESSAGE][PASSED] - Object 'Object Repository/homepage/sel_date_year1' is present

2019-04-29 14:19:17 - [TEST_STEP][PASSED] - if (waitForElementClickable(findTestObject("homepage/sel_date_year1"), 1, CONTINUE_ON_FAILURE)): null

2019-04-29 14:19:17 - [MESSAGE][PASSED] - Object 'Object Repository/homepage/sel_date_year1' is clickable

2019-04-29 14:19:17 - [TEST_STEP][PASSED] - click(findTestObject("homepage/sel_date_year1"), CONTINUE_ON_FAILURE): Object: 'Object Repository/homepage/sel_date_year1' is clicked on

2019-04-29 14:19:18 - [MESSAGE][PASSED] - Object: 'Object Repository/homepage/sel_date_year1' is clicked on

2019-04-29 14:19:18 - [TEST_STEP][PASSED] - if (verifyOptionPresentByLabel(findTestObject("homepage/sel_date_year1"), yrIni, false, 1, CONTINUE_ON_FAILURE)): Delayed 1 second(s)

2019-04-29 14:19:18 - [MESSAGE][PASSED] - 1 option(s) with label '2019' is/are present in object 'Object Repository/homepage/sel_date_year1' 

2019-04-29 14:19:18 - [TEST_STEP][PASSED] - selectOptionByLabel(findTestObject("homepage/sel_date_year1"), yrIni, false, CONTINUE_ON_FAILURE): All options with label '2019' are selected in object 'Object Repository/homepage/sel_date_year1' 

2019-04-29 14:19:18 - [MESSAGE][PASSED] - All options with label '2019' are selected in object 'Object Repository/homepage/sel_date_year1' 

2019-04-29 14:19:18 - [TEST_STEP][PASSED] - delay(1): Delayed 1 second(s)

2019-04-29 14:19:19 - [MESSAGE][PASSED] - Delayed 1 second(s)

2019-04-29 14:19:19 - [TEST_STEP][PASSED] - dynxpath = "//div[contains(@class, 'pika-single') and contains(@class, 'is-bound') and not(contains(@class, 'is-hidden'))]/div[@class='pika-lendar'][1]/table[@class='pika-table']/tbody/tr/td/button[count(. | //*[@type = 'button' and @data-pika-day = '" + dIni + "']) = count(//*[@type = 'button' and @data-pika-day = '" + dIni + "'])]": null

2019-04-29 14:19:19 - [TEST_STEP][PASSED] - to = new com.kms.katalon.core.testobject.TestObject(eldia): null

2019-04-29 14:19:19 - [TEST_STEP][PASSED] - to.addProperty("xpath", EQUALS, dynxpath): null

2019-04-29 14:19:19 - [TEST_STEP][PASSED] - click(to): Object: 'eldia' is clicked on

2019-04-29 14:19:19 - [MESSAGE][PASSED] - Object: 'eldia' is clicked on

2019-04-29 14:19:19 - [TEST_STEP][PASSED] - click(findTestObject("homepage/checkout_date")): Object: 'Object Repository/homepage/checkout_date' is clicked on

2019-04-29 14:19:19 - [MESSAGE][PASSED] - Object: 'Object Repository/homepage/checkout_date' is clicked on

2019-04-29 14:19:19 - [TEST_STEP][PASSED] - delay(1): Delayed 1 second(s)

2019-04-29 14:19:20 - [MESSAGE][PASSED] - Delayed 1 second(s)

2019-04-29 14:19:20 - [TEST_STEP][PASSED] - if (verifyElementPresent(findTestObject("homepage/sel_date_month2"), 1, CONTINUE_ON_FAILURE)): null

2019-04-29 14:19:20 - [MESSAGE][PASSED] - Object 'Object Repository/homepage/sel_date_month2' is present

2019-04-29 14:19:20 - [TEST_STEP][PASSED] - if (waitForElementClickable(findTestObject("homepage/sel_date_month2"), 1, CONTINUE_ON_FAILURE)): null

2019-04-29 14:19:20 - [MESSAGE][PASSED] - Object 'Object Repository/homepage/sel_date_month2' is clickable

2019-04-29 14:19:20 - [TEST_STEP][PASSED] - click(findTestObject("homepage/sel_date_month2"), CONTINUE_ON_FAILURE): Object: 'Object Repository/homepage/sel_date_month2' is clicked on

2019-04-29 14:19:20 - [MESSAGE][PASSED] - Object: 'Object Repository/homepage/sel_date_month2' is clicked on

2019-04-29 14:19:20 - [TEST_STEP][PASSED] - if (verifyOptionPresentByLabel(findTestObject("homepage/sel_date_month2"), strMoEnd, false, 1, CONTINUE_ON_FAILURE)): Delayed 1 second(s)

2019-04-29 14:19:20 - [MESSAGE][PASSED] - 1 option(s) with label 'October' is/are present in object 'Object Repository/homepage/sel_date_month2' 

2019-04-29 14:19:20 - [TEST_STEP][PASSED] - selectOptionByLabel(findTestObject("homepage/sel_date_month2"), strMoEnd, false, CONTINUE_ON_FAILURE): All options with label 'October' are selected in object 'Object Repository/homepage/sel_date_month2' 

2019-04-29 14:19:21 - [MESSAGE][PASSED] - All options with label 'October' are selected in object 'Object Repository/homepage/sel_date_month2' 

2019-04-29 14:19:21 - [TEST_STEP][PASSED] - delay(1): Delayed 1 second(s)

2019-04-29 14:19:22 - [MESSAGE][PASSED] - Delayed 1 second(s)

2019-04-29 14:19:22 - [TEST_STEP][PASSED] - if (verifyElementPresent(findTestObject("homepage/sel_date_year2"), 1, CONTINUE_ON_FAILURE)): null

2019-04-29 14:19:22 - [MESSAGE][PASSED] - Object 'Object Repository/homepage/sel_date_year2' is present

2019-04-29 14:19:22 - [TEST_STEP][PASSED] - if (waitForElementClickable(findTestObject("homepage/sel_date_year2"), 1, CONTINUE_ON_FAILURE)): null

2019-04-29 14:19:22 - [MESSAGE][PASSED] - Object 'Object Repository/homepage/sel_date_year2' is clickable

2019-04-29 14:19:22 - [TEST_STEP][PASSED] - click(findTestObject("homepage/sel_date_year2"), CONTINUE_ON_FAILURE): Object: 'Object Repository/homepage/sel_date_year2' is clicked on

2019-04-29 14:19:22 - [MESSAGE][PASSED] - Object: 'Object Repository/homepage/sel_date_year2' is clicked on

2019-04-29 14:19:22 - [TEST_STEP][PASSED] - if (verifyOptionPresentByLabel(findTestObject("homepage/sel_date_year2"), yrEnd, false, 1, CONTINUE_ON_FAILURE)): Delayed 1 second(s)

2019-04-29 14:19:22 - [MESSAGE][PASSED] - 1 option(s) with label '2019' is/are present in object 'Object Repository/homepage/sel_date_year2' 

2019-04-29 14:19:22 - [TEST_STEP][PASSED] - selectOptionByLabel(findTestObject("homepage/sel_date_year2"), yrEnd, false, CONTINUE_ON_FAILURE): All options with label '2019' are selected in object 'Object Repository/homepage/sel_date_year2' 

2019-04-29 14:19:22 - [MESSAGE][PASSED] - All options with label '2019' are selected in object 'Object Repository/homepage/sel_date_year2' 

2019-04-29 14:19:22 - [TEST_STEP][PASSED] - delay(1): Delayed 1 second(s)

2019-04-29 14:19:23 - [MESSAGE][PASSED] - Delayed 1 second(s)

2019-04-29 14:19:23 - [TEST_STEP][PASSED] - dynxpath2 = "//div[contains(@class, 'pika-single') and contains(@class, 'is-bound') and not(contains(@class, 'is-hidden'))]/div[@class='pika-lendar'][1]/table[@class='pika-table']/tbody/tr/td/button[count(. | //*[@type = 'button' and @data-pika-day = '" + dEnd + "']) = count(//*[@type = 'button' and @data-pika-day = '" + dEnd + "'])]": null

2019-04-29 14:19:23 - [TEST_STEP][PASSED] - to2 = new com.kms.katalon.core.testobject.TestObject(eldia2): null

2019-04-29 14:19:23 - [TEST_STEP][PASSED] - to2.addProperty("xpath", EQUALS, dynxpath2): null

2019-04-29 14:19:23 - [TEST_STEP][PASSED] - click(to2): Object: 'eldia2' is clicked on

2019-04-29 14:19:23 - [MESSAGE][PASSED] - Object: 'eldia2' is clicked on

2019-04-29 14:19:23 - [TEST_STEP][PASSED] - click(findTestObject("homepage/button_Search")): Object: 'Object Repository/homepage/button_Search' is clicked on

2019-04-29 14:19:23 - [MESSAGE][PASSED] - Object: 'Object Repository/homepage/button_Search' is clicked on

2019-04-29 14:19:23 - [TEST_STEP][PASSED] - waitForPageLoad(10): Wait for page load successfully

2019-04-29 14:19:29 - [MESSAGE][PASSED] - Wait for page load successfully

2019-04-29 14:19:29 - [TEST_STEP][PASSED] - closeBrowser(): Browser is closed

2019-04-29 14:19:30 - [MESSAGE][PASSED] - Browser is closed]]></system-out>
         <system-err><![CDATA[]]></system-err>
      </testcase>
      <system-out><![CDATA[2019-04-29 14:17:58 - [TEST_SUITE][PASSED] - TestSuiteForBookit: Test Cases/Booking02]]></system-out>
      <system-err><![CDATA[]]></system-err>
   </testsuite>
</testsuites>
