<?xml version="1.0" encoding="UTF-8"?>
<testsuites name="TestSuiteForBookit" time="93" tests="4" failures="0" errors="0">
   <testsuite name="TestSuiteForBookit" tests="4" failures="0" errors="0" time="93" timestamp="2019-04-24 12:23:27" hostname="andres.jaramillo - allisoncotignol.bookit.local" id="Test Suites/TestSuiteForBookit">
      <properties>
         <property name="deviceName" value=""/>
         <property name="devicePlatform" value=""/>
         <property name="logFolder" value="C:\\Users\\Andres.Jaramillo\\git\\bookit-bookingtests-katalon\\Reports\\TestSuiteForBookit\\20190424_122324"/>
         <property name="logFiles" value="C:\\Users\\Andres.Jaramillo\\git\\bookit-bookingtests-katalon\\Reports\\TestSuiteForBookit\\20190424_122324\\execution0.log"/>
         <property name="attachments" value=""/>
         <property name="hostName" value="andres.jaramillo - allisoncotignol.bookit.local"/>
         <property name="os" value="Windows 7 64bit"/>
         <property name="katalonVersion" value="6.1.0.1"/>
         <property name="browser" value="Firefox 66.0"/>
         <property name="hostAddress" value="172.19.15.44"/>
         <property name="sessionId" value="b1497bd0-872f-4a2e-bc9d-741f6148412f"/>
         <property name="seleniumVersion" value="3.7.1"/>
         <property name="proxyInformation" value="ProxyInformation{proxyOption=NO_PROXY, proxyServerType=HTTP, password=, proxyServerAddress=, proxyServerPort=0}"/>
         <property name="platform" value="Windows 7"/>
      </properties>
      <testcase name="Test Cases/Booking01" classname="Test Cases/Booking01" status="PASSED">
         <system-out><![CDATA[2019-04-24 12:23:27 - [TEST_CASE][PASSED] - Test Cases/Booking01: Test Cases/Booking01

2019-04-24 12:23:28 - [TEST_STEP][PASSED] - openBrowser("https://bookit-qa6.com"): Browser is opened with url: 'https://bookit-qa6.com'

2019-04-24 12:23:28 - [MESSAGE][INFO] - Starting 'Firefox' driver

2019-04-24 12:23:28 - [MESSAGE][INFO] - Action delay is set to 0 seconds

2019-04-24 12:23:37 - [MESSAGE][PASSED] - Browser is opened with url: 'https://bookit-qa6.com'

2019-04-24 12:23:37 - [TEST_STEP][PASSED] - delay(3): Delayed 3 second(s)

2019-04-24 12:23:40 - [MESSAGE][PASSED] - Delayed 3 second(s)

2019-04-24 12:23:40 - [TEST_STEP][PASSED] - click(findTestObject("homepage/flight_checkbox")): Object: 'Object Repository/homepage/flight_checkbox' is clicked on

2019-04-24 12:23:41 - [MESSAGE][PASSED] - Object: 'Object Repository/homepage/flight_checkbox' is clicked on

2019-04-24 12:23:41 - [TEST_STEP][NOT_RUN] - delay(3): NOT_RUN: delay(3)

2019-04-24 12:23:41 - [MESSAGE][NOT_RUN] - NOT_RUN: delay(3)

2019-04-24 12:23:41 - [TEST_STEP][PASSED] - setText(findTestObject("homepage/city_or_airport"), "cheese"): Text 'cheese' is set on object 'Object Repository/homepage/city_or_airport'

2019-04-24 12:23:41 - [MESSAGE][PASSED] - Text 'cheese' is set on object 'Object Repository/homepage/city_or_airport'

2019-04-24 12:23:41 - [TEST_STEP][PASSED] - delay(3): Delayed 3 second(s)

2019-04-24 12:23:44 - [MESSAGE][PASSED] - Delayed 3 second(s)

2019-04-24 12:23:44 - [TEST_STEP][PASSED] - click(findTestObject("homepage/div_Cheese City IL US")): Object: 'Object Repository/homepage/div_Cheese City IL US' is clicked on

2019-04-24 12:23:44 - [MESSAGE][PASSED] - Object: 'Object Repository/homepage/div_Cheese City IL US' is clicked on

2019-04-24 12:23:44 - [TEST_STEP][PASSED] - delay(1): Delayed 1 second(s)

2019-04-24 12:23:45 - [MESSAGE][PASSED] - Delayed 1 second(s)

2019-04-24 12:23:45 - [TEST_STEP][PASSED] - checkinId = getAttribute(findTestObject("homepage/checkin_date"), "id"): Attribute 'id' of object 'Object Repository/homepage/checkin_date' is: 'ember532-fd'

2019-04-24 12:23:46 - [MESSAGE][PASSED] - Attribute 'id' of object 'Object Repository/homepage/checkin_date' is: 'ember532-fd'

2019-04-24 12:23:46 - [TEST_STEP][PASSED] - checkoutId = getAttribute(findTestObject("homepage/checkout_date"), "id"): Attribute 'id' of object 'Object Repository/homepage/checkout_date' is: 'ember532-td'

2019-04-24 12:23:46 - [MESSAGE][PASSED] - Attribute 'id' of object 'Object Repository/homepage/checkout_date' is: 'ember532-td'

2019-04-24 12:23:46 - [TEST_STEP][PASSED] - iniDate = moIni + "/" + dayIni + "/" + yrIni: null

2019-04-24 12:23:46 - [TEST_STEP][PASSED] - myIniDate = "$('#" + checkinId + "').val('" + iniDate + "')": null

2019-04-24 12:23:46 - [TEST_STEP][PASSED] - executeJavaScript(myIniDate, null): Execute JavaScript '$('#ember532-fd').val('05/01/2019')' successfully

2019-04-24 12:23:46 - [MESSAGE][PASSED] - Execute JavaScript '$('#ember532-fd').val('05/01/2019')' successfully

2019-04-24 12:23:46 - [TEST_STEP][PASSED] - endDate = moEnd + "/" + dayEnd + "/" + yrEnd: null

2019-04-24 12:23:46 - [TEST_STEP][PASSED] - myEndDate = "$('#" + checkoutId + "').val('" + endDate + "')": null

2019-04-24 12:23:46 - [TEST_STEP][PASSED] - executeJavaScript(myEndDate, null): Execute JavaScript '$('#ember532-td').val('05/04/2019')' successfully

2019-04-24 12:23:46 - [MESSAGE][PASSED] - Execute JavaScript '$('#ember532-td').val('05/04/2019')' successfully

2019-04-24 12:23:46 - [TEST_STEP][PASSED] - delay(1): Delayed 1 second(s)

2019-04-24 12:23:47 - [MESSAGE][PASSED] - Delayed 1 second(s)

2019-04-24 12:23:47 - [TEST_STEP][NOT_RUN] - click(findTestObject("homepage/button_Search")): NOT_RUN: click(findTestObject("homepage/button_Search"))

2019-04-24 12:23:47 - [MESSAGE][NOT_RUN] - NOT_RUN: click(findTestObject("homepage/button_Search"))

2019-04-24 12:23:47 - [TEST_STEP][PASSED] - redirUrl = "https://results.bookit-qa6.com/hotels.php?ap1=2&fd=" + yrIni + "-" + moIni + "-" + dayIni + "&mp1=0&pt=h&rm=1&td=" + yrEnd + "-" + moEnd + "-" + dayEnd + "&tripType=hotel&hotelTo=Cheese%20City%2C%20IL%2C%20US&tl=CMI&areaId=1703&fromLocation=Panama%20City%2C%20FL%2C%20US%20(ECP)&fl=ECP": null

2019-04-24 12:23:47 - [TEST_STEP][PASSED] - navigateToUrl(redirUrl): Navigate to 'https://results.bookit-qa6.com/hotels.php?ap1=2&fd=2019-05-01&mp1=0&pt=h&rm=1&td=2019-05-04&tripType=hotel&hotelTo=Cheese%20City%2C%20IL%2C%20US&tl=CMI&areaId=1703&fromLocation=Panama%20City%2C%20FL%2C%20US%20(ECP)&fl=ECP' successfully

2019-04-24 12:23:50 - [MESSAGE][PASSED] - Navigate to 'https://results.bookit-qa6.com/hotels.php?ap1=2&fd=2019-05-01&mp1=0&pt=h&rm=1&td=2019-05-04&tripType=hotel&hotelTo=Cheese%20City%2C%20IL%2C%20US&tl=CMI&areaId=1703&fromLocation=Panama%20City%2C%20FL%2C%20US%20(ECP)&fl=ECP' successfully

2019-04-24 12:23:50 - [TEST_STEP][PASSED] - waitForPageLoad(5): Wait for page load successfully

2019-04-24 12:23:51 - [MESSAGE][PASSED] - Wait for page load successfully

2019-04-24 12:23:51 - [TEST_STEP][PASSED] - closeBrowser(): Browser is closed

2019-04-24 12:23:53 - [MESSAGE][PASSED] - Browser is closed]]></system-out>
         <system-err><![CDATA[]]></system-err>
      </testcase>
      <testcase name="Test Cases/Booking01" classname="Test Cases/Booking01" status="PASSED">
         <system-out><![CDATA[2019-04-24 12:23:53 - [TEST_CASE][PASSED] - Test Cases/Booking01: Test Cases/Booking01

2019-04-24 12:23:53 - [TEST_STEP][PASSED] - openBrowser("https://bookit-qa6.com"): Browser is opened with url: 'https://bookit-qa6.com'

2019-04-24 12:23:53 - [MESSAGE][INFO] - Starting 'Firefox' driver

2019-04-24 12:24:01 - [MESSAGE][PASSED] - Browser is opened with url: 'https://bookit-qa6.com'

2019-04-24 12:24:01 - [TEST_STEP][PASSED] - delay(3): Delayed 3 second(s)

2019-04-24 12:24:04 - [MESSAGE][PASSED] - Delayed 3 second(s)

2019-04-24 12:24:04 - [TEST_STEP][PASSED] - click(findTestObject("homepage/flight_checkbox")): Object: 'Object Repository/homepage/flight_checkbox' is clicked on

2019-04-24 12:24:05 - [MESSAGE][PASSED] - Object: 'Object Repository/homepage/flight_checkbox' is clicked on

2019-04-24 12:24:05 - [TEST_STEP][NOT_RUN] - delay(3): NOT_RUN: delay(3)

2019-04-24 12:24:05 - [MESSAGE][NOT_RUN] - NOT_RUN: delay(3)

2019-04-24 12:24:05 - [TEST_STEP][PASSED] - setText(findTestObject("homepage/city_or_airport"), "cheese"): Text 'cheese' is set on object 'Object Repository/homepage/city_or_airport'

2019-04-24 12:24:05 - [MESSAGE][PASSED] - Text 'cheese' is set on object 'Object Repository/homepage/city_or_airport'

2019-04-24 12:24:05 - [TEST_STEP][PASSED] - delay(3): Delayed 3 second(s)

2019-04-24 12:24:08 - [MESSAGE][PASSED] - Delayed 3 second(s)

2019-04-24 12:24:08 - [TEST_STEP][PASSED] - click(findTestObject("homepage/div_Cheese City IL US")): Object: 'Object Repository/homepage/div_Cheese City IL US' is clicked on

2019-04-24 12:24:08 - [MESSAGE][PASSED] - Object: 'Object Repository/homepage/div_Cheese City IL US' is clicked on

2019-04-24 12:24:08 - [TEST_STEP][PASSED] - delay(1): Delayed 1 second(s)

2019-04-24 12:24:09 - [MESSAGE][PASSED] - Delayed 1 second(s)

2019-04-24 12:24:09 - [TEST_STEP][PASSED] - checkinId = getAttribute(findTestObject("homepage/checkin_date"), "id"): Attribute 'id' of object 'Object Repository/homepage/checkin_date' is: 'ember532-fd'

2019-04-24 12:24:09 - [MESSAGE][PASSED] - Attribute 'id' of object 'Object Repository/homepage/checkin_date' is: 'ember532-fd'

2019-04-24 12:24:09 - [TEST_STEP][PASSED] - checkoutId = getAttribute(findTestObject("homepage/checkout_date"), "id"): Attribute 'id' of object 'Object Repository/homepage/checkout_date' is: 'ember532-td'

2019-04-24 12:24:10 - [MESSAGE][PASSED] - Attribute 'id' of object 'Object Repository/homepage/checkout_date' is: 'ember532-td'

2019-04-24 12:24:10 - [TEST_STEP][PASSED] - iniDate = moIni + "/" + dayIni + "/" + yrIni: null

2019-04-24 12:24:10 - [TEST_STEP][PASSED] - myIniDate = "$('#" + checkinId + "').val('" + iniDate + "')": null

2019-04-24 12:24:10 - [TEST_STEP][PASSED] - executeJavaScript(myIniDate, null): Execute JavaScript '$('#ember532-fd').val('06/16/2019')' successfully

2019-04-24 12:24:10 - [MESSAGE][PASSED] - Execute JavaScript '$('#ember532-fd').val('06/16/2019')' successfully

2019-04-24 12:24:10 - [TEST_STEP][PASSED] - endDate = moEnd + "/" + dayEnd + "/" + yrEnd: null

2019-04-24 12:24:10 - [TEST_STEP][PASSED] - myEndDate = "$('#" + checkoutId + "').val('" + endDate + "')": null

2019-04-24 12:24:10 - [TEST_STEP][PASSED] - executeJavaScript(myEndDate, null): Execute JavaScript '$('#ember532-td').val('06/19/2019')' successfully

2019-04-24 12:24:10 - [MESSAGE][PASSED] - Execute JavaScript '$('#ember532-td').val('06/19/2019')' successfully

2019-04-24 12:24:10 - [TEST_STEP][PASSED] - delay(1): Delayed 1 second(s)

2019-04-24 12:24:11 - [MESSAGE][PASSED] - Delayed 1 second(s)

2019-04-24 12:24:11 - [TEST_STEP][NOT_RUN] - click(findTestObject("homepage/button_Search")): NOT_RUN: click(findTestObject("homepage/button_Search"))

2019-04-24 12:24:11 - [MESSAGE][NOT_RUN] - NOT_RUN: click(findTestObject("homepage/button_Search"))

2019-04-24 12:24:11 - [TEST_STEP][PASSED] - redirUrl = "https://results.bookit-qa6.com/hotels.php?ap1=2&fd=" + yrIni + "-" + moIni + "-" + dayIni + "&mp1=0&pt=h&rm=1&td=" + yrEnd + "-" + moEnd + "-" + dayEnd + "&tripType=hotel&hotelTo=Cheese%20City%2C%20IL%2C%20US&tl=CMI&areaId=1703&fromLocation=Panama%20City%2C%20FL%2C%20US%20(ECP)&fl=ECP": null

2019-04-24 12:24:11 - [TEST_STEP][PASSED] - navigateToUrl(redirUrl): Navigate to 'https://results.bookit-qa6.com/hotels.php?ap1=2&fd=2019-06-16&mp1=0&pt=h&rm=1&td=2019-06-19&tripType=hotel&hotelTo=Cheese%20City%2C%20IL%2C%20US&tl=CMI&areaId=1703&fromLocation=Panama%20City%2C%20FL%2C%20US%20(ECP)&fl=ECP' successfully

2019-04-24 12:24:14 - [MESSAGE][PASSED] - Navigate to 'https://results.bookit-qa6.com/hotels.php?ap1=2&fd=2019-06-16&mp1=0&pt=h&rm=1&td=2019-06-19&tripType=hotel&hotelTo=Cheese%20City%2C%20IL%2C%20US&tl=CMI&areaId=1703&fromLocation=Panama%20City%2C%20FL%2C%20US%20(ECP)&fl=ECP' successfully

2019-04-24 12:24:14 - [TEST_STEP][PASSED] - waitForPageLoad(5): Wait for page load successfully

2019-04-24 12:24:14 - [MESSAGE][PASSED] - Wait for page load successfully

2019-04-24 12:24:14 - [TEST_STEP][PASSED] - closeBrowser(): Browser is closed

2019-04-24 12:24:16 - [MESSAGE][PASSED] - Browser is closed]]></system-out>
         <system-err><![CDATA[]]></system-err>
      </testcase>
      <testcase name="Test Cases/Booking01" classname="Test Cases/Booking01" status="PASSED">
         <system-out><![CDATA[2019-04-24 12:24:16 - [TEST_CASE][PASSED] - Test Cases/Booking01: Test Cases/Booking01

2019-04-24 12:24:16 - [TEST_STEP][PASSED] - openBrowser("https://bookit-qa6.com"): Browser is opened with url: 'https://bookit-qa6.com'

2019-04-24 12:24:16 - [MESSAGE][INFO] - Starting 'Firefox' driver

2019-04-24 12:24:24 - [MESSAGE][PASSED] - Browser is opened with url: 'https://bookit-qa6.com'

2019-04-24 12:24:24 - [TEST_STEP][PASSED] - delay(3): Delayed 3 second(s)

2019-04-24 12:24:27 - [MESSAGE][PASSED] - Delayed 3 second(s)

2019-04-24 12:24:27 - [TEST_STEP][PASSED] - click(findTestObject("homepage/flight_checkbox")): Object: 'Object Repository/homepage/flight_checkbox' is clicked on

2019-04-24 12:24:27 - [MESSAGE][PASSED] - Object: 'Object Repository/homepage/flight_checkbox' is clicked on

2019-04-24 12:24:27 - [TEST_STEP][NOT_RUN] - delay(3): NOT_RUN: delay(3)

2019-04-24 12:24:27 - [MESSAGE][NOT_RUN] - NOT_RUN: delay(3)

2019-04-24 12:24:27 - [TEST_STEP][PASSED] - setText(findTestObject("homepage/city_or_airport"), "cheese"): Text 'cheese' is set on object 'Object Repository/homepage/city_or_airport'

2019-04-24 12:24:28 - [MESSAGE][PASSED] - Text 'cheese' is set on object 'Object Repository/homepage/city_or_airport'

2019-04-24 12:24:28 - [TEST_STEP][PASSED] - delay(3): Delayed 3 second(s)

2019-04-24 12:24:31 - [MESSAGE][PASSED] - Delayed 3 second(s)

2019-04-24 12:24:31 - [TEST_STEP][PASSED] - click(findTestObject("homepage/div_Cheese City IL US")): Object: 'Object Repository/homepage/div_Cheese City IL US' is clicked on

2019-04-24 12:24:31 - [MESSAGE][PASSED] - Object: 'Object Repository/homepage/div_Cheese City IL US' is clicked on

2019-04-24 12:24:31 - [TEST_STEP][PASSED] - delay(1): Delayed 1 second(s)

2019-04-24 12:24:32 - [MESSAGE][PASSED] - Delayed 1 second(s)

2019-04-24 12:24:32 - [TEST_STEP][PASSED] - checkinId = getAttribute(findTestObject("homepage/checkin_date"), "id"): Attribute 'id' of object 'Object Repository/homepage/checkin_date' is: 'ember532-fd'

2019-04-24 12:24:32 - [MESSAGE][PASSED] - Attribute 'id' of object 'Object Repository/homepage/checkin_date' is: 'ember532-fd'

2019-04-24 12:24:32 - [TEST_STEP][PASSED] - checkoutId = getAttribute(findTestObject("homepage/checkout_date"), "id"): Attribute 'id' of object 'Object Repository/homepage/checkout_date' is: 'ember532-td'

2019-04-24 12:24:32 - [MESSAGE][PASSED] - Attribute 'id' of object 'Object Repository/homepage/checkout_date' is: 'ember532-td'

2019-04-24 12:24:32 - [TEST_STEP][PASSED] - iniDate = moIni + "/" + dayIni + "/" + yrIni: null

2019-04-24 12:24:32 - [TEST_STEP][PASSED] - myIniDate = "$('#" + checkinId + "').val('" + iniDate + "')": null

2019-04-24 12:24:32 - [TEST_STEP][PASSED] - executeJavaScript(myIniDate, null): Execute JavaScript '$('#ember532-fd').val('05/01/2019')' successfully

2019-04-24 12:24:32 - [MESSAGE][PASSED] - Execute JavaScript '$('#ember532-fd').val('05/01/2019')' successfully

2019-04-24 12:24:32 - [TEST_STEP][PASSED] - endDate = moEnd + "/" + dayEnd + "/" + yrEnd: null

2019-04-24 12:24:32 - [TEST_STEP][PASSED] - myEndDate = "$('#" + checkoutId + "').val('" + endDate + "')": null

2019-04-24 12:24:32 - [TEST_STEP][PASSED] - executeJavaScript(myEndDate, null): Execute JavaScript '$('#ember532-td').val('06/05/2019')' successfully

2019-04-24 12:24:32 - [MESSAGE][PASSED] - Execute JavaScript '$('#ember532-td').val('06/05/2019')' successfully

2019-04-24 12:24:32 - [TEST_STEP][PASSED] - delay(1): Delayed 1 second(s)

2019-04-24 12:24:33 - [MESSAGE][PASSED] - Delayed 1 second(s)

2019-04-24 12:24:33 - [TEST_STEP][NOT_RUN] - click(findTestObject("homepage/button_Search")): NOT_RUN: click(findTestObject("homepage/button_Search"))

2019-04-24 12:24:33 - [MESSAGE][NOT_RUN] - NOT_RUN: click(findTestObject("homepage/button_Search"))

2019-04-24 12:24:33 - [TEST_STEP][PASSED] - redirUrl = "https://results.bookit-qa6.com/hotels.php?ap1=2&fd=" + yrIni + "-" + moIni + "-" + dayIni + "&mp1=0&pt=h&rm=1&td=" + yrEnd + "-" + moEnd + "-" + dayEnd + "&tripType=hotel&hotelTo=Cheese%20City%2C%20IL%2C%20US&tl=CMI&areaId=1703&fromLocation=Panama%20City%2C%20FL%2C%20US%20(ECP)&fl=ECP": null

2019-04-24 12:24:33 - [TEST_STEP][PASSED] - navigateToUrl(redirUrl): Navigate to 'https://results.bookit-qa6.com/hotels.php?ap1=2&fd=2019-05-01&mp1=0&pt=h&rm=1&td=2019-06-05&tripType=hotel&hotelTo=Cheese%20City%2C%20IL%2C%20US&tl=CMI&areaId=1703&fromLocation=Panama%20City%2C%20FL%2C%20US%20(ECP)&fl=ECP' successfully

2019-04-24 12:24:36 - [MESSAGE][PASSED] - Navigate to 'https://results.bookit-qa6.com/hotels.php?ap1=2&fd=2019-05-01&mp1=0&pt=h&rm=1&td=2019-06-05&tripType=hotel&hotelTo=Cheese%20City%2C%20IL%2C%20US&tl=CMI&areaId=1703&fromLocation=Panama%20City%2C%20FL%2C%20US%20(ECP)&fl=ECP' successfully

2019-04-24 12:24:36 - [TEST_STEP][PASSED] - waitForPageLoad(5): Wait for page load successfully

2019-04-24 12:24:36 - [MESSAGE][PASSED] - Wait for page load successfully

2019-04-24 12:24:36 - [TEST_STEP][PASSED] - closeBrowser(): Browser is closed

2019-04-24 12:24:38 - [MESSAGE][PASSED] - Browser is closed]]></system-out>
         <system-err><![CDATA[]]></system-err>
      </testcase>
      <testcase name="Test Cases/Booking01" classname="Test Cases/Booking01" status="PASSED">
         <system-out><![CDATA[2019-04-24 12:24:38 - [TEST_CASE][PASSED] - Test Cases/Booking01: Test Cases/Booking01

2019-04-24 12:24:38 - [TEST_STEP][PASSED] - openBrowser("https://bookit-qa6.com"): Browser is opened with url: 'https://bookit-qa6.com'

2019-04-24 12:24:38 - [MESSAGE][INFO] - Starting 'Firefox' driver

2019-04-24 12:24:45 - [MESSAGE][PASSED] - Browser is opened with url: 'https://bookit-qa6.com'

2019-04-24 12:24:45 - [TEST_STEP][PASSED] - delay(3): Delayed 3 second(s)

2019-04-24 12:24:48 - [MESSAGE][PASSED] - Delayed 3 second(s)

2019-04-24 12:24:48 - [TEST_STEP][PASSED] - click(findTestObject("homepage/flight_checkbox")): Object: 'Object Repository/homepage/flight_checkbox' is clicked on

2019-04-24 12:24:49 - [MESSAGE][PASSED] - Object: 'Object Repository/homepage/flight_checkbox' is clicked on

2019-04-24 12:24:49 - [TEST_STEP][NOT_RUN] - delay(3): NOT_RUN: delay(3)

2019-04-24 12:24:49 - [MESSAGE][NOT_RUN] - NOT_RUN: delay(3)

2019-04-24 12:24:49 - [TEST_STEP][PASSED] - setText(findTestObject("homepage/city_or_airport"), "cheese"): Text 'cheese' is set on object 'Object Repository/homepage/city_or_airport'

2019-04-24 12:24:50 - [MESSAGE][PASSED] - Text 'cheese' is set on object 'Object Repository/homepage/city_or_airport'

2019-04-24 12:24:50 - [TEST_STEP][PASSED] - delay(3): Delayed 3 second(s)

2019-04-24 12:24:53 - [MESSAGE][PASSED] - Delayed 3 second(s)

2019-04-24 12:24:53 - [TEST_STEP][PASSED] - click(findTestObject("homepage/div_Cheese City IL US")): Object: 'Object Repository/homepage/div_Cheese City IL US' is clicked on

2019-04-24 12:24:53 - [MESSAGE][PASSED] - Object: 'Object Repository/homepage/div_Cheese City IL US' is clicked on

2019-04-24 12:24:53 - [TEST_STEP][PASSED] - delay(1): Delayed 1 second(s)

2019-04-24 12:24:54 - [MESSAGE][PASSED] - Delayed 1 second(s)

2019-04-24 12:24:54 - [TEST_STEP][PASSED] - checkinId = getAttribute(findTestObject("homepage/checkin_date"), "id"): Attribute 'id' of object 'Object Repository/homepage/checkin_date' is: 'ember532-fd'

2019-04-24 12:24:54 - [MESSAGE][PASSED] - Attribute 'id' of object 'Object Repository/homepage/checkin_date' is: 'ember532-fd'

2019-04-24 12:24:54 - [TEST_STEP][PASSED] - checkoutId = getAttribute(findTestObject("homepage/checkout_date"), "id"): Attribute 'id' of object 'Object Repository/homepage/checkout_date' is: 'ember532-td'

2019-04-24 12:24:54 - [MESSAGE][PASSED] - Attribute 'id' of object 'Object Repository/homepage/checkout_date' is: 'ember532-td'

2019-04-24 12:24:54 - [TEST_STEP][PASSED] - iniDate = moIni + "/" + dayIni + "/" + yrIni: null

2019-04-24 12:24:54 - [TEST_STEP][PASSED] - myIniDate = "$('#" + checkinId + "').val('" + iniDate + "')": null

2019-04-24 12:24:54 - [TEST_STEP][PASSED] - executeJavaScript(myIniDate, null): Execute JavaScript '$('#ember532-fd').val('08/01/2019')' successfully

2019-04-24 12:24:54 - [MESSAGE][PASSED] - Execute JavaScript '$('#ember532-fd').val('08/01/2019')' successfully

2019-04-24 12:24:54 - [TEST_STEP][PASSED] - endDate = moEnd + "/" + dayEnd + "/" + yrEnd: null

2019-04-24 12:24:54 - [TEST_STEP][PASSED] - myEndDate = "$('#" + checkoutId + "').val('" + endDate + "')": null

2019-04-24 12:24:54 - [TEST_STEP][PASSED] - executeJavaScript(myEndDate, null): Execute JavaScript '$('#ember532-td').val('10/01/2019')' successfully

2019-04-24 12:24:54 - [MESSAGE][PASSED] - Execute JavaScript '$('#ember532-td').val('10/01/2019')' successfully

2019-04-24 12:24:54 - [TEST_STEP][PASSED] - delay(1): Delayed 1 second(s)

2019-04-24 12:24:55 - [MESSAGE][PASSED] - Delayed 1 second(s)

2019-04-24 12:24:55 - [TEST_STEP][NOT_RUN] - click(findTestObject("homepage/button_Search")): NOT_RUN: click(findTestObject("homepage/button_Search"))

2019-04-24 12:24:55 - [MESSAGE][NOT_RUN] - NOT_RUN: click(findTestObject("homepage/button_Search"))

2019-04-24 12:24:55 - [TEST_STEP][PASSED] - redirUrl = "https://results.bookit-qa6.com/hotels.php?ap1=2&fd=" + yrIni + "-" + moIni + "-" + dayIni + "&mp1=0&pt=h&rm=1&td=" + yrEnd + "-" + moEnd + "-" + dayEnd + "&tripType=hotel&hotelTo=Cheese%20City%2C%20IL%2C%20US&tl=CMI&areaId=1703&fromLocation=Panama%20City%2C%20FL%2C%20US%20(ECP)&fl=ECP": null

2019-04-24 12:24:55 - [TEST_STEP][PASSED] - navigateToUrl(redirUrl): Navigate to 'https://results.bookit-qa6.com/hotels.php?ap1=2&fd=2019-08-01&mp1=0&pt=h&rm=1&td=2019-10-01&tripType=hotel&hotelTo=Cheese%20City%2C%20IL%2C%20US&tl=CMI&areaId=1703&fromLocation=Panama%20City%2C%20FL%2C%20US%20(ECP)&fl=ECP' successfully

2019-04-24 12:24:58 - [MESSAGE][PASSED] - Navigate to 'https://results.bookit-qa6.com/hotels.php?ap1=2&fd=2019-08-01&mp1=0&pt=h&rm=1&td=2019-10-01&tripType=hotel&hotelTo=Cheese%20City%2C%20IL%2C%20US&tl=CMI&areaId=1703&fromLocation=Panama%20City%2C%20FL%2C%20US%20(ECP)&fl=ECP' successfully

2019-04-24 12:24:58 - [TEST_STEP][PASSED] - waitForPageLoad(5): Wait for page load successfully

2019-04-24 12:24:58 - [MESSAGE][PASSED] - Wait for page load successfully

2019-04-24 12:24:58 - [TEST_STEP][PASSED] - closeBrowser(): Browser is closed

2019-04-24 12:25:00 - [MESSAGE][PASSED] - Browser is closed]]></system-out>
         <system-err><![CDATA[]]></system-err>
      </testcase>
      <system-out><![CDATA[2019-04-24 12:23:27 - [TEST_SUITE][PASSED] - TestSuiteForBookit: Test Cases/Booking01]]></system-out>
      <system-err><![CDATA[]]></system-err>
   </testsuite>
</testsuites>
